<?xml version="1.0" encoding="utf-8"?>
<coverage line-rate="0.9889" branch-rate="0.9166" version="1.9" timestamp="1699753229" lines-covered="1249" lines-valid="1263" branches-covered="77" branches-valid="84">
  <sources>
    <source>D:\dev\FullCycle\FC.Codeflix.Catalog\</source>
    <source>C:\</source>
  </sources>
  <packages>
    <package name="FC.Codeflix.Catalog.Application" line-rate="0.9672" branch-rate="0.7" complexity="57">
      <classes>
        <class name="FC.Codeflix.Catalog.Application.UseCases.Category.UpdateCategory.UpdateCategory" filename="src\FC.Codeflix.Catalog.Application\UseCases\Category\UpdateCategory\UpdateCategory.cs" line-rate="1" branch-rate="1" complexity="1">
          <methods>
            <method name=".ctor" signature="(FC.Codeflix.Catalog.Domain.Repository.ICategoryRepository,FC.Codeflix.Catalog.Application.Interfaces.IUnitOfWork)" line-rate="1" branch-rate="1" complexity="1">
              <lines>
                <line number="11" hits="43" branch="False" />
                <line number="12" hits="43" branch="False" />
                <line number="13" hits="43" branch="False" />
                <line number="14" hits="43" branch="False" />
                <line number="15" hits="43" branch="False" />
              </lines>
            </method>
          </methods>
          <lines>
            <line number="11" hits="43" branch="False" />
            <line number="12" hits="43" branch="False" />
            <line number="13" hits="43" branch="False" />
            <line number="14" hits="43" branch="False" />
            <line number="15" hits="43" branch="False" />
          </lines>
        </class>
        <class name="FC.Codeflix.Catalog.Application.UseCases.Category.UpdateCategory.UpdateCategory/&lt;Handle&gt;d__3" filename="src\FC.Codeflix.Catalog.Application\UseCases\Category\UpdateCategory\UpdateCategory.cs" line-rate="0.9229999999999999" branch-rate="0.8332999999999999" complexity="6">
          <methods>
            <method name="MoveNext" signature="()" line-rate="0.9229999999999999" branch-rate="0.8332999999999999" complexity="6">
              <lines>
                <line number="18" hits="43" branch="False" />
                <line number="19" hits="43" branch="False" />
                <line number="20" hits="42" branch="False" />
                <line number="21" hits="30" branch="True" condition-coverage="100% (4/4)">
                  <conditions>
                    <condition number="241" type="jump" coverage="100%" />
                    <condition number="298" type="jump" coverage="100%" />
                  </conditions>
                </line>
                <line number="22" hits="30" branch="False" />
                <line number="23" hits="30" branch="False" />
                <line number="24" hits="30" branch="False" />
                <line number="25" hits="4" branch="True" condition-coverage="50% (1/2)">
                  <conditions>
                    <condition number="324" type="jump" coverage="50%" />
                  </conditions>
                </line>
                <line number="26" hits="0" branch="False" />
                <line number="27" hits="30" branch="False" />
                <line number="28" hits="30" branch="False" />
                <line number="29" hits="30" branch="False" />
                <line number="30" hits="30" branch="False" />
              </lines>
            </method>
          </methods>
          <lines>
            <line number="18" hits="43" branch="False" />
            <line number="19" hits="43" branch="False" />
            <line number="20" hits="42" branch="False" />
            <line number="21" hits="30" branch="True" condition-coverage="100% (4/4)">
              <conditions>
                <condition number="241" type="jump" coverage="100%" />
                <condition number="298" type="jump" coverage="100%" />
              </conditions>
            </line>
            <line number="22" hits="30" branch="False" />
            <line number="23" hits="30" branch="False" />
            <line number="24" hits="30" branch="False" />
            <line number="25" hits="4" branch="True" condition-coverage="50% (1/2)">
              <conditions>
                <condition number="324" type="jump" coverage="50%" />
              </conditions>
            </line>
            <line number="26" hits="0" branch="False" />
            <line number="27" hits="30" branch="False" />
            <line number="28" hits="30" branch="False" />
            <line number="29" hits="30" branch="False" />
            <line number="30" hits="30" branch="False" />
          </lines>
        </class>
        <class name="FC.Codeflix.Catalog.Application.UseCases.Category.UpdateCategory.UpdateCategoryInput" filename="src\FC.Codeflix.Catalog.Application\UseCases\Category\UpdateCategory\UpdateCategoryInput.cs" line-rate="1" branch-rate="1" complexity="5">
          <methods>
            <method name="get_Id" signature="()" line-rate="1" branch-rate="1" complexity="1">
              <lines>
                <line number="8" hits="204" branch="False" />
              </lines>
            </method>
            <method name="get_Name" signature="()" line-rate="1" branch-rate="1" complexity="1">
              <lines>
                <line number="9" hits="238" branch="False" />
              </lines>
            </method>
            <method name="get_Description" signature="()" line-rate="1" branch-rate="1" complexity="1">
              <lines>
                <line number="10" hits="202" branch="False" />
              </lines>
            </method>
            <method name="get_IsActive" signature="()" line-rate="1" branch-rate="1" complexity="1">
              <lines>
                <line number="11" hits="174" branch="False" />
              </lines>
            </method>
            <method name=".ctor" signature="(System.Guid,System.String,System.String,System.Nullable`1&lt;System.Boolean&gt;)" line-rate="1" branch-rate="1" complexity="1">
              <lines>
                <line number="13" hits="80" branch="False" />
                <line number="14" hits="80" branch="False" />
                <line number="15" hits="80" branch="False" />
                <line number="16" hits="80" branch="False" />
                <line number="17" hits="80" branch="False" />
                <line number="18" hits="80" branch="False" />
                <line number="19" hits="80" branch="False" />
                <line number="20" hits="80" branch="False" />
                <line number="21" hits="80" branch="False" />
                <line number="22" hits="80" branch="False" />
                <line number="23" hits="80" branch="False" />
              </lines>
            </method>
          </methods>
          <lines>
            <line number="8" hits="204" branch="False" />
            <line number="9" hits="238" branch="False" />
            <line number="10" hits="202" branch="False" />
            <line number="11" hits="174" branch="False" />
            <line number="13" hits="80" branch="False" />
            <line number="14" hits="80" branch="False" />
            <line number="15" hits="80" branch="False" />
            <line number="16" hits="80" branch="False" />
            <line number="17" hits="80" branch="False" />
            <line number="18" hits="80" branch="False" />
            <line number="19" hits="80" branch="False" />
            <line number="20" hits="80" branch="False" />
            <line number="21" hits="80" branch="False" />
            <line number="22" hits="80" branch="False" />
            <line number="23" hits="80" branch="False" />
          </lines>
        </class>
        <class name="FC.Codeflix.Catalog.Application.UseCases.Category.UpdateCategory.UpdateCategoryInputValidator" filename="src\FC.Codeflix.Catalog.Application\UseCases\Category\UpdateCategory\UpdateCategoryInputValidator.cs" line-rate="1" branch-rate="1" complexity="1">
          <methods>
            <method name=".ctor" signature="()" line-rate="1" branch-rate="1" complexity="1">
              <lines>
                <line number="7" hits="2" branch="False" />
                <line number="8" hits="2" branch="False" />
              </lines>
            </method>
          </methods>
          <lines>
            <line number="7" hits="2" branch="False" />
            <line number="8" hits="2" branch="False" />
          </lines>
        </class>
        <class name="FC.Codeflix.Catalog.Application.UseCases.Category.ListCategories.ListCategories" filename="src\FC.Codeflix.Catalog.Application\UseCases\Category\ListCategories\ListCategories.cs" line-rate="1" branch-rate="1" complexity="1">
          <methods>
            <method name=".ctor" signature="(FC.Codeflix.Catalog.Domain.Repository.ICategoryRepository)" line-rate="1" branch-rate="1" complexity="1">
              <lines>
                <line number="9" hits="16" branch="False" />
                <line number="10" hits="16" branch="False" />
              </lines>
            </method>
          </methods>
          <lines>
            <line number="9" hits="16" branch="False" />
            <line number="10" hits="16" branch="False" />
          </lines>
        </class>
        <class name="FC.Codeflix.Catalog.Application.UseCases.Category.ListCategories.ListCategories/&lt;Handle&gt;d__2" filename="src\FC.Codeflix.Catalog.Application\UseCases\Category\ListCategories\ListCategories.cs" line-rate="1" branch-rate="1" complexity="1">
          <methods>
            <method name="MoveNext" signature="()" line-rate="1" branch-rate="1" complexity="1">
              <lines>
                <line number="15" hits="16" branch="False" />
                <line number="16" hits="16" branch="False" />
                <line number="17" hits="16" branch="False" />
                <line number="18" hits="16" branch="False" />
                <line number="19" hits="16" branch="False" />
                <line number="20" hits="16" branch="False" />
                <line number="21" hits="16" branch="False" />
                <line number="22" hits="16" branch="False" />
                <line number="23" hits="16" branch="False" />
                <line number="24" hits="16" branch="False" />
                <line number="25" hits="16" branch="False" />
                <line number="27" hits="16" branch="False" />
                <line number="28" hits="16" branch="False" />
                <line number="29" hits="16" branch="False" />
                <line number="30" hits="16" branch="False" />
                <line number="31" hits="16" branch="False" />
                <line number="32" hits="16" branch="False" />
                <line number="33" hits="16" branch="False" />
                <line number="34" hits="16" branch="False" />
                <line number="35" hits="16" branch="False" />
              </lines>
            </method>
          </methods>
          <lines>
            <line number="15" hits="16" branch="False" />
            <line number="16" hits="16" branch="False" />
            <line number="17" hits="16" branch="False" />
            <line number="18" hits="16" branch="False" />
            <line number="19" hits="16" branch="False" />
            <line number="20" hits="16" branch="False" />
            <line number="21" hits="16" branch="False" />
            <line number="22" hits="16" branch="False" />
            <line number="23" hits="16" branch="False" />
            <line number="24" hits="16" branch="False" />
            <line number="25" hits="16" branch="False" />
            <line number="27" hits="16" branch="False" />
            <line number="28" hits="16" branch="False" />
            <line number="29" hits="16" branch="False" />
            <line number="30" hits="16" branch="False" />
            <line number="31" hits="16" branch="False" />
            <line number="32" hits="16" branch="False" />
            <line number="33" hits="16" branch="False" />
            <line number="34" hits="16" branch="False" />
            <line number="35" hits="16" branch="False" />
          </lines>
        </class>
        <class name="FC.Codeflix.Catalog.Application.UseCases.Category.ListCategories.ListCategoriesInput" filename="src\FC.Codeflix.Catalog.Application\UseCases\Category\ListCategories\ListCategoriesInput.cs" line-rate="1" branch-rate="1" complexity="2">
          <methods>
            <method name=".ctor" signature="(System.Int32,System.Int32,System.String,System.String,FC.Codeflix.Catalog.Domain.SeedWork.SearchableRepository.SearchOrder)" line-rate="1" branch-rate="1" complexity="1">
              <lines>
                <line number="15" hits="12" branch="False" />
                <line number="16" hits="24" branch="False" />
              </lines>
            </method>
            <method name=".ctor" signature="()" line-rate="1" branch-rate="1" complexity="1">
              <lines>
                <line number="19" hits="5" branch="False" />
                <line number="20" hits="10" branch="False" />
              </lines>
            </method>
          </methods>
          <lines>
            <line number="15" hits="12" branch="False" />
            <line number="16" hits="24" branch="False" />
            <line number="19" hits="5" branch="False" />
            <line number="20" hits="10" branch="False" />
          </lines>
        </class>
        <class name="FC.Codeflix.Catalog.Application.UseCases.Category.ListCategories.ListCategoriesOutput" filename="src\FC.Codeflix.Catalog.Application\UseCases\Category\ListCategories\ListCategoriesOutput.cs" line-rate="1" branch-rate="1" complexity="1">
          <methods>
            <method name=".ctor" signature="(System.Int32,System.Int32,System.Int32,System.Collections.Generic.IReadOnlyList`1&lt;FC.Codeflix.Catalog.Application.UseCases.Category.Common.CategoryModelOutput&gt;)" line-rate="1" branch-rate="1" complexity="1">
              <lines>
                <line number="13" hits="16" branch="False" />
                <line number="14" hits="16" branch="False" />
                <line number="15" hits="16" branch="False" />
              </lines>
            </method>
          </methods>
          <lines>
            <line number="13" hits="16" branch="False" />
            <line number="14" hits="16" branch="False" />
            <line number="15" hits="16" branch="False" />
          </lines>
        </class>
        <class name="FC.Codeflix.Catalog.Application.UseCases.Category.GetCategory.GetCategory" filename="src\FC.Codeflix.Catalog.Application\UseCases\Category\GetCategory\GetCategory.cs" line-rate="1" branch-rate="1" complexity="1">
          <methods>
            <method name=".ctor" signature="(FC.Codeflix.Catalog.Domain.Repository.ICategoryRepository)" line-rate="1" branch-rate="1" complexity="1">
              <lines>
                <line number="10" hits="2" branch="False" />
                <line number="11" hits="2" branch="False" />
                <line number="12" hits="2" branch="False" />
                <line number="13" hits="2" branch="False" />
              </lines>
            </method>
          </methods>
          <lines>
            <line number="10" hits="2" branch="False" />
            <line number="11" hits="2" branch="False" />
            <line number="12" hits="2" branch="False" />
            <line number="13" hits="2" branch="False" />
          </lines>
        </class>
        <class name="FC.Codeflix.Catalog.Application.UseCases.Category.GetCategory.GetCategory/&lt;Handle&gt;d__2" filename="src\FC.Codeflix.Catalog.Application\UseCases\Category\GetCategory\GetCategory.cs" line-rate="1" branch-rate="1" complexity="1">
          <methods>
            <method name="MoveNext" signature="()" line-rate="1" branch-rate="1" complexity="1">
              <lines>
                <line number="15" hits="2" branch="False" />
                <line number="16" hits="2" branch="False" />
                <line number="17" hits="1" branch="False" />
                <line number="18" hits="1" branch="False" />
              </lines>
            </method>
          </methods>
          <lines>
            <line number="15" hits="2" branch="False" />
            <line number="16" hits="2" branch="False" />
            <line number="17" hits="1" branch="False" />
            <line number="18" hits="1" branch="False" />
          </lines>
        </class>
        <class name="FC.Codeflix.Catalog.Application.UseCases.Category.GetCategory.GetCategoryInput" filename="src\FC.Codeflix.Catalog.Application\UseCases\Category\GetCategory\GetCategoryInput.cs" line-rate="1" branch-rate="1" complexity="2">
          <methods>
            <method name="get_Id" signature="()" line-rate="1" branch-rate="1" complexity="1">
              <lines>
                <line number="12" hits="8" branch="False" />
              </lines>
            </method>
            <method name=".ctor" signature="(System.Guid)" line-rate="1" branch-rate="1" complexity="1">
              <lines>
                <line number="8" hits="4" branch="False" />
                <line number="9" hits="4" branch="False" />
                <line number="10" hits="4" branch="False" />
                <line number="11" hits="4" branch="False" />
              </lines>
            </method>
          </methods>
          <lines>
            <line number="12" hits="8" branch="False" />
            <line number="8" hits="4" branch="False" />
            <line number="9" hits="4" branch="False" />
            <line number="10" hits="4" branch="False" />
            <line number="11" hits="4" branch="False" />
          </lines>
        </class>
        <class name="FC.Codeflix.Catalog.Application.UseCases.Category.GetCategory.GetCategoryInputValidator" filename="src\FC.Codeflix.Catalog.Application\UseCases\Category\GetCategory\GetCategoryInputValidator.cs" line-rate="1" branch-rate="1" complexity="1">
          <methods>
            <method name=".ctor" signature="()" line-rate="1" branch-rate="1" complexity="1">
              <lines>
                <line number="7" hits="2" branch="False" />
                <line number="8" hits="2" branch="False" />
                <line number="9" hits="2" branch="False" />
                <line number="10" hits="2" branch="False" />
              </lines>
            </method>
          </methods>
          <lines>
            <line number="7" hits="2" branch="False" />
            <line number="8" hits="2" branch="False" />
            <line number="9" hits="2" branch="False" />
            <line number="10" hits="2" branch="False" />
          </lines>
        </class>
        <class name="FC.Codeflix.Catalog.Application.UseCases.Category.DeleteCategory.DeleteCategory" filename="src\FC.Codeflix.Catalog.Application\UseCases\Category\DeleteCategory\DeleteCategory.cs" line-rate="1" branch-rate="1" complexity="1">
          <methods>
            <method name=".ctor" signature="(FC.Codeflix.Catalog.Domain.Repository.ICategoryRepository,FC.Codeflix.Catalog.Application.Interfaces.IUnitOfWork)" line-rate="1" branch-rate="1" complexity="1">
              <lines>
                <line number="10" hits="2" branch="False" />
                <line number="11" hits="2" branch="False" />
              </lines>
            </method>
          </methods>
          <lines>
            <line number="10" hits="2" branch="False" />
            <line number="11" hits="2" branch="False" />
          </lines>
        </class>
        <class name="FC.Codeflix.Catalog.Application.UseCases.Category.DeleteCategory.DeleteCategory/&lt;Handle&gt;d__3" filename="src\FC.Codeflix.Catalog.Application\UseCases\Category\DeleteCategory\DeleteCategory.cs" line-rate="1" branch-rate="1" complexity="1">
          <methods>
            <method name="MoveNext" signature="()" line-rate="1" branch-rate="1" complexity="1">
              <lines>
                <line number="14" hits="2" branch="False" />
                <line number="15" hits="2" branch="False" />
                <line number="16" hits="1" branch="False" />
                <line number="17" hits="1" branch="False" />
                <line number="18" hits="1" branch="False" />
                <line number="19" hits="1" branch="False" />
              </lines>
            </method>
          </methods>
          <lines>
            <line number="14" hits="2" branch="False" />
            <line number="15" hits="2" branch="False" />
            <line number="16" hits="1" branch="False" />
            <line number="17" hits="1" branch="False" />
            <line number="18" hits="1" branch="False" />
            <line number="19" hits="1" branch="False" />
          </lines>
        </class>
        <class name="FC.Codeflix.Catalog.Application.UseCases.Category.DeleteCategory.DeleteCategoryInput" filename="src\FC.Codeflix.Catalog.Application\UseCases\Category\DeleteCategory\DeleteCategoryInput.cs" line-rate="1" branch-rate="1" complexity="2">
          <methods>
            <method name="get_Id" signature="()" line-rate="1" branch-rate="1" complexity="1">
              <lines>
                <line number="7" hits="4" branch="False" />
              </lines>
            </method>
            <method name=".ctor" signature="(System.Guid)" line-rate="1" branch-rate="1" complexity="1">
              <lines>
                <line number="8" hits="2" branch="False" />
                <line number="9" hits="2" branch="False" />
              </lines>
            </method>
          </methods>
          <lines>
            <line number="7" hits="4" branch="False" />
            <line number="8" hits="2" branch="False" />
            <line number="9" hits="2" branch="False" />
          </lines>
        </class>
        <class name="FC.Codeflix.Catalog.Application.UseCases.Category.CreateCategory.CreateCategory" filename="src\FC.Codeflix.Catalog.Application\UseCases\Category\CreateCategory\CreateCategory.cs" line-rate="1" branch-rate="1" complexity="1">
          <methods>
            <method name=".ctor" signature="(FC.Codeflix.Catalog.Domain.Repository.ICategoryRepository,FC.Codeflix.Catalog.Application.Interfaces.IUnitOfWork)" line-rate="1" branch-rate="1" complexity="1">
              <lines>
                <line number="13" hits="15" branch="False" />
                <line number="14" hits="15" branch="False" />
                <line number="15" hits="15" branch="False" />
                <line number="16" hits="15" branch="False" />
                <line number="17" hits="15" branch="False" />
                <line number="18" hits="15" branch="False" />
              </lines>
            </method>
          </methods>
          <lines>
            <line number="13" hits="15" branch="False" />
            <line number="14" hits="15" branch="False" />
            <line number="15" hits="15" branch="False" />
            <line number="16" hits="15" branch="False" />
            <line number="17" hits="15" branch="False" />
            <line number="18" hits="15" branch="False" />
          </lines>
        </class>
        <class name="FC.Codeflix.Catalog.Application.UseCases.Category.CreateCategory.CreateCategory/&lt;Handle&gt;d__3" filename="src\FC.Codeflix.Catalog.Application\UseCases\Category\CreateCategory\CreateCategory.cs" line-rate="1" branch-rate="1" complexity="1">
          <methods>
            <method name="MoveNext" signature="()" line-rate="1" branch-rate="1" complexity="1">
              <lines>
                <line number="21" hits="15" branch="False" />
                <line number="22" hits="15" branch="False" />
                <line number="23" hits="15" branch="False" />
                <line number="24" hits="15" branch="False" />
                <line number="25" hits="15" branch="False" />
                <line number="26" hits="15" branch="False" />
                <line number="28" hits="3" branch="False" />
                <line number="29" hits="3" branch="False" />
                <line number="31" hits="3" branch="False" />
                <line number="32" hits="3" branch="False" />
              </lines>
            </method>
          </methods>
          <lines>
            <line number="21" hits="15" branch="False" />
            <line number="22" hits="15" branch="False" />
            <line number="23" hits="15" branch="False" />
            <line number="24" hits="15" branch="False" />
            <line number="25" hits="15" branch="False" />
            <line number="26" hits="15" branch="False" />
            <line number="28" hits="3" branch="False" />
            <line number="29" hits="3" branch="False" />
            <line number="31" hits="3" branch="False" />
            <line number="32" hits="3" branch="False" />
          </lines>
        </class>
        <class name="FC.Codeflix.Catalog.Application.UseCases.Category.CreateCategory.CreateCategoryInput" filename="src\FC.Codeflix.Catalog.Application\UseCases\Category\CreateCategory\CreateCategoryInput.cs" line-rate="1" branch-rate="1" complexity="5">
          <methods>
            <method name="get_Name" signature="()" line-rate="1" branch-rate="1" complexity="1">
              <lines>
                <line number="15" hits="81" branch="False" />
              </lines>
            </method>
            <method name="get_Description" signature="()" line-rate="1" branch-rate="1" complexity="1">
              <lines>
                <line number="16" hits="64" branch="False" />
              </lines>
            </method>
            <method name="get_IsActive" signature="()" line-rate="1" branch-rate="1" complexity="1">
              <lines>
                <line number="17" hits="55" branch="False" />
              </lines>
            </method>
            <method name=".ctor" signature="(System.String,System.String,System.Boolean)" line-rate="1" branch-rate="1" complexity="2">
              <lines>
                <line number="8" hits="27" branch="False" />
                <line number="9" hits="27" branch="False" />
                <line number="10" hits="27" branch="False" />
                <line number="11" hits="27" branch="True" condition-coverage="100% (2/2)">
                  <conditions>
                    <condition number="19" type="jump" coverage="100%" />
                  </conditions>
                </line>
                <line number="12" hits="27" branch="False" />
                <line number="13" hits="27" branch="False" />
              </lines>
            </method>
          </methods>
          <lines>
            <line number="15" hits="81" branch="False" />
            <line number="16" hits="64" branch="False" />
            <line number="17" hits="55" branch="False" />
            <line number="8" hits="27" branch="False" />
            <line number="9" hits="27" branch="False" />
            <line number="10" hits="27" branch="False" />
            <line number="11" hits="27" branch="True" condition-coverage="100% (2/2)">
              <conditions>
                <condition number="19" type="jump" coverage="100%" />
              </conditions>
            </line>
            <line number="12" hits="27" branch="False" />
            <line number="13" hits="27" branch="False" />
          </lines>
        </class>
        <class name="FC.Codeflix.Catalog.Application.UseCases.Category.Common.CategoryModelOutput" filename="src\FC.Codeflix.Catalog.Application\UseCases\Category\Common\CategoryModelOutput.cs" line-rate="1" branch-rate="1" complexity="7">
          <methods>
            <method name="get_Id" signature="()" line-rate="1" branch-rate="1" complexity="1">
              <lines>
                <line number="16" hits="1013" branch="False" />
              </lines>
            </method>
            <method name="get_Name" signature="()" line-rate="1" branch-rate="1" complexity="1">
              <lines>
                <line number="17" hits="368" branch="False" />
              </lines>
            </method>
            <method name="get_Description" signature="()" line-rate="1" branch-rate="1" complexity="1">
              <lines>
                <line number="18" hits="368" branch="False" />
              </lines>
            </method>
            <method name="get_IsActive" signature="()" line-rate="1" branch-rate="1" complexity="1">
              <lines>
                <line number="19" hits="368" branch="False" />
              </lines>
            </method>
            <method name="get_CreatedAt" signature="()" line-rate="1" branch-rate="1" complexity="1">
              <lines>
                <line number="20" hits="338" branch="False" />
              </lines>
            </method>
            <method name="FromCategory" signature="(FC.Codeflix.Catalog.Domain.Entity.Category)" line-rate="1" branch-rate="1" complexity="1">
              <lines>
                <line number="23" hits="184" branch="False" />
                <line number="24" hits="184" branch="False" />
                <line number="25" hits="184" branch="False" />
                <line number="26" hits="184" branch="False" />
                <line number="27" hits="184" branch="False" />
                <line number="28" hits="184" branch="False" />
                <line number="29" hits="184" branch="False" />
                <line number="30" hits="184" branch="False" />
                <line number="31" hits="184" branch="False" />
              </lines>
            </method>
            <method name=".ctor" signature="(System.Guid,System.String,System.String,System.Boolean,System.DateTime)" line-rate="1" branch-rate="1" complexity="1">
              <lines>
                <line number="7" hits="184" branch="False" />
                <line number="8" hits="184" branch="False" />
                <line number="9" hits="184" branch="False" />
                <line number="10" hits="184" branch="False" />
                <line number="11" hits="184" branch="False" />
                <line number="12" hits="184" branch="False" />
                <line number="13" hits="184" branch="False" />
                <line number="14" hits="184" branch="False" />
              </lines>
            </method>
          </methods>
          <lines>
            <line number="16" hits="1013" branch="False" />
            <line number="17" hits="368" branch="False" />
            <line number="18" hits="368" branch="False" />
            <line number="19" hits="368" branch="False" />
            <line number="20" hits="338" branch="False" />
            <line number="23" hits="184" branch="False" />
            <line number="24" hits="184" branch="False" />
            <line number="25" hits="184" branch="False" />
            <line number="26" hits="184" branch="False" />
            <line number="27" hits="184" branch="False" />
            <line number="28" hits="184" branch="False" />
            <line number="29" hits="184" branch="False" />
            <line number="30" hits="184" branch="False" />
            <line number="31" hits="184" branch="False" />
            <line number="7" hits="184" branch="False" />
            <line number="8" hits="184" branch="False" />
            <line number="9" hits="184" branch="False" />
            <line number="10" hits="184" branch="False" />
            <line number="11" hits="184" branch="False" />
            <line number="12" hits="184" branch="False" />
            <line number="13" hits="184" branch="False" />
            <line number="14" hits="184" branch="False" />
          </lines>
        </class>
        <class name="FC.Codeflix.Catalog.Application.Exceptions.ApplicationException" filename="src\FC.Codeflix.Catalog.Application\Exceptions\ApplicationException.cs" line-rate="1" branch-rate="1" complexity="1">
          <methods>
            <method name=".ctor" signature="(System.String)" line-rate="1" branch-rate="1" complexity="1">
              <lines>
                <line number="5" hits="3" branch="False" />
                <line number="6" hits="3" branch="False" />
                <line number="7" hits="3" branch="False" />
              </lines>
            </method>
          </methods>
          <lines>
            <line number="5" hits="3" branch="False" />
            <line number="6" hits="3" branch="False" />
            <line number="7" hits="3" branch="False" />
          </lines>
        </class>
        <class name="FC.Codeflix.Catalog.Application.Exceptions.NotFoundException" filename="src\FC.Codeflix.Catalog.Application\Exceptions\NotFoundException.cs" line-rate="0.4285" branch-rate="0" complexity="3">
          <methods>
            <method name="ThrowIfNull" signature="(System.Object,System.String)" line-rate="0" branch-rate="0" complexity="2">
              <lines>
                <line number="11" hits="0" branch="False" />
                <line number="12" hits="0" branch="True" condition-coverage="0% (0/2)">
                  <conditions>
                    <condition number="7" type="jump" coverage="0%" />
                  </conditions>
                </line>
                <line number="13" hits="0" branch="False" />
                <line number="14" hits="0" branch="False" />
              </lines>
            </method>
            <method name=".ctor" signature="(System.String)" line-rate="1" branch-rate="1" complexity="1">
              <lines>
                <line number="7" hits="3" branch="False" />
                <line number="8" hits="3" branch="False" />
                <line number="9" hits="3" branch="False" />
              </lines>
            </method>
          </methods>
          <lines>
            <line number="11" hits="0" branch="False" />
            <line number="12" hits="0" branch="True" condition-coverage="0% (0/2)">
              <conditions>
                <condition number="7" type="jump" coverage="0%" />
              </conditions>
            </line>
            <line number="13" hits="0" branch="False" />
            <line number="14" hits="0" branch="False" />
            <line number="7" hits="3" branch="False" />
            <line number="8" hits="3" branch="False" />
            <line number="9" hits="3" branch="False" />
          </lines>
        </class>
        <class name="FC.Codeflix.Catalog.Application.Common.PaginatedListInput" filename="src\FC.Codeflix.Catalog.Application\Common\PaginatedListInput.cs" line-rate="0.9473" branch-rate="1" complexity="7">
          <methods>
            <method name="get_Page" signature="()" line-rate="1" branch-rate="1" complexity="1">
              <lines>
                <line number="6" hits="103" branch="False" />
              </lines>
            </method>
            <method name="get_PerPage" signature="()" line-rate="1" branch-rate="1" complexity="1">
              <lines>
                <line number="7" hits="101" branch="False" />
              </lines>
            </method>
            <method name="get_Search" signature="()" line-rate="1" branch-rate="1" complexity="1">
              <lines>
                <line number="8" hits="83" branch="False" />
              </lines>
            </method>
            <method name="get_Sort" signature="()" line-rate="1" branch-rate="1" complexity="1">
              <lines>
                <line number="9" hits="81" branch="False" />
              </lines>
            </method>
            <method name="get_Dir" signature="()" line-rate="1" branch-rate="1" complexity="1">
              <lines>
                <line number="10" hits="79" branch="False" />
              </lines>
            </method>
            <method name="ToSearchInput" signature="()" line-rate="0" branch-rate="1" complexity="1">
              <lines>
                <line number="26" hits="0" branch="False" />
              </lines>
            </method>
            <method name=".ctor" signature="(System.Int32,System.Int32,System.String,System.String,FC.Codeflix.Catalog.Domain.SeedWork.SearchableRepository.SearchOrder)" line-rate="1" branch-rate="1" complexity="1">
              <lines>
                <line number="11" hits="17" branch="False" />
                <line number="12" hits="17" branch="False" />
                <line number="13" hits="17" branch="False" />
                <line number="14" hits="17" branch="False" />
                <line number="15" hits="17" branch="False" />
                <line number="16" hits="17" branch="False" />
                <line number="17" hits="17" branch="False" />
                <line number="18" hits="17" branch="False" />
                <line number="19" hits="17" branch="False" />
                <line number="20" hits="17" branch="False" />
                <line number="21" hits="17" branch="False" />
                <line number="22" hits="17" branch="False" />
                <line number="23" hits="17" branch="False" />
              </lines>
            </method>
          </methods>
          <lines>
            <line number="6" hits="103" branch="False" />
            <line number="7" hits="101" branch="False" />
            <line number="8" hits="83" branch="False" />
            <line number="9" hits="81" branch="False" />
            <line number="10" hits="79" branch="False" />
            <line number="26" hits="0" branch="False" />
            <line number="11" hits="17" branch="False" />
            <line number="12" hits="17" branch="False" />
            <line number="13" hits="17" branch="False" />
            <line number="14" hits="17" branch="False" />
            <line number="15" hits="17" branch="False" />
            <line number="16" hits="17" branch="False" />
            <line number="17" hits="17" branch="False" />
            <line number="18" hits="17" branch="False" />
            <line number="19" hits="17" branch="False" />
            <line number="20" hits="17" branch="False" />
            <line number="21" hits="17" branch="False" />
            <line number="22" hits="17" branch="False" />
            <line number="23" hits="17" branch="False" />
          </lines>
        </class>
        <class name="FC.Codeflix.Catalog.Application.Common.PaginatedListOutput`1" filename="src\FC.Codeflix.Catalog.Application\Common\PaginatedListOutput.cs" line-rate="1" branch-rate="1" complexity="5">
          <methods>
            <method name="get_Page" signature="()" line-rate="1" branch-rate="1" complexity="1">
              <lines>
                <line number="4" hits="32" branch="False" />
              </lines>
            </method>
            <method name="get_PerPage" signature="()" line-rate="1" branch-rate="1" complexity="1">
              <lines>
                <line number="5" hits="32" branch="False" />
              </lines>
            </method>
            <method name="get_Total" signature="()" line-rate="1" branch-rate="1" complexity="1">
              <lines>
                <line number="6" hits="32" branch="False" />
              </lines>
            </method>
            <method name="get_Items" signature="()" line-rate="1" branch-rate="1" complexity="1">
              <lines>
                <line number="7" hits="47" branch="False" />
              </lines>
            </method>
            <method name=".ctor" signature="(System.Int32,System.Int32,System.Int32,System.Collections.Generic.IReadOnlyList`1&lt;TOutputItem&gt;)" line-rate="1" branch-rate="1" complexity="1">
              <lines>
                <line number="9" hits="16" branch="False" />
                <line number="10" hits="16" branch="False" />
                <line number="11" hits="16" branch="False" />
                <line number="12" hits="16" branch="False" />
                <line number="13" hits="16" branch="False" />
                <line number="14" hits="16" branch="False" />
                <line number="15" hits="16" branch="False" />
                <line number="16" hits="16" branch="False" />
                <line number="17" hits="16" branch="False" />
                <line number="18" hits="16" branch="False" />
                <line number="19" hits="16" branch="False" />
              </lines>
            </method>
          </methods>
          <lines>
            <line number="4" hits="32" branch="False" />
            <line number="5" hits="32" branch="False" />
            <line number="6" hits="32" branch="False" />
            <line number="7" hits="47" branch="False" />
            <line number="9" hits="16" branch="False" />
            <line number="10" hits="16" branch="False" />
            <line number="11" hits="16" branch="False" />
            <line number="12" hits="16" branch="False" />
            <line number="13" hits="16" branch="False" />
            <line number="14" hits="16" branch="False" />
            <line number="15" hits="16" branch="False" />
            <line number="16" hits="16" branch="False" />
            <line number="17" hits="16" branch="False" />
            <line number="18" hits="16" branch="False" />
            <line number="19" hits="16" branch="False" />
          </lines>
        </class>
      </classes>
    </package>
    <package name="FC.Codeflix.Catalog.Domain" line-rate="1" branch-rate="1" complexity="33">
      <classes>
        <class name="FC.Codeflix.Catalog.Domain.Validation.DomainValidation" filename="src\FC.Codeflix.Catalog.Domain\Validation\DomainValidation.cs" line-rate="1" branch-rate="1" complexity="8">
          <methods>
            <method name="NotNull" signature="(System.Object,System.String)" line-rate="1" branch-rate="1" complexity="2">
              <lines>
                <line number="8" hits="2" branch="False" />
                <line number="9" hits="2" branch="True" condition-coverage="100% (2/2)">
                  <conditions>
                    <condition number="7" type="jump" coverage="100%" />
                  </conditions>
                </line>
                <line number="10" hits="1" branch="False" />
                <line number="11" hits="1" branch="False" />
                <line number="13" hits="1" branch="False" />
              </lines>
            </method>
            <method name="NotNullOrEmpty" signature="(System.String,System.String)" line-rate="1" branch-rate="1" complexity="2">
              <lines>
                <line number="16" hits="329" branch="False" />
                <line number="17" hits="329" branch="True" condition-coverage="100% (2/2)">
                  <conditions>
                    <condition number="9" type="jump" coverage="100%" />
                  </conditions>
                </line>
                <line number="18" hits="9" branch="False" />
                <line number="19" hits="9" branch="False" />
                <line number="20" hits="320" branch="False" />
              </lines>
            </method>
            <method name="MinLength" signature="(System.String,System.Int32,System.String)" line-rate="1" branch-rate="1" complexity="2">
              <lines>
                <line number="23" hits="339" branch="False" />
                <line number="24" hits="339" branch="True" condition-coverage="100% (2/2)">
                  <conditions>
                    <condition number="12" type="jump" coverage="100%" />
                  </conditions>
                </line>
                <line number="25" hits="32" branch="False" />
                <line number="26" hits="307" branch="False" />
              </lines>
            </method>
            <method name="MaxLength" signature="(System.String,System.Int32,System.String)" line-rate="1" branch-rate="1" complexity="2">
              <lines>
                <line number="29" hits="604" branch="False" />
                <line number="30" hits="604" branch="True" condition-coverage="100% (2/2)">
                  <conditions>
                    <condition number="12" type="jump" coverage="100%" />
                  </conditions>
                </line>
                <line number="31" hits="30" branch="False" />
                <line number="32" hits="574" branch="False" />
              </lines>
            </method>
          </methods>
          <lines>
            <line number="8" hits="2" branch="False" />
            <line number="9" hits="2" branch="True" condition-coverage="100% (2/2)">
              <conditions>
                <condition number="7" type="jump" coverage="100%" />
              </conditions>
            </line>
            <line number="10" hits="1" branch="False" />
            <line number="11" hits="1" branch="False" />
            <line number="13" hits="1" branch="False" />
            <line number="16" hits="329" branch="False" />
            <line number="17" hits="329" branch="True" condition-coverage="100% (2/2)">
              <conditions>
                <condition number="9" type="jump" coverage="100%" />
              </conditions>
            </line>
            <line number="18" hits="9" branch="False" />
            <line number="19" hits="9" branch="False" />
            <line number="20" hits="320" branch="False" />
            <line number="23" hits="339" branch="False" />
            <line number="24" hits="339" branch="True" condition-coverage="100% (2/2)">
              <conditions>
                <condition number="12" type="jump" coverage="100%" />
              </conditions>
            </line>
            <line number="25" hits="32" branch="False" />
            <line number="26" hits="307" branch="False" />
            <line number="29" hits="604" branch="False" />
            <line number="30" hits="604" branch="True" condition-coverage="100% (2/2)">
              <conditions>
                <condition number="12" type="jump" coverage="100%" />
              </conditions>
            </line>
            <line number="31" hits="30" branch="False" />
            <line number="32" hits="574" branch="False" />
          </lines>
        </class>
        <class name="FC.Codeflix.Catalog.Domain.SeedWork.AggregateRoot" filename="src\FC.Codeflix.Catalog.Domain\SeedWork\AggregateRoot.cs" line-rate="1" branch-rate="1" complexity="1">
          <methods>
            <method name=".ctor" signature="()" line-rate="1" branch-rate="1" complexity="1">
              <lines>
                <line number="5" hits="804" branch="False" />
              </lines>
            </method>
          </methods>
          <lines>
            <line number="5" hits="804" branch="False" />
          </lines>
        </class>
        <class name="FC.Codeflix.Catalog.Domain.SeedWork.Entity" filename="src\FC.Codeflix.Catalog.Domain\SeedWork\Entity.cs" line-rate="1" branch-rate="1" complexity="2">
          <methods>
            <method name="get_Id" signature="()" line-rate="1" branch-rate="1" complexity="1">
              <lines>
                <line number="10" hits="1530" branch="False" />
              </lines>
            </method>
            <method name=".ctor" signature="()" line-rate="1" branch-rate="1" complexity="1">
              <lines>
                <line number="5" hits="268" branch="False" />
                <line number="6" hits="268" branch="False" />
                <line number="7" hits="268" branch="False" />
                <line number="8" hits="268" branch="False" />
              </lines>
            </method>
          </methods>
          <lines>
            <line number="10" hits="1530" branch="False" />
            <line number="5" hits="268" branch="False" />
            <line number="6" hits="268" branch="False" />
            <line number="7" hits="268" branch="False" />
            <line number="8" hits="268" branch="False" />
          </lines>
        </class>
        <class name="FC.Codeflix.Catalog.Domain.SeedWork.SearchableRepository.SearchInput" filename="src\FC.Codeflix.Catalog.Domain\SeedWork\SearchableRepository\SearchInput.cs" line-rate="1" branch-rate="1" complexity="6">
          <methods>
            <method name="get_Page" signature="()" line-rate="1" branch-rate="1" complexity="1">
              <lines>
                <line number="4" hits="48" branch="False" />
              </lines>
            </method>
            <method name="get_PerPage" signature="()" line-rate="1" branch-rate="1" complexity="1">
              <lines>
                <line number="5" hits="48" branch="False" />
              </lines>
            </method>
            <method name="get_Search" signature="()" line-rate="1" branch-rate="1" complexity="1">
              <lines>
                <line number="6" hits="48" branch="False" />
              </lines>
            </method>
            <method name="get_OrderBy" signature="()" line-rate="1" branch-rate="1" complexity="1">
              <lines>
                <line number="7" hits="48" branch="False" />
              </lines>
            </method>
            <method name="get_Order" signature="()" line-rate="1" branch-rate="1" complexity="1">
              <lines>
                <line number="8" hits="48" branch="False" />
              </lines>
            </method>
            <method name=".ctor" signature="(System.Int32,System.Int32,System.String,System.String,FC.Codeflix.Catalog.Domain.SeedWork.SearchableRepository.SearchOrder)" line-rate="1" branch-rate="1" complexity="1">
              <lines>
                <line number="10" hits="16" branch="False" />
                <line number="11" hits="16" branch="False" />
                <line number="12" hits="16" branch="False" />
                <line number="13" hits="16" branch="False" />
                <line number="14" hits="16" branch="False" />
                <line number="15" hits="16" branch="False" />
                <line number="16" hits="16" branch="False" />
                <line number="17" hits="16" branch="False" />
                <line number="18" hits="16" branch="False" />
                <line number="19" hits="16" branch="False" />
                <line number="20" hits="16" branch="False" />
                <line number="21" hits="16" branch="False" />
                <line number="22" hits="16" branch="False" />
              </lines>
            </method>
          </methods>
          <lines>
            <line number="4" hits="48" branch="False" />
            <line number="5" hits="48" branch="False" />
            <line number="6" hits="48" branch="False" />
            <line number="7" hits="48" branch="False" />
            <line number="8" hits="48" branch="False" />
            <line number="10" hits="16" branch="False" />
            <line number="11" hits="16" branch="False" />
            <line number="12" hits="16" branch="False" />
            <line number="13" hits="16" branch="False" />
            <line number="14" hits="16" branch="False" />
            <line number="15" hits="16" branch="False" />
            <line number="16" hits="16" branch="False" />
            <line number="17" hits="16" branch="False" />
            <line number="18" hits="16" branch="False" />
            <line number="19" hits="16" branch="False" />
            <line number="20" hits="16" branch="False" />
            <line number="21" hits="16" branch="False" />
            <line number="22" hits="16" branch="False" />
          </lines>
        </class>
        <class name="FC.Codeflix.Catalog.Domain.SeedWork.SearchableRepository.SearchOutput`1" filename="src\FC.Codeflix.Catalog.Domain\SeedWork\SearchableRepository\SearchOutput.cs" line-rate="1" branch-rate="1" complexity="5">
          <methods>
            <method name="get_CurrentPage" signature="()" line-rate="1" branch-rate="1" complexity="1">
              <lines>
                <line number="5" hits="48" branch="False" />
              </lines>
            </method>
            <method name="get_PerPage" signature="()" line-rate="1" branch-rate="1" complexity="1">
              <lines>
                <line number="6" hits="48" branch="False" />
              </lines>
            </method>
            <method name="get_Total" signature="()" line-rate="1" branch-rate="1" complexity="1">
              <lines>
                <line number="7" hits="47" branch="False" />
              </lines>
            </method>
            <method name="get_Items" signature="()" line-rate="1" branch-rate="1" complexity="1">
              <lines>
                <line number="8" hits="197" branch="False" />
              </lines>
            </method>
            <method name=".ctor" signature="(System.Int32,System.Int32,System.Int32,System.Collections.Generic.IReadOnlyList`1&lt;TAggregate&gt;)" line-rate="1" branch-rate="1" complexity="1">
              <lines>
                <line number="9" hits="16" branch="False" />
                <line number="10" hits="16" branch="False" />
                <line number="11" hits="16" branch="False" />
                <line number="12" hits="16" branch="False" />
                <line number="13" hits="16" branch="False" />
                <line number="14" hits="16" branch="False" />
                <line number="15" hits="16" branch="False" />
                <line number="16" hits="16" branch="False" />
                <line number="17" hits="16" branch="False" />
                <line number="18" hits="16" branch="False" />
                <line number="19" hits="16" branch="False" />
              </lines>
            </method>
          </methods>
          <lines>
            <line number="5" hits="48" branch="False" />
            <line number="6" hits="48" branch="False" />
            <line number="7" hits="47" branch="False" />
            <line number="8" hits="197" branch="False" />
            <line number="9" hits="16" branch="False" />
            <line number="10" hits="16" branch="False" />
            <line number="11" hits="16" branch="False" />
            <line number="12" hits="16" branch="False" />
            <line number="13" hits="16" branch="False" />
            <line number="14" hits="16" branch="False" />
            <line number="15" hits="16" branch="False" />
            <line number="16" hits="16" branch="False" />
            <line number="17" hits="16" branch="False" />
            <line number="18" hits="16" branch="False" />
            <line number="19" hits="16" branch="False" />
          </lines>
        </class>
        <class name="FC.Codeflix.Catalog.Domain.Exceptions.EntityValidationException" filename="src\FC.Codeflix.Catalog.Domain\Exceptions\EntityValidationException.cs" line-rate="1" branch-rate="1" complexity="1">
          <methods>
            <method name=".ctor" signature="(System.String)" line-rate="1" branch-rate="1" complexity="1">
              <lines>
                <line number="5" hits="72" branch="False" />
                <line number="6" hits="72" branch="False" />
                <line number="8" hits="72" branch="False" />
              </lines>
            </method>
          </methods>
          <lines>
            <line number="5" hits="72" branch="False" />
            <line number="6" hits="72" branch="False" />
            <line number="8" hits="72" branch="False" />
          </lines>
        </class>
        <class name="FC.Codeflix.Catalog.Domain.Entity.Category" filename="src\FC.Codeflix.Catalog.Domain\Entity\Category.cs" line-rate="1" branch-rate="1" complexity="10">
          <methods>
            <method name="get_Name" signature="()" line-rate="1" branch-rate="1" complexity="1">
              <lines>
                <line number="18" hits="1649" branch="False" />
              </lines>
            </method>
            <method name="get_Description" signature="()" line-rate="1" branch-rate="1" complexity="1">
              <lines>
                <line number="19" hits="1034" branch="False" />
              </lines>
            </method>
            <method name="get_CreatedAt" signature="()" line-rate="1" branch-rate="1" complexity="1">
              <lines>
                <line number="20" hits="636" branch="False" />
              </lines>
            </method>
            <method name="get_IsActive" signature="()" line-rate="1" branch-rate="1" complexity="1">
              <lines>
                <line number="21" hits="672" branch="False" />
              </lines>
            </method>
            <method name="Validate" signature="()" line-rate="1" branch-rate="1" complexity="1">
              <lines>
                <line number="24" hits="325" branch="False" />
                <line number="25" hits="325" branch="False" />
                <line number="26" hits="319" branch="False" />
                <line number="27" hits="297" branch="False" />
                <line number="28" hits="287" branch="False" />
                <line number="29" hits="277" branch="False" />
              </lines>
            </method>
            <method name="Activate" signature="()" line-rate="1" branch-rate="1" complexity="1">
              <lines>
                <line number="32" hits="3" branch="False" />
                <line number="33" hits="3" branch="False" />
                <line number="34" hits="3" branch="False" />
                <line number="35" hits="3" branch="False" />
              </lines>
            </method>
            <method name="Deactivate" signature="()" line-rate="1" branch-rate="1" complexity="1">
              <lines>
                <line number="37" hits="1" branch="False" />
                <line number="38" hits="1" branch="False" />
                <line number="39" hits="1" branch="False" />
                <line number="40" hits="1" branch="False" />
              </lines>
            </method>
            <method name="Update" signature="(System.String,System.String)" line-rate="1" branch-rate="1" complexity="2">
              <lines>
                <line number="43" hits="53" branch="False" />
                <line number="44" hits="53" branch="False" />
                <line number="45" hits="53" branch="True" condition-coverage="100% (2/2)">
                  <conditions>
                    <condition number="12" type="jump" coverage="100%" />
                  </conditions>
                </line>
                <line number="47" hits="53" branch="False" />
                <line number="48" hits="32" branch="False" />
              </lines>
            </method>
            <method name=".ctor" signature="(System.String,System.String,System.Boolean)" line-rate="1" branch-rate="1" complexity="1">
              <lines>
                <line number="9" hits="268" branch="False" />
                <line number="10" hits="268" branch="False" />
                <line number="11" hits="268" branch="False" />
                <line number="12" hits="268" branch="False" />
                <line number="13" hits="268" branch="False" />
                <line number="14" hits="268" branch="False" />
                <line number="16" hits="268" branch="False" />
                <line number="17" hits="241" branch="False" />
              </lines>
            </method>
          </methods>
          <lines>
            <line number="18" hits="1649" branch="False" />
            <line number="19" hits="1034" branch="False" />
            <line number="20" hits="636" branch="False" />
            <line number="21" hits="672" branch="False" />
            <line number="24" hits="325" branch="False" />
            <line number="25" hits="325" branch="False" />
            <line number="26" hits="319" branch="False" />
            <line number="27" hits="297" branch="False" />
            <line number="28" hits="287" branch="False" />
            <line number="29" hits="277" branch="False" />
            <line number="32" hits="3" branch="False" />
            <line number="33" hits="3" branch="False" />
            <line number="34" hits="3" branch="False" />
            <line number="35" hits="3" branch="False" />
            <line number="37" hits="1" branch="False" />
            <line number="38" hits="1" branch="False" />
            <line number="39" hits="1" branch="False" />
            <line number="40" hits="1" branch="False" />
            <line number="43" hits="53" branch="False" />
            <line number="44" hits="53" branch="False" />
            <line number="45" hits="53" branch="True" condition-coverage="100% (2/2)">
              <conditions>
                <condition number="12" type="jump" coverage="100%" />
              </conditions>
            </line>
            <line number="47" hits="53" branch="False" />
            <line number="48" hits="32" branch="False" />
            <line number="9" hits="268" branch="False" />
            <line number="10" hits="268" branch="False" />
            <line number="11" hits="268" branch="False" />
            <line number="12" hits="268" branch="False" />
            <line number="13" hits="268" branch="False" />
            <line number="14" hits="268" branch="False" />
            <line number="16" hits="268" branch="False" />
            <line number="17" hits="241" branch="False" />
          </lines>
        </class>
      </classes>
    </package>
    <package name="FC.Codeflix.Catalog.UnitTests" line-rate="0.9919" branch-rate="0.9375" complexity="139">
      <classes>
        <class name="AutoGeneratedProgram" filename="Users\Kaelzin\.nuget\packages\microsoft.net.test.sdk\17.5.0\build\netcoreapp3.1\Microsoft.NET.Test.Sdk.Program.cs" line-rate="0" branch-rate="1" complexity="1">
          <methods>
            <method name="Main" signature="(System.String[])" line-rate="0" branch-rate="1" complexity="1">
              <lines>
                <line number="4" hits="0" branch="False" />
              </lines>
            </method>
          </methods>
          <lines>
            <line number="4" hits="0" branch="False" />
          </lines>
        </class>
        <class name="FC.Codeflix.Catalog.UnitTests.Domain.Validation.DomainValidationTest" filename="tests\FC.Codeflix.Catalog.UnitTests\Domain\Validation\DomainValidationTest.cs" line-rate="1" branch-rate="1" complexity="10">
          <methods>
            <method name="get_Faker" signature="()" line-rate="1" branch-rate="1" complexity="1">
              <lines>
                <line number="19" hits="48" branch="False" />
              </lines>
            </method>
            <method name="Validar_Domain_NomeNaoDeveSerNulo" signature="()" line-rate="1" branch-rate="1" complexity="1">
              <lines>
                <line number="24" hits="1" branch="False" />
                <line number="25" hits="1" branch="False" />
                <line number="26" hits="1" branch="False" />
                <line number="27" hits="1" branch="False" />
                <line number="28" hits="2" branch="False" />
                <line number="29" hits="1" branch="False" />
                <line number="30" hits="1" branch="False" />
              </lines>
            </method>
            <method name="Validar_Domain_NomeDeveSerNulo" signature="()" line-rate="1" branch-rate="1" complexity="1">
              <lines>
                <line number="35" hits="1" branch="False" />
                <line number="36" hits="1" branch="False" />
                <line number="37" hits="1" branch="False" />
                <line number="38" hits="1" branch="False" />
                <line number="39" hits="2" branch="False" />
                <line number="40" hits="1" branch="False" />
                <line number="41" hits="1" branch="False" />
                <line number="42" hits="1" branch="False" />
                <line number="43" hits="1" branch="False" />
              </lines>
            </method>
            <method name="Validar_Domain_NomeDeveSerNuloOuVazio" signature="(System.String)" line-rate="1" branch-rate="1" complexity="1">
              <lines>
                <line number="51" hits="3" branch="False" />
                <line number="52" hits="3" branch="False" />
                <line number="53" hits="3" branch="False" />
                <line number="54" hits="6" branch="False" />
                <line number="55" hits="3" branch="False" />
                <line number="56" hits="3" branch="False" />
                <line number="57" hits="3" branch="False" />
                <line number="58" hits="3" branch="False" />
              </lines>
            </method>
            <method name="Validar_Domain_NomeNaoDeveSerNuloOuVazio" signature="()" line-rate="1" branch-rate="1" complexity="1">
              <lines>
                <line number="63" hits="1" branch="False" />
                <line number="64" hits="1" branch="False" />
                <line number="65" hits="1" branch="False" />
                <line number="66" hits="1" branch="False" />
                <line number="67" hits="2" branch="False" />
                <line number="68" hits="1" branch="False" />
                <line number="69" hits="1" branch="False" />
              </lines>
            </method>
            <method name="Validar_Domain_NomeDeveSerMenorQue3Caracteres" signature="(System.String,System.Int32)" line-rate="1" branch-rate="1" complexity="1">
              <lines>
                <line number="75" hits="10" branch="False" />
                <line number="76" hits="10" branch="False" />
                <line number="77" hits="10" branch="False" />
                <line number="78" hits="20" branch="False" />
                <line number="79" hits="10" branch="False" />
                <line number="80" hits="10" branch="False" />
                <line number="81" hits="10" branch="False" />
                <line number="82" hits="10" branch="False" />
              </lines>
            </method>
            <method name="Validar_Domain_NomeNaoDeveSerMenorQue3Caracteres" signature="(System.String,System.Int32)" line-rate="1" branch-rate="1" complexity="1">
              <lines>
                <line number="100" hits="10" branch="False" />
                <line number="101" hits="10" branch="False" />
                <line number="102" hits="10" branch="False" />
                <line number="103" hits="20" branch="False" />
                <line number="104" hits="10" branch="False" />
                <line number="105" hits="10" branch="False" />
              </lines>
            </method>
            <method name="Validar_Domain_NomeDeveSerMaiorQue255Caracteres" signature="(System.String,System.Int32)" line-rate="1" branch-rate="1" complexity="1">
              <lines>
                <line number="123" hits="10" branch="False" />
                <line number="124" hits="10" branch="False" />
                <line number="125" hits="10" branch="False" />
                <line number="126" hits="20" branch="False" />
                <line number="127" hits="10" branch="False" />
                <line number="128" hits="10" branch="False" />
                <line number="129" hits="10" branch="False" />
                <line number="130" hits="10" branch="False" />
              </lines>
            </method>
            <method name="Validar_Domain_NomeNaoDeveSerMaiorQue255Caracteres" signature="(System.String,System.Int32)" line-rate="1" branch-rate="1" complexity="1">
              <lines>
                <line number="148" hits="10" branch="False" />
                <line number="149" hits="10" branch="False" />
                <line number="150" hits="10" branch="False" />
                <line number="151" hits="20" branch="False" />
                <line number="152" hits="10" branch="False" />
                <line number="153" hits="10" branch="False" />
              </lines>
            </method>
            <method name=".ctor" signature="(FC.Codeflix.Catalog.UnitTests.Domain.Validation.DomainValidationTestFixture)" line-rate="1" branch-rate="1" complexity="1">
              <lines>
                <line number="14" hits="46" branch="False" />
                <line number="15" hits="46" branch="False" />
                <line number="16" hits="46" branch="False" />
                <line number="17" hits="46" branch="False" />
              </lines>
            </method>
          </methods>
          <lines>
            <line number="19" hits="48" branch="False" />
            <line number="24" hits="1" branch="False" />
            <line number="25" hits="1" branch="False" />
            <line number="26" hits="1" branch="False" />
            <line number="27" hits="1" branch="False" />
            <line number="28" hits="2" branch="False" />
            <line number="29" hits="1" branch="False" />
            <line number="30" hits="1" branch="False" />
            <line number="35" hits="1" branch="False" />
            <line number="36" hits="1" branch="False" />
            <line number="37" hits="1" branch="False" />
            <line number="38" hits="1" branch="False" />
            <line number="39" hits="2" branch="False" />
            <line number="40" hits="1" branch="False" />
            <line number="41" hits="1" branch="False" />
            <line number="42" hits="1" branch="False" />
            <line number="43" hits="1" branch="False" />
            <line number="51" hits="3" branch="False" />
            <line number="52" hits="3" branch="False" />
            <line number="53" hits="3" branch="False" />
            <line number="54" hits="6" branch="False" />
            <line number="55" hits="3" branch="False" />
            <line number="56" hits="3" branch="False" />
            <line number="57" hits="3" branch="False" />
            <line number="58" hits="3" branch="False" />
            <line number="63" hits="1" branch="False" />
            <line number="64" hits="1" branch="False" />
            <line number="65" hits="1" branch="False" />
            <line number="66" hits="1" branch="False" />
            <line number="67" hits="2" branch="False" />
            <line number="68" hits="1" branch="False" />
            <line number="69" hits="1" branch="False" />
            <line number="75" hits="10" branch="False" />
            <line number="76" hits="10" branch="False" />
            <line number="77" hits="10" branch="False" />
            <line number="78" hits="20" branch="False" />
            <line number="79" hits="10" branch="False" />
            <line number="80" hits="10" branch="False" />
            <line number="81" hits="10" branch="False" />
            <line number="82" hits="10" branch="False" />
            <line number="100" hits="10" branch="False" />
            <line number="101" hits="10" branch="False" />
            <line number="102" hits="10" branch="False" />
            <line number="103" hits="20" branch="False" />
            <line number="104" hits="10" branch="False" />
            <line number="105" hits="10" branch="False" />
            <line number="123" hits="10" branch="False" />
            <line number="124" hits="10" branch="False" />
            <line number="125" hits="10" branch="False" />
            <line number="126" hits="20" branch="False" />
            <line number="127" hits="10" branch="False" />
            <line number="128" hits="10" branch="False" />
            <line number="129" hits="10" branch="False" />
            <line number="130" hits="10" branch="False" />
            <line number="148" hits="10" branch="False" />
            <line number="149" hits="10" branch="False" />
            <line number="150" hits="10" branch="False" />
            <line number="151" hits="20" branch="False" />
            <line number="152" hits="10" branch="False" />
            <line number="153" hits="10" branch="False" />
            <line number="14" hits="46" branch="False" />
            <line number="15" hits="46" branch="False" />
            <line number="16" hits="46" branch="False" />
            <line number="17" hits="46" branch="False" />
          </lines>
        </class>
        <class name="FC.Codeflix.Catalog.UnitTests.Domain.Validation.DomainValidationTest/&lt;GetValidar_Domain_DeveObterValorMaiorQueOMaximo&gt;d__15" filename="tests\FC.Codeflix.Catalog.UnitTests\Domain\Validation\DomainValidationTest.cs" line-rate="1" branch-rate="1" complexity="2">
          <methods>
            <method name="MoveNext" signature="()" line-rate="1" branch-rate="1" complexity="2">
              <lines>
                <line number="133" hits="1" branch="False" />
                <line number="134" hits="1" branch="False" />
                <line number="135" hits="1" branch="False" />
                <line number="136" hits="20" branch="True" condition-coverage="100% (2/2)">
                  <conditions>
                    <condition number="265" type="jump" coverage="100%" />
                  </conditions>
                </line>
                <line number="137" hits="9" branch="False" />
                <line number="138" hits="9" branch="False" />
                <line number="139" hits="9" branch="False" />
                <line number="140" hits="9" branch="False" />
                <line number="141" hits="9" branch="False" />
                <line number="142" hits="1" branch="False" />
              </lines>
            </method>
          </methods>
          <lines>
            <line number="133" hits="1" branch="False" />
            <line number="134" hits="1" branch="False" />
            <line number="135" hits="1" branch="False" />
            <line number="136" hits="20" branch="True" condition-coverage="100% (2/2)">
              <conditions>
                <condition number="265" type="jump" coverage="100%" />
              </conditions>
            </line>
            <line number="137" hits="9" branch="False" />
            <line number="138" hits="9" branch="False" />
            <line number="139" hits="9" branch="False" />
            <line number="140" hits="9" branch="False" />
            <line number="141" hits="9" branch="False" />
            <line number="142" hits="1" branch="False" />
          </lines>
        </class>
        <class name="FC.Codeflix.Catalog.UnitTests.Domain.Validation.DomainValidationTest/&lt;GetValidar_Domain_DeveObterValorMaiorQueOMinimo&gt;d__13" filename="tests\FC.Codeflix.Catalog.UnitTests\Domain\Validation\DomainValidationTest.cs" line-rate="1" branch-rate="1" complexity="2">
          <methods>
            <method name="MoveNext" signature="()" line-rate="1" branch-rate="1" complexity="2">
              <lines>
                <line number="108" hits="1" branch="False" />
                <line number="109" hits="1" branch="False" />
                <line number="110" hits="1" branch="False" />
                <line number="111" hits="20" branch="True" condition-coverage="100% (2/2)">
                  <conditions>
                    <condition number="265" type="jump" coverage="100%" />
                  </conditions>
                </line>
                <line number="112" hits="9" branch="False" />
                <line number="113" hits="9" branch="False" />
                <line number="114" hits="9" branch="False" />
                <line number="115" hits="9" branch="False" />
                <line number="116" hits="9" branch="False" />
                <line number="117" hits="1" branch="False" />
              </lines>
            </method>
          </methods>
          <lines>
            <line number="108" hits="1" branch="False" />
            <line number="109" hits="1" branch="False" />
            <line number="110" hits="1" branch="False" />
            <line number="111" hits="20" branch="True" condition-coverage="100% (2/2)">
              <conditions>
                <condition number="265" type="jump" coverage="100%" />
              </conditions>
            </line>
            <line number="112" hits="9" branch="False" />
            <line number="113" hits="9" branch="False" />
            <line number="114" hits="9" branch="False" />
            <line number="115" hits="9" branch="False" />
            <line number="116" hits="9" branch="False" />
            <line number="117" hits="1" branch="False" />
          </lines>
        </class>
        <class name="FC.Codeflix.Catalog.UnitTests.Domain.Validation.DomainValidationTest/&lt;GetValidar_Domain_DeveObterValorMenorQueOMaximo&gt;d__17" filename="tests\FC.Codeflix.Catalog.UnitTests\Domain\Validation\DomainValidationTest.cs" line-rate="1" branch-rate="1" complexity="2">
          <methods>
            <method name="MoveNext" signature="()" line-rate="1" branch-rate="1" complexity="2">
              <lines>
                <line number="156" hits="1" branch="False" />
                <line number="157" hits="1" branch="False" />
                <line number="158" hits="1" branch="False" />
                <line number="159" hits="20" branch="True" condition-coverage="100% (2/2)">
                  <conditions>
                    <condition number="266" type="jump" coverage="100%" />
                  </conditions>
                </line>
                <line number="160" hits="9" branch="False" />
                <line number="161" hits="9" branch="False" />
                <line number="162" hits="9" branch="False" />
                <line number="163" hits="9" branch="False" />
                <line number="164" hits="9" branch="False" />
                <line number="165" hits="1" branch="False" />
              </lines>
            </method>
          </methods>
          <lines>
            <line number="156" hits="1" branch="False" />
            <line number="157" hits="1" branch="False" />
            <line number="158" hits="1" branch="False" />
            <line number="159" hits="20" branch="True" condition-coverage="100% (2/2)">
              <conditions>
                <condition number="266" type="jump" coverage="100%" />
              </conditions>
            </line>
            <line number="160" hits="9" branch="False" />
            <line number="161" hits="9" branch="False" />
            <line number="162" hits="9" branch="False" />
            <line number="163" hits="9" branch="False" />
            <line number="164" hits="9" branch="False" />
            <line number="165" hits="1" branch="False" />
          </lines>
        </class>
        <class name="FC.Codeflix.Catalog.UnitTests.Domain.Validation.DomainValidationTest/&lt;GetValidar_Domain_DeveObterValorMenorQueOMinimo&gt;d__11" filename="tests\FC.Codeflix.Catalog.UnitTests\Domain\Validation\DomainValidationTest.cs" line-rate="1" branch-rate="1" complexity="2">
          <methods>
            <method name="MoveNext" signature="()" line-rate="1" branch-rate="1" complexity="2">
              <lines>
                <line number="85" hits="1" branch="False" />
                <line number="86" hits="1" branch="False" />
                <line number="87" hits="1" branch="False" />
                <line number="88" hits="20" branch="True" condition-coverage="100% (2/2)">
                  <conditions>
                    <condition number="267" type="jump" coverage="100%" />
                  </conditions>
                </line>
                <line number="89" hits="9" branch="False" />
                <line number="90" hits="9" branch="False" />
                <line number="91" hits="9" branch="False" />
                <line number="92" hits="9" branch="False" />
                <line number="93" hits="9" branch="False" />
                <line number="94" hits="1" branch="False" />
              </lines>
            </method>
          </methods>
          <lines>
            <line number="85" hits="1" branch="False" />
            <line number="86" hits="1" branch="False" />
            <line number="87" hits="1" branch="False" />
[...]
                <line number="26" hits="1" branch="False" />
                <line number="28" hits="1" branch="False" />
                <line number="29" hits="1" branch="False" />
                <line number="30" hits="1" branch="False" />
                <line number="31" hits="1" branch="False" />
                <line number="32" hits="1" branch="False" />
                <line number="34" hits="1" branch="False" />
                <line number="36" hits="1" branch="False" />
                <line number="37" hits="1" branch="False" />
                <line number="38" hits="1" branch="False" />
                <line number="39" hits="1" branch="False" />
                <line number="40" hits="1" branch="False" />
                <line number="41" hits="1" branch="False" />
                <line number="42" hits="1" branch="False" />
                <line number="43" hits="1" branch="False" />
                <line number="44" hits="1" branch="False" />
                <line number="45" hits="1" branch="False" />
                <line number="46" hits="1" branch="False" />
                <line number="47" hits="1" branch="False" />
                <line number="48" hits="1" branch="False" />
                <line number="49" hits="1" branch="False" />
                <line number="50" hits="1" branch="False" />
                <line number="51" hits="1" branch="False" />
                <line number="52" hits="1" branch="False" />
                <line number="53" hits="1" branch="False" />
              </lines>
            </method>
          </methods>
          <lines>
            <line number="24" hits="1" branch="False" />
            <line number="25" hits="1" branch="False" />
            <line number="26" hits="1" branch="False" />
            <line number="28" hits="1" branch="False" />
            <line number="29" hits="1" branch="False" />
            <line number="30" hits="1" branch="False" />
            <line number="31" hits="1" branch="False" />
            <line number="32" hits="1" branch="False" />
            <line number="34" hits="1" branch="False" />
            <line number="36" hits="1" branch="False" />
            <line number="37" hits="1" branch="False" />
            <line number="38" hits="1" branch="False" />
            <line number="39" hits="1" branch="False" />
            <line number="40" hits="1" branch="False" />
            <line number="41" hits="1" branch="False" />
            <line number="42" hits="1" branch="False" />
            <line number="43" hits="1" branch="False" />
            <line number="44" hits="1" branch="False" />
            <line number="45" hits="1" branch="False" />
            <line number="46" hits="1" branch="False" />
            <line number="47" hits="1" branch="False" />
            <line number="48" hits="1" branch="False" />
            <line number="49" hits="1" branch="False" />
            <line number="50" hits="1" branch="False" />
            <line number="51" hits="1" branch="False" />
            <line number="52" hits="1" branch="False" />
            <line number="53" hits="1" branch="False" />
          </lines>
        </class>
        <class name="FC.Codeflix.Catalog.UnitTests.Application.Category.CreateCategory.CreateCategoryTest/&lt;Validar_NovaCategory_DeveDarErroAoCriarUmaNovaCategoria&gt;d__5" filename="tests\FC.Codeflix.Catalog.UnitTests\Application\Category\CreateCategory\CreateCategoryTest.cs" line-rate="1" branch-rate="1" complexity="1">
          <methods>
            <method name="MoveNext" signature="()" line-rate="1" branch-rate="1" complexity="1">
              <lines>
                <line number="136" hits="12" branch="False" />
                <line number="137" hits="12" branch="False" />
                <line number="138" hits="12" branch="False" />
                <line number="139" hits="12" branch="False" />
                <line number="140" hits="12" branch="False" />
                <line number="143" hits="12" branch="False" />
                <line number="144" hits="12" branch="False" />
                <line number="145" hits="12" branch="False" />
                <line number="146" hits="12" branch="False" />
              </lines>
            </method>
          </methods>
          <lines>
            <line number="136" hits="12" branch="False" />
            <line number="137" hits="12" branch="False" />
            <line number="138" hits="12" branch="False" />
            <line number="139" hits="12" branch="False" />
            <line number="140" hits="12" branch="False" />
            <line number="143" hits="12" branch="False" />
            <line number="144" hits="12" branch="False" />
            <line number="145" hits="12" branch="False" />
            <line number="146" hits="12" branch="False" />
          </lines>
        </class>
        <class name="FC.Codeflix.Catalog.UnitTests.Application.Category.CreateCategory.CreateCategoryTestDataGenerator" filename="tests\FC.Codeflix.Catalog.UnitTests\Application\Category\CreateCategory\CreateCategoryTestDataGenerator.cs" line-rate="0.9655" branch-rate="1" complexity="6">
          <methods>
            <method name="GetInvalidInputs" signature="(System.Int32)" line-rate="0.9655" branch-rate="1" complexity="6">
              <lines>
                <line number="6" hits="2" branch="False" />
                <line number="7" hits="2" branch="False" />
                <line number="8" hits="2" branch="False" />
                <line number="9" hits="2" branch="False" />
                <line number="11" hits="52" branch="True" condition-coverage="100% (2/2)">
                  <conditions>
                    <condition number="164" type="jump" coverage="100%" />
                  </conditions>
                </line>
                <line number="12" hits="24" branch="False" />
                <line number="13" hits="24" branch="True" condition-coverage="100% (4/4)">
                  <conditions>
                    <condition number="34" type="switch" coverage="100%" />
                  </conditions>
                </line>
                <line number="16" hits="8" branch="False" />
                <line number="17" hits="8" branch="False" />
                <line number="18" hits="8" branch="False" />
                <line number="19" hits="8" branch="False" />
                <line number="20" hits="8" branch="False" />
                <line number="21" hits="8" branch="False" />
                <line number="23" hits="8" branch="False" />
                <line number="24" hits="8" branch="False" />
                <line number="25" hits="8" branch="False" />
                <line number="26" hits="8" branch="False" />
                <line number="27" hits="8" branch="False" />
                <line number="28" hits="8" branch="False" />
                <line number="30" hits="8" branch="False" />
                <line number="31" hits="8" branch="False" />
                <line number="32" hits="8" branch="False" />
                <line number="33" hits="8" branch="False" />
                <line number="34" hits="8" branch="False" />
                <line number="35" hits="8" branch="False" />
                <line number="37" hits="0" branch="False" />
                <line number="39" hits="24" branch="False" />
                <line number="40" hits="2" branch="False" />
                <line number="41" hits="2" branch="False" />
              </lines>
            </method>
          </methods>
          <lines>
            <line number="6" hits="2" branch="False" />
            <line number="7" hits="2" branch="False" />
            <line number="8" hits="2" branch="False" />
            <line number="9" hits="2" branch="False" />
            <line number="11" hits="52" branch="True" condition-coverage="100% (2/2)">
              <conditions>
                <condition number="164" type="jump" coverage="100%" />
              </conditions>
            </line>
            <line number="12" hits="24" branch="False" />
            <line number="13" hits="24" branch="True" condition-coverage="100% (4/4)">
              <conditions>
                <condition number="34" type="switch" coverage="100%" />
              </conditions>
            </line>
            <line number="16" hits="8" branch="False" />
            <line number="17" hits="8" branch="False" />
            <line number="18" hits="8" branch="False" />
            <line number="19" hits="8" branch="False" />
            <line number="20" hits="8" branch="False" />
            <line number="21" hits="8" branch="False" />
            <line number="23" hits="8" branch="False" />
            <line number="24" hits="8" branch="False" />
            <line number="25" hits="8" branch="False" />
            <line number="26" hits="8" branch="False" />
            <line number="27" hits="8" branch="False" />
            <line number="28" hits="8" branch="False" />
            <line number="30" hits="8" branch="False" />
            <line number="31" hits="8" branch="False" />
            <line number="32" hits="8" branch="False" />
            <line number="33" hits="8" branch="False" />
            <line number="34" hits="8" branch="False" />
            <line number="35" hits="8" branch="False" />
            <line number="37" hits="0" branch="False" />
            <line number="39" hits="24" branch="False" />
            <line number="40" hits="2" branch="False" />
            <line number="41" hits="2" branch="False" />
          </lines>
        </class>
        <class name="FC.Codeflix.Catalog.UnitTests.Application.Category.CreateCategory.CreateCategoryTestFixture" filename="tests\FC.Codeflix.Catalog.UnitTests\Application\Category\CreateCategory\CreateCategoryTestFixture.cs" line-rate="1" branch-rate="1" complexity="7">
          <methods>
            <method name="GetInvalidInputShortName" signature="()" line-rate="1" branch-rate="1" complexity="1">
              <lines>
                <line number="17" hits="8" branch="False" />
                <line number="18" hits="8" branch="False" />
                <line number="19" hits="8" branch="False" />
                <line number="20" hits="8" branch="False" />
                <line number="21" hits="8" branch="False" />
              </lines>
            </method>
            <method name="GetInvalidInputLongName" signature="()" line-rate="1" branch-rate="1" complexity="2">
              <lines>
                <line number="23" hits="8" branch="False" />
                <line number="24" hits="8" branch="False" />
                <line number="25" hits="8" branch="False" />
                <line number="26" hits="86" branch="True" condition-coverage="100% (2/2)">
                  <conditions>
                    <condition number="73" type="jump" coverage="100%" />
                  </conditions>
                </line>
                <line number="27" hits="78" branch="False" />
                <line number="29" hits="8" branch="False" />
                <line number="30" hits="8" branch="False" />
                <line number="31" hits="8" branch="False" />
              </lines>
            </method>
            <method name="GetInvalidInputLongDescription" signature="()" line-rate="1" branch-rate="1" complexity="2">
              <lines>
                <line number="33" hits="8" branch="False" />
                <line number="34" hits="8" branch="False" />
                <line number="35" hits="8" branch="False" />
                <line number="36" hits="717" branch="True" condition-coverage="100% (2/2)">
                  <conditions>
                    <condition number="73" type="jump" coverage="100%" />
                  </conditions>
                </line>
                <line number="37" hits="709" branch="False" />
                <line number="39" hits="8" branch="False" />
                <line number="40" hits="8" branch="False" />
                <line number="41" hits="8" branch="False" />
              </lines>
            </method>
            <method name="GetInput" signature="()" line-rate="1" branch-rate="1" complexity="1">
              <lines>
                <line number="43" hits="25" branch="False" />
                <line number="44" hits="25" branch="False" />
                <line number="45" hits="25" branch="False" />
                <line number="46" hits="25" branch="False" />
                <line number="47" hits="25" branch="False" />
              </lines>
            </method>
            <method name=".ctor" signature="()" line-rate="1" branch-rate="1" complexity="1">
              <lines>
                <line number="15" hits="9" branch="False" />
              </lines>
            </method>
          </methods>
          <lines>
            <line number="17" hits="8" branch="False" />
            <line number="18" hits="8" branch="False" />
            <line number="19" hits="8" branch="False" />
            <line number="20" hits="8" branch="False" />
            <line number="21" hits="8" branch="False" />
            <line number="23" hits="8" branch="False" />
            <line number="24" hits="8" branch="False" />
            <line number="25" hits="8" branch="False" />
            <line number="26" hits="86" branch="True" condition-coverage="100% (2/2)">
              <conditions>
                <condition number="73" type="jump" coverage="100%" />
              </conditions>
            </line>
            <line number="27" hits="78" branch="False" />
            <line number="29" hits="8" branch="False" />
            <line number="30" hits="8" branch="False" />
            <line number="31" hits="8" branch="False" />
            <line number="33" hits="8" branch="False" />
            <line number="34" hits="8" branch="False" />
            <line number="35" hits="8" branch="False" />
            <line number="36" hits="717" branch="True" condition-coverage="100% (2/2)">
              <conditions>
                <condition number="73" type="jump" coverage="100%" />
              </conditions>
            </line>
            <line number="37" hits="709" branch="False" />
            <line number="39" hits="8" branch="False" />
            <line number="40" hits="8" branch="False" />
            <line number="41" hits="8" branch="False" />
            <line number="43" hits="25" branch="False" />
            <line number="44" hits="25" branch="False" />
            <line number="45" hits="25" branch="False" />
            <line number="46" hits="25" branch="False" />
            <line number="47" hits="25" branch="False" />
            <line number="15" hits="9" branch="False" />
          </lines>
        </class>
        <class name="FC.Codeflix.Catalog.UnitTests.Application.Category.Common.CategoryUseCasesBaseFixture" filename="tests\FC.Codeflix.Catalog.UnitTests\Application\Category\Common\CategoryUseCasesBaseFixture.cs" line-rate="0.8695" branch-rate="0.6666" complexity="9">
          <methods>
            <method name="GetRepositoryMock" signature="()" line-rate="1" branch-rate="1" complexity="1">
              <lines>
                <line number="14" hits="78" branch="False" />
              </lines>
            </method>
            <method name="GetUnitOfWorkMock" signature="()" line-rate="1" branch-rate="1" complexity="1">
              <lines>
                <line number="17" hits="60" branch="False" />
              </lines>
            </method>
            <method name="GetValidCategoryName" signature="()" line-rate="0.875" branch-rate="0.75" complexity="4">
              <lines>
                <line number="20" hits="284" branch="False" />
                <line number="21" hits="284" branch="False" />
                <line number="22" hits="568" branch="True" condition-coverage="100% (2/2)">
                  <conditions>
                    <condition number="40" type="jump" coverage="100%" />
                  </conditions>
                </line>
                <line number="23" hits="284" branch="False" />
                <line number="24" hits="284" branch="True" condition-coverage="50% (1/2)">
                  <conditions>
                    <condition number="57" type="jump" coverage="50%" />
                  </conditions>
                </line>
                <line number="25" hits="0" branch="False" />
                <line number="26" hits="284" branch="False" />
                <line number="27" hits="284" branch="False" />
              </lines>
            </method>
            <method name="GetValidCategoryDescription" signature="()" line-rate="0.75" branch-rate="0.5" complexity="2">
              <lines>
                <line number="30" hits="283" branch="False" />
                <line number="31" hits="283" branch="False" />
                <line number="32" hits="283" branch="False" />
                <line number="33" hits="283" branch="True" condition-coverage="50% (1/2)">
                  <conditions>
                    <condition number="33" type="jump" coverage="50%" />
                  </conditions>
                </line>
                <line number="34" hits="0" branch="False" />
                <line number="35" hits="0" branch="False" />
                <line number="36" hits="283" branch="False" />
                <line number="37" hits="283" branch="False" />
              </lines>
            </method>
            <method name="GetExampleCategory" signature="()" line-rate="1" branch-rate="1" complexity="1">
              <lines>
                <line number="40" hits="197" branch="False" />
                <line number="41" hits="197" branch="False" />
                <line number="42" hits="197" branch="False" />
                <line number="43" hits="197" branch="False" />
                <line number="44" hits="197" branch="False" />
              </lines>
            </method>
          </methods>
          <lines>
            <line number="14" hits="78" branch="False" />
            <line number="17" hits="60" branch="False" />
            <line number="20" hits="284" branch="False" />
            <line number="21" hits="284" branch="False" />
            <line number="22" hits="568" branch="True" condition-coverage="100% (2/2)">
              <conditions>
                <condition number="40" type="jump" coverage="100%" />
              </conditions>
            </line>
            <line number="23" hits="284" branch="False" />
            <line number="24" hits="284" branch="True" condition-coverage="50% (1/2)">
              <conditions>
                <condition number="57" type="jump" coverage="50%" />
              </conditions>
            </line>
            <line number="25" hits="0" branch="False" />
            <line number="26" hits="284" branch="False" />
            <line number="27" hits="284" branch="False" />
            <line number="30" hits="283" branch="False" />
            <line number="31" hits="283" branch="False" />
            <line number="32" hits="283" branch="False" />
            <line number="33" hits="283" branch="True" condition-coverage="50% (1/2)">
              <conditions>
                <condition number="33" type="jump" coverage="50%" />
              </conditions>
            </line>
            <line number="34" hits="0" branch="False" />
            <line number="35" hits="0" branch="False" />
            <line number="36" hits="283" branch="False" />
            <line number="37" hits="283" branch="False" />
            <line number="40" hits="197" branch="False" />
            <line number="41" hits="197" branch="False" />
            <line number="42" hits="197" branch="False" />
            <line number="43" hits="197" branch="False" />
            <line number="44" hits="197" branch="False" />
          </lines>
        </class>
      </classes>
    </package>
  </packages>
</coverage>