<?xml version="1.0" encoding="utf-8"?>
<!DOCTYPE coverage SYSTEM "http://cobertura.sourceforge.net/xml/coverage-04.dtd">
<coverage line-rate="0.644557823129252" branch-rate="0.566666666666667" lines-covered="379" lines-valid="588" branches-covered="34" branches-valid="60" complexity="152" version="0" timestamp="1699876149">
  <sources>
    <source>D:\dev\FullCycle\FC.Codeflix.Catalog\</source>
    <source>C:\</source>
  </sources>
  <packages>
    <package name="FC.Codeflix.Catalog.Application" line-rate="0.0546448087431694" branch-rate="0.2" complexity="57">
      <classes>
        <class name="FC.Codeflix.Catalog.Application.Common.PaginatedListInput" filename="D:\dev\FullCycle\FC.Codeflix.Catalog\src\FC.Codeflix.Catalog.Application\Common\PaginatedListInput.cs" line-rate="0" branch-rate="1" complexity="7">
          <methods>
            <method name="get_Page" signature="()" line-rate="0" branch-rate="1" complexity="1">
              <lines>
                <line number="6" hits="0" branch="false" />
              </lines>
            </method>
            <method name="get_PerPage" signature="()" line-rate="0" branch-rate="1" complexity="1">
              <lines>
                <line number="7" hits="0" branch="false" />
              </lines>
            </method>
            <method name="get_Search" signature="()" line-rate="0" branch-rate="1" complexity="1">
              <lines>
                <line number="8" hits="0" branch="false" />
              </lines>
            </method>
            <method name="get_Sort" signature="()" line-rate="0" branch-rate="1" complexity="1">
              <lines>
                <line number="9" hits="0" branch="false" />
              </lines>
            </method>
            <method name="get_Dir" signature="()" line-rate="0" branch-rate="1" complexity="1">
              <lines>
                <line number="10" hits="0" branch="false" />
              </lines>
            </method>
            <method name="ToSearchInput" signature="()" line-rate="0" branch-rate="1" complexity="1">
              <lines>
                <line number="26" hits="0" branch="false" />
              </lines>
            </method>
            <method name=".ctor" signature="(...)" line-rate="0" branch-rate="1" complexity="1">
              <lines>
                <line number="11" hits="0" branch="false" />
                <line number="12" hits="0" branch="false" />
                <line number="13" hits="0" branch="false" />
                <line number="14" hits="0" branch="false" />
                <line number="15" hits="0" branch="false" />
                <line number="16" hits="0" branch="false" />
                <line number="17" hits="0" branch="false" />
                <line number="18" hits="0" branch="false" />
                <line number="19" hits="0" branch="false" />
                <line number="20" hits="0" branch="false" />
                <line number="21" hits="0" branch="false" />
                <line number="22" hits="0" branch="false" />
                <line number="23" hits="0" branch="false" />
              </lines>
            </method>
          </methods>
          <lines>
            <line number="6" hits="0" branch="false" />
            <line number="7" hits="0" branch="false" />
            <line number="8" hits="0" branch="false" />
            <line number="9" hits="0" branch="false" />
            <line number="10" hits="0" branch="false" />
            <line number="11" hits="0" branch="false" />
            <line number="12" hits="0" branch="false" />
            <line number="13" hits="0" branch="false" />
            <line number="14" hits="0" branch="false" />
            <line number="15" hits="0" branch="false" />
            <line number="16" hits="0" branch="false" />
            <line number="17" hits="0" branch="false" />
            <line number="18" hits="0" branch="false" />
            <line number="19" hits="0" branch="false" />
            <line number="20" hits="0" branch="false" />
            <line number="21" hits="0" branch="false" />
            <line number="22" hits="0" branch="false" />
            <line number="23" hits="0" branch="false" />
            <line number="26" hits="0" branch="false" />
          </lines>
        </class>
        <class name="FC.Codeflix.Catalog.Application.Common.PaginatedListOutput`1" filename="D:\dev\FullCycle\FC.Codeflix.Catalog\src\FC.Codeflix.Catalog.Application\Common\PaginatedListOutput.cs" line-rate="0" branch-rate="1" complexity="5">
          <methods>
            <method name="get_Page" signature="()" line-rate="0" branch-rate="1" complexity="1">
              <lines>
                <line number="4" hits="0" branch="false" />
              </lines>
            </method>
            <method name="get_PerPage" signature="()" line-rate="0" branch-rate="1" complexity="1">
              <lines>
                <line number="5" hits="0" branch="false" />
              </lines>
            </method>
            <method name="get_Total" signature="()" line-rate="0" branch-rate="1" complexity="1">
              <lines>
                <line number="6" hits="0" branch="false" />
              </lines>
            </method>
            <method name="get_Items" signature="()" line-rate="0" branch-rate="1" complexity="1">
              <lines>
                <line number="7" hits="0" branch="false" />
              </lines>
            </method>
            <method name=".ctor" signature="(...)" line-rate="0" branch-rate="1" complexity="1">
              <lines>
                <line number="9" hits="0" branch="false" />
                <line number="10" hits="0" branch="false" />
                <line number="11" hits="0" branch="false" />
                <line number="12" hits="0" branch="false" />
                <line number="13" hits="0" branch="false" />
                <line number="14" hits="0" branch="false" />
                <line number="15" hits="0" branch="false" />
                <line number="16" hits="0" branch="false" />
                <line number="17" hits="0" branch="false" />
                <line number="18" hits="0" branch="false" />
                <line number="19" hits="0" branch="false" />
              </lines>
            </method>
          </methods>
          <lines>
            <line number="4" hits="0" branch="false" />
            <line number="5" hits="0" branch="false" />
            <line number="6" hits="0" branch="false" />
            <line number="7" hits="0" branch="false" />
            <line number="9" hits="0" branch="false" />
            <line number="10" hits="0" branch="false" />
            <line number="11" hits="0" branch="false" />
            <line number="12" hits="0" branch="false" />
            <line number="13" hits="0" branch="false" />
            <line number="14" hits="0" branch="false" />
            <line number="15" hits="0" branch="false" />
            <line number="16" hits="0" branch="false" />
            <line number="17" hits="0" branch="false" />
            <line number="18" hits="0" branch="false" />
            <line number="19" hits="0" branch="false" />
          </lines>
        </class>
        <class name="FC.Codeflix.Catalog.Application.Exceptions.ApplicationException" filename="D:\dev\FullCycle\FC.Codeflix.Catalog\src\FC.Codeflix.Catalog.Application\Exceptions\ApplicationException.cs" line-rate="1" branch-rate="1" complexity="1">
          <methods>
            <method name=".ctor" signature="(...)" line-rate="1" branch-rate="1" complexity="1">
              <lines>
                <line number="5" hits="1" branch="false" />
                <line number="6" hits="1" branch="false" />
                <line number="7" hits="1" branch="false" />
              </lines>
            </method>
          </methods>
          <lines>
            <line number="5" hits="1" branch="false" />
            <line number="6" hits="1" branch="false" />
            <line number="7" hits="1" branch="false" />
          </lines>
        </class>
        <class name="FC.Codeflix.Catalog.Application.Exceptions.NotFoundException" filename="D:\dev\FullCycle\FC.Codeflix.Catalog\src\FC.Codeflix.Catalog.Application\Exceptions\NotFoundException.cs" line-rate="1" branch-rate="1" complexity="3">
          <methods>
            <method name="ThrowIfNull" signature="(...)" line-rate="1" branch-rate="1" complexity="2">
              <lines>
                <line number="11" hits="2" branch="false" />
                <line number="12" hits="2" branch="true" condition-coverage="100% (2/2)" />
                <line number="13" hits="1" branch="false" />
                <line number="14" hits="1" branch="false" />
              </lines>
            </method>
            <method name=".ctor" signature="(...)" line-rate="1" branch-rate="1" complexity="1">
              <lines>
                <line number="7" hits="1" branch="false" />
                <line number="8" hits="1" branch="false" />
                <line number="9" hits="1" branch="false" />
              </lines>
            </method>
          </methods>
          <lines>
            <line number="7" hits="1" branch="false" />
            <line number="8" hits="1" branch="false" />
            <line number="9" hits="1" branch="false" />
            <line number="11" hits="2" branch="false" />
            <line number="12" hits="2" branch="true" condition-coverage="100% (2/2)" />
            <line number="13" hits="1" branch="false" />
            <line number="14" hits="1" branch="false" />
          </lines>
        </class>
        <class name="FC.Codeflix.Catalog.Application.UseCases.Category.Common.CategoryModelOutput" filename="D:\dev\FullCycle\FC.Codeflix.Catalog\src\FC.Codeflix.Catalog.Application\UseCases\Category\Common\CategoryModelOutput.cs" line-rate="0" branch-rate="1" complexity="7">
          <methods>
            <method name="get_Id" signature="()" line-rate="0" branch-rate="1" complexity="1">
              <lines>
                <line number="16" hits="0" branch="false" />
              </lines>
            </method>
            <method name="get_Name" signature="()" line-rate="0" branch-rate="1" complexity="1">
              <lines>
                <line number="17" hits="0" branch="false" />
              </lines>
            </method>
            <method name="get_Description" signature="()" line-rate="0" branch-rate="1" complexity="1">
              <lines>
                <line number="18" hits="0" branch="false" />
              </lines>
            </method>
            <method name="get_IsActive" signature="()" line-rate="0" branch-rate="1" complexity="1">
              <lines>
                <line number="19" hits="0" branch="false" />
              </lines>
            </method>
            <method name="get_CreatedAt" signature="()" line-rate="0" branch-rate="1" complexity="1">
              <lines>
                <line number="20" hits="0" branch="false" />
              </lines>
            </method>
            <method name="FromCategory" signature="(...)" line-rate="0" branch-rate="1" complexity="1">
              <lines>
                <line number="23" hits="0" branch="false" />
                <line number="24" hits="0" branch="false" />
                <line number="25" hits="0" branch="false" />
                <line number="26" hits="0" branch="false" />
                <line number="27" hits="0" branch="false" />
                <line number="28" hits="0" branch="false" />
                <line number="29" hits="0" branch="false" />
                <line number="30" hits="0" branch="false" />
                <line number="31" hits="0" branch="false" />
              </lines>
            </method>
            <method name=".ctor" signature="(...)" line-rate="0" branch-rate="1" complexity="1">
              <lines>
                <line number="7" hits="0" branch="false" />
                <line number="8" hits="0" branch="false" />
                <line number="9" hits="0" branch="false" />
                <line number="10" hits="0" branch="false" />
                <line number="11" hits="0" branch="false" />
                <line number="12" hits="0" branch="false" />
                <line number="13" hits="0" branch="false" />
                <line number="14" hits="0" branch="false" />
              </lines>
            </method>
          </methods>
          <lines>
            <line number="7" hits="0" branch="false" />
            <line number="8" hits="0" branch="false" />
            <line number="9" hits="0" branch="false" />
            <line number="10" hits="0" branch="false" />
            <line number="11" hits="0" branch="false" />
            <line number="12" hits="0" branch="false" />
            <line number="13" hits="0" branch="false" />
            <line number="14" hits="0" branch="false" />
            <line number="16" hits="0" branch="false" />
            <line number="17" hits="0" branch="false" />
            <line number="18" hits="0" branch="false" />
            <line number="19" hits="0" branch="false" />
            <line number="20" hits="0" branch="false" />
            <line number="23" hits="0" branch="false" />
            <line number="24" hits="0" branch="false" />
            <line number="25" hits="0" branch="false" />
            <line number="26" hits="0" branch="false" />
            <line number="27" hits="0" branch="false" />
            <line number="28" hits="0" branch="false" />
            <line number="29" hits="0" branch="false" />
            <line number="30" hits="0" branch="false" />
            <line number="31" hits="0" branch="false" />
          </lines>
        </class>
        <class name="FC.Codeflix.Catalog.Application.UseCases.Category.CreateCategory.CreateCategory" filename="D:\dev\FullCycle\FC.Codeflix.Catalog\src\FC.Codeflix.Catalog.Application\UseCases\Category\CreateCategory\CreateCategory.cs" line-rate="0" branch-rate="1" complexity="2">
          <methods>
            <method name=".ctor" signature="(...)" line-rate="0" branch-rate="1" complexity="1">
              <lines>
                <line number="13" hits="0" branch="false" />
                <line number="14" hits="0" branch="false" />
                <line number="15" hits="0" branch="false" />
                <line number="16" hits="0" branch="false" />
                <line number="17" hits="0" branch="false" />
                <line number="18" hits="0" branch="false" />
              </lines>
            </method>
            <method name="Handle" signature="()" line-rate="0" branch-rate="1" complexity="1">
              <lines>
                <line number="21" hits="0" branch="false" />
                <line number="22" hits="0" branch="false" />
                <line number="23" hits="0" branch="false" />
                <line number="24" hits="0" branch="false" />
                <line number="25" hits="0" branch="false" />
                <line number="26" hits="0" branch="false" />
                <line number="28" hits="0" branch="false" />
                <line number="29" hits="0" branch="false" />
                <line number="31" hits="0" branch="false" />
                <line number="32" hits="0" branch="false" />
              </lines>
            </method>
          </methods>
          <lines>
            <line number="13" hits="0" branch="false" />
            <line number="14" hits="0" branch="false" />
            <line number="15" hits="0" branch="false" />
            <line number="16" hits="0" branch="false" />
            <line number="17" hits="0" branch="false" />
            <line number="18" hits="0" branch="false" />
            <line number="21" hits="0" branch="false" />
            <line number="22" hits="0" branch="false" />
            <line number="23" hits="0" branch="false" />
            <line number="24" hits="0" branch="false" />
            <line number="25" hits="0" branch="false" />
            <line number="26" hits="0" branch="false" />
            <line number="28" hits="0" branch="false" />
            <line number="29" hits="0" branch="false" />
            <line number="31" hits="0" branch="false" />
            <line number="32" hits="0" branch="false" />
          </lines>
        </class>
        <class name="FC.Codeflix.Catalog.Application.UseCases.Category.CreateCategory.CreateCategoryInput" filename="D:\dev\FullCycle\FC.Codeflix.Catalog\src\FC.Codeflix.Catalog.Application\UseCases\Category\CreateCategory\CreateCategoryInput.cs" line-rate="0" branch-rate="0" complexity="5">
          <methods>
            <method name="get_Name" signature="()" line-rate="0" branch-rate="1" complexity="1">
              <lines>
                <line number="15" hits="0" branch="false" />
              </lines>
            </method>
            <method name="get_Description" signature="()" line-rate="0" branch-rate="1" complexity="1">
              <lines>
                <line number="16" hits="0" branch="false" />
              </lines>
            </method>
            <method name="get_IsActive" signature="()" line-rate="0" branch-rate="1" complexity="1">
              <lines>
                <line number="17" hits="0" branch="false" />
              </lines>
            </method>
            <method name=".ctor" signature="(...)" line-rate="0" branch-rate="0" complexity="2">
              <lines>
                <line number="8" hits="0" branch="false" />
                <line number="9" hits="0" branch="false" />
                <line number="10" hits="0" branch="false" />
                <line number="11" hits="0" branch="true" condition-coverage="0% (0/2)" />
                <line number="12" hits="0" branch="false" />
                <line number="13" hits="0" branch="false" />
              </lines>
            </method>
          </methods>
          <lines>
            <line number="8" hits="0" branch="false" />
            <line number="9" hits="0" branch="false" />
            <line number="10" hits="0" branch="false" />
            <line number="11" hits="0" branch="true" condition-coverage="0% (0/2)" />
            <line number="12" hits="0" branch="false" />
            <line number="13" hits="0" branch="false" />
            <line number="15" hits="0" branch="false" />
            <line number="16" hits="0" branch="false" />
            <line number="17" hits="0" branch="false" />
          </lines>
        </class>
        <class name="FC.Codeflix.Catalog.Application.UseCases.Category.DeleteCategory.DeleteCategory" filename="D:\dev\FullCycle\FC.Codeflix.Catalog\src\FC.Codeflix.Catalog.Application\UseCases\Category\DeleteCategory\DeleteCategory.cs" line-rate="0" branch-rate="1" complexity="2">
          <methods>
            <method name=".ctor" signature="(...)" line-rate="0" branch-rate="1" complexity="1">
              <lines>
                <line number="10" hits="0" branch="false" />
                <line number="11" hits="0" branch="false" />
              </lines>
            </method>
            <method name="Handle" signature="()" line-rate="0" branch-rate="1" complexity="1">
              <lines>
                <line number="14" hits="0" branch="false" />
                <line number="15" hits="0" branch="false" />
                <line number="16" hits="0" branch="false" />
                <line number="17" hits="0" branch="false" />
                <line number="18" hits="0" branch="false" />
                <line number="19" hits="0" branch="false" />
              </lines>
            </method>
          </methods>
          <lines>
            <line number="10" hits="0" branch="false" />
            <line number="11" hits="0" branch="false" />
            <line number="14" hits="0" branch="false" />
            <line number="15" hits="0" branch="false" />
            <line number="16" hits="0" branch="false" />
            <line number="17" hits="0" branch="false" />
            <line number="18" hits="0" branch="false" />
            <line number="19" hits="0" branch="false" />
          </lines>
        </class>
        <class name="FC.Codeflix.Catalog.Application.UseCases.Category.DeleteCategory.DeleteCategoryInput" filename="D:\dev\FullCycle\FC.Codeflix.Catalog\src\FC.Codeflix.Catalog.Application\UseCases\Category\DeleteCategory\DeleteCategoryInput.cs" line-rate="0" branch-rate="1" complexity="2">
          <methods>
            <method name="get_Id" signature="()" line-rate="0" branch-rate="1" complexity="1">
              <lines>
                <line number="7" hits="0" branch="false" />
              </lines>
            </method>
            <method name=".ctor" signature="(...)" line-rate="0" branch-rate="1" complexity="1">
              <lines>
                <line number="8" hits="0" branch="false" />
                <line number="9" hits="0" branch="false" />
              </lines>
            </method>
          </methods>
          <lines>
            <line number="7" hits="0" branch="false" />
            <line number="8" hits="0" branch="false" />
            <line number="9" hits="0" branch="false" />
          </lines>
        </class>
        <class name="FC.Codeflix.Catalog.Application.UseCases.Category.GetCategory.GetCategory" filename="D:\dev\FullCycle\FC.Codeflix.Catalog\src\FC.Codeflix.Catalog.Application\UseCases\Category\GetCategory\GetCategory.cs" line-rate="0" branch-rate="1" complexity="2">
          <methods>
            <method name=".ctor" signature="(...)" line-rate="0" branch-rate="1" complexity="1">
              <lines>
                <line number="10" hits="0" branch="false" />
                <line number="11" hits="0" branch="false" />
                <line number="12" hits="0" branch="false" />
                <line number="13" hits="0" branch="false" />
              </lines>
            </method>
            <method name="Handle" signature="()" line-rate="0" branch-rate="1" complexity="1">
              <lines>
                <line number="15" hits="0" branch="false" />
                <line number="16" hits="0" branch="false" />
                <line number="17" hits="0" branch="false" />
                <line number="18" hits="0" branch="false" />
              </lines>
            </method>
          </methods>
          <lines>
            <line number="10" hits="0" branch="false" />
            <line number="11" hits="0" branch="false" />
            <line number="12" hits="0" branch="false" />
            <line number="13" hits="0" branch="false" />
            <line number="15" hits="0" branch="false" />
            <line number="16" hits="0" branch="false" />
            <line number="17" hits="0" branch="false" />
            <line number="18" hits="0" branch="false" />
          </lines>
        </class>
        <class name="FC.Codeflix.Catalog.Application.UseCases.Category.GetCategory.GetCategoryInput" filename="D:\dev\FullCycle\FC.Codeflix.Catalog\src\FC.Codeflix.Catalog.Application\UseCases\Category\GetCategory\GetCategoryInput.cs" line-rate="0" branch-rate="1" complexity="2">
          <methods>
            <method name="get_Id" signature="()" line-rate="0" branch-rate="1" complexity="1">
              <lines>
                <line number="12" hits="0" branch="false" />
              </lines>
            </method>
            <method name=".ctor" signature="(...)" line-rate="0" branch-rate="1" complexity="1">
              <lines>
                <line number="8" hits="0" branch="false" />
                <line number="9" hits="0" branch="false" />
                <line number="10" hits="0" branch="false" />
                <line number="11" hits="0" branch="false" />
              </lines>
            </method>
          </methods>
          <lines>
            <line number="8" hits="0" branch="false" />
            <line number="9" hits="0" branch="false" />
            <line number="10" hits="0" branch="false" />
            <line number="11" hits="0" branch="false" />
            <line number="12" hits="0" branch="false" />
          </lines>
        </class>
        <class name="FC.Codeflix.Catalog.Application.UseCases.Category.GetCategory.GetCategoryInputValidator" filename="D:\dev\FullCycle\FC.Codeflix.Catalog\src\FC.Codeflix.Catalog.Application\UseCases\Category\GetCategory\GetCategoryInputValidator.cs" line-rate="0" branch-rate="1" complexity="1">
          <methods>
            <method name=".ctor" signature="()" line-rate="0" branch-rate="1" complexity="1">
              <lines>
                <line number="7" hits="0" branch="false" />
                <line number="8" hits="0" branch="false" />
                <line number="9" hits="0" branch="false" />
                <line number="10" hits="0" branch="false" />
              </lines>
            </method>
          </methods>
          <lines>
            <line number="7" hits="0" branch="false" />
            <line number="8" hits="0" branch="false" />
            <line number="9" hits="0" branch="false" />
            <line number="10" hits="0" branch="false" />
          </lines>
        </class>
        <class name="FC.Codeflix.Catalog.Application.UseCases.Category.ListCategories.ListCategories" filename="D:\dev\FullCycle\FC.Codeflix.Catalog\src\FC.Codeflix.Catalog.Application\UseCases\Category\ListCategories\ListCategories.cs" line-rate="0" branch-rate="1" complexity="2">
          <methods>
            <method name=".ctor" signature="(...)" line-rate="0" branch-rate="1" complexity="1">
              <lines>
                <line number="9" hits="0" branch="false" />
                <line number="10" hits="0" branch="false" />
              </lines>
            </method>
            <method name="Handle" signature="()" line-rate="0" branch-rate="1" complexity="1">
              <lines>
                <line number="15" hits="0" branch="false" />
                <line number="16" hits="0" branch="false" />
                <line number="17" hits="0" branch="false" />
                <line number="18" hits="0" branch="false" />
                <line number="19" hits="0" branch="false" />
                <line number="20" hits="0" branch="false" />
                <line number="21" hits="0" branch="false" />
                <line number="22" hits="0" branch="false" />
                <line number="23" hits="0" branch="false" />
                <line number="24" hits="0" branch="false" />
                <line number="25" hits="0" branch="false" />
                <line number="27" hits="0" branch="false" />
                <line number="28" hits="0" branch="false" />
                <line number="29" hits="0" branch="false" />
                <line number="30" hits="0" branch="false" />
                <line number="31" hits="0" branch="false" />
                <line number="32" hits="0" branch="false" />
                <line number="33" hits="0" branch="false" />
                <line number="34" hits="0" branch="false" />
                <line number="35" hits="0" branch="false" />
              </lines>
            </method>
          </methods>
          <lines>
            <line number="9" hits="0" branch="false" />
            <line number="10" hits="0" branch="false" />
            <line number="15" hits="0" branch="false" />
            <line number="16" hits="0" branch="false" />
            <line number="17" hits="0" branch="false" />
            <line number="18" hits="0" branch="false" />
            <line number="19" hits="0" branch="false" />
            <line number="20" hits="0" branch="false" />
            <line number="21" hits="0" branch="false" />
            <line number="22" hits="0" branch="false" />
            <line number="23" hits="0" branch="false" />
            <line number="24" hits="0" branch="false" />
            <line number="25" hits="0" branch="false" />
            <line number="27" hits="0" branch="false" />
            <line number="28" hits="0" branch="false" />
            <line number="29" hits="0" branch="false" />
            <line number="30" hits="0" branch="false" />
            <line number="31" hits="0" branch="false" />
            <line number="32" hits="0" branch="false" />
            <line number="33" hits="0" branch="false" />
            <line number="34" hits="0" branch="false" />
            <line number="35" hits="0" branch="false" />
          </lines>
        </class>
        <class name="FC.Codeflix.Catalog.Application.UseCases.Category.ListCategories.ListCategoriesInput" filename="D:\dev\FullCycle\FC.Codeflix.Catalog\src\FC.Codeflix.Catalog.Application\UseCases\Category\ListCategories\ListCategoriesInput.cs" line-rate="0" branch-rate="1" complexity="2">
          <methods>
            <method name=".ctor" signature="(...)" line-rate="0" branch-rate="1" complexity="1">
              <lines>
                <line number="15" hits="0" branch="false" />
                <line number="16" hits="0" branch="false" />
              </lines>
            </method>
            <method name=".ctor" signature="()" line-rate="0" branch-rate="1" complexity="1">
              <lines>
                <line number="19" hits="0" branch="false" />
                <line number="20" hits="0" branch="false" />
              </lines>
            </method>
          </methods>
          <lines>
            <line number="15" hits="0" branch="false" />
            <line number="16" hits="0" branch="false" />
            <line number="19" hits="0" branch="false" />
            <line number="20" hits="0" branch="false" />
          </lines>
        </class>
        <class name="FC.Codeflix.Catalog.Application.UseCases.Category.ListCategories.ListCategoriesOutput" filename="D:\dev\FullCycle\FC.Codeflix.Catalog\src\FC.Codeflix.Catalog.Application\UseCases\Category\ListCategories\ListCategoriesOutput.cs" line-rate="0" branch-rate="1" complexity="1">
          <methods>
            <method name=".ctor" signature="(...)" line-rate="0" branch-rate="1" complexity="1">
              <lines>
                <line number="13" hits="0" branch="false" />
                <line number="14" hits="0" branch="false" />
                <line number="15" hits="0" branch="false" />
              </lines>
            </method>
          </methods>
          <lines>
            <line number="13" hits="0" branch="false" />
            <line number="14" hits="0" branch="false" />
            <line number="15" hits="0" branch="false" />
          </lines>
        </class>
        <class name="FC.Codeflix.Catalog.Application.UseCases.Category.UpdateCategory.UpdateCategory" filename="D:\dev\FullCycle\FC.Codeflix.Catalog\src\FC.Codeflix.Catalog.Application\UseCases\Category\UpdateCategory\UpdateCategory.cs" line-rate="0" branch-rate="0" complexity="7">
          <methods>
            <method name=".ctor" signature="(...)" line-rate="0" branch-rate="1" complexity="1">
              <lines>
                <line number="11" hits="0" branch="false" />
                <line number="12" hits="0" branch="false" />
                <line number="13" hits="0" branch="false" />
                <line number="14" hits="0" branch="false" />
                <line number="15" hits="0" branch="false" />
              </lines>
            </method>
            <method name="Handle" signature="()" line-rate="0" branch-rate="0" complexity="6">
              <lines>
                <line number="18" hits="0" branch="false" />
                <line number="19" hits="0" branch="false" />
                <line number="20" hits="0" branch="false" />
                <line number="21" hits="0" branch="true" condition-coverage="0% (0/4)" />
                <line number="22" hits="0" branch="false" />
                <line number="23" hits="0" branch="false" />
                <line number="24" hits="0" branch="false" />
                <line number="25" hits="0" branch="true" condition-coverage="0% (0/2)" />
                <line number="26" hits="0" branch="false" />
                <line number="27" hits="0" branch="false" />
                <line number="28" hits="0" branch="false" />
                <line number="29" hits="0" branch="false" />
                <line number="30" hits="0" branch="false" />
              </lines>
            </method>
          </methods>
          <lines>
            <line number="11" hits="0" branch="false" />
            <line number="12" hits="0" branch="false" />
            <line number="13" hits="0" branch="false" />
            <line number="14" hits="0" branch="false" />
            <line number="15" hits="0" branch="false" />
            <line number="18" hits="0" branch="false" />
            <line number="19" hits="0" branch="false" />
            <line number="20" hits="0" branch="false" />
            <line number="21" hits="0" branch="true" condition-coverage="0% (0/4)" />
            <line number="22" hits="0" branch="false" />
            <line number="23" hits="0" branch="false" />
            <line number="24" hits="0" branch="false" />
            <line number="25" hits="0" branch="true" condition-coverage="0% (0/2)" />
            <line number="26" hits="0" branch="false" />
            <line number="27" hits="0" branch="false" />
            <line number="28" hits="0" branch="false" />
            <line number="29" hits="0" branch="false" />
            <line number="30" hits="0" branch="false" />
          </lines>
        </class>
        <class name="FC.Codeflix.Catalog.Application.UseCases.Category.UpdateCategory.UpdateCategoryInput" filename="D:\dev\FullCycle\FC.Codeflix.Catalog\src\FC.Codeflix.Catalog.Application\UseCases\Category\UpdateCategory\UpdateCategoryInput.cs" line-rate="0" branch-rate="1" complexity="5">
          <methods>
            <method name="get_Id" signature="()" line-rate="0" branch-rate="1" complexity="1">
              <lines>
                <line number="8" hits="0" branch="false" />
              </lines>
            </method>
            <method name="get_Name" signature="()" line-rate="0" branch-rate="1" complexity="1">
              <lines>
                <line number="9" hits="0" branch="false" />
              </lines>
            </method>
            <method name="get_Description" signature="()" line-rate="0" branch-rate="1" complexity="1">
              <lines>
                <line number="10" hits="0" branch="false" />
              </lines>
            </method>
            <method name="get_IsActive" signature="()" line-rate="0" branch-rate="1" complexity="1">
              <lines>
                <line number="11" hits="0" branch="false" />
              </lines>
            </method>
            <method name=".ctor" signature="(...)" line-rate="0" branch-rate="1" complexity="1">
              <lines>
                <line number="13" hits="0" branch="false" />
                <line number="14" hits="0" branch="false" />
                <line number="15" hits="0" branch="false" />
                <line number="16" hits="0" branch="false" />
                <line number="17" hits="0" branch="false" />
                <line number="18" hits="0" branch="false" />
                <line number="19" hits="0" branch="false" />
                <line number="20" hits="0" branch="false" />
                <line number="21" hits="0" branch="false" />
                <line number="22" hits="0" branch="false" />
                <line number="23" hits="0" branch="false" />
              </lines>
            </method>
          </methods>
          <lines>
            <line number="8" hits="0" branch="false" />
            <line number="9" hits="0" branch="false" />
            <line number="10" hits="0" branch="false" />
            <line number="11" hits="0" branch="false" />
            <line number="13" hits="0" branch="false" />
            <line number="14" hits="0" branch="false" />
            <line number="15" hits="0" branch="false" />
            <line number="16" hits="0" branch="false" />
            <line number="17" hits="0" branch="false" />
            <line number="18" hits="0" branch="false" />
            <line number="19" hits="0" branch="false" />
            <line number="20" hits="0" branch="false" />
            <line number="21" hits="0" branch="false" />
            <line number="22" hits="0" branch="false" />
            <line number="23" hits="0" branch="false" />
          </lines>
        </class>
        <class name="FC.Codeflix.Catalog.Application.UseCases.Category.UpdateCategory.UpdateCategoryInputValidator" filename="D:\dev\FullCycle\FC.Codeflix.Catalog\src\FC.Codeflix.Catalog.Application\UseCases\Category\UpdateCategory\UpdateCategoryInputValidator.cs" line-rate="0" branch-rate="1" complexity="1">
          <methods>
            <method name=".ctor" signature="()" line-rate="0" branch-rate="1" complexity="1">
              <lines>
                <line number="7" hits="0" branch="false" />
                <line number="8" hits="0" branch="false" />
              </lines>
            </method>
          </methods>
          <lines>
            <line number="7" hits="0" branch="false" />
            <line number="8" hits="0" branch="false" />
          </lines>
        </class>
      </classes>
    </package>
    <package name="FC.Codeflix.Catalog.Domain" line-rate="0.78021978021978" branch-rate="0.5" complexity="33">
      <classes>
        <class name="FC.Codeflix.Catalog.Domain.Entity.Category" filename="D:\dev\FullCycle\FC.Codeflix.Catalog\src\FC.Codeflix.Catalog.Domain\Entity\Category.cs" line-rate="0.741935483870968" branch-rate="1" complexity="10">
          <methods>
            <method name="get_Name" signature="()" line-rate="1" branch-rate="1" complexity="1">
              <lines>
                <line number="18" hits="1455" branch="false" />
              </lines>
            </method>
            <method name="get_Description" signature="()" line-rate="1" branch-rate="1" complexity="1">
              <lines>
                <line number="19" hits="843" branch="false" />
              </lines>
            </method>
            <method name="get_CreatedAt" signature="()" line-rate="1" branch-rate="1" complexity="1">
              <lines>
                <line number="20" hits="355" branch="false" />
              </lines>
            </method>
            <method name="get_IsActive" signature="()" line-rate="1" branch-rate="1" complexity="1">
              <lines>
                <line number="21" hits="355" branch="false" />
              </lines>
            </method>
            <method name="Validate" signature="()" line-rate="1" branch-rate="1" complexity="1">
              <lines>
                <line number="24" hits="342" branch="false" />
                <line number="25" hits="342" branch="false" />
                <line number="26" hits="342" branch="false" />
                <line number="27" hits="342" branch="false" />
                <line number="28" hits="342" branch="false" />
                <line number="29" hits="342" branch="false" />
              </lines>
            </method>
            <method name="Activate" signature="()" line-rate="0" branch-rate="1" complexity="1">
              <lines>
                <line number="32" hits="0" branch="false" />
                <line number="33" hits="0" branch="false" />
                <line number="34" hits="0" branch="false" />
                <line number="35" hits="0" branch="false" />
              </lines>
            </method>
            <method name="Deactivate" signature="()" line-rate="0" branch-rate="1" complexity="1">
              <lines>
                <line number="37" hits="0" branch="false" />
                <line number="38" hits="0" branch="false" />
                <line number="39" hits="0" branch="false" />
                <line number="40" hits="0" branch="false" />
              </lines>
            </method>
            <method name="Update" signature="(...)" line-rate="1" branch-rate="1" complexity="2">
              <lines>
                <line number="43" hits="73" branch="false" />
                <line number="44" hits="73" branch="false" />
                <line number="45" hits="73" branch="true" condition-coverage="100% (2/2)" />
                <line number="47" hits="73" branch="false" />
                <line number="48" hits="73" branch="false" />
              </lines>
            </method>
            <method name=".ctor" signature="(...)" line-rate="1" branch-rate="1" complexity="1">
              <lines>
                <line number="9" hits="269" branch="false" />
                <line number="10" hits="269" branch="false" />
                <line number="11" hits="269" branch="false" />
                <line number="12" hits="269" branch="false" />
                <line number="13" hits="269" branch="false" />
                <line number="14" hits="269" branch="false" />
                <line number="16" hits="269" branch="false" />
                <line number="17" hits="269" branch="false" />
              </lines>
            </method>
          </methods>
          <lines>
            <line number="9" hits="269" branch="false" />
            <line number="10" hits="269" branch="false" />
            <line number="11" hits="269" branch="false" />
            <line number="12" hits="269" branch="false" />
            <line number="13" hits="269" branch="false" />
            <line number="14" hits="269" branch="false" />
            <line number="16" hits="269" branch="false" />
            <line number="17" hits="269" branch="false" />
            <line number="18" hits="1455" branch="false" />
            <line number="19" hits="843" branch="false" />
            <line number="20" hits="355" branch="false" />
            <line number="21" hits="355" branch="false" />
            <line number="24" hits="342" branch="false" />
            <line number="25" hits="342" branch="false" />
            <line number="26" hits="342" branch="false" />
            <line number="27" hits="342" branch="false" />
            <line number="28" hits="342" branch="false" />
            <line number="29" hits="342" branch="false" />
            <line number="32" hits="0" branch="false" />
            <line number="33" hits="0" branch="false" />
            <line number="34" hits="0" branch="false" />
            <line number="35" hits="0" branch="false" />
            <line number="37" hits="0" branch="false" />
            <line number="38" hits="0" branch="false" />
            <line number="39" hits="0" branch="false" />
            <line number="40" hits="0" branch="false" />
            <line number="43" hits="73" branch="false" />
            <line number="44" hits="73" branch="false" />
            <line number="45" hits="73" branch="true" condition-coverage="100% (2/2)" />
            <line number="47" hits="73" branch="false" />
            <line number="48" hits="73" branch="false" />
          </lines>
        </class>
        <class name="FC.Codeflix.Catalog.Domain.Exceptions.EntityValidationException" filename="D:\dev\FullCycle\FC.Codeflix.Catalog\src\FC.Codeflix.Catalog.Domain\Exceptions\EntityValidationException.cs" line-rate="0" branch-rate="1" complexity="1">
          <methods>
            <method name=".ctor" signature="(...)" line-rate="0" branch-rate="1" complexity="1">
              <lines>
                <line number="5" hits="0" branch="false" />
                <line number="6" hits="0" branch="false" />
                <line number="8" hits="0" branch="false" />
              </lines>
            </method>
          </methods>
          <lines>
            <line number="5" hits="0" branch="false" />
            <line number="6" hits="0" branch="false" />
            <line number="8" hits="0" branch="false" />
          </lines>
        </class>
        <class name="FC.Codeflix.Catalog.Domain.SeedWork.AggregateRoot" filename="D:\dev\FullCycle\FC.Codeflix.Catalog\src\FC.Codeflix.Catalog.Domain\SeedWork\AggregateRoot.cs" line-rate="1" branch-rate="1" complexity="1">
          <methods>
            <method name=".ctor" signature="()" line-rate="1" branch-rate="1" complexity="1">
              <lines>
                <line number="5" hits="807" branch="false" />
              </lines>
            </method>
          </methods>
          <lines>
            <line number="5" hits="807" branch="false" />
          </lines>
        </class>
        <class name="FC.Codeflix.Catalog.Domain.SeedWork.Entity" filename="D:\dev\FullCycle\FC.Codeflix.Catalog\src\FC.Codeflix.Catalog.Domain\SeedWork\Entity.cs" line-rate="1" branch-rate="1" complexity="2">
          <methods>
            <method name="get_Id" signature="()" line-rate="1" branch-rate="1" complexity="1">
              <lines>
                <line number="10" hits="783" branch="false" />
              </lines>
            </method>
            <method name=".ctor" signature="()" line-rate="1" branch-rate="1" complexity="1">
              <lines>
                <line number="5" hits="269" branch="false" />
                <line number="6" hits="269" branch="false" />
                <line number="7" hits="269" branch="false" />
                <line number="8" hits="269" branch="false" />
              </lines>
            </method>
          </methods>
          <lines>
            <line number="5" hits="269" branch="false" />
            <line number="6" hits="269" branch="false" />
            <line number="7" hits="269" branch="false" />
            <line number="8" hits="269" branch="false" />
            <line number="10" hits="783" branch="false" />
          </lines>
        </class>
        <class name="FC.Codeflix.Catalog.Domain.SeedWork.SearchableRepository.SearchInput" filename="D:\dev\FullCycle\FC.Codeflix.Catalog\src\FC.Codeflix.Catalog.Domain\SeedWork\SearchableRepository\SearchInput.cs" line-rate="1" branch-rate="1" complexity="6">
          <methods>
            <method name="get_Page" signature="()" line-rate="1" branch-rate="1" complexity="1">
              <lines>
                <line number="4" hits="64" branch="false" />
              </lines>
            </method>
            <method name="get_PerPage" signature="()" line-rate="1" branch-rate="1" complexity="1">
              <lines>
                <line number="5" hits="80" branch="false" />
              </lines>
            </method>
            <method name="get_Search" signature="()" line-rate="1" branch-rate="1" complexity="1">
              <lines>
                <line number="6" hits="48" branch="false" />
              </lines>
            </method>
            <method name="get_OrderBy" signature="()" line-rate="1" branch-rate="1" complexity="1">
              <lines>
                <line number="7" hits="16" branch="false" />
              </lines>
            </method>
            <method name="get_Order" signature="()" line-rate="1" branch-rate="1" complexity="1">
              <lines>
                <line number="8" hits="16" branch="false" />
              </lines>
            </method>
            <method name=".ctor" signature="(...)" line-rate="1" branch-rate="1" complexity="1">
              <lines>
                <line number="10" hits="16" branch="false" />
                <line number="11" hits="16" branch="false" />
                <line number="12" hits="16" branch="false" />
                <line number="13" hits="16" branch="false" />
                <line number="14" hits="16" branch="false" />
                <line number="15" hits="16" branch="false" />
                <line number="16" hits="16" branch="false" />
                <line number="17" hits="16" branch="false" />
                <line number="18" hits="16" branch="false" />
                <line number="19" hits="16" branch="false" />
                <line number="20" hits="16" branch="false" />
                <line number="21" hits="16" branch="false" />
                <line number="22" hits="16" branch="false" />
              </lines>
            </method>
          </methods>
          <lines>
            <line number="4" hits="64" branch="false" />
            <line number="5" hits="80" branch="false" />
            <line number="6" hits="48" branch="false" />
            <line number="7" hits="16" branch="false" />
            <line number="8" hits="16" branch="false" />
            <line number="10" hits="16" branch="false" />
            <line number="11" hits="16" branch="false" />
            <line number="12" hits="16" branch="false" />
            <line number="13" hits="16" branch="false" />
            <line number="14" hits="16" branch="false" />
            <line number="15" hits="16" branch="false" />
            <line number="16" hits="16" branch="false" />
            <line number="17" hits="16" branch="false" />
            <line number="18" hits="16" branch="false" />
            <line number="19" hits="16" branch="false" />
            <line number="20" hits="16" branch="false" />
            <line number="21" hits="16" branch="false" />
            <line number="22" hits="16" branch="false" />
          </lines>
        </class>
        <class name="FC.Codeflix.Catalog.Domain.SeedWork.SearchableRepository.SearchOutput`1" filename="D:\dev\FullCycle\FC.Codeflix.Catalog\src\FC.Codeflix.Catalog.Domain\SeedWork\SearchableRepository\SearchOutput.cs" line-rate="1" branch-rate="1" complexity="5">
          <methods>
            <method name="get_CurrentPage" signature="()" line-rate="1" branch-rate="1" complexity="1">
              <lines>
                <line number="5" hits="32" branch="false" />
              </lines>
            </method>
            <method name="get_PerPage" signature="()" line-rate="1" branch-rate="1" complexity="1">
              <lines>
                <line number="6" hits="32" branch="false" />
              </lines>
            </method>
            <method name="get_Total" signature="()" line-rate="1" branch-rate="1" complexity="1">
              <lines>
                <line number="7" hits="32" branch="false" />
              </lines>
            </method>
            <method name="get_Items" signature="()" line-rate="1" branch-rate="1" complexity="1">
              <lines>
                <line number="8" hits="61" branch="false" />
              </lines>
            </method>
            <method name=".ctor" signature="(...)" line-rate="1" branch-rate="1" complexity="1">
              <lines>
                <line number="9" hits="16" branch="false" />
                <line number="10" hits="16" branch="false" />
                <line number="11" hits="16" branch="false" />
                <line number="12" hits="16" branch="false" />
                <line number="13" hits="16" branch="false" />
                <line number="14" hits="16" branch="false" />
                <line number="15" hits="16" branch="false" />
                <line number="16" hits="16" branch="false" />
                <line number="17" hits="16" branch="false" />
                <line number="18" hits="16" branch="false" />
                <line number="19" hits="16" branch="false" />
              </lines>
            </method>
          </methods>
          <lines>
            <line number="5" hits="32" branch="false" />
            <line number="6" hits="32" branch="false" />
            <line number="7" hits="32" branch="false" />
            <line number="8" hits="61" branch="false" />
            <line number="9" hits="16" branch="false" />
            <line number="10" hits="16" branch="false" />
            <line number="11" hits="16" branch="false" />
            <line number="12" hits="16" branch="false" />
            <line number="13" hits="16" branch="false" />
            <line number="14" hits="16" branch="false" />
            <line number="15" hits="16" branch="false" />
            <line number="16" hits="16" branch="false" />
            <line number="17" hits="16" branch="false" />
            <line number="18" hits="16" branch="false" />
            <line number="19" hits="16" branch="false" />
          </lines>
        </class>
        <class name="FC.Codeflix.Catalog.Domain.Validation.DomainValidation" filename="D:\dev\FullCycle\FC.Codeflix.Catalog\src\FC.Codeflix.Catalog.Domain\Validation\DomainValidation.cs" line-rate="0.5" branch-rate="0.375" complexity="8">
          <methods>
            <method name="NotNull" signature="(...)" line-rate="0" branch-rate="0" complexity="2">
              <lines>
                <line number="8" hits="0" branch="false" />
                <line number="9" hits="0" branch="true" condition-coverage="0% (0/2)" />
                <line number="10" hits="0" branch="false" />
                <line number="11" hits="0" branch="false" />
                <line number="13" hits="0" branch="false" />
              </lines>
            </method>
            <method name="NotNullOrEmpty" signature="(...)" line-rate="0.6" branch-rate="0.5" complexity="2">
              <lines>
                <line number="16" hits="342" branch="false" />
                <line number="17" hits="342" branch="true" condition-coverage="50% (1/2)" />
                <line number="18" hits="0" branch="false" />
                <line number="19" hits="0" branch="false" />
                <line number="20" hits="342" branch="false" />
              </lines>
            </method>
            <method name="MinLength" signature="(...)" line-rate="0.75" branch-rate="0.5" complexity="2">
              <lines>
                <line number="23" hits="342" branch="false" />
                <line number="24" hits="342" branch="true" condition-coverage="50% (1/2)" />
                <line number="25" hits="0" branch="false" />
                <line number="26" hits="342" branch="false" />
              </lines>
            </method>
            <method name="MaxLength" signature="(...)" line-rate="0.75" branch-rate="0.5" complexity="2">
              <lines>
                <line number="29" hits="684" branch="false" />
                <line number="30" hits="684" branch="true" condition-coverage="50% (1/2)" />
                <line number="31" hits="0" branch="false" />
                <line number="32" hits="684" branch="false" />
              </lines>
            </method>
          </methods>
          <lines>
            <line number="8" hits="0" branch="false" />
            <line number="9" hits="0" branch="true" condition-coverage="0% (0/2)" />
            <line number="10" hits="0" branch="false" />
            <line number="11" hits="0" branch="false" />
            <line number="13" hits="0" branch="false" />
            <line number="16" hits="342" branch="false" />
            <line number="17" hits="342" branch="true" condition-coverage="50% (1/2)" />
            <line number="18" hits="0" branch="false" />
            <line number="19" hits="0" branch="false" />
            <line number="20" hits="342" branch="false" />
            <line number="23" hits="342" branch="false" />
            <line number="24" hits="342" branch="true" condition-coverage="50% (1/2)" />
            <line number="25" hits="0" branch="false" />
            <line number="26" hits="342" branch="false" />
            <line number="29" hits="684" branch="false" />
            <line number="30" hits="684" branch="true" condition-coverage="50% (1/2)" />
            <line number="31" hits="0" branch="false" />
            <line number="32" hits="684" branch="false" />
          </lines>
        </class>
      </classes>
    </package>
    <package name="FC.Codeflix.Catalog.Infra.Data.EF" line-rate="1" branch-rate="1" complexity="12">
      <classes>
        <class name="FC.Codeflix.Catalog.Infra.Data.EF.CodeflixCatalogDbContext" filename="D:\dev\FullCycle\FC.Codeflix.Catalog\src\FC.Codeflix.Catalog.Infra.Data.EF\CodeflixCatalogDbContext.cs" line-rate="1" branch-rate="1" complexity="3">
          <methods>
            <method name="get_Categories" signature="()" line-rate="1" branch-rate="1" complexity="1">
              <lines>
                <line number="16" hits="3" branch="false" />
              </lines>
            </method>
            <method name="OnModelCreating" signature="(...)" line-rate="1" branch-rate="1" complexity="1">
              <lines>
                <line number="22" hits="1" branch="false" />
                <line number="23" hits="1" branch="false" />
                <line number="24" hits="1" branch="false" />
              </lines>
            </method>
            <method name=".ctor" signature="(...)" line-rate="1" branch-rate="1" complexity="1">
              <lines>
                <line number="18" hits="25" branch="false" />
                <line number="19" hits="25" branch="false" />
                <line number="20" hits="25" branch="false" />
              </lines>
            </method>
          </methods>
          <lines>
            <line number="16" hits="3" branch="false" />
            <line number="18" hits="25" branch="false" />
            <line number="19" hits="25" branch="false" />
            <line number="20" hits="25" branch="false" />
            <line number="22" hits="1" branch="false" />
            <line number="23" hits="1" branch="false" />
            <line number="24" hits="1" branch="false" />
          </lines>
        </class>
        <class name="FC.Codeflix.Catalog.Infra.Data.EF.Configurations.CategoryConfiguration" filename="D:\dev\FullCycle\FC.Codeflix.Catalog\src\FC.Codeflix.Catalog.Infra.Data.EF\Configurations\CategoryConfiguration.cs" line-rate="1" branch-rate="1" complexity="1">
          <methods>
            <method name="Configure" signature="(...)" line-rate="1" branch-rate="1" complexity="1">
              <lines>
                <line number="16" hits="1" branch="false" />
                <line number="17" hits="1" branch="false" />
                <line number="18" hits="1" branch="false" />
                <line number="19" hits="1" branch="false" />
                <line number="20" hits="1" branch="false" />
                <line number="21" hits="1" branch="false" />
                <line number="22" hits="1" branch="false" />
              </lines>
            </method>
          </methods>
          <lines>
            <line number="16" hits="1" branch="false" />
            <line number="17" hits="1" branch="false" />
            <line number="18" hits="1" branch="false" />
            <line number="19" hits="1" branch="false" />
            <line number="20" hits="1" branch="false" />
            <line number="21" hits="1" branch="false" />
            <line number="22" hits="1" branch="false" />
          </lines>
        </class>
        <class name="FC.Codeflix.Catalog.Infra.Data.EF.Repositories.CategoryRepository" filename="D:\dev\FullCycle\FC.Codeflix.Catalog\src\FC.Codeflix.Catalog.Infra.Data.EF\Repositories\CategoryRepository.cs" line-rate="1" branch-rate="1" complexity="8">
          <methods>
            <method name="get__categories" signature="()" line-rate="1" branch-rate="1" complexity="1">
              <lines>
                <line number="17" hits="21" branch="false" />
              </lines>
            </method>
            <method name="Update" signature="(...)" line-rate="1" branch-rate="1" complexity="1">
              <lines>
                <line number="39" hits="1" branch="false" />
                <line number="40" hits="1" branch="false" />
                <line number="41" hits="1" branch="false" />
              </lines>
            </method>
            <method name="Delete" signature="(...)" line-rate="1" branch-rate="1" complexity="1">
              <lines>
                <line number="45" hits="1" branch="false" />
                <line number="46" hits="1" branch="false" />
                <line number="47" hits="1" branch="false" />
              </lines>
            </method>
            <method name=".ctor" signature="(...)" line-rate="1" branch-rate="1" complexity="1">
              <lines>
                <line number="19" hits="21" branch="false" />
                <line number="20" hits="21" branch="false" />
                <line number="21" hits="21" branch="false" />
                <line number="22" hits="21" branch="false" />
              </lines>
            </method>
            <method name="Get" signature="()" line-rate="1" branch-rate="1" complexity="1">
              <lines>
                <line number="29" hits="2" branch="false" />
                <line number="30" hits="2" branch="false" />
                <line number="31" hits="2" branch="false" />
                <line number="32" hits="2" branch="false" />
                <line number="34" hits="2" branch="false" />
                <line number="36" hits="1" branch="false" />
                <line number="37" hits="1" branch="false" />
              </lines>
            </method>
            <method name="Insert" signature="()" line-rate="1" branch-rate="1" complexity="1">
              <lines>
                <line number="25" hits="1" branch="false" />
                <line number="26" hits="1" branch="false" />
                <line number="27" hits="1" branch="false" />
              </lines>
            </method>
            <method name="Search" signature="()" line-rate="1" branch-rate="1" complexity="2">
              <lines>
                <line number="49" hits="16" branch="false" />
                <line number="50" hits="16" branch="false" />
                <line number="51" hits="16" branch="false" />
                <line number="52" hits="16" branch="false" />
                <line number="53" hits="16" branch="true" condition-coverage="100% (2/2)" />
                <line number="54" hits="8" branch="false" />
                <line number="56" hits="16" branch="false" />
                <line number="57" hits="16" branch="false" />
                <line number="58" hits="16" branch="false" />
                <line number="59" hits="16" branch="false" />
                <line number="60" hits="16" branch="false" />
                <line number="61" hits="16" branch="false" />
                <line number="62" hits="16" branch="false" />
              </lines>
            </method>
          </methods>
          <lines>
            <line number="17" hits="21" branch="false" />
            <line number="19" hits="21" branch="false" />
            <line number="20" hits="21" branch="false" />
            <line number="21" hits="21" branch="false" />
            <line number="22" hits="21" branch="false" />
            <line number="25" hits="1" branch="false" />
            <line number="26" hits="1" branch="false" />
            <line number="27" hits="1" branch="false" />
            <line number="29" hits="2" branch="false" />
            <line number="30" hits="2" branch="false" />
            <line number="31" hits="2" branch="false" />
            <line number="32" hits="2" branch="false" />
            <line number="34" hits="2" branch="false" />
            <line number="36" hits="1" branch="false" />
            <line number="37" hits="1" branch="false" />
            <line number="39" hits="1" branch="false" />
            <line number="40" hits="1" branch="false" />
            <line number="41" hits="1" branch="false" />
            <line number="45" hits="1" branch="false" />
            <line number="46" hits="1" branch="false" />
            <line number="47" hits="1" branch="false" />
            <line number="49" hits="16" branch="false" />
            <line number="50" hits="16" branch="false" />
            <line number="51" hits="16" branch="false" />
            <line number="52" hits="16" branch="false" />
            <line number="53" hits="16" branch="true" condition-coverage="100% (2/2)" />
            <line number="54" hits="8" branch="false" />
            <line number="56" hits="16" branch="false" />
            <line number="57" hits="16" branch="false" />
            <line number="58" hits="16" branch="false" />
            <line number="59" hits="16" branch="false" />
            <line number="60" hits="16" branch="false" />
            <line number="61" hits="16" branch="false" />
            <line number="62" hits="16" branch="false" />
          </lines>
        </class>
      </classes>
    </package>
    <package name="FC.Codeflix.Catalog.IntegrationTests" line-rate="0.93984962406015" branch-rate="0.657894736842105" complexity="50">
      <classes>
        <class name="AutoGeneratedProgram" filename="C:\Users\Kaelzin\.nuget\packages\microsoft.net.test.sdk\17.5.0\build\netcoreapp3.1\Microsoft.NET.Test.Sdk.Program.cs" line-rate="0" branch-rate="1" complexity="1">
          <methods>
            <method name="Main" signature="(...)" line-rate="0" branch-rate="1" complexity="1">
              <lines>
                <line number="4" hits="0" branch="false" />
              </lines>
            </method>
          </methods>
          <lines>
            <line number="4" hits="0" branch="false" />
          </lines>
        </class>
        <class name="FC.Codeflix.Catalog.IntegrationTests.Base.BaseFixture" filename="D:\dev\FullCycle\FC.Codeflix.Catalog\tests\FC.Codeflix.Catalog.IntegrationTests\Base\BaseFixture.cs" line-rate="1" branch-rate="1" complexity="3">
          <methods>
            <method name="get_Faker" signature="()" line-rate="1" branch-rate="1" complexity="1">
              <lines>
                <line number="12" hits="413" branch="false" />
              </lines>
            </method>
            <method name="GetRandomBoolean" signature="()" line-rate="1" branch-rate="1" complexity="1">
              <lines>
                <line number="16" hits="206" branch="false" />
              </lines>
            </method>
            <method name=".ctor" signature="()" line-rate="1" branch-rate="1" complexity="1">
              <lines>
                <line number="13" hits="1" branch="false" />
                <line number="14" hits="1" branch="false" />
              </lines>
            </method>
          </methods>
          <lines>
            <line number="12" hits="413" branch="false" />
            <line number="13" hits="1" branch="false" />
            <line number="14" hits="1" branch="false" />
            <line number="16" hits="206" branch="false" />
          </lines>
        </class>
        <class name="FC.Codeflix.Catalog.IntegrationTests.Infra.Data.EF.Repositories.CategoryRepository.CategoryRepositoryTest" filename="D:\dev\FullCycle\FC.Codeflix.Catalog\tests\FC.Codeflix.Catalog.IntegrationTests\Infra.Data.EF\Repositories\CategoryRepository\CategoryRepositoryTest.cs" line-rate="0.947619047619048" branch-rate="0.625" complexity="29">
          <methods>
            <method name=".ctor" signature="(...)" line-rate="1" branch-rate="1" complexity="1">
              <lines>
                <line number="15" hits="21" branch="false" />
                <line number="16" hits="21" branch="false" />
                <line number="17" hits="21" branch="false" />
                <line number="18" hits="21" branch="false" />
              </lines>
            </method>
            <method name="&lt;GetThrowIfNotFound" signature="()" line-rate="1" branch-rate="1" complexity="1">
              <lines>
                <line number="71" hits="2" branch="false" />
              </lines>
            </method>
            <method name="Delete" signature="()" line-rate="1" branch-rate="1" complexity="1">
              <lines>
                <line number="107" hits="1" branch="false" />
                <line number="108" hits="1" branch="false" />
                <line number="109" hits="1" branch="false" />
                <line number="110" hits="1" branch="false" />
                <line number="111" hits="1" branch="false" />
                <line number="112" hits="1" branch="false" />
                <line number="113" hits="1" branch="false" />
                <line number="114" hits="1" branch="false" />
                <line number="116" hits="1" branch="false" />
                <line number="117" hits="1" branch="false" />
                <line number="119" hits="1" branch="false" />
                <line number="121" hits="1" branch="false" />
                <line number="122" hits="1" branch="false" />
              </lines>
            </method>
            <method name="Get" signature="()" line-rate="1" branch-rate="0.5" complexity="2">
              <lines>
                <line number="42" hits="1" branch="false" />
                <line number="43" hits="1" branch="false" />
                <line number="44" hits="1" branch="false" />
                <line number="45" hits="1" branch="false" />
                <line number="46" hits="1" branch="false" />
                <line number="47" hits="1" branch="false" />
                <line number="48" hits="1" branch="false" />
                <line number="49" hits="1" branch="false" />
                <line number="51" hits="1" branch="false" />
                <line number="53" hits="1" branch="false" />
                <line number="54" hits="1" branch="false" />
                <line number="55" hits="1" branch="false" />
                <line number="56" hits="1" branch="true" condition-coverage="50% (1/2)" />
                <line number="57" hits="1" branch="false" />
                <line number="58" hits="1" branch="false" />
                <line number="59" hits="1" branch="false" />
              </lines>
            </method>
            <method name="GetThrowIfNotFound" signature="()" line-rate="1" branch-rate="1" complexity="1">
              <lines>
                <line number="64" hits="1" branch="false" />
                <line number="65" hits="1" branch="false" />
                <line number="66" hits="1" branch="false" />
                <line number="67" hits="1" branch="false" />
                <line number="68" hits="1" branch="false" />
                <line number="69" hits="1" branch="false" />
                <line number="71" hits="2" branch="false" />
                <line number="73" hits="1" branch="false" />
                <line number="74" hits="1" branch="false" />
                <line number="75" hits="1" branch="false" />
              </lines>
            </method>
            <method name="Insert" signature="()" line-rate="1" branch-rate="0.5" complexity="2">
              <lines>
                <line number="23" hits="1" branch="false" />
                <line number="24" hits="1" branch="false" />
                <line number="25" hits="1" branch="false" />
                <line number="26" hits="1" branch="false" />
                <line number="28" hits="1" branch="false" />
                <line number="29" hits="1" branch="false" />
                <line number="31" hits="1" branch="false" />
                <line number="32" hits="1" branch="false" />
                <line number="33" hits="1" branch="false" />
                <line number="34" hits="1" branch="true" condition-coverage="50% (1/2)" />
                <line number="35" hits="1" branch="false" />
                <line number="36" hits="1" branch="false" />
                <line number="37" hits="1" branch="false" />
              </lines>
            </method>
            <method name="SearchByText" signature="()" line-rate="1" branch-rate="0.75" complexity="4">
              <lines>
                <line number="232" hits="8" branch="false" />
                <line number="233" hits="8" branch="false" />
                <line number="234" hits="8" branch="false" />
                <line number="235" hits="8" branch="false" />
                <line number="236" hits="8" branch="false" />
                <line number="237" hits="8" branch="false" />
                <line number="238" hits="8" branch="false" />
                <line number="239" hits="8" branch="false" />
                <line number="240" hits="8" branch="false" />
                <line number="241" hits="8" branch="false" />
                <line number="242" hits="8" branch="false" />
                <line number="243" hits="8" branch="false" />
                <line number="244" hits="8" branch="false" />
                <line number="245" hits="8" branch="false" />
                <line number="246" hits="8" branch="false" />
                <line number="247" hits="8" branch="false" />
                <line number="248" hits="8" branch="false" />
                <line number="249" hits="8" branch="false" />
                <line number="251" hits="8" branch="false" />
                <line number="253" hits="8" branch="false" />
                <line number="254" hits="8" branch="false" />
                <line number="255" hits="8" branch="false" />
                <line number="256" hits="8" branch="false" />
                <line number="257" hits="8" branch="false" />
                <line number="258" hits="8" branch="false" />
                <line number="259" hits="50" branch="true" condition-coverage="100% (2/2)" />
                <line number="260" hits="13" branch="false" />
                <line number="261" hits="13" branch="false" />
                <line number="262" hits="75" branch="false" />
                <line number="263" hits="13" branch="false" />
                <line number="264" hits="13" branch="false" />
                <line number="265" hits="13" branch="false" />
                <line number="266" hits="13" branch="true" condition-coverage="50% (1/2)" />
                <line number="267" hits="13" branch="false" />
                <line number="268" hits="13" branch="false" />
                <line number="269" hits="13" branch="false" />
                <line number="270" hits="8" branch="false" />
              </lines>
            </method>
            <method name="SearchOrdered" signature="()" line-rate="0.666666666666667" branch-rate="0.5" complexity="6">
              <lines>
                <line number="280" hits="2" branch="false" />
                <line number="281" hits="2" branch="false" />
                <line number="282" hits="2" branch="false" />
                <line number="283" hits="2" branch="false" />
                <line number="284" hits="2" branch="false" />
                <line number="285" hits="2" branch="false" />
                <line number="286" hits="2" branch="true" condition-coverage="100% (2/2)" />
                <line number="287" hits="2" branch="false" />
                <line number="289" hits="2" branch="false" />
                <line number="291" hits="2" branch="false" />
                <line number="292" hits="2" branch="false" />
                <line number="293" hits="2" branch="false" />
                <line number="294" hits="2" branch="false" />
                <line number="295" hits="2" branch="false" />
                <line number="297" hits="2" branch="false" />
                <line number="298" hits="2" branch="false" />
                <line number="299" hits="2" branch="false" />
                <line number="300" hits="2" branch="false" />
                <line number="301" hits="2" branch="false" />
                <line number="302" hits="2" branch="false" />
                <line number="303" hits="4" branch="true" condition-coverage="50% (1/2)" />
                <line number="304" hits="0" branch="false" />
                <line number="305" hits="0" branch="false" />
                <line number="306" hits="0" branch="false" />
                <line number="307" hits="0" branch="false" />
                <line number="308" hits="0" branch="false" />
                <line number="309" hits="0" branch="false" />
                <line number="310" hits="0" branch="false" />
                <line number="311" hits="0" branch="true" condition-coverage="0% (0/2)" />
                <line number="312" hits="0" branch="false" />
                <line number="313" hits="0" branch="false" />
                <line number="314" hits="0" branch="false" />
                <line number="315" hits="2" branch="false" />
              </lines>
            </method>
            <method name="SearchReturnsEmptyWhenPersistenceIsEmpty" signature="()" line-rate="1" branch-rate="1" complexity="1">
              <lines>
                <line number="159" hits="1" branch="false" />
                <line number="160" hits="1" branch="false" />
                <line number="161" hits="1" branch="false" />
                <line number="162" hits="1" branch="false" />
                <line number="164" hits="1" branch="false" />
                <line number="166" hits="1" branch="false" />
                <line number="167" hits="1" branch="false" />
                <line number="168" hits="1" branch="false" />
                <line number="169" hits="1" branch="false" />
                <line number="170" hits="1" branch="false" />
                <line number="171" hits="1" branch="false" />
                <line number="172" hits="1" branch="false" />
              </lines>
            </method>
            <method name="SearchReturnsListAndTotal" signature="()" line-rate="1" branch-rate="0.75" complexity="4">
              <lines>
                <line number="127" hits="1" branch="false" />
                <line number="128" hits="1" branch="false" />
                <line number="129" hits="1" branch="false" />
                <line number="130" hits="1" branch="false" />
                <line number="131" hits="1" branch="false" />
                <line number="132" hits="1" branch="false" />
                <line number="133" hits="1" branch="false" />
                <line number="135" hits="1" branch="false" />
                <line number="137" hits="1" branch="false" />
                <line number="138" hits="1" branch="false" />
                <line number="139" hits="1" branch="false" />
                <line number="140" hits="1" branch="false" />
                <line number="141" hits="1" branch="false" />
                <line number="142" hits="1" branch="false" />
                <line number="143" hits="33" branch="true" condition-coverage="100% (2/2)" />
                <line number="144" hits="15" branch="false" />
                <line number="145" hits="15" branch="false" />
                <line number="146" hits="120" branch="false" />
                <line number="147" hits="15" branch="false" />
                <line number="148" hits="15" branch="false" />
                <line number="149" hits="15" branch="false" />
                <line number="150" hits="15" branch="true" condition-coverage="50% (1/2)" />
                <line number="151" hits="15" branch="false" />
                <line number="152" hits="15" branch="false" />
                <line number="153" hits="15" branch="false" />
                <line number="154" hits="1" branch="false" />
              </lines>
            </method>
            <method name="SearchReturnsPaginated" signature="()" line-rate="1" branch-rate="0.75" complexity="4">
              <lines>
                <line number="186" hits="4" branch="false" />
                <line number="187" hits="4" branch="false" />
                <line number="188" hits="4" branch="false" />
                <line number="189" hits="4" branch="false" />
                <line number="190" hits="4" branch="false" />
                <line number="191" hits="4" branch="false" />
                <line number="192" hits="4" branch="false" />
                <line number="194" hits="4" branch="false" />
                <line number="196" hits="4" branch="false" />
                <line number="197" hits="4" branch="false" />
                <line number="198" hits="4" branch="false" />
[...]
            <line number="35" hits="1" branch="false" />
            <line number="36" hits="1" branch="false" />
            <line number="37" hits="1" branch="false" />
            <line number="42" hits="1" branch="false" />
            <line number="43" hits="1" branch="false" />
            <line number="44" hits="1" branch="false" />
            <line number="45" hits="1" branch="false" />
            <line number="46" hits="1" branch="false" />
            <line number="47" hits="1" branch="false" />
            <line number="48" hits="1" branch="false" />
            <line number="49" hits="1" branch="false" />
            <line number="51" hits="1" branch="false" />
            <line number="53" hits="1" branch="false" />
            <line number="54" hits="1" branch="false" />
            <line number="55" hits="1" branch="false" />
            <line number="56" hits="1" branch="true" condition-coverage="50% (1/2)" />
            <line number="57" hits="1" branch="false" />
            <line number="58" hits="1" branch="false" />
            <line number="59" hits="1" branch="false" />
            <line number="64" hits="1" branch="false" />
            <line number="65" hits="1" branch="false" />
            <line number="66" hits="1" branch="false" />
            <line number="67" hits="1" branch="false" />
            <line number="68" hits="1" branch="false" />
            <line number="69" hits="1" branch="false" />
            <line number="71" hits="2" branch="false" />
            <line number="73" hits="1" branch="false" />
            <line number="74" hits="1" branch="false" />
            <line number="75" hits="1" branch="false" />
            <line number="80" hits="1" branch="false" />
            <line number="81" hits="1" branch="false" />
            <line number="82" hits="1" branch="false" />
            <line number="83" hits="1" branch="false" />
            <line number="84" hits="1" branch="false" />
            <line number="85" hits="1" branch="false" />
            <line number="86" hits="1" branch="false" />
            <line number="87" hits="1" branch="false" />
            <line number="88" hits="1" branch="false" />
            <line number="90" hits="1" branch="false" />
            <line number="91" hits="1" branch="false" />
            <line number="92" hits="1" branch="false" />
            <line number="94" hits="1" branch="false" />
            <line number="96" hits="1" branch="false" />
            <line number="97" hits="1" branch="false" />
            <line number="98" hits="1" branch="false" />
            <line number="99" hits="1" branch="true" condition-coverage="50% (1/2)" />
            <line number="100" hits="1" branch="false" />
            <line number="101" hits="1" branch="false" />
            <line number="102" hits="1" branch="false" />
            <line number="107" hits="1" branch="false" />
            <line number="108" hits="1" branch="false" />
            <line number="109" hits="1" branch="false" />
            <line number="110" hits="1" branch="false" />
            <line number="111" hits="1" branch="false" />
            <line number="112" hits="1" branch="false" />
            <line number="113" hits="1" branch="false" />
            <line number="114" hits="1" branch="false" />
            <line number="116" hits="1" branch="false" />
            <line number="117" hits="1" branch="false" />
            <line number="119" hits="1" branch="false" />
            <line number="121" hits="1" branch="false" />
            <line number="122" hits="1" branch="false" />
            <line number="127" hits="1" branch="false" />
            <line number="128" hits="1" branch="false" />
            <line number="129" hits="1" branch="false" />
            <line number="130" hits="1" branch="false" />
            <line number="131" hits="1" branch="false" />
            <line number="132" hits="1" branch="false" />
            <line number="133" hits="1" branch="false" />
            <line number="135" hits="1" branch="false" />
            <line number="137" hits="1" branch="false" />
            <line number="138" hits="1" branch="false" />
            <line number="139" hits="1" branch="false" />
            <line number="140" hits="1" branch="false" />
            <line number="141" hits="1" branch="false" />
            <line number="142" hits="1" branch="false" />
            <line number="143" hits="33" branch="true" condition-coverage="100% (2/2)" />
            <line number="144" hits="15" branch="false" />
            <line number="145" hits="15" branch="false" />
            <line number="146" hits="120" branch="false" />
            <line number="147" hits="15" branch="false" />
            <line number="148" hits="15" branch="false" />
            <line number="149" hits="15" branch="false" />
            <line number="150" hits="15" branch="true" condition-coverage="50% (1/2)" />
            <line number="151" hits="15" branch="false" />
            <line number="152" hits="15" branch="false" />
            <line number="153" hits="15" branch="false" />
            <line number="154" hits="1" branch="false" />
            <line number="159" hits="1" branch="false" />
            <line number="160" hits="1" branch="false" />
            <line number="161" hits="1" branch="false" />
            <line number="162" hits="1" branch="false" />
            <line number="164" hits="1" branch="false" />
            <line number="166" hits="1" branch="false" />
            <line number="167" hits="1" branch="false" />
            <line number="168" hits="1" branch="false" />
            <line number="169" hits="1" branch="false" />
            <line number="170" hits="1" branch="false" />
            <line number="171" hits="1" branch="false" />
            <line number="172" hits="1" branch="false" />
            <line number="186" hits="4" branch="false" />
            <line number="187" hits="4" branch="false" />
            <line number="188" hits="4" branch="false" />
            <line number="189" hits="4" branch="false" />
            <line number="190" hits="4" branch="false" />
            <line number="191" hits="4" branch="false" />
            <line number="192" hits="4" branch="false" />
            <line number="194" hits="4" branch="false" />
            <line number="196" hits="4" branch="false" />
            <line number="197" hits="4" branch="false" />
            <line number="198" hits="4" branch="false" />
            <line number="199" hits="4" branch="false" />
            <line number="200" hits="4" branch="false" />
            <line number="201" hits="4" branch="false" />
            <line number="202" hits="36" branch="true" condition-coverage="100% (2/2)" />
            <line number="203" hits="12" branch="false" />
            <line number="204" hits="12" branch="false" />
            <line number="205" hits="58" branch="false" />
            <line number="206" hits="12" branch="false" />
            <line number="207" hits="12" branch="false" />
            <line number="208" hits="12" branch="false" />
            <line number="209" hits="12" branch="true" condition-coverage="50% (1/2)" />
            <line number="210" hits="12" branch="false" />
            <line number="211" hits="12" branch="false" />
            <line number="212" hits="12" branch="false" />
            <line number="213" hits="4" branch="false" />
            <line number="232" hits="8" branch="false" />
            <line number="233" hits="8" branch="false" />
            <line number="234" hits="8" branch="false" />
            <line number="235" hits="8" branch="false" />
            <line number="236" hits="8" branch="false" />
            <line number="237" hits="8" branch="false" />
            <line number="238" hits="8" branch="false" />
            <line number="239" hits="8" branch="false" />
            <line number="240" hits="8" branch="false" />
            <line number="241" hits="8" branch="false" />
            <line number="242" hits="8" branch="false" />
            <line number="243" hits="8" branch="false" />
            <line number="244" hits="8" branch="false" />
            <line number="245" hits="8" branch="false" />
            <line number="246" hits="8" branch="false" />
            <line number="247" hits="8" branch="false" />
            <line number="248" hits="8" branch="false" />
            <line number="249" hits="8" branch="false" />
            <line number="251" hits="8" branch="false" />
            <line number="253" hits="8" branch="false" />
            <line number="254" hits="8" branch="false" />
            <line number="255" hits="8" branch="false" />
            <line number="256" hits="8" branch="false" />
            <line number="257" hits="8" branch="false" />
            <line number="258" hits="8" branch="false" />
            <line number="259" hits="50" branch="true" condition-coverage="100% (2/2)" />
            <line number="260" hits="13" branch="false" />
            <line number="261" hits="13" branch="false" />
            <line number="262" hits="75" branch="false" />
            <line number="263" hits="13" branch="false" />
            <line number="264" hits="13" branch="false" />
            <line number="265" hits="13" branch="false" />
            <line number="266" hits="13" branch="true" condition-coverage="50% (1/2)" />
            <line number="267" hits="13" branch="false" />
            <line number="268" hits="13" branch="false" />
            <line number="269" hits="13" branch="false" />
            <line number="270" hits="8" branch="false" />
            <line number="280" hits="2" branch="false" />
            <line number="281" hits="2" branch="false" />
            <line number="282" hits="2" branch="false" />
            <line number="283" hits="2" branch="false" />
            <line number="284" hits="2" branch="false" />
            <line number="285" hits="2" branch="false" />
            <line number="286" hits="2" branch="true" condition-coverage="100% (2/2)" />
            <line number="287" hits="2" branch="false" />
            <line number="289" hits="2" branch="false" />
            <line number="291" hits="2" branch="false" />
            <line number="292" hits="2" branch="false" />
            <line number="293" hits="2" branch="false" />
            <line number="294" hits="2" branch="false" />
            <line number="295" hits="2" branch="false" />
            <line number="297" hits="2" branch="false" />
            <line number="298" hits="2" branch="false" />
            <line number="299" hits="2" branch="false" />
            <line number="300" hits="2" branch="false" />
            <line number="301" hits="2" branch="false" />
            <line number="302" hits="2" branch="false" />
            <line number="303" hits="4" branch="true" condition-coverage="50% (1/2)" />
            <line number="304" hits="0" branch="false" />
            <line number="305" hits="0" branch="false" />
            <line number="306" hits="0" branch="false" />
            <line number="307" hits="0" branch="false" />
            <line number="308" hits="0" branch="false" />
            <line number="309" hits="0" branch="false" />
            <line number="310" hits="0" branch="false" />
            <line number="311" hits="0" branch="true" condition-coverage="0% (0/2)" />
            <line number="312" hits="0" branch="false" />
            <line number="313" hits="0" branch="false" />
            <line number="314" hits="0" branch="false" />
            <line number="315" hits="2" branch="false" />
          </lines>
        </class>
        <class name="FC.Codeflix.Catalog.IntegrationTests.Infra.Data.EF.Repositories.CategoryRepository.CategoryRepositoryTestFixture" filename="D:\dev\FullCycle\FC.Codeflix.Catalog\tests\FC.Codeflix.Catalog.IntegrationTests\Infra.Data.EF\Repositories\CategoryRepository\CategoryRepositoryTestFixture.cs" line-rate="0.92156862745098" branch-rate="0.714285714285714" complexity="17">
          <methods>
            <method name="GetValidCategoryName" signature="()" line-rate="0.875" branch-rate="0.75" complexity="4">
              <lines>
                <line number="23" hits="206" branch="false" />
                <line number="24" hits="206" branch="false" />
                <line number="25" hits="412" branch="true" condition-coverage="100% (2/2)" />
                <line number="26" hits="206" branch="false" />
                <line number="27" hits="206" branch="true" condition-coverage="50% (1/2)" />
                <line number="28" hits="0" branch="false" />
                <line number="29" hits="206" branch="false" />
                <line number="30" hits="206" branch="false" />
              </lines>
            </method>
            <method name="GetValidCategoryDescription" signature="()" line-rate="0.75" branch-rate="0.5" complexity="2">
              <lines>
                <line number="33" hits="206" branch="false" />
                <line number="34" hits="206" branch="false" />
                <line number="35" hits="206" branch="false" />
                <line number="36" hits="206" branch="true" condition-coverage="50% (1/2)" />
                <line number="37" hits="0" branch="false" />
                <line number="38" hits="0" branch="false" />
                <line number="39" hits="206" branch="false" />
                <line number="40" hits="206" branch="false" />
              </lines>
            </method>
            <method name="GetExampleCategory" signature="()" line-rate="1" branch-rate="1" complexity="1">
              <lines>
                <line number="43" hits="206" branch="false" />
                <line number="44" hits="206" branch="false" />
                <line number="45" hits="206" branch="false" />
                <line number="46" hits="206" branch="false" />
                <line number="47" hits="206" branch="false" />
              </lines>
            </method>
            <method name="GetExampleCategoriesList" signature="(...)" line-rate="1" branch-rate="1" complexity="1">
              <lines>
                <line number="50" hits="11" branch="false" />
                <line number="51" hits="140" branch="false" />
              </lines>
            </method>
            <method name="GetExampleCategoriesListWithNames" signature="(...)" line-rate="1" branch-rate="1" complexity="1">
              <lines>
                <line number="54" hits="8" branch="false" />
                <line number="55" hits="8" branch="false" />
                <line number="56" hits="72" branch="false" />
                <line number="57" hits="72" branch="false" />
                <line number="58" hits="72" branch="false" />
                <line number="59" hits="72" branch="false" />
                <line number="60" hits="80" branch="false" />
                <line number="61" hits="8" branch="false" />
              </lines>
            </method>
            <method name="CloneCategoriesListOrdered" signature="(...)" line-rate="0.9" branch-rate="0.666666666666667" complexity="6">
              <lines>
                <line number="64" hits="2" branch="false" />
                <line number="65" hits="2" branch="false" />
                <line number="66" hits="2" branch="true" condition-coverage="67% (4/6)" />
                <line number="67" hits="2" branch="false" />
                <line number="68" hits="1" branch="false" />
                <line number="69" hits="1" branch="false" />
                <line number="70" hits="0" branch="false" />
                <line number="71" hits="2" branch="false" />
                <line number="72" hits="2" branch="false" />
                <line number="73" hits="2" branch="false" />
              </lines>
            </method>
            <method name="CreateDbContext" signature="(...)" line-rate="1" branch-rate="1" complexity="2">
              <lines>
                <line number="76" hits="25" branch="false" />
                <line number="77" hits="25" branch="false" />
                <line number="78" hits="25" branch="false" />
                <line number="79" hits="25" branch="false" />
                <line number="80" hits="25" branch="false" />
                <line number="81" hits="25" branch="false" />
                <line number="83" hits="25" branch="true" condition-coverage="100% (2/2)" />
                <line number="84" hits="21" branch="false" />
                <line number="86" hits="25" branch="false" />
                <line number="87" hits="25" branch="false" />
              </lines>
            </method>
          </methods>
          <lines>
            <line number="23" hits="206" branch="false" />
            <line number="24" hits="206" branch="false" />
            <line number="25" hits="412" branch="true" condition-coverage="100% (2/2)" />
            <line number="26" hits="206" branch="false" />
            <line number="27" hits="206" branch="true" condition-coverage="50% (1/2)" />
            <line number="28" hits="0" branch="false" />
            <line number="29" hits="206" branch="false" />
            <line number="30" hits="206" branch="false" />
            <line number="33" hits="206" branch="false" />
            <line number="34" hits="206" branch="false" />
            <line number="35" hits="206" branch="false" />
            <line number="36" hits="206" branch="true" condition-coverage="50% (1/2)" />
            <line number="37" hits="0" branch="false" />
            <line number="38" hits="0" branch="false" />
            <line number="39" hits="206" branch="false" />
            <line number="40" hits="206" branch="false" />
            <line number="43" hits="206" branch="false" />
            <line number="44" hits="206" branch="false" />
            <line number="45" hits="206" branch="false" />
            <line number="46" hits="206" branch="false" />
            <line number="47" hits="206" branch="false" />
            <line number="50" hits="11" branch="false" />
            <line number="51" hits="140" branch="false" />
            <line number="54" hits="8" branch="false" />
            <line number="55" hits="8" branch="false" />
            <line number="56" hits="72" branch="false" />
            <line number="57" hits="72" branch="false" />
            <line number="58" hits="72" branch="false" />
            <line number="59" hits="72" branch="false" />
            <line number="60" hits="80" branch="false" />
            <line number="61" hits="8" branch="false" />
            <line number="64" hits="2" branch="false" />
            <line number="65" hits="2" branch="false" />
            <line number="66" hits="2" branch="true" condition-coverage="67% (4/6)" />
            <line number="67" hits="2" branch="false" />
            <line number="68" hits="1" branch="false" />
            <line number="69" hits="1" branch="false" />
            <line number="70" hits="0" branch="false" />
            <line number="71" hits="2" branch="false" />
            <line number="72" hits="2" branch="false" />
            <line number="73" hits="2" branch="false" />
            <line number="76" hits="25" branch="false" />
            <line number="77" hits="25" branch="false" />
            <line number="78" hits="25" branch="false" />
            <line number="79" hits="25" branch="false" />
            <line number="80" hits="25" branch="false" />
            <line number="81" hits="25" branch="false" />
            <line number="83" hits="25" branch="true" condition-coverage="100% (2/2)" />
            <line number="84" hits="21" branch="false" />
            <line number="86" hits="25" branch="false" />
            <line number="87" hits="25" branch="false" />
          </lines>
        </class>
      </classes>
    </package>
  </packages>
</coverage>