TpTrace Verbose: 0 : 16792, 1, 2023/11/13, 11:49:04.864, 5286236848885, vstest.console.dll, Version: 17.7.1-release-23418-01 Current process architecture: X64
TpTrace Verbose: 0 : 16792, 1, 2023/11/13, 11:49:04.866, 5286236868560, vstest.console.dll, Runtime location: C:\Program Files\dotnet\shared\Microsoft.NETCore.App\7.0.11
TpTrace Verbose: 0 : 16792, 1, 2023/11/13, 11:49:04.869, 5286236906630, vstest.console.dll, ArtifactProcessingPostProcessModeProcessorExecutor.Initialize: ArtifactProcessingMode.Collect
TpTrace Verbose: 0 : 16792, 1, 2023/11/13, 11:49:04.869, 5286236907825, vstest.console.dll, TestSessionCorrelationIdProcessorModeProcessorExecutor.Initialize: TestSessionCorrelationId '13936_bcf167ef-565b-4d6e-9f1c-1d8b72867f35'
TpTrace Information: 0 : 16792, 1, 2023/11/13, 11:49:04.878, 5286236997806, vstest.console.dll, FilePatternParser: The given file D:\dev\FullCycle\FC.Codeflix.Catalog\tests\FC.Codeflix.Catalog.IntegrationTests\bin\Debug\net6.0\fine-code-coverage\build-output\FC.Codeflix.Catalog.IntegrationTests.dll is a full path.
TpTrace Verbose: 0 : 16792, 1, 2023/11/13, 11:49:04.886, 5286237070390, vstest.console.dll, TestPluginCache.DiscoverTestExtensions: finding test extensions in assemblies ends with: RuntimeProvider.dll TPluginInfo: Microsoft.VisualStudio.TestPlatform.Common.ExtensionFramework.Utilities.TestRuntimePluginInformation TExtension: Microsoft.VisualStudio.TestPlatform.ObjectModel.Host.ITestRuntimeProvider
TpTrace Verbose: 0 : 16792, 1, 2023/11/13, 11:49:04.886, 5286237073714, vstest.console.dll, TestPluginCache.GetExtensionPaths: Filtered extension paths: 
TpTrace Verbose: 0 : 16792, 1, 2023/11/13, 11:49:04.886, 5286237074788, vstest.console.dll, TestPluginCache.GetExtensionPaths: Added default extension paths: C:\Program Files\dotnet\sdk\7.0.401\Extensions\Microsoft.Diagnostics.NETCore.Client.dll
C:\Program Files\dotnet\sdk\7.0.401\Extensions\Microsoft.TestPlatform.Extensions.BlameDataCollector.dll
C:\Program Files\dotnet\sdk\7.0.401\Extensions\Microsoft.TestPlatform.Extensions.EventLogCollector.dll
C:\Program Files\dotnet\sdk\7.0.401\Extensions\Microsoft.TestPlatform.TestHostRuntimeProvider.dll
C:\Program Files\dotnet\sdk\7.0.401\Extensions\Microsoft.VisualStudio.TestPlatform.Extensions.Html.TestLogger.dll
C:\Program Files\dotnet\sdk\7.0.401\Extensions\Microsoft.VisualStudio.TestPlatform.Extensions.Trx.TestLogger.dll
TpTrace Verbose: 0 : 16792, 1, 2023/11/13, 11:49:04.886, 5286237075260, vstest.console.dll, TestPluginCache.GetExtensionPaths: Added unfilterableExtensionPaths: 
TpTrace Information: 0 : 16792, 1, 2023/11/13, 11:49:04.887, 5286237084432, vstest.console.dll, AssemblyResolver.ctor: Creating AssemblyResolver with searchDirectories C:\Program Files\dotnet\sdk\7.0.401\Extensions,C:\Program Files\dotnet\sdk\7.0.401
TpTrace Verbose: 0 : 16792, 1, 2023/11/13, 11:49:04.889, 5286237102824, vstest.console.dll, TestPluginCache.DiscoverTestExtensions: Discovering the extensions using extension path.
TpTrace Verbose: 0 : 16792, 1, 2023/11/13, 11:49:04.889, 5286237104501, vstest.console.dll, TestPluginCache.GetExtensionPaths: Filtered extension paths: 
TpTrace Verbose: 0 : 16792, 1, 2023/11/13, 11:49:04.889, 5286237105012, vstest.console.dll, TestPluginCache.GetExtensionPaths: Added default extension paths: C:\Program Files\dotnet\sdk\7.0.401\Extensions\Microsoft.Diagnostics.NETCore.Client.dll
C:\Program Files\dotnet\sdk\7.0.401\Extensions\Microsoft.TestPlatform.Extensions.BlameDataCollector.dll
C:\Program Files\dotnet\sdk\7.0.401\Extensions\Microsoft.TestPlatform.Extensions.EventLogCollector.dll
C:\Program Files\dotnet\sdk\7.0.401\Extensions\Microsoft.TestPlatform.TestHostRuntimeProvider.dll
C:\Program Files\dotnet\sdk\7.0.401\Extensions\Microsoft.VisualStudio.TestPlatform.Extensions.Html.TestLogger.dll
C:\Program Files\dotnet\sdk\7.0.401\Extensions\Microsoft.VisualStudio.TestPlatform.Extensions.Trx.TestLogger.dll
TpTrace Verbose: 0 : 16792, 1, 2023/11/13, 11:49:04.889, 5286237105383, vstest.console.dll, TestPluginCache.GetExtensionPaths: Added unfilterableExtensionPaths: 
TpTrace Verbose: 0 : 16792, 1, 2023/11/13, 11:49:04.890, 5286237112390, vstest.console.dll, TestPluginCache.DiscoverTestExtensions: Discovering the extensions using allExtensionPaths: C:\Program Files\dotnet\sdk\7.0.401\Extensions\Microsoft.Diagnostics.NETCore.Client.dll
C:\Program Files\dotnet\sdk\7.0.401\Extensions\Microsoft.TestPlatform.Extensions.BlameDataCollector.dll
C:\Program Files\dotnet\sdk\7.0.401\Extensions\Microsoft.TestPlatform.Extensions.EventLogCollector.dll
C:\Program Files\dotnet\sdk\7.0.401\Extensions\Microsoft.TestPlatform.TestHostRuntimeProvider.dll
C:\Program Files\dotnet\sdk\7.0.401\Extensions\Microsoft.VisualStudio.TestPlatform.Extensions.Html.TestLogger.dll
C:\Program Files\dotnet\sdk\7.0.401\Extensions\Microsoft.VisualStudio.TestPlatform.Extensions.Trx.TestLogger.dll
TpTrace Information: 0 : 16792, 1, 2023/11/13, 11:49:04.890, 5286237114653, vstest.console.dll, AssemblyResolver.AddSearchDirectories: Adding more searchDirectories C:\Program Files\dotnet\sdk\7.0.401\Extensions,C:\Program Files\dotnet\sdk\7.0.401
TpTrace Information: 0 : 16792, 1, 2023/11/13, 11:49:04.890, 5286237115765, vstest.console.dll, AssemblyResolver.AddSearchDirectories: Adding more searchDirectories C:\Program Files\dotnet\sdk\7.0.401\Extensions,C:\Program Files\dotnet\sdk\7.0.401
TpTrace Information: 0 : 16792, 1, 2023/11/13, 11:49:04.890, 5286237116314, vstest.console.dll, AssemblyResolver.AddSearchDirectories: Adding more searchDirectories C:\Program Files\dotnet\sdk\7.0.401\Extensions,C:\Program Files\dotnet\sdk\7.0.401
TpTrace Information: 0 : 16792, 1, 2023/11/13, 11:49:04.890, 5286237116743, vstest.console.dll, AssemblyResolver.AddSearchDirectories: Adding more searchDirectories C:\Program Files\dotnet\sdk\7.0.401\Extensions,C:\Program Files\dotnet\sdk\7.0.401
TpTrace Information: 0 : 16792, 1, 2023/11/13, 11:49:04.890, 5286237117223, vstest.console.dll, AssemblyResolver.AddSearchDirectories: Adding more searchDirectories C:\Program Files\dotnet\sdk\7.0.401\Extensions,C:\Program Files\dotnet\sdk\7.0.401
TpTrace Information: 0 : 16792, 1, 2023/11/13, 11:49:04.890, 5286237117735, vstest.console.dll, AssemblyResolver.AddSearchDirectories: Adding more searchDirectories C:\Program Files\dotnet\sdk\7.0.401\Extensions,C:\Program Files\dotnet\sdk\7.0.401
TpTrace Information: 0 : 16792, 1, 2023/11/13, 11:49:04.891, 5286237122743, vstest.console.dll, AssemblyResolver.OnResolve: Microsoft.Diagnostics.NETCore.Client: Resolving assembly.
TpTrace Information: 0 : 16792, 1, 2023/11/13, 11:49:04.891, 5286237123585, vstest.console.dll, AssemblyResolver.OnResolve: Microsoft.Diagnostics.NETCore.Client: Searching in: 'C:\Program Files\dotnet\sdk\7.0.401\Extensions'.
TpTrace Information: 0 : 16792, 1, 2023/11/13, 11:49:04.901, 5286237225262, vstest.console.dll, AssemblyResolver.OnResolve: Microsoft.Diagnostics.NETCore.Client: Loading assembly 'C:\Program Files\dotnet\sdk\7.0.401\Extensions\Microsoft.Diagnostics.NETCore.Client.dll'.
TpTrace Information: 0 : 16792, 1, 2023/11/13, 11:49:04.902, 5286237233590, vstest.console.dll, AssemblyResolver.OnResolve: Resolved assembly: Microsoft.Diagnostics.NETCore.Client, from path: C:\Program Files\dotnet\sdk\7.0.401\Extensions\Microsoft.Diagnostics.NETCore.Client.dll
TpTrace Verbose: 0 : 16792, 1, 2023/11/13, 11:49:04.903, 5286237248124, vstest.console.dll, MetadataReaderExtensionsHelper: Discovering extensions inside assembly 'Microsoft.Diagnostics.NETCore.Client, Version=0.2.8.21101, Culture=neutral, PublicKeyToken=31bf3856ad364e35' file path 'C:\Program Files\dotnet\sdk\7.0.401\Extensions\Microsoft.Diagnostics.NETCore.Client.dll'
TpTrace Information: 0 : 16792, 1, 2023/11/13, 11:49:04.910, 5286237317123, vstest.console.dll, AssemblyResolver.OnResolve: Microsoft.Bcl.AsyncInterfaces: Resolving assembly.
TpTrace Information: 0 : 16792, 1, 2023/11/13, 11:49:04.910, 5286237317757, vstest.console.dll, AssemblyResolver.OnResolve: Microsoft.Bcl.AsyncInterfaces: Searching in: 'C:\Program Files\dotnet\sdk\7.0.401\Extensions'.
TpTrace Information: 0 : 16792, 1, 2023/11/13, 11:49:04.911, 5286237319058, vstest.console.dll, AssemblyResolver.OnResolve: Microsoft.Bcl.AsyncInterfaces: Assembly path does not exist: 'C:\Program Files\dotnet\sdk\7.0.401\Extensions\Microsoft.Bcl.AsyncInterfaces.dll', returning.
TpTrace Information: 0 : 16792, 1, 2023/11/13, 11:49:04.911, 5286237321505, vstest.console.dll, AssemblyResolver.OnResolve: Microsoft.Bcl.AsyncInterfaces: Assembly path does not exist: 'C:\Program Files\dotnet\sdk\7.0.401\Extensions\Microsoft.Bcl.AsyncInterfaces.exe', returning.
TpTrace Information: 0 : 16792, 1, 2023/11/13, 11:49:04.911, 5286237322064, vstest.console.dll, AssemblyResolver.OnResolve: Microsoft.Bcl.AsyncInterfaces: Searching in: 'C:\Program Files\dotnet\sdk\7.0.401'.
TpTrace Information: 0 : 16792, 1, 2023/11/13, 11:49:04.911, 5286237323508, vstest.console.dll, AssemblyResolver.OnResolve: Microsoft.Bcl.AsyncInterfaces: Assembly path does not exist: 'C:\Program Files\dotnet\sdk\7.0.401\Microsoft.Bcl.AsyncInterfaces.dll', returning.
TpTrace Information: 0 : 16792, 1, 2023/11/13, 11:49:04.911, 5286237324844, vstest.console.dll, AssemblyResolver.OnResolve: Microsoft.Bcl.AsyncInterfaces: Assembly path does not exist: 'C:\Program Files\dotnet\sdk\7.0.401\Microsoft.Bcl.AsyncInterfaces.exe', returning.
TpTrace Information: 0 : 16792, 1, 2023/11/13, 11:49:04.911, 5286237325477, vstest.console.dll, AssemblyResolver.OnResolve: Microsoft.Bcl.AsyncInterfaces: Failed to load assembly.
TpTrace Verbose: 0 : 16792, 1, 2023/11/13, 11:49:04.911, 5286237325887, vstest.console.dll, CurrentDomainAssemblyResolve: Resolving assembly 'Microsoft.Bcl.AsyncInterfaces'.
TpTrace Information: 0 : 16792, 1, 2023/11/13, 11:49:04.911, 5286237326553, vstest.console.dll, AssemblyResolver.OnResolve: Microsoft.Bcl.AsyncInterfaces: Resolving assembly.
TpTrace Information: 0 : 16792, 1, 2023/11/13, 11:49:04.911, 5286237327013, vstest.console.dll, AssemblyResolver.OnResolve: Microsoft.Bcl.AsyncInterfaces: Resolved from cache.
TpTrace Verbose: 0 : 16792, 1, 2023/11/13, 11:49:04.911, 5286237327354, vstest.console.dll, CurrentDomainAssemblyResolve: Resolving assembly 'Microsoft.Bcl.AsyncInterfaces'.
TpTrace Verbose: 0 : 16792, 1, 2023/11/13, 11:49:04.911, 5286237327801, vstest.console.dll, CurrentDomainAssemblyResolve: Failed to resolve assembly 'Microsoft.Bcl.AsyncInterfaces'.
TpTrace Verbose: 0 : 16792, 1, 2023/11/13, 11:49:04.913, 5286237342977, vstest.console.dll, CurrentDomainAssemblyResolve: Failed to resolve assembly 'Microsoft.Bcl.AsyncInterfaces'.
TpTrace Warning: 0 : 16792, 1, 2023/11/13, 11:49:04.926, 5286237474709, vstest.console.dll, TestPluginDiscoverer: Failed to get types from assembly 'Microsoft.Diagnostics.NETCore.Client, Version=0.2.8.21101, Culture=neutral, PublicKeyToken=31bf3856ad364e35'. Error: System.Reflection.ReflectionTypeLoadException: Unable to load one or more of the requested types.
Could not load file or assembly 'Microsoft.Bcl.AsyncInterfaces, Version=1.0.0.0, Culture=neutral, PublicKeyToken=cc7b13ffcd2ddd51'. The system cannot find the file specified.
   at System.Reflection.RuntimeModule.GetTypes(RuntimeModule module)
   at System.Reflection.Assembly.GetTypes()
   at Microsoft.VisualStudio.TestPlatform.Common.ExtensionFramework.TestPluginDiscoverer.GetTestExtensionsFromAssembly[TPluginInfo,TExtension](Assembly assembly, Dictionary`2 pluginInfos, String filePath) in /_/src/Microsoft.TestPlatform.Common/ExtensionFramework/TestPluginDiscoverer.cs:line 158
System.IO.FileNotFoundException: Could not load file or assembly 'Microsoft.Bcl.AsyncInterfaces, Version=1.0.0.0, Culture=neutral, PublicKeyToken=cc7b13ffcd2ddd51'. The system cannot find the file specified.
File name: 'Microsoft.Bcl.AsyncInterfaces, Version=1.0.0.0, Culture=neutral, PublicKeyToken=cc7b13ffcd2ddd51'
 ---> System.IO.FileNotFoundException: Could not load file or assembly 'Microsoft.Bcl.AsyncInterfaces, Culture=neutral, PublicKeyToken=null'. The system cannot find the file specified.
File name: 'Microsoft.Bcl.AsyncInterfaces, Culture=neutral, PublicKeyToken=null'
   at System.Reflection.RuntimeAssembly.InternalLoad(AssemblyName assemblyName, StackCrawlMark& stackMark, AssemblyLoadContext assemblyLoadContext, RuntimeAssembly requestingAssembly, Boolean throwOnFileNotFound)
   at System.Reflection.Assembly.Load(AssemblyName assemblyRef)
   at Microsoft.VisualStudio.TestPlatform.Common.ExtensionFramework.TestPluginCache.CurrentDomainAssemblyResolve(Object sender, AssemblyResolveEventArgs args) in /_/src/Microsoft.TestPlatform.Common/ExtensionFramework/TestPluginCache.cs:line 513
   at System.Runtime.Loader.AssemblyLoadContext.GetFirstResolvedAssemblyFromResolvingEvent(AssemblyName assemblyName)
   at System.Runtime.Loader.AssemblyLoadContext.ResolveUsingEvent(AssemblyName assemblyName)
   at System.Runtime.Loader.AssemblyLoadContext.ResolveUsingResolvingEvent(IntPtr gchManagedAssemblyLoadContext, AssemblyName assemblyName)
TpTrace Warning: 0 : 16792, 1, 2023/11/13, 11:49:04.927, 5286237479116, vstest.console.dll, LoaderExceptions: System.IO.FileNotFoundException: Could not load file or assembly 'Microsoft.Bcl.AsyncInterfaces, Version=1.0.0.0, Culture=neutral, PublicKeyToken=cc7b13ffcd2ddd51'. The system cannot find the file specified.
File name: 'Microsoft.Bcl.AsyncInterfaces, Version=1.0.0.0, Culture=neutral, PublicKeyToken=cc7b13ffcd2ddd51'
 ---> System.IO.FileNotFoundException: Could not load file or assembly 'Microsoft.Bcl.AsyncInterfaces, Culture=neutral, PublicKeyToken=null'. The system cannot find the file specified.
File name: 'Microsoft.Bcl.AsyncInterfaces, Culture=neutral, PublicKeyToken=null'
   at System.Reflection.RuntimeAssembly.InternalLoad(AssemblyName assemblyName, StackCrawlMark& stackMark, AssemblyLoadContext assemblyLoadContext, RuntimeAssembly requestingAssembly, Boolean throwOnFileNotFound)
   at System.Reflection.Assembly.Load(AssemblyName assemblyRef)
   at Microsoft.VisualStudio.TestPlatform.Common.ExtensionFramework.TestPluginCache.CurrentDomainAssemblyResolve(Object sender, AssemblyResolveEventArgs args) in /_/src/Microsoft.TestPlatform.Common/ExtensionFramework/TestPluginCache.cs:line 513
   at System.Runtime.Loader.AssemblyLoadContext.GetFirstResolvedAssemblyFromResolvingEvent(AssemblyName assemblyName)
   at System.Runtime.Loader.AssemblyLoadContext.ResolveUsingEvent(AssemblyName assemblyName)
   at System.Runtime.Loader.AssemblyLoadContext.ResolveUsingResolvingEvent(IntPtr gchManagedAssemblyLoadContext, AssemblyName assemblyName)
TpTrace Information: 0 : 16792, 1, 2023/11/13, 11:49:04.927, 5286237480892, vstest.console.dll, AssemblyResolver.OnResolve: Microsoft.TestPlatform.Extensions.BlameDataCollector: Resolving assembly.
TpTrace Information: 0 : 16792, 1, 2023/11/13, 11:49:04.927, 5286237481429, vstest.console.dll, AssemblyResolver.OnResolve: Microsoft.TestPlatform.Extensions.BlameDataCollector: Searching in: 'C:\Program Files\dotnet\sdk\7.0.401\Extensions'.
TpTrace Information: 0 : 16792, 1, 2023/11/13, 11:49:04.927, 5286237487613, vstest.console.dll, AssemblyResolver.OnResolve: Microsoft.TestPlatform.Extensions.BlameDataCollector: Loading assembly 'C:\Program Files\dotnet\sdk\7.0.401\Extensions\Microsoft.TestPlatform.Extensions.BlameDataCollector.dll'.
TpTrace Information: 0 : 16792, 1, 2023/11/13, 11:49:04.928, 5286237495451, vstest.console.dll, AssemblyResolver.OnResolve: Resolved assembly: Microsoft.TestPlatform.Extensions.BlameDataCollector, from path: C:\Program Files\dotnet\sdk\7.0.401\Extensions\Microsoft.TestPlatform.Extensions.BlameDataCollector.dll
TpTrace Verbose: 0 : 16792, 1, 2023/11/13, 11:49:04.928, 5286237496663, vstest.console.dll, MetadataReaderExtensionsHelper: Discovering extensions inside assembly 'Microsoft.TestPlatform.Extensions.BlameDataCollector, Version=15.0.0.0, Culture=neutral, PublicKeyToken=b03f5f7f11d50a3a' file path 'C:\Program Files\dotnet\sdk\7.0.401\Extensions\Microsoft.TestPlatform.Extensions.BlameDataCollector.dll'
TpTrace Information: 0 : 16792, 1, 2023/11/13, 11:49:04.930, 5286237515057, vstest.console.dll, AssemblyResolver.OnResolve: Microsoft.TestPlatform.Extensions.EventLogCollector: Resolving assembly.
TpTrace Information: 0 : 16792, 1, 2023/11/13, 11:49:04.930, 5286237515662, vstest.console.dll, AssemblyResolver.OnResolve: Microsoft.TestPlatform.Extensions.EventLogCollector: Searching in: 'C:\Program Files\dotnet\sdk\7.0.401\Extensions'.
TpTrace Information: 0 : 16792, 1, 2023/11/13, 11:49:04.931, 5286237519669, vstest.console.dll, AssemblyResolver.OnResolve: Microsoft.TestPlatform.Extensions.EventLogCollector: Loading assembly 'C:\Program Files\dotnet\sdk\7.0.401\Extensions\Microsoft.TestPlatform.Extensions.EventLogCollector.dll'.
TpTrace Information: 0 : 16792, 1, 2023/11/13, 11:49:04.931, 5286237523886, vstest.console.dll, AssemblyResolver.OnResolve: Resolved assembly: Microsoft.TestPlatform.Extensions.EventLogCollector, from path: C:\Program Files\dotnet\sdk\7.0.401\Extensions\Microsoft.TestPlatform.Extensions.EventLogCollector.dll
TpTrace Verbose: 0 : 16792, 1, 2023/11/13, 11:49:04.931, 5286237524595, vstest.console.dll, MetadataReaderExtensionsHelper: Discovering extensions inside assembly 'Microsoft.TestPlatform.Extensions.EventLogCollector, Version=15.0.0.0, Culture=neutral, PublicKeyToken=b03f5f7f11d50a3a' file path 'C:\Program Files\dotnet\sdk\7.0.401\Extensions\Microsoft.TestPlatform.Extensions.EventLogCollector.dll'
TpTrace Information: 0 : 16792, 1, 2023/11/13, 11:49:04.934, 5286237553440, vstest.console.dll, AssemblyResolver.OnResolve: Microsoft.TestPlatform.TestHostRuntimeProvider: Resolving assembly.
TpTrace Information: 0 : 16792, 1, 2023/11/13, 11:49:04.934, 5286237554183, vstest.console.dll, AssemblyResolver.OnResolve: Microsoft.TestPlatform.TestHostRuntimeProvider: Searching in: 'C:\Program Files\dotnet\sdk\7.0.401\Extensions'.
TpTrace Information: 0 : 16792, 1, 2023/11/13, 11:49:04.935, 5286237559905, vstest.console.dll, AssemblyResolver.OnResolve: Microsoft.TestPlatform.TestHostRuntimeProvider: Loading assembly 'C:\Program Files\dotnet\sdk\7.0.401\Extensions\Microsoft.TestPlatform.TestHostRuntimeProvider.dll'.
TpTrace Information: 0 : 16792, 1, 2023/11/13, 11:49:04.935, 5286237566831, vstest.console.dll, AssemblyResolver.OnResolve: Resolved assembly: Microsoft.TestPlatform.TestHostRuntimeProvider, from path: C:\Program Files\dotnet\sdk\7.0.401\Extensions\Microsoft.TestPlatform.TestHostRuntimeProvider.dll
TpTrace Verbose: 0 : 16792, 1, 2023/11/13, 11:49:04.935, 5286237567747, vstest.console.dll, MetadataReaderExtensionsHelper: Discovering extensions inside assembly 'Microsoft.TestPlatform.TestHostRuntimeProvider, Version=15.0.0.0, Culture=neutral, PublicKeyToken=b03f5f7f11d50a3a' file path 'C:\Program Files\dotnet\sdk\7.0.401\Extensions\Microsoft.TestPlatform.TestHostRuntimeProvider.dll'
TpTrace Information: 0 : 16792, 1, 2023/11/13, 11:49:04.938, 5286237590849, vstest.console.dll, GetTestExtensionFromType: Register extension with identifier data 'HostProvider://DefaultTestHost' and type 'Microsoft.VisualStudio.TestPlatform.CrossPlatEngine.Hosting.DefaultTestHostManager, Microsoft.TestPlatform.TestHostRuntimeProvider, Version=15.0.0.0, Culture=neutral, PublicKeyToken=b03f5f7f11d50a3a' inside file 'C:\Program Files\dotnet\sdk\7.0.401\Extensions\Microsoft.TestPlatform.TestHostRuntimeProvider.dll'
TpTrace Information: 0 : 16792, 1, 2023/11/13, 11:49:04.938, 5286237593302, vstest.console.dll, GetTestExtensionFromType: Register extension with identifier data 'HostProvider://DotnetTestHost' and type 'Microsoft.VisualStudio.TestPlatform.CrossPlatEngine.Hosting.DotnetTestHostManager, Microsoft.TestPlatform.TestHostRuntimeProvider, Version=15.0.0.0, Culture=neutral, PublicKeyToken=b03f5f7f11d50a3a' inside file 'C:\Program Files\dotnet\sdk\7.0.401\Extensions\Microsoft.TestPlatform.TestHostRuntimeProvider.dll'
TpTrace Information: 0 : 16792, 1, 2023/11/13, 11:49:04.938, 5286237594168, vstest.console.dll, AssemblyResolver.OnResolve: Microsoft.VisualStudio.TestPlatform.Extensions.Html.TestLogger: Resolving assembly.
TpTrace Information: 0 : 16792, 1, 2023/11/13, 11:49:04.938, 5286237594618, vstest.console.dll, AssemblyResolver.OnResolve: Microsoft.VisualStudio.TestPlatform.Extensions.Html.TestLogger: Searching in: 'C:\Program Files\dotnet\sdk\7.0.401\Extensions'.
TpTrace Information: 0 : 16792, 1, 2023/11/13, 11:49:04.939, 5286237600841, vstest.console.dll, AssemblyResolver.OnResolve: Microsoft.VisualStudio.TestPlatform.Extensions.Html.TestLogger: Loading assembly 'C:\Program Files\dotnet\sdk\7.0.401\Extensions\Microsoft.VisualStudio.TestPlatform.Extensions.Html.TestLogger.dll'.
TpTrace Information: 0 : 16792, 1, 2023/11/13, 11:49:04.940, 5286237608358, vstest.console.dll, AssemblyResolver.OnResolve: Resolved assembly: Microsoft.VisualStudio.TestPlatform.Extensions.Html.TestLogger, from path: C:\Program Files\dotnet\sdk\7.0.401\Extensions\Microsoft.VisualStudio.TestPlatform.Extensions.Html.TestLogger.dll
TpTrace Verbose: 0 : 16792, 1, 2023/11/13, 11:49:04.940, 5286237609364, vstest.console.dll, MetadataReaderExtensionsHelper: Discovering extensions inside assembly 'Microsoft.VisualStudio.TestPlatform.Extensions.Html.TestLogger, Version=15.0.0.0, Culture=neutral, PublicKeyToken=b03f5f7f11d50a3a' file path 'C:\Program Files\dotnet\sdk\7.0.401\Extensions\Microsoft.VisualStudio.TestPlatform.Extensions.Html.TestLogger.dll'
TpTrace Information: 0 : 16792, 1, 2023/11/13, 11:49:04.941, 5286237620619, vstest.console.dll, AssemblyResolver.OnResolve: Microsoft.VisualStudio.TestPlatform.Extensions.Trx.TestLogger: Resolving assembly.
TpTrace Information: 0 : 16792, 1, 2023/11/13, 11:49:04.941, 5286237621323, vstest.console.dll, AssemblyResolver.OnResolve: Microsoft.VisualStudio.TestPlatform.Extensions.Trx.TestLogger: Searching in: 'C:\Program Files\dotnet\sdk\7.0.401\Extensions'.
TpTrace Information: 0 : 16792, 1, 2023/11/13, 11:49:04.941, 5286237627194, vstest.console.dll, AssemblyResolver.OnResolve: Microsoft.VisualStudio.TestPlatform.Extensions.Trx.TestLogger: Loading assembly 'C:\Program Files\dotnet\sdk\7.0.401\Extensions\Microsoft.VisualStudio.TestPlatform.Extensions.Trx.TestLogger.dll'.
TpTrace Information: 0 : 16792, 1, 2023/11/13, 11:49:04.942, 5286237634962, vstest.console.dll, AssemblyResolver.OnResolve: Resolved assembly: Microsoft.VisualStudio.TestPlatform.Extensions.Trx.TestLogger, from path: C:\Program Files\dotnet\sdk\7.0.401\Extensions\Microsoft.VisualStudio.TestPlatform.Extensions.Trx.TestLogger.dll
TpTrace Verbose: 0 : 16792, 1, 2023/11/13, 11:49:04.942, 5286237635928, vstest.console.dll, MetadataReaderExtensionsHelper: Discovering extensions inside assembly 'Microsoft.VisualStudio.TestPlatform.Extensions.Trx.TestLogger, Version=15.0.0.0, Culture=neutral, PublicKeyToken=b03f5f7f11d50a3a' file path 'C:\Program Files\dotnet\sdk\7.0.401\Extensions\Microsoft.VisualStudio.TestPlatform.Extensions.Trx.TestLogger.dll'
TpTrace Verbose: 0 : 16792, 1, 2023/11/13, 11:49:04.944, 5286237650543, vstest.console.dll, TestPluginCache: Discovered the extensions using extension path ''.
TpTrace Verbose: 0 : 16792, 1, 2023/11/13, 11:49:04.944, 5286237651200, vstest.console.dll, TestPluginCache: Discoverers are ''.
TpTrace Verbose: 0 : 16792, 1, 2023/11/13, 11:49:04.944, 5286237651563, vstest.console.dll, TestPluginCache: Executors are ''.
TpTrace Verbose: 0 : 16792, 1, 2023/11/13, 11:49:04.944, 5286237651946, vstest.console.dll, TestPluginCache: Executors2 are ''.
TpTrace Verbose: 0 : 16792, 1, 2023/11/13, 11:49:04.944, 5286237652246, vstest.console.dll, TestPluginCache: Setting providers are ''.
TpTrace Verbose: 0 : 16792, 1, 2023/11/13, 11:49:04.944, 5286237652540, vstest.console.dll, TestPluginCache: Loggers are ''.
TpTrace Verbose: 0 : 16792, 1, 2023/11/13, 11:49:04.944, 5286237653815, vstest.console.dll, TestPluginCache: TestHosts are 'HostProvider://DefaultTestHost,HostProvider://DotnetTestHost'.
TpTrace Verbose: 0 : 16792, 1, 2023/11/13, 11:49:04.944, 5286237654278, vstest.console.dll, TestPluginCache: DataCollectors are ''.
TpTrace Information: 0 : 16792, 1, 2023/11/13, 11:49:04.956, 5286237777671, vstest.console.dll, RunTestsArgumentProcessor:Execute: Test run is starting.
TpTrace Verbose: 0 : 16792, 1, 2023/11/13, 11:49:04.957, 5286237778285, vstest.console.dll, RunTestsArgumentProcessor:Execute: Queuing Test run.
TpTrace Information: 0 : 16792, 1, 2023/11/13, 11:49:04.957, 5286237781460, vstest.console.dll, TestRequestManager.RunTests: run tests started.
TpTrace Information: 0 : 16792, 1, 2023/11/13, 11:49:04.958, 5286237795478, vstest.console.dll, AssemblyMetadataProvider.GetFrameworkName: Determined framework:'.NETCoreApp,Version=v6.0' for source: 'D:\dev\FullCycle\FC.Codeflix.Catalog\tests\FC.Codeflix.Catalog.IntegrationTests\bin\Debug\net6.0\fine-code-coverage\build-output\FC.Codeflix.Catalog.IntegrationTests.dll'
TpTrace Information: 0 : 16792, 1, 2023/11/13, 11:49:04.958, 5286237797084, vstest.console.dll, Determined framework for all sources: .NETCoreApp,Version=v6.0
TpTrace Verbose: 0 : 16792, 1, 2023/11/13, 11:49:04.959, 5286237802034, vstest.console.dll, TestRequestManager.UpdateRunSettingsIfRequired: Default architecture: X64 IsDefaultTargetArchitecture: True, Current process architecture: X64 OperatingSystem: Windows.
TpTrace Information: 0 : 16792, 1, 2023/11/13, 11:49:04.961, 5286237822103, vstest.console.dll, AssemblyMetadataProvider.GetArchitecture: Determined architecture:AnyCPU info for assembly: D:\dev\FullCycle\FC.Codeflix.Catalog\tests\FC.Codeflix.Catalog.IntegrationTests\bin\Debug\net6.0\fine-code-coverage\build-output\FC.Codeflix.Catalog.IntegrationTests.dll
TpTrace Information: 0 : 16792, 1, 2023/11/13, 11:49:04.961, 5286237822668, vstest.console.dll, Determined platform for source 'D:\dev\FullCycle\FC.Codeflix.Catalog\tests\FC.Codeflix.Catalog.IntegrationTests\bin\Debug\net6.0\fine-code-coverage\build-output\FC.Codeflix.Catalog.IntegrationTests.dll' was AnyCPU and it will use the default plaform X64.
TpTrace Information: 0 : 16792, 1, 2023/11/13, 11:49:04.961, 5286237823069, vstest.console.dll, None of the sources provided any runnable platform, using the default platform: X64
TpTrace Information: 0 : 16792, 1, 2023/11/13, 11:49:04.961, 5286237823915, vstest.console.dll, Platform was updated to 'X64'.
TpTrace Information: 0 : 16792, 1, 2023/11/13, 11:49:04.965, 5286237859266, vstest.console.dll, InferRunSettingsHelper.IsTestSettingsEnabled: Unable to navigate to RunSettings/MSTest. Current node: RunSettings
TpTrace Information: 0 : 16792, 1, 2023/11/13, 11:49:04.965, 5286237866227, vstest.console.dll, AssemblyResolver.OnResolve: Microsoft.VisualStudio.TestPlatform.Fakes: Resolving assembly.
TpTrace Information: 0 : 16792, 1, 2023/11/13, 11:49:04.965, 5286237866829, vstest.console.dll, AssemblyResolver.OnResolve: Microsoft.VisualStudio.TestPlatform.Fakes: Searching in: 'C:\Program Files\dotnet\sdk\7.0.401\Extensions'.
TpTrace Information: 0 : 16792, 1, 2023/11/13, 11:49:04.965, 5286237868214, vstest.console.dll, AssemblyResolver.OnResolve: Microsoft.VisualStudio.TestPlatform.Fakes: Assembly path does not exist: 'C:\Program Files\dotnet\sdk\7.0.401\Extensions\Microsoft.VisualStudio.TestPlatform.Fakes.dll', returning.
TpTrace Information: 0 : 16792, 1, 2023/11/13, 11:49:04.966, 5286237869506, vstest.console.dll, AssemblyResolver.OnResolve: Microsoft.VisualStudio.TestPlatform.Fakes: Assembly path does not exist: 'C:\Program Files\dotnet\sdk\7.0.401\Extensions\Microsoft.VisualStudio.TestPlatform.Fakes.exe', returning.
TpTrace Information: 0 : 16792, 1, 2023/11/13, 11:49:04.966, 5286237870019, vstest.console.dll, AssemblyResolver.OnResolve: Microsoft.VisualStudio.TestPlatform.Fakes: Searching in: 'C:\Program Files\dotnet\sdk\7.0.401'.
TpTrace Information: 0 : 16792, 1, 2023/11/13, 11:49:04.966, 5286237871215, vstest.console.dll, AssemblyResolver.OnResolve: Microsoft.VisualStudio.TestPlatform.Fakes: Assembly path does not exist: 'C:\Program Files\dotnet\sdk\7.0.401\Microsoft.VisualStudio.TestPlatform.Fakes.dll', returning.
TpTrace Information: 0 : 16792, 1, 2023/11/13, 11:49:04.966, 5286237872569, vstest.console.dll, AssemblyResolver.OnResolve: Microsoft.VisualStudio.TestPlatform.Fakes: Assembly path does not exist: 'C:\Program Files\dotnet\sdk\7.0.401\Microsoft.VisualStudio.TestPlatform.Fakes.exe', returning.
TpTrace Information: 0 : 16792, 1, 2023/11/13, 11:49:04.966, 5286237873056, vstest.console.dll, AssemblyResolver.OnResolve: Microsoft.VisualStudio.TestPlatform.Fakes: Failed to load assembly.
TpTrace Information: 0 : 16792, 1, 2023/11/13, 11:49:04.966, 5286237875725, vstest.console.dll, Failed to load assembly Microsoft.VisualStudio.TestPlatform.Fakes, Version=17.0.0.0, Culture=neutral. Reason:System.IO.FileNotFoundException: Could not load file or assembly 'Microsoft.VisualStudio.TestPlatform.Fakes, Version=17.0.0.0, Culture=neutral, PublicKeyToken=null'. The system cannot find the file specified.
File name: 'Microsoft.VisualStudio.TestPlatform.Fakes, Version=17.0.0.0, Culture=neutral, PublicKeyToken=null'
   at System.Reflection.RuntimeAssembly.InternalLoad(AssemblyName assemblyName, StackCrawlMark& stackMark, AssemblyLoadContext assemblyLoadContext, RuntimeAssembly requestingAssembly, Boolean throwOnFileNotFound)
   at System.Reflection.Assembly.Load(AssemblyName assemblyRef)
   at Microsoft.VisualStudio.TestPlatform.Common.Utilities.FakesUtilities.LoadTestPlatformAssembly() in /_/src/Microsoft.TestPlatform.Common/Utilities/FakesUtilities.cs:line 272
TpTrace Verbose: 0 : 16792, 1, 2023/11/13, 11:49:04.970, 5286237913585, vstest.console.dll, TestPluginCache.DiscoverTestExtensions: finding test extensions in assemblies ends with: TestLogger.dll TPluginInfo: Microsoft.VisualStudio.TestPlatform.Common.ExtensionFramework.Utilities.TestLoggerPluginInformation TExtension: Microsoft.VisualStudio.TestPlatform.ObjectModel.Client.ITestLogger
TpTrace Verbose: 0 : 16792, 1, 2023/11/13, 11:49:04.970, 5286237914405, vstest.console.dll, TestPluginCache.GetExtensionPaths: Filtered extension paths: 
TpTrace Verbose: 0 : 16792, 1, 2023/11/13, 11:49:04.970, 5286237914838, vstest.console.dll, TestPluginCache.GetExtensionPaths: Added default extension paths: C:\Program Files\dotnet\sdk\7.0.401\Extensions\Microsoft.Diagnostics.NETCore.Client.dll
C:\Program Files\dotnet\sdk\7.0.401\Extensions\Microsoft.TestPlatform.Extensions.BlameDataCollector.dll
C:\Program Files\dotnet\sdk\7.0.401\Extensions\Microsoft.TestPlatform.Extensions.EventLogCollector.dll
C:\Program Files\dotnet\sdk\7.0.401\Extensions\Microsoft.TestPlatform.TestHostRuntimeProvider.dll
C:\Program Files\dotnet\sdk\7.0.401\Extensions\Microsoft.VisualStudio.TestPlatform.Extensions.Html.TestLogger.dll
C:\Program Files\dotnet\sdk\7.0.401\Extensions\Microsoft.VisualStudio.TestPlatform.Extensions.Trx.TestLogger.dll
TpTrace Verbose: 0 : 16792, 1, 2023/11/13, 11:49:04.970, 5286237915246, vstest.console.dll, TestPluginCache.GetExtensionPaths: Added unfilterableExtensionPaths: 
TpTrace Information: 0 : 16792, 1, 2023/11/13, 11:49:04.970, 5286237916845, vstest.console.dll, AssemblyResolver.AddSearchDirectories: Adding more searchDirectories C:\Program Files\dotnet\sdk\7.0.401\Extensions,C:\Program Files\dotnet\sdk\7.0.401
TpTrace Verbose: 0 : 16792, 1, 2023/11/13, 11:49:04.970, 5286237917407, vstest.console.dll, TestPluginCache.DiscoverTestExtensions: Discovering the extensions using extension path.
TpTrace Verbose: 0 : 16792, 1, 2023/11/13, 11:49:04.970, 5286237917823, vstest.console.dll, TestPluginCache.GetExtensionPaths: Filtered extension paths: 
TpTrace Verbose: 0 : 16792, 1, 2023/11/13, 11:49:04.971, 5286237918244, vstest.console.dll, TestPluginCache.GetExtensionPaths: Added default extension paths: C:\Program Files\dotnet\sdk\7.0.401\Extensions\Microsoft.Diagnostics.NETCore.Client.dll
C:\Program Files\dotnet\sdk\7.0.401\Extensions\Microsoft.TestPlatform.Extensions.BlameDataCollector.dll
C:\Program Files\dotnet\sdk\7.0.401\Extensions\Microsoft.TestPlatform.Extensions.EventLogCollector.dll
C:\Program Files\dotnet\sdk\7.0.401\Extensions\Microsoft.TestPlatform.TestHostRuntimeProvider.dll
C:\Program Files\dotnet\sdk\7.0.401\Extensions\Microsoft.VisualStudio.TestPlatform.Extensions.Html.TestLogger.dll
C:\Program Files\dotnet\sdk\7.0.401\Extensions\Microsoft.VisualStudio.TestPlatform.Extensions.Trx.TestLogger.dll
TpTrace Verbose: 0 : 16792, 1, 2023/11/13, 11:49:04.971, 5286237918583, vstest.console.dll, TestPluginCache.GetExtensionPaths: Added unfilterableExtensionPaths: 
TpTrace Verbose: 0 : 16792, 1, 2023/11/13, 11:49:04.971, 5286237919498, vstest.console.dll, TestPluginCache.DiscoverTestExtensions: Discovering the extensions using allExtensionPaths: C:\Program Files\dotnet\sdk\7.0.401\Extensions\Microsoft.Diagnostics.NETCore.Client.dll
C:\Program Files\dotnet\sdk\7.0.401\Extensions\Microsoft.TestPlatform.Extensions.BlameDataCollector.dll
C:\Program Files\dotnet\sdk\7.0.401\Extensions\Microsoft.TestPlatform.Extensions.EventLogCollector.dll
C:\Program Files\dotnet\sdk\7.0.401\Extensions\Microsoft.TestPlatform.TestHostRuntimeProvider.dll
C:\Program Files\dotnet\sdk\7.0.401\Extensions\Microsoft.VisualStudio.TestPlatform.Extensions.Html.TestLogger.dll
C:\Program Files\dotnet\sdk\7.0.401\Extensions\Microsoft.VisualStudio.TestPlatform.Extensions.Trx.TestLogger.dll
TpTrace Information: 0 : 16792, 1, 2023/11/13, 11:49:04.971, 5286237920169, vstest.console.dll, AssemblyResolver.AddSearchDirectories: Adding more searchDirectories C:\Program Files\dotnet\sdk\7.0.401\Extensions,C:\Program Files\dotnet\sdk\7.0.401
TpTrace Information: 0 : 16792, 1, 2023/11/13, 11:49:04.971, 5286237920675, vstest.console.dll, AssemblyResolver.AddSearchDirectories: Adding more searchDirectories C:\Program Files\dotnet\sdk\7.0.401\Extensions,C:\Program Files\dotnet\sdk\7.0.401
TpTrace Information: 0 : 16792, 1, 2023/11/13, 11:49:04.971, 5286237921055, vstest.console.dll, AssemblyResolver.AddSearchDirectories: Adding more searchDirectories C:\Program Files\dotnet\sdk\7.0.401\Extensions,C:\Program Files\dotnet\sdk\7.0.401
TpTrace Information: 0 : 16792, 1, 2023/11/13, 11:49:04.971, 5286237921419, vstest.console.dll, AssemblyResolver.AddSearchDirectories: Adding more searchDirectories C:\Program Files\dotnet\sdk\7.0.401\Extensions,C:\Program Files\dotnet\sdk\7.0.401
TpTrace Information: 0 : 16792, 1, 2023/11/13, 11:49:04.971, 5286237921828, vstest.console.dll, AssemblyResolver.AddSearchDirectories: Adding more searchDirectories C:\Program Files\dotnet\sdk\7.0.401\Extensions,C:\Program Files\dotnet\sdk\7.0.401
TpTrace Information: 0 : 16792, 1, 2023/11/13, 11:49:04.971, 5286237922205, vstest.console.dll, AssemblyResolver.AddSearchDirectories: Adding more searchDirectories C:\Program Files\dotnet\sdk\7.0.401\Extensions,C:\Program Files\dotnet\sdk\7.0.401
TpTrace Verbose: 0 : 16792, 1, 2023/11/13, 11:49:04.971, 5286237923254, vstest.console.dll, MetadataReaderExtensionsHelper: Discovering extensions inside assembly 'Microsoft.Diagnostics.NETCore.Client, Version=0.2.8.21101, Culture=neutral, PublicKeyToken=31bf3856ad364e35' file path 'C:\Program Files\dotnet\sdk\7.0.401\Extensions\Microsoft.Diagnostics.NETCore.Client.dll'
TpTrace Information: 0 : 16792, 1, 2023/11/13, 11:49:04.972, 5286237933127, vstest.console.dll, AssemblyResolver.OnResolve: Microsoft.Bcl.AsyncInterfaces: Resolving assembly.
TpTrace Information: 0 : 16792, 1, 2023/11/13, 11:49:04.972, 5286237933666, vstest.console.dll, AssemblyResolver.OnResolve: Microsoft.Bcl.AsyncInterfaces: Resolved from cache.
TpTrace Verbose: 0 : 16792, 1, 2023/11/13, 11:49:04.972, 5286237934026, vstest.console.dll, CurrentDomainAssemblyResolve: Resolving assembly 'Microsoft.Bcl.AsyncInterfaces'.
TpTrace Information: 0 : 16792, 1, 2023/11/13, 11:49:04.972, 5286237934524, vstest.console.dll, AssemblyResolver.OnResolve: Microsoft.Bcl.AsyncInterfaces: Resolving assembly.
TpTrace Information: 0 : 16792, 1, 2023/11/13, 11:49:04.972, 5286237934890, vstest.console.dll, AssemblyResolver.OnResolve: Microsoft.Bcl.AsyncInterfaces: Resolved from cache.
TpTrace Verbose: 0 : 16792, 1, 2023/11/13, 11:49:04.972, 5286237935286, vstest.console.dll, CurrentDomainAssemblyResolve: Resolving assembly 'Microsoft.Bcl.AsyncInterfaces'.
TpTrace Verbose: 0 : 16792, 1, 2023/11/13, 11:49:04.972, 5286237935607, vstest.console.dll, CurrentDomainAssemblyResolve: Failed to resolve assembly 'Microsoft.Bcl.AsyncInterfaces'.
TpTrace Verbose: 0 : 16792, 1, 2023/11/13, 11:49:04.972, 5286237937050, vstest.console.dll, CurrentDomainAssemblyResolve: Failed to resolve assembly 'Microsoft.Bcl.AsyncInterfaces'.
TpTrace Warning: 0 : 16792, 1, 2023/11/13, 11:49:04.973, 5286237940782, vstest.console.dll, TestPluginDiscoverer: Failed to get types from assembly 'Microsoft.Diagnostics.NETCore.Client, Version=0.2.8.21101, Culture=neutral, PublicKeyToken=31bf3856ad364e35'. Error: System.Reflection.ReflectionTypeLoadException: Unable to load one or more of the requested types.
Could not load file or assembly 'Microsoft.Bcl.AsyncInterfaces, Version=1.0.0.0, Culture=neutral, PublicKeyToken=cc7b13ffcd2ddd51'. The system cannot find the file specified.
   at System.Reflection.RuntimeModule.GetTypes(RuntimeModule module)
   at System.Reflection.Assembly.GetTypes()
   at Microsoft.VisualStudio.TestPlatform.Common.ExtensionFramework.TestPluginDiscoverer.GetTestExtensionsFromAssembly[TPluginInfo,TExtension](Assembly assembly, Dictionary`2 pluginInfos, String filePath) in /_/src/Microsoft.TestPlatform.Common/ExtensionFramework/TestPluginDiscoverer.cs:line 158
System.IO.FileNotFoundException: Could not load file or assembly 'Microsoft.Bcl.AsyncInterfaces, Version=1.0.0.0, Culture=neutral, PublicKeyToken=cc7b13ffcd2ddd51'. The system cannot find the file specified.
File name: 'Microsoft.Bcl.AsyncInterfaces, Version=1.0.0.0, Culture=neutral, PublicKeyToken=cc7b13ffcd2ddd51'
 ---> System.IO.FileNotFoundException: Could not load file or assembly 'Microsoft.Bcl.AsyncInterfaces, Culture=neutral, PublicKeyToken=null'. The system cannot find the file specified.
File name: 'Microsoft.Bcl.AsyncInterfaces, Culture=neutral, PublicKeyToken=null'
   at System.Reflection.RuntimeAssembly.InternalLoad(AssemblyName assemblyName, StackCrawlMark& stackMark, AssemblyLoadContext assemblyLoadContext, RuntimeAssembly requestingAssembly, Boolean throwOnFileNotFound)
   at System.Reflection.Assembly.Load(AssemblyName assemblyRef)
   at Microsoft.VisualStudio.TestPlatform.Common.ExtensionFramework.TestPluginCache.CurrentDomainAssemblyResolve(Object sender, AssemblyResolveEventArgs args) in /_/src/Microsoft.TestPlatform.Common/ExtensionFramework/TestPluginCache.cs:line 513
   at System.Runtime.Loader.AssemblyLoadContext.GetFirstResolvedAssemblyFromResolvingEvent(AssemblyName assemblyName)
   at System.Runtime.Loader.AssemblyLoadContext.ResolveUsingEvent(AssemblyName assemblyName)
   at System.Runtime.Loader.AssemblyLoadContext.ResolveUsingResolvingEvent(IntPtr gchManagedAssemblyLoadContext, AssemblyName assemblyName)
TpTrace Warning: 0 : 16792, 1, 2023/11/13, 11:49:04.973, 5286237942599, vstest.console.dll, LoaderExceptions: System.IO.FileNotFoundException: Could not load file or assembly 'Microsoft.Bcl.AsyncInterfaces, Version=1.0.0.0, Culture=neutral, PublicKeyToken=cc7b13ffcd2ddd51'. The system cannot find the file specified.
File name: 'Microsoft.Bcl.AsyncInterfaces, Version=1.0.0.0, Culture=neutral, PublicKeyToken=cc7b13ffcd2ddd51'
 ---> System.IO.FileNotFoundException: Could not load file or assembly 'Microsoft.Bcl.AsyncInterfaces, Culture=neutral, PublicKeyToken=null'. The system cannot find the file specified.
File name: 'Microsoft.Bcl.AsyncInterfaces, Culture=neutral, PublicKeyToken=null'
   at System.Reflection.RuntimeAssembly.InternalLoad(AssemblyName assemblyName, StackCrawlMark& stackMark, AssemblyLoadContext assemblyLoadContext, RuntimeAssembly requestingAssembly, Boolean throwOnFileNotFound)
   at System.Reflection.Assembly.Load(AssemblyName assemblyRef)
   at Microsoft.VisualStudio.TestPlatform.Common.ExtensionFramework.TestPluginCache.CurrentDomainAssemblyResolve(Object sender, AssemblyResolveEventArgs args) in /_/src/Microsoft.TestPlatform.Common/ExtensionFramework/TestPluginCache.cs:line 513
   at System.Runtime.Loader.AssemblyLoadContext.GetFirstResolvedAssemblyFromResolvingEvent(AssemblyName assemblyName)
   at System.Runtime.Loader.AssemblyLoadContext.ResolveUsingEvent(AssemblyName assemblyName)
   at System.Runtime.Loader.AssemblyLoadContext.ResolveUsingResolvingEvent(IntPtr gchManagedAssemblyLoadContext, AssemblyName assemblyName)
TpTrace Verbose: 0 : 16792, 1, 2023/11/13, 11:49:04.973, 5286237943495, vstest.console.dll, MetadataReaderExtensionsHelper: Discovering extensions inside assembly 'Microsoft.TestPlatform.Extensions.BlameDataCollector, Version=15.0.0.0, Culture=neutral, PublicKeyToken=b03f5f7f11d50a3a' file path 'C:\Program Files\dotnet\sdk\7.0.401\Extensions\Microsoft.TestPlatform.Extensions.BlameDataCollector.dll'
TpTrace Information: 0 : 16792, 1, 2023/11/13, 11:49:04.974, 5286237951017, vstest.console.dll, GetTestExtensionFromType: Register extension with identifier data 'logger://Microsoft/TestPlatform/Extensions/Blame/v1' and type 'Microsoft.TestPlatform.Extensions.BlameDataCollector.BlameLogger, Microsoft.TestPlatform.Extensions.BlameDataCollector, Version=15.0.0.0, Culture=neutral, PublicKeyToken=b03f5f7f11d50a3a' inside file 'C:\Program Files\dotnet\sdk\7.0.401\Extensions\Microsoft.TestPlatform.Extensions.BlameDataCollector.dll'
TpTrace Verbose: 0 : 16792, 1, 2023/11/13, 11:49:04.974, 5286237951762, vstest.console.dll, MetadataReaderExtensionsHelper: Discovering extensions inside assembly 'Microsoft.TestPlatform.Extensions.EventLogCollector, Version=15.0.0.0, Culture=neutral, PublicKeyToken=b03f5f7f11d50a3a' file path 'C:\Program Files\dotnet\sdk\7.0.401\Extensions\Microsoft.TestPlatform.Extensions.EventLogCollector.dll'
TpTrace Verbose: 0 : 16792, 1, 2023/11/13, 11:49:04.974, 5286237955086, vstest.console.dll, MetadataReaderExtensionsHelper: Discovering extensions inside assembly 'Microsoft.TestPlatform.TestHostRuntimeProvider, Version=15.0.0.0, Culture=neutral, PublicKeyToken=b03f5f7f11d50a3a' file path 'C:\Program Files\dotnet\sdk\7.0.401\Extensions\Microsoft.TestPlatform.TestHostRuntimeProvider.dll'
TpTrace Verbose: 0 : 16792, 1, 2023/11/13, 11:49:04.975, 5286237960805, vstest.console.dll, MetadataReaderExtensionsHelper: Discovering extensions inside assembly 'Microsoft.VisualStudio.TestPlatform.Extensions.Html.TestLogger, Version=15.0.0.0, Culture=neutral, PublicKeyToken=b03f5f7f11d50a3a' file path 'C:\Program Files\dotnet\sdk\7.0.401\Extensions\Microsoft.VisualStudio.TestPlatform.Extensions.Html.TestLogger.dll'
TpTrace Information: 0 : 16792, 1, 2023/11/13, 11:49:04.976, 5286237968289, vstest.console.dll, GetTestExtensionFromType: Register extension with identifier data 'logger://Microsoft/TestPlatform/HtmlLogger/v1' and type 'Microsoft.VisualStudio.TestPlatform.Extensions.HtmlLogger.HtmlLogger, Microsoft.VisualStudio.TestPlatform.Extensions.Html.TestLogger, Version=15.0.0.0, Culture=neutral, PublicKeyToken=b03f5f7f11d50a3a' inside file 'C:\Program Files\dotnet\sdk\7.0.401\Extensions\Microsoft.VisualStudio.TestPlatform.Extensions.Html.TestLogger.dll'
TpTrace Verbose: 0 : 16792, 1, 2023/11/13, 11:49:04.976, 5286237969003, vstest.console.dll, MetadataReaderExtensionsHelper: Discovering extensions inside assembly 'Microsoft.VisualStudio.TestPlatform.Extensions.Trx.TestLogger, Version=15.0.0.0, Culture=neutral, PublicKeyToken=b03f5f7f11d50a3a' file path 'C:\Program Files\dotnet\sdk\7.0.401\Extensions\Microsoft.VisualStudio.TestPlatform.Extensions.Trx.TestLogger.dll'
TpTrace Information: 0 : 16792, 1, 2023/11/13, 11:49:04.976, 5286237976503, vstest.console.dll, GetTestExtensionFromType: Register extension with identifier data 'logger://Microsoft/TestPlatform/TrxLogger/v1' and type 'Microsoft.VisualStudio.TestPlatform.Extensions.TrxLogger.TrxLogger, Microsoft.VisualStudio.TestPlatform.Extensions.Trx.TestLogger, Version=15.0.0.0, Culture=neutral, PublicKeyToken=b03f5f7f11d50a3a' inside file 'C:\Program Files\dotnet\sdk\7.0.401\Extensions\Microsoft.VisualStudio.TestPlatform.Extensions.Trx.TestLogger.dll'
TpTrace Verbose: 0 : 16792, 1, 2023/11/13, 11:49:04.976, 5286237977829, vstest.console.dll, TestPluginCache: Discovered the extensions using extension path ''.
TpTrace Verbose: 0 : 16792, 1, 2023/11/13, 11:49:04.977, 5286237978301, vstest.console.dll, TestPluginCache: Discoverers are ''.
TpTrace Verbose: 0 : 16792, 1, 2023/11/13, 11:49:04.977, 5286237978629, vstest.console.dll, TestPluginCache: Executors are ''.
TpTrace Verbose: 0 : 16792, 1, 2023/11/13, 11:49:04.977, 5286237978929, vstest.console.dll, TestPluginCache: Executors2 are ''.
TpTrace Verbose: 0 : 16792, 1, 2023/11/13, 11:49:04.977, 5286237979523, vstest.console.dll, TestPluginCache: Setting providers are ''.
TpTrace Verbose: 0 : 16792, 1, 2023/11/13, 11:49:04.977, 5286237980531, vstest.console.dll, TestPluginCache: Loggers are 'logger://Microsoft/TestPlatform/Extensions/Blame/v1,logger://Microsoft/TestPlatform/HtmlLogger/v1,logger://Microsoft/TestPlatform/TrxLogger/v1'.
TpTrace Verbose: 0 : 16792, 1, 2023/11/13, 11:49:04.977, 5286237981286, vstest.console.dll, TestPluginCache: TestHosts are 'HostProvider://DefaultTestHost,HostProvider://DotnetTestHost'.
TpTrace Verbose: 0 : 16792, 1, 2023/11/13, 11:49:04.977, 5286237981689, vstest.console.dll, TestPluginCache: DataCollectors are ''.
TpTrace Information: 0 : 16792, 1, 2023/11/13, 11:49:04.978, 5286237991707, vstest.console.dll, TestPluginManager.CreateTestExtension: Attempting to load test extension: Microsoft.TestPlatform.Extensions.BlameDataCollector.BlameLogger
TpTrace Verbose: 0 : 16792, 1, 2023/11/13, 11:49:04.987, 5286238083116, vstest.console.dll, TestEngine: Initializing Parallel Execution as MaxCpuCount is set to: 1
TpTrace Information: 0 : 16792, 1, 2023/11/13, 11:49:04.989, 5286238100391, vstest.console.dll, TestPluginManager.CreateTestExtension: Attempting to load test extension: Microsoft.VisualStudio.TestPlatform.CrossPlatEngine.Hosting.DefaultTestHostManager
TpTrace Information: 0 : 16792, 1, 2023/11/13, 11:49:04.990, 5286238112856, vstest.console.dll, TestPluginManager.CreateTestExtension: Attempting to load test extension: Microsoft.VisualStudio.TestPlatform.CrossPlatEngine.Hosting.DotnetTestHostManager
TpTrace Information: 0 : 16792, 1, 2023/11/13, 11:49:04.991, 5286238119960, vstest.console.dll, InferRunSettingsHelper.IsTestSettingsEnabled: Unable to navigate to RunSettings/MSTest. Current node: RunSettings
TpTrace Verbose: 0 : 16792, 1, 2023/11/13, 11:49:04.992, 5286238128520, vstest.console.dll, ParallelOperationManager.ClearSlots: Clearing all slots. Slots should accept more work: True
TpTrace Verbose: 0 : 16792, 1, 2023/11/13, 11:49:04.992, 5286238136817, vstest.console.dll, ParallelOperationManager.SetOccupiedSlotCount: Setting slot counts AvailableSlotCount = 1, OccupiedSlotCount = 0.
TpTrace Verbose: 0 : 16792, 1, 2023/11/13, 11:49:04.993, 5286238141399, vstest.console.dll, Occupied slots:

TpTrace Verbose: 0 : 16792, 1, 2023/11/13, 11:49:04.996, 5286238175680, vstest.console.dll, TestEngine.GetExecutionManager: Chosen execution manager 'Microsoft.VisualStudio.TestPlatform.CrossPlatEngine.Client.Parallel.ParallelProxyExecutionManager, Microsoft.TestPlatform.CrossPlatEngine, Version=15.0.0.0, Culture=neutral, PublicKeyToken=b03f5f7f11d50a3a' ParallelLevel '1'.
TpTrace Verbose: 0 : 16792, 1, 2023/11/13, 11:49:04.996, 5286238177019, vstest.console.dll, TestRunRequest.ExecuteAsync: Creating test run request.
TpTrace Verbose: 0 : 16792, 1, 2023/11/13, 11:49:04.997, 5286238179334, vstest.console.dll, TestRunRequest.ExecuteAsync: Starting.
TpTrace Information: 0 : 16792, 1, 2023/11/13, 11:49:04.997, 5286238182595, vstest.console.dll, TestRunRequest.ExecuteAsync: Starting run with settings:TestRunCriteria:
   KeepAlive=False,FrequencyOfRunStatsChangeEvent=10,RunStatsChangeEventTimeout=00:00:01.5000000,TestCaseFilter=,TestExecutorLauncher=
   Settingsxml=<RunSettings>
  <RunConfiguration>
    <ResultsDirectory>D:\dev\FullCycle\FC.Codeflix.Catalog\tests\FC.Codeflix.Catalog.IntegrationTests\bin\Debug\net6.0\fine-code-coverage\coverage-tool-output</ResultsDirectory>
    <TargetPlatform>X64</TargetPlatform>
    <TargetFrameworkVersion>.NETCoreApp,Version=v6.0</TargetFrameworkVersion>
    <DesignMode>False</DesignMode>
    <CollectSourceInformation>False</CollectSourceInformation>
  </RunConfiguration>
  <LoggerRunSettings>
    <Loggers>
      <Logger friendlyName="blame" enabled="True" />
      <Logger friendlyName="Console" uri="logger://microsoft/TestPlatform/ConsoleLogger/v1" assemblyQualifiedName="Microsoft.VisualStudio.TestPlatform.CommandLine.Internal.ConsoleLogger, vstest.console, Version=15.0.0.0, Culture=neutral, PublicKeyToken=b03f5f7f11d50a3a" codeBase="C:\Program Files\dotnet\sdk\7.0.401\vstest.console.dll" enabled="True" />
    </Loggers>
  </LoggerRunSettings>
  <DataCollectionRunSettings>
    <DataCollectors>
      <DataCollector friendlyName="blame" enabled="True">
        <Configuration>
          <ResultsDirectory>D:\dev\FullCycle\FC.Codeflix.Catalog\tests\FC.Codeflix.Catalog.IntegrationTests\bin\Debug\net6.0\fine-code-coverage\coverage-tool-output</ResultsDirectory>
        </Configuration>
      </DataCollector>
    </DataCollectors>
  </DataCollectionRunSettings>
</RunSettings>

TpTrace Verbose: 0 : 16792, 1, 2023/11/13, 11:49:04.997, 5286238183231, vstest.console.dll, TestRunRequest.ExecuteAsync: Wait for the first run request is over.
TpTrace Verbose: 0 : 16792, 1, 2023/11/13, 11:49:04.997, 5286238185950, vstest.console.dll, MulticastDelegateUtilities.SafeInvoke: TestRun.TestRunStart: Invoking callbacks was skipped because there are no subscribers.
TpTrace Verbose: 0 : 16792, 4, 2023/11/13, 11:49:04.998, 5286238188555, vstest.console.dll, MulticastDelegateUtilities.SafeInvoke: InternalTestLoggerEvents.SendTestRunStart: Invoking callback 1/1 for Microsoft.VisualStudio.TestPlatform.CommandLine.Internal.ConsoleLogger., took 0 ms.
TpTrace Verbose: 0 : 16792, 1, 2023/11/13, 11:49:04.999, 5286238202268, vstest.console.dll, ParallelProxyExecutionManager: Start execution. Total sources: 1
TpTrace Verbose: 0 : 16792, 1, 2023/11/13, 11:49:04.999, 5286238206277, vstest.console.dll, ParallelOperationManager.StartWork: Starting adding 1 workloads.
TpTrace Verbose: 0 : 16792, 1, 2023/11/13, 11:49:04.999, 5286238207690, vstest.console.dll, ParallelOperationManager.ClearSlots: Clearing all slots. Slots should accept more work: True
TpTrace Verbose: 0 : 16792, 1, 2023/11/13, 11:49:05.000, 5286238208559, vstest.console.dll, ParallelOperationManager.SetOccupiedSlotCount: Setting slot counts AvailableSlotCount = 1, OccupiedSlotCount = 0.
TpTrace Verbose: 0 : 16792, 1, 2023/11/13, 11:49:05.000, 5286238209088, vstest.console.dll, Occupied slots:

TpTrace Verbose: 0 : 16792, 1, 2023/11/13, 11:49:05.001, 5286238224392, vstest.console.dll, TestRequestSender is acting as server.
TpTrace Verbose: 0 : 16792, 1, 2023/11/13, 11:49:05.002, 5286238237651, vstest.console.dll, ParallelOperationManager.RunWorkInParallel: Adding 1 workload to slot, remaining workloads 0.
TpTrace Verbose: 0 : 16792, 1, 2023/11/13, 11:49:05.003, 5286238238290, vstest.console.dll, ParallelOperationManager.SetOccupiedSlotCount: Setting slot counts AvailableSlotCount = 0, OccupiedSlotCount = 1.
TpTrace Verbose: 0 : 16792, 1, 2023/11/13, 11:49:05.003, 5286238239431, vstest.console.dll, Occupied slots:
0: D:\dev\FullCycle\FC.Codeflix.Catalog\tests\FC.Codeflix.Catalog.IntegrationTests\bin\Debug\net6.0\fine-code-coverage\build-output\FC.Codeflix.Catalog.IntegrationTests.dll
TpTrace Verbose: 0 : 16792, 1, 2023/11/13, 11:49:05.004, 5286238253123, vstest.console.dll, ParallelOperationManager.RunWorkInParallel: Started host in slot number 0 for work (source): D:\dev\FullCycle\FC.Codeflix.Catalog\tests\FC.Codeflix.Catalog.IntegrationTests\bin\Debug\net6.0\fine-code-coverage\build-output\FC.Codeflix.Catalog.IntegrationTests.dll.
TpTrace Verbose: 0 : 16792, 1, 2023/11/13, 11:49:05.005, 5286238262004, vstest.console.dll, ParallelOperationManager.RunWorkInParallel: We started 1 work items, which is the max parallel level. Won't start more work.
TpTrace Verbose: 0 : 16792, 1, 2023/11/13, 11:49:05.005, 5286238262630, vstest.console.dll, ParallelOperationManager.RunWorkInParallel: We started 1 work items in here, returning True.
TpTrace Information: 0 : 16792, 1, 2023/11/13, 11:49:05.005, 5286238263071, vstest.console.dll, TestRunRequest.ExecuteAsync: Started.
TpTrace Verbose: 0 : 16792, 1, 2023/11/13, 11:49:05.005, 5286238264049, vstest.console.dll, TestRunRequest.WaitForCompletion: Waiting with timeout -1.
TpTrace Verbose: 0 : 16792, 5, 2023/11/13, 11:49:05.005, 5286238264500, vstest.console.dll, ParallelProxyExecutionManager.StartTestRunOnConcurrentManager: Initializing uninitialized client. Started clients: 0
TpTrace Verbose: 0 : 16792, 5, 2023/11/13, 11:49:05.005, 5286238266298, vstest.console.dll, DataCollectionRequestSender.InitializeCommunication : Initialize communication. 
TpTrace Information: 0 : 16792, 5, 2023/11/13, 11:49:05.011, 5286238321657, vstest.console.dll, Listening on Endpoint : 127.0.0.1:51520
TpTrace Verbose: 0 : 16792, 5, 2023/11/13, 11:49:05.019, 5286238401875, vstest.console.dll, DotnetDataCollectionLauncher: Adding  --runtimeconfig "C:\Program Files\dotnet\sdk\7.0.401\datacollector.runtimeconfig.json" in args
TpTrace Verbose: 0 : 16792, 5, 2023/11/13, 11:49:05.019, 5286238403875, vstest.console.dll, DotnetDataCollectionLauncher: Adding  --depsfile "C:\Program Files\dotnet\sdk\7.0.401\datacollector.deps.json" in args
TpTrace Verbose: 0 : 16792, 5, 2023/11/13, 11:49:05.019, 5286238406178, vstest.console.dll, DotnetDataCollectionLauncher: Full path of dotnet.exe is C:\Program Files\dotnet\dotnet.exe
TpTrace Information: 0 : 16792, 5, 2023/11/13, 11:49:05.027, 5286238479845, vstest.console.dll, ProxyDataCollectionManager.Initialize: Launched datacollector processId: 15484 port: 51520
TpTrace Information: 0 : 16792, 5, 2023/11/13, 11:49:05.027, 5286238481242, vstest.console.dll, ProxyDataCollectionManager.Initialize: waiting for connection with timeout: 90 seconds
TpTrace Verbose: 0 : 16792, 5, 2023/11/13, 11:49:05.027, 5286238482351, vstest.console.dll, DataCollectionRequestSender.WaitForRequestHandlerConnection : Waiting for connection with timeout: 90000
TpTrace Information: 0 : 16792, 7, 2023/11/13, 11:49:05.219, 5286240403013, vstest.console.dll, Using the buffer size of 16384 bytes
TpTrace Verbose: 0 : 16792, 5, 2023/11/13, 11:49:05.219, 5286240403355, vstest.console.dll, SocketCommunicationManager.WaitForClientConnection took: 192 ms, with 90000 ms timeout, and finished with True.
TpTrace Information: 0 : 16792, 7, 2023/11/13, 11:49:05.219, 5286240404133, vstest.console.dll, Accepted Client request and set the flag
TpTrace Verbose: 0 : 16792, 5, 2023/11/13, 11:49:05.219, 5286240405454, vstest.console.dll, ProxyDataCollectionManager.InvokeDataCollectionServiceAction: Starting.
TpTrace Information: 0 : 16792, 5, 2023/11/13, 11:49:05.219, 5286240406381, vstest.console.dll, ProxyDataCollectionManager.BeforeTestRunStart: Get environment variable and port for datacollector processId: 15484 port: 51520
TpTrace Verbose: 0 : 16792, 5, 2023/11/13, 11:49:05.219, 5286240407750, vstest.console.dll, DataCollectionRequestSender.SendBeforeTestRunStartAndGetResult: Send BeforeTestRunStart message with settingsXml <RunSettings><RunConfiguration><ResultsDirectory>D:\dev\FullCycle\FC.Codeflix.Catalog\tests\FC.Codeflix.Catalog.IntegrationTests\bin\Debug\net6.0\fine-code-coverage\coverage-tool-output</ResultsDirectory><TargetPlatform>X64</TargetPlatform><TargetFrameworkVersion>.NETCoreApp,Version=v6.0</TargetFrameworkVersion><DesignMode>False</DesignMode><CollectSourceInformation>False</CollectSourceInformation><TestAdaptersPaths>C:\Program Files\dotnet\sdk\7.0.401\Extensions</TestAdaptersPaths></RunConfiguration><LoggerRunSettings><Loggers><Logger friendlyName="blame" enabled="True" /><Logger friendlyName="Console" uri="logger://microsoft/TestPlatform/ConsoleLogger/v1" assemblyQualifiedName="Microsoft.VisualStudio.TestPlatform.CommandLine.Internal.ConsoleLogger, vstest.console, Version=15.0.0.0, Culture=neutral, PublicKeyToken=b03f5f7f11d50a3a" codeBase="C:\Program Files\dotnet\sdk\7.0.401\vstest.console.dll" enabled="True" /></Loggers></LoggerRunSettings><DataCollectionRunSettings><DataCollectors><DataCollector friendlyName="blame" enabled="True"><Configuration><ResultsDirectory>D:\dev\FullCycle\FC.Codeflix.Catalog\tests\FC.Codeflix.Catalog.IntegrationTests\bin\Debug\net6.0\fine-code-coverage\coverage-tool-output</ResultsDirectory></Configuration></DataCollector></DataCollectors></DataCollectionRunSettings></RunSettings> and sources System.Collections.Generic.List`1[System.String]: 
TpTrace Verbose: 0 : 16792, 5, 2023/11/13, 11:49:05.317, 5286241380110, vstest.console.dll, DataCollectionRequestSender.SendBeforeTestRunStartAndGetResult: Received message: (DataCollection.SendMessage) -> {"MessageType":"DataCollection.SendMessage","Payload":{"FriendlyName":null,"Uri":null,"TestCaseId":"00000000-0000-0000-0000-000000000000","Message":"Logging DataCollector Diagnostics in file: D:\\dev\\FullCycle\\FC.Codeflix.Catalog\\tests\\FC.Codeflix.Catalog.IntegrationTests\\bin\\Debug\\net6.0\\fine-code-coverage\\coverage-tool-output\\diagnostics.datacollector.23-11-13_11-49-05_01904_5.log","Level":0}}
TpTrace Verbose: 0 : 16792, 5, 2023/11/13, 11:49:05.418, 5286242397326, vstest.console.dll, DataCollectionRequestSender.SendBeforeTestRunStartAndGetResult: Received message: (DataCollection.BeforeTestRunStartResult) -> {"MessageType":"DataCollection.BeforeTestRunStartResult","Payload":{"EnvironmentVariables":{},"DataCollectionEventsPort":51522}}
TpTrace Information: 0 : 16792, 5, 2023/11/13, 11:49:05.424, 5286242454103, vstest.console.dll, ProxyDataCollectionManager.BeforeTestRunStart: SendBeforeTestRunStartAndGetResult successful, env variable from datacollector:   and testhost port: 51522
TpTrace Information: 0 : 16792, 5, 2023/11/13, 11:49:05.424, 5286242454762, vstest.console.dll, ProxyDataCollectionManager.InvokeDataCollectionServiceAction: Completed.
TpTrace Verbose: 0 : 16792, 5, 2023/11/13, 11:49:05.424, 5286242455246, vstest.console.dll, ParallelProxyExecutionManager.StartTestRunOnConcurrentManager: Initializing test run. Started clients: 0
TpTrace Verbose: 0 : 16792, 5, 2023/11/13, 11:49:05.424, 5286242456176, vstest.console.dll, ProxyExecutionManager: Test host is always Lazy initialize.
TpTrace Verbose: 0 : 16792, 5, 2023/11/13, 11:49:05.425, 5286242458725, vstest.console.dll, TestRequestSender.InitializeCommunication: initialize communication. 
TpTrace Information: 0 : 16792, 5, 2023/11/13, 11:49:05.425, 5286242464594, vstest.console.dll, SocketServer.Start: Listening on endpoint : 127.0.0.1:51523
TpTrace Verbose: 0 : 16792, 5, 2023/11/13, 11:49:05.426, 5286242473749, vstest.console.dll, DotnetTestHostmanager.GetTestHostProcessStartInfo: Platform environment 'X64' target architecture 'X64' framework '.NETCoreApp,Version=v6.0' OS 'Windows'
TpTrace Verbose: 0 : 16792, 5, 2023/11/13, 11:49:05.426, 5286242475446, vstest.console.dll, DotnetTestHostmanager: Adding  --runtimeconfig "D:\dev\FullCycle\FC.Codeflix.Catalog\tests\FC.Codeflix.Catalog.IntegrationTests\bin\Debug\net6.0\fine-code-coverage\build-output\FC.Codeflix.Catalog.IntegrationTests.runtimeconfig.json" in args
TpTrace Verbose: 0 : 16792, 5, 2023/11/13, 11:49:05.426, 5286242476156, vstest.console.dll, DotnetTestHostmanager: Adding  --depsfile "D:\dev\FullCycle\FC.Codeflix.Catalog\tests\FC.Codeflix.Catalog.IntegrationTests\bin\Debug\net6.0\fine-code-coverage\build-output\FC.Codeflix.Catalog.IntegrationTests.deps.json" in args
TpTrace Verbose: 0 : 16792, 5, 2023/11/13, 11:49:05.427, 5286242478844, vstest.console.dll, DotnetTestHostmanager.IsWinOnArm: Current PROCESSOR_ARCHITECTURE from environment variable 'AMD64'
TpTrace Verbose: 0 : 16792, 5, 2023/11/13, 11:49:05.427, 5286242479712, vstest.console.dll, DotnetTestHostmanager.IsWinOnArm: Is Windows on ARM 'False'
TpTrace Verbose: 0 : 16792, 5, 2023/11/13, 11:49:05.427, 5286242480430, vstest.console.dll, DotnetTestHostManager: testhost.exe found at path: D:\dev\FullCycle\FC.Codeflix.Catalog\tests\FC.Codeflix.Catalog.IntegrationTests\bin\Debug\net6.0\fine-code-coverage\build-output\testhost.exe
TpTrace Verbose: 0 : 16792, 5, 2023/11/13, 11:49:05.427, 5286242480931, vstest.console.dll, DotnetTestHostmanager: Full path of host exe is D:\dev\FullCycle\FC.Codeflix.Catalog\tests\FC.Codeflix.Catalog.IntegrationTests\bin\Debug\net6.0\fine-code-coverage\build-output\testhost.exe
TpTrace Verbose: 0 : 16792, 5, 2023/11/13, 11:49:05.427, 5286242482508, vstest.console.dll, DotnetTestHostmanager.LaunchTestHostAsync: Found 'VSTEST_WINAPPHOST_DOTNET_ROOT' in env variables, value 'C:\Program Files\dotnet', forwarding to 'DOTNET_ROOT'
TpTrace Verbose: 0 : 16792, 5, 2023/11/13, 11:49:05.427, 5286242484390, vstest.console.dll, DotnetTestHostManager: Starting process 'D:\dev\FullCycle\FC.Codeflix.Catalog\tests\FC.Codeflix.Catalog.IntegrationTests\bin\Debug\net6.0\fine-code-coverage\build-output\testhost.exe' with command line ' --runtimeconfig "D:\dev\FullCycle\FC.Codeflix.Catalog\tests\FC.Codeflix.Catalog.IntegrationTests\bin\Debug\net6.0\fine-code-coverage\build-output\FC.Codeflix.Catalog.IntegrationTests.runtimeconfig.json" --depsfile "D:\dev\FullCycle\FC.Codeflix.Catalog\tests\FC.Codeflix.Catalog.IntegrationTests\bin\Debug\net6.0\fine-code-coverage\build-output\FC.Codeflix.Catalog.IntegrationTests.deps.json" --port 51523 --endpoint 127.0.0.1:051523 --role client --parentprocessid 16792 --diag "D:\dev\FullCycle\FC.Codeflix.Catalog\tests\FC.Codeflix.Catalog.IntegrationTests\bin\Debug\net6.0\fine-code-coverage\coverage-tool-output\diagnostics.host.23-11-13_11-49-05_42605_5.log" --tracelevel 4 --datacollectionport 51522 --telemetryoptedin false'
TpTrace Verbose: 0 : 16792, 5, 2023/11/13, 11:49:05.437, 5286242582541, vstest.console.dll, MulticastDelegateUtilities.SafeInvoke: HostProviderEvents.OnHostLaunched: Invoking callback 1/2 for Microsoft.VisualStudio.TestPlatform.CrossPlatEngine.Client.ProxyExecutionManagerWithDataCollection., took 1 ms.
TpTrace Verbose: 0 : 16792, 5, 2023/11/13, 11:49:05.437, 5286242586452, vstest.console.dll, Test Runtime launched
TpTrace Verbose: 0 : 16792, 5, 2023/11/13, 11:49:05.437, 5286242587441, vstest.console.dll, MulticastDelegateUtilities.SafeInvoke: HostProviderEvents.OnHostLaunched: Invoking callback 2/2 for Microsoft.VisualStudio.TestPlatform.CrossPlatEngine.Client.ProxyOperationManager., took 0 ms.
TpTrace Verbose: 0 : 16792, 5, 2023/11/13, 11:49:05.438, 5286242590216, vstest.console.dll, TestRequestSender.WaitForRequestHandlerConnection: waiting for connection with timeout: 90000.
TpTrace Verbose: 0 : 16792, 5, 2023/11/13, 11:49:05.639, 5286244600490, vstest.console.dll, TestRequestSender.WaitForRequestHandlerConnection: waiting took 201 ms, with timeout 90000 ms, and result 0, which is success.
TpTrace Verbose: 0 : 16792, 12, 2023/11/13, 11:49:05.639, 5286244600477, vstest.console.dll, MulticastDelegateUtilities.SafeInvoke: SocketServer: ClientConnected: Invoking callback 1/1 for Microsoft.VisualStudio.TestPlatform.CommunicationUtilities.TestRequestSender., took 0 ms.
TpTrace Verbose: 0 : 16792, 12, 2023/11/13, 11:49:05.639, 5286244602380, vstest.console.dll, SocketServer.OnClientConnected: Client connected for endPoint: 127.0.0.1:51523, starting MessageLoopAsync:
TpTrace Verbose: 0 : 16792, 12, 2023/11/13, 11:49:05.639, 5286244605389, vstest.console.dll, TcpClientExtensions.MessageLoopAsync: Polling on remoteEndPoint: 127.0.0.1:51524 localEndPoint: 127.0.0.1:51523
TpTrace Verbose: 0 : 16792, 5, 2023/11/13, 11:49:05.640, 5286244611831, vstest.console.dll, TestRequestSender.CheckVersionWithTestHost: Sending check version message: {"MessageType":"ProtocolVersion","Payload":7}
TpTrace Verbose: 0 : 16792, 12, 2023/11/13, 11:49:05.801, 5286246219406, vstest.console.dll, TcpClientExtensions.MessageLoopAsync: NotifyDataAvailable remoteEndPoint: 127.0.0.1:51524 localEndPoint: 127.0.0.1:51523
TpTrace Verbose: 0 : 16792, 12, 2023/11/13, 11:49:05.801, 5286246222162, vstest.console.dll, TestRequestSender.CheckVersionWithTestHost: onMessageReceived received message: (ProtocolVersion) -> {"MessageType":"ProtocolVersion","Payload":7}
TpTrace Verbose: 0 : 16792, 12, 2023/11/13, 11:49:05.802, 5286246229861, vstest.console.dll, MulticastDelegateUtilities.SafeInvoke: LengthPrefixCommunicationChannel: MessageReceived: Invoking callback 1/1 for Microsoft.VisualStudio.TestPlatform.CommunicationUtilities.TestRequestSender+<>c__DisplayClass29_0., took 0 ms.
TpTrace Verbose: 0 : 16792, 5, 2023/11/13, 11:49:05.802, 5286246230986, vstest.console.dll, TestPluginCache.GetExtensionPaths: Filtered extension paths: 
TpTrace Verbose: 0 : 16792, 12, 2023/11/13, 11:49:05.802, 5286246231109, vstest.console.dll, TcpClientExtensions.MessageLoopAsync: Polling on remoteEndPoint: 127.0.0.1:51524 localEndPoint: 127.0.0.1:51523
TpTrace Verbose: 0 : 16792, 5, 2023/11/13, 11:49:05.802, 5286246232113, vstest.console.dll, TestPluginCache.GetExtensionPaths: Added default extension paths: C:\Program Files\dotnet\sdk\7.0.401\Extensions\Microsoft.Diagnostics.NETCore.Client.dll
C:\Program Files\dotnet\sdk\7.0.401\Extensions\Microsoft.TestPlatform.Extensions.BlameDataCollector.dll
C:\Program Files\dotnet\sdk\7.0.401\Extensions\Microsoft.TestPlatform.Extensions.EventLogCollector.dll
C:\Program Files\dotnet\sdk\7.0.401\Extensions\Microsoft.TestPlatform.TestHostRuntimeProvider.dll
C:\Program Files\dotnet\sdk\7.0.401\Extensions\Microsoft.VisualStudio.TestPlatform.Extensions.Html.TestLogger.dll
C:\Program Files\dotnet\sdk\7.0.401\Extensions\Microsoft.VisualStudio.TestPlatform.Extensions.Trx.TestLogger.dll
TpTrace Verbose: 0 : 16792, 5, 2023/11/13, 11:49:05.802, 5286246234257, vstest.console.dll, TestPluginCache.GetExtensionPaths: Added unfilterableExtensionPaths: 
TpTrace Verbose: 0 : 16792, 5, 2023/11/13, 11:49:05.806, 5286246275324, vstest.console.dll, TestRequestSender.InitializeExecution: Sending initialize execution with message: {"Version":7,"MessageType":"TestExecution.Initialize","Payload":["D:\\dev\\FullCycle\\FC.Codeflix.Catalog\\tests\\FC.Codeflix.Catalog.IntegrationTests\\bin\\Debug\\net6.0\\fine-code-coverage\\build-output\\xunit.runner.visualstudio.dotnetcore.testadapter.dll"]}
TpTrace Verbose: 0 : 16792, 5, 2023/11/13, 11:49:05.806, 5286246277155, vstest.console.dll, ParallelProxyExecutionManager.StartTestRunOnConcurrentManager: Execution starting. Started clients: 1
TpTrace Verbose: 0 : 16792, 5, 2023/11/13, 11:49:05.807, 5286246280308, vstest.console.dll, TestRunRequest:SendTestRunMessage: Starting.
TpTrace Verbose: 0 : 16792, 5, 2023/11/13, 11:49:05.807, 5286246282057, vstest.console.dll, MulticastDelegateUtilities.SafeInvoke: TestRun.LogMessages: Invoking callback 1/1 for Microsoft.VisualStudio.TestPlatform.CommandLine.TestRunResultAggregator., took 0 ms.
TpTrace Information: 0 : 16792, 5, 2023/11/13, 11:49:05.807, 5286246282827, vstest.console.dll, TestRunRequest:SendTestRunMessage: Completed.
TpTrace Verbose: 0 : 16792, 4, 2023/11/13, 11:49:05.807, 5286246284647, vstest.console.dll, MulticastDelegateUtilities.SafeInvoke: InternalTestLoggerEvents.SendTestRunMessage: Invoking callback 1/1 for Microsoft.VisualStudio.TestPlatform.CommandLine.Internal.ConsoleLogger., took 0 ms.
TpTrace Warning: 0 : 16792, 5, 2023/11/13, 11:49:05.807, 5286246287462, vstest.console.dll, InferRunSettingsHelper.MakeRunsettingsCompatible: Removing the following settings: TargetPlatform from RunSettings file. To use those settings please move to latest version of Microsoft.NET.Test.Sdk
TpTrace Verbose: 0 : 16792, 12, 2023/11/13, 11:49:05.808, 5286246293372, vstest.console.dll, TcpClientExtensions.MessageLoopAsync: NotifyDataAvailable remoteEndPoint: 127.0.0.1:51524 localEndPoint: 127.0.0.1:51523
TpTrace Verbose: 0 : 16792, 12, 2023/11/13, 11:49:05.808, 5286246296976, vstest.console.dll, TestRequestSender.OnExecutionMessageReceived: Received message: {"Version":7,"MessageType":"TestSession.Message","Payload":{"MessageLevel":0,"Message":"Logging TestHost Diagnostics in file: D:\\dev\\FullCycle\\FC.Codeflix.Catalog\\tests\\FC.Codeflix.Catalog.IntegrationTests\\bin\\Debug\\net6.0\\fine-code-coverage\\coverage-tool-output\\diagnostics.host.23-11-13_11-49-05_42605_5.log"}}
TpTrace Verbose: 0 : 16792, 12, 2023/11/13, 11:49:05.812, 5286246328694, vstest.console.dll, TestRunRequest:SendTestRunMessage: Starting.
TpTrace Verbose: 0 : 16792, 12, 2023/11/13, 11:49:05.812, 5286246330298, vstest.console.dll, MulticastDelegateUtilities.SafeInvoke: TestRun.LogMessages: Invoking callback 1/1 for Microsoft.VisualStudio.TestPlatform.CommandLine.TestRunResultAggregator., took 0 ms.
TpTrace Verbose: 0 : 16792, 4, 2023/11/13, 11:49:05.812, 5286246330524, vstest.console.dll, MulticastDelegateUtilities.SafeInvoke: InternalTestLoggerEvents.SendTestRunMessage: Invoking callback 1/1 for Microsoft.VisualStudio.TestPlatform.CommandLine.Internal.ConsoleLogger., took 0 ms.
TpTrace Information: 0 : 16792, 12, 2023/11/13, 11:49:05.812, 5286246332361, vstest.console.dll, TestRunRequest:SendTestRunMessage: Completed.
TpTrace Verbose: 0 : 16792, 12, 2023/11/13, 11:49:05.812, 5286246333275, vstest.console.dll, MulticastDelegateUtilities.SafeInvoke: LengthPrefixCommunicationChannel: MessageReceived: Invoking callback 1/1 for Microsoft.VisualStudio.TestPlatform.CommunicationUtilities.TestRequestSender+<>c__DisplayClass34_0., took 3 ms.
TpTrace Verbose: 0 : 16792, 12, 2023/11/13, 11:49:05.812, 5286246333797, vstest.console.dll, TcpClientExtensions.MessageLoopAsync: Polling on remoteEndPoint: 127.0.0.1:51524 localEndPoint: 127.0.0.1:51523
TpTrace Verbose: 0 : 16792, 5, 2023/11/13, 11:49:05.817, 5286246381357, vstest.console.dll, TestRequestSender.StartTestRun: Sending test run with message: {"Version":7,"MessageType":"TestExecution.StartWithSources","Payload":{"AdapterSourceMap":{"_none_":["D:\\dev\\FullCycle\\FC.Codeflix.Catalog\\tests\\FC.Codeflix.Catalog.IntegrationTests\\bin\\Debug\\net6.0\\fine-code-coverage\\build-output\\FC.Codeflix.Catalog.IntegrationTests.dll"]},"RunSettings":"<RunSettings>\r\n  <RunConfiguration>\r\n    <ResultsDirectory>D:\\dev\\FullCycle\\FC.Codeflix.Catalog\\tests\\FC.Codeflix.Catalog.IntegrationTests\\bin\\Debug\\net6.0\\fine-code-coverage\\coverage-tool-output</ResultsDirectory>\r\n    <TargetFrameworkVersion>.NETCoreApp,Version=v6.0</TargetFrameworkVersion>\r\n    <DesignMode>False</DesignMode>\r\n    <CollectSourceInformation>False</CollectSourceInformation>\r\n  </RunConfiguration>\r\n  <LoggerRunSettings>\r\n    <Loggers>\r\n      <Logger friendlyName=\"blame\" enabled=\"True\" />\r\n      <Logger friendlyName=\"Console\" uri=\"logger://microsoft/TestPlatform/ConsoleLogger/v1\" assemblyQualifiedName=\"Microsoft.VisualStudio.TestPlatform.CommandLine.Internal.ConsoleLogger, vstest.console, Version=15.0.0.0, Culture=neutral, PublicKeyToken=b03f5f7f11d50a3a\" codeBase=\"C:\\Program Files\\dotnet\\sdk\\7.0.401\\vstest.console.dll\" enabled=\"True\" />\r\n    </Loggers>\r\n  </LoggerRunSettings>\r\n  <DataCollectionRunSettings>\r\n    <DataCollectors>\r\n      <DataCollector friendlyName=\"blame\" enabled=\"True\">\r\n        <Configuration>\r\n          <ResultsDirectory>D:\\dev\\FullCycle\\FC.Codeflix.Catalog\\tests\\FC.Codeflix.Catalog.IntegrationTests\\bin\\Debug\\net6.0\\fine-code-coverage\\coverage-tool-output</ResultsDirectory>\r\n        </Configuration>\r\n      </DataCollector>\r\n    </DataCollectors>\r\n  </DataCollectionRunSettings>\r\n</RunSettings>","TestExecutionContext":{"FrequencyOfRunStatsChangeEvent":10,"RunStatsChangeEventTimeout":"00:00:01.5000000","InIsolation":false,"KeepAlive":false,"AreTestCaseLevelEventsRequired":false,"IsDebug":false,"TestCaseFilter":null,"FilterOptions":null},"Package":null}}
TpTrace Verbose: 0 : 16792, 5, 2023/11/13, 11:49:05.817, 5286246382879, vstest.console.dll, ParallelProxyExecutionManager.StartTestRunOnConcurrentManager: Execution started. Started clients: 1
TpTrace Verbose: 0 : 16792, 12, 2023/11/13, 11:49:06.083, 5286249041638, vstest.console.dll, TcpClientExtensions.MessageLoopAsync: NotifyDataAvailable remoteEndPoint: 127.0.0.1:51524 localEndPoint: 127.0.0.1:51523
TpTrace Verbose: 0 : 16792, 12, 2023/11/13, 11:49:06.083, 5286249043530, vstest.console.dll, TestRequestSender.OnExecutionMessageReceived: Received message: {"Version":7,"MessageType":"TestSession.Message","Payload":{"MessageLevel":0,"Message":"[xUnit.net 00:00:00.00] xUnit.net VSTest Adapter v2.4.5+1caef2f33e (64-bit .NET 6.0.22)"}}
TpTrace Verbose: 0 : 16792, 12, 2023/11/13, 11:49:06.083, 5286249046598, vstest.console.dll, TestRunRequest:SendTestRunMessage: Starting.
TpTrace Verbose: 0 : 16792, 12, 2023/11/13, 11:49:06.083, 5286249047459, vstest.console.dll, MulticastDelegateUtilities.SafeInvoke: TestRun.LogMessages: Invoking callback 1/1 for Microsoft.VisualStudio.TestPlatform.CommandLine.TestRunResultAggregator., took 0 ms.
TpTrace Information: 0 : 16792, 12, 2023/11/13, 11:49:06.083, 5286249048090, vstest.console.dll, TestRunRequest:SendTestRunMessage: Completed.
TpTrace Verbose: 0 : 16792, 4, 2023/11/13, 11:49:06.083, 5286249047767, vstest.console.dll, MulticastDelegateUtilities.SafeInvoke: InternalTestLoggerEvents.SendTestRunMessage: Invoking callback 1/1 for Microsoft.VisualStudio.TestPlatform.CommandLine.Internal.ConsoleLogger., took 0 ms.
TpTrace Verbose: 0 : 16792, 12, 2023/11/13, 11:49:06.084, 5286249049571, vstest.console.dll, MulticastDelegateUtilities.SafeInvoke: LengthPrefixCommunicationChannel: MessageReceived: Invoking callback 1/1 for Microsoft.VisualStudio.TestPlatform.CommunicationUtilities.TestRequestSender+<>c__DisplayClass34_0., took 0 ms.
TpTrace Verbose: 0 : 16792, 12, 2023/11/13, 11:49:06.084, 5286249051093, vstest.console.dll, TcpClientExtensions.MessageLoopAsync: Polling on remoteEndPoint: 127.0.0.1:51524 localEndPoint: 127.0.0.1:51523
TpTrace Verbose: 0 : 16792, 12, 2023/11/13, 11:49:06.694, 5286255152454, vstest.console.dll, TcpClientExtensions.MessageLoopAsync: NotifyDataAvailable remoteEndPoint: 127.0.0.1:51524 localEndPoint: 127.0.0.1:51523
TpTrace Verbose: 0 : 16792, 12, 2023/11/13, 11:49:06.694, 5286255154344, vstest.console.dll, TestRequestSender.OnExecutionMessageReceived: Received message: {"Version":7,"MessageType":"TestSession.Message","Payload":{"MessageLevel":0,"Message":"[xUnit.net 00:00:00.61]   Discovering: FC.Codeflix.Catalog.IntegrationTests"}}
TpTrace Verbose: 0 : 16792, 12, 2023/11/13, 11:49:06.694, 5286255155883, vstest.console.dll, TestRunRequest:SendTestRunMessage: Starting.
TpTrace Verbose: 0 : 16792, 12, 2023/11/13, 11:49:06.694, 5286255156788, vstest.console.dll, MulticastDelegateUtilities.SafeInvoke: TestRun.LogMessages: Invoking callback 1/1 for Microsoft.VisualStudio.TestPlatform.CommandLine.TestRunResultAggregator., took 0 ms.
TpTrace Information: 0 : 16792, 12, 2023/11/13, 11:49:06.694, 5286255157320, vstest.console.dll, TestRunRequest:SendTestRunMessage: Completed.
TpTrace Verbose: 0 : 16792, 4, 2023/11/13, 11:49:06.694, 5286255157420, vstest.console.dll, MulticastDelegateUtilities.SafeInvoke: InternalTestLoggerEvents.SendTestRunMessage: Invoking callback 1/1 for Microsoft.VisualStudio.TestPlatform.CommandLine.Internal.ConsoleLogger., took 0 ms.
TpTrace Verbose: 0 : 16792, 12, 2023/11/13, 11:49:06.694, 5286255157895, vstest.console.dll, MulticastDelegateUtilities.SafeInvoke: LengthPrefixCommunicationChannel: MessageReceived: Invoking callback 1/1 for Microsoft.VisualStudio.TestPlatform.CommunicationUtilities.TestRequestSender+<>c__DisplayClass34_0., took 0 ms.
TpTrace Verbose: 0 : 16792, 12, 2023/11/13, 11:49:06.695, 5286255159394, vstest.console.dll, TcpClientExtensions.MessageLoopAsync: Polling on remoteEndPoint: 127.0.0.1:51524 localEndPoint: 127.0.0.1:51523
TpTrace Verbose: 0 : 16792, 12, 2023/11/13, 11:49:06.771, 5286255927829, vstest.console.dll, TcpClientExtensions.MessageLoopAsync: NotifyDataAvailable remoteEndPoint: 127.0.0.1:51524 localEndPoint: 127.0.0.1:51523
TpTrace Verbose: 0 : 16792, 12, 2023/11/13, 11:49:06.772, 5286255929127, vstest.console.dll, TestRequestSender.OnExecutionMessageReceived: Received message: {"Version":7,"MessageType":"TestSession.Message","Payload":{"MessageLevel":0,"Message":"[xUnit.net 00:00:00.69]   Discovered:  FC.Codeflix.Catalog.IntegrationTests"}}
TpTrace Verbose: 0 : 16792, 12, 2023/11/13, 11:49:06.772, 5286255930775, vstest.console.dll, TestRunRequest:SendTestRunMessage: Starting.
TpTrace Verbose: 0 : 16792, 12, 2023/11/13, 11:49:06.772, 5286255931606, vstest.console.dll, MulticastDelegateUtilities.SafeInvoke: TestRun.LogMessages: Invoking callback 1/1 for Microsoft.VisualStudio.TestPlatform.CommandLine.TestRunResultAggregator., took 0 ms.
TpTrace Information: 0 : 16792, 12, 2023/11/13, 11:49:06.772, 5286255931992, vstest.console.dll, TestRunRequest:SendTestRunMessage: Completed.
TpTrace Verbose: 0 : 16792, 12, 2023/11/13, 11:49:06.772, 5286255932376, vstest.console.dll, MulticastDelegateUtilities.SafeInvoke: LengthPrefixCommunicationChannel: MessageReceived: Invoking callback 1/1 for Microsoft.VisualStudio.TestPlatform.CommunicationUtilities.TestRequestSender+<>c__DisplayClass34_0., took 0 ms.
TpTrace Verbose: 0 : 16792, 12, 2023/11/13, 11:49:06.772, 5286255932930, vstest.console.dll, TcpClientExtensions.MessageLoopAsync: Polling on remoteEndPoint: 127.0.0.1:51524 localEndPoint: 127.0.0.1:51523
TpTrace Verbose: 0 : 16792, 4, 2023/11/13, 11:49:06.772, 5286255932078, vstest.console.dll, MulticastDelegateUtilities.SafeInvoke: InternalTestLoggerEvents.SendTestRunMessage: Invoking callback 1/1 for Microsoft.VisualStudio.TestPlatform.CommandLine.Internal.ConsoleLogger., took 0 ms.
TpTrace Verbose: 0 : 16792, 12, 2023/11/13, 11:49:06.774, 5286255955746, vstest.console.dll, TcpClientExtensions.MessageLoopAsync: NotifyDataAvailable remoteEndPoint: 127.0.0.1:51524 localEndPoint: 127.0.0.1:51523
TpTrace Verbose: 0 : 16792, 12, 2023/11/13, 11:49:06.774, 5286255956571, vstest.console.dll, TestRequestSender.OnExecutionMessageReceived: Received message: {"Version":7,"MessageType":"TestSession.Message","Payload":{"MessageLevel":0,"Message":"[xUnit.net 00:00:00.69]   Starting:    FC.Codeflix.Catalog.IntegrationTests"}}
TpTrace Verbose: 0 : 16792, 12, 2023/11/13, 11:49:06.774, 5286255957394, vstest.console.dll, TestRunRequest:SendTestRunMessage: Starting.
TpTrace Verbose: 0 : 16792, 12, 2023/11/13, 11:49:06.774, 5286255958082, vstest.console.dll, MulticastDelegateUtilities.SafeInvoke: TestRun.LogMessages: Invoking callback 1/1 for Microsoft.VisualStudio.TestPlatform.CommandLine.TestRunResultAggregator., took 0 ms.
TpTrace Information: 0 : 16792, 12, 2023/11/13, 11:49:06.775, 5286255958435, vstest.console.dll, TestRunRequest:SendTestRunMessage: Completed.
TpTrace Verbose: 0 : 16792, 12, 2023/11/13, 11:49:06.775, 5286255958783, vstest.console.dll, MulticastDelegateUtilities.SafeInvoke: LengthPrefixCommunicationChannel: MessageReceived: Invoking callback 1/1 for Microsoft.VisualStudio.TestPlatform.CommunicationUtilities.TestRequestSender+<>c__DisplayClass34_0., took 0 ms.
TpTrace Verbose: 0 : 16792, 12, 2023/11/13, 11:49:06.775, 5286255959148, vstest.console.dll, TcpClientExtensions.MessageLoopAsync: Polling on remoteEndPoint: 127.0.0.1:51524 localEndPoint: 127.0.0.1:51523
TpTrace Verbose: 0 : 16792, 4, 2023/11/13, 11:49:06.775, 5286255958510, vstest.console.dll, MulticastDelegateUtilities.SafeInvoke: InternalTestLoggerEvents.SendTestRunMessage: Invoking callback 1/1 for Microsoft.VisualStudio.TestPlatform.CommandLine.Internal.ConsoleLogger., took 0 ms.
TpTrace Verbose: 0 : 16792, 12, 2023/11/13, 11:49:07.499, 5286263199673, vstest.console.dll, TcpClientExtensions.MessageLoopAsync: NotifyDataAvailable remoteEndPoint: 127.0.0.1:51524 localEndPoint: 127.0.0.1:51523
TpTrace Verbose: 0 : 16792, 12, 2023/11/13, 11:49:07.499, 5286263202118, vstest.console.dll, TestRequestSender.OnExecutionMessageReceived: Received message: {"Version":7,"MessageType":"TestExecution.StatsChange","Payload":{"NewTestResults":[],"TestRunStatistics":{"ExecutedTests":0,"Stats":{}},"ActiveTests":[{"Id":"86557a45-de33-65e6-c270-b40ecca5dc45","FullyQualifiedName":"FC.Codeflix.Catalog.IntegrationTests.Infra.Data.EF.Repositories.CategoryRepository.CategoryRepositoryTest.SearchReturnsPaginated","DisplayName":"SearchReturnsPaginated(quantityCategoriesToGenerate: 10, page: 2, perPage: 5, expectedQuantityItems: 5)","ExecutorUri":"executor://xunit/VsTestRunner2/netcoreapp","Source":"D:\\dev\\FullCycle\\FC.Codeflix.Catalog\\tests\\FC.Codeflix.Catalog.IntegrationTests\\bin\\Debug\\net6.0\\fine-code-coverage\\build-output\\FC.Codeflix.Catalog.IntegrationTests.dll","CodeFilePath":null,"LineNumber":0,"Properties":[{"Key":{"Id":"TestObject.Traits","Label":"Traits","Category":"","Description":"","Attributes":5,"ValueType":"System.Collections.Generic.KeyValuePair`2[[System.String],[System.String]][]"},"Value":[{"Key":"Integration/Infra.Data","Value":"CategoryRepository - Repositories - Trait Tests"}]}]}]}}
TpTrace Verbose: 0 : 16792, 12, 2023/11/13, 11:49:07.559, 5286263801996, vstest.console.dll, TestRunRequest:SendTestRunStatsChange: Starting.
TpTrace Verbose: 0 : 16792, 12, 2023/11/13, 11:49:07.559, 5286263804407, vstest.console.dll, InProgress is SearchReturnsPaginated(quantityCategoriesToGenerate: 10, page: 2, perPage: 5, expectedQuantityItems: 5)
TpTrace Verbose: 0 : 16792, 12, 2023/11/13, 11:49:07.559, 5286263805856, vstest.console.dll, MulticastDelegateUtilities.SafeInvoke: TestRun.RunStatsChanged: Invoking callbacks was skipped because there are no subscribers.
TpTrace Information: 0 : 16792, 12, 2023/11/13, 11:49:07.559, 5286263806322, vstest.console.dll, TestRunRequest:SendTestRunStatsChange: Completed.
TpTrace Verbose: 0 : 16792, 12, 2023/11/13, 11:49:07.559, 5286263806704, vstest.console.dll, MulticastDelegateUtilities.SafeInvoke: LengthPrefixCommunicationChannel: MessageReceived: Invoking callback 1/1 for Microsoft.VisualStudio.TestPlatform.CommunicationUtilities.TestRequestSender+<>c__DisplayClass34_0., took 60 ms.
TpTrace Verbose: 0 : 16792, 12, 2023/11/13, 11:49:07.559, 5286263807249, vstest.console.dll, TcpClientExtensions.MessageLoopAsync: Polling on remoteEndPoint: 127.0.0.1:51524 localEndPoint: 127.0.0.1:51523
TpTrace Verbose: 0 : 16792, 12, 2023/11/13, 11:49:07.951, 5286267721045, vstest.console.dll, TcpClientExtensions.MessageLoopAsync: NotifyDataAvailable remoteEndPoint: 127.0.0.1:51524 localEndPoint: 127.0.0.1:51523
TpTrace Verbose: 0 : 16792, 12, 2023/11/13, 11:49:07.951, 5286267725005, vstest.console.dll, TestRequestSender.OnExecutionMessageReceived: Received message: {"Version":7,"MessageType":"TestExecution.StatsChange","Payload":{"NewTestResults":[{"TestCase":{"Id":"86557a45-de33-65e6-c270-b40ecca5dc45","FullyQualifiedName":"FC.Codeflix.Catalog.IntegrationTests.Infra.Data.EF.Repositories.CategoryRepository.CategoryRepositoryTest.SearchReturnsPaginated","DisplayName":"SearchReturnsPaginated(quantityCategoriesToGenerate: 10, page: 2, perPage: 5, expectedQuantityItems: 5)","ExecutorUri":"executor://xunit/VsTestRunner2/netcoreapp","Source":"D:\\dev\\FullCycle\\FC.Codeflix.Catalog\\tests\\FC.Codeflix.Catalog.IntegrationTests\\bin\\Debug\\net6.0\\fine-code-coverage\\build-output\\FC.Codeflix.Catalog.IntegrationTests.dll","CodeFilePath":null,"LineNumber":0,"Properties":[{"Key":{"Id":"TestObject.Traits","Label":"Traits","Category":"","Description":"","Attributes":5,"ValueType":"System.Collections.Generic.KeyValuePair`2[[System.String],[System.String]][]"},"Value":[{"Key":"Integration/Infra.Data","Value":"CategoryRepository - Repositories - Trait Tests"}]}]},"Attachments":[],"Outcome":1,"ErrorMessage":null,"ErrorStackTrace":null,"DisplayName":"SearchReturnsPaginated(quantityCategoriesToGenerate: 10, page: 2, perPage: 5, expectedQuantityItems: 5)","Messages":[],"ComputerName":"KAEL","Duration":"00:00:00.9175214","StartTime":"2023-11-13T14:49:07.8184373+00:00","EndTime":"2023-11-13T14:49:07.8184729+00:00","Properties":[]},{"TestCase":{"Id":"7f05f354-6293-c161-c808-7aac404204f5","FullyQualifiedName":"FC.Codeflix.Catalog.IntegrationTests.Infra.Data.EF.Repositories.CategoryRepository.CategoryRepositoryTest.SearchReturnsPaginated","DisplayName":"SearchReturnsPaginated(quantityCategoriesToGenerate: 7, page: 3, perPage: 5, expectedQuantityItems: 0)","ExecutorUri":"executor://xunit/VsTestRunner2/netcoreapp","Source":"D:\\dev\\FullCycle\\FC.Codeflix.Catalog\\tests\\FC.Codeflix.Catalog.IntegrationTests\\bin\\Debug\\net6.0\\fine-code-coverage\\build-output\\FC.Codeflix.Catalog.IntegrationTests.dll","CodeFilePath":null,"LineNumber":0,"Properties":[{"Key":{"Id":"TestObject.Traits","Label":"Traits","Category":"","Description":"","Attributes":5,"ValueType":"System.Collections.Generic.KeyValuePair`2[[System.String],[System.String]][]"},"Value":[{"Key":"Integration/Infra.Data","Value":"CategoryRepository - Repositories - Trait Tests"}]}]},"Attachments":[],"Outcome":1,"ErrorMessage":null,"ErrorStackTrace":null,"DisplayName":"SearchReturnsPaginated(quantityCategoriesToGenerate: 7, page: 3, perPage: 5, expectedQuantityItems: 0)","Messages":[],"ComputerName":"KAEL","Duration":"00:00:00.0190030","StartTime":"2023-11-13T14:49:07.8482998+00:00","EndTime":"2023-11-13T14:49:07.8482999+00:00","Properties":[]},{"TestCase":{"Id":"86aa3dca-8970-313d-31e1-73a144360329","FullyQualifiedName":"FC.Codeflix.Catalog.IntegrationTests.Infra.Data.EF.Repositories.CategoryRepository.CategoryRepositoryTest.SearchReturnsPaginated","DisplayName":"SearchReturnsPaginated(quantityCategoriesToGenerate: 10, page: 1, perPage: 5, expectedQuantityItems: 5)","ExecutorUri":"executor://xunit/VsTestRunner2/netcoreapp","Source":"D:\\dev\\FullCycle\\FC.Codeflix.Catalog\\tests\\FC.Codeflix.Catalog.IntegrationTests\\bin\\Debug\\net6.0\\fine-code-coverage\\build-output\\FC.Codeflix.Catalog.IntegrationTests.dll","CodeFilePath":null,"LineNumber":0,"Properties":[{"Key":{"Id":"TestObject.Traits","Label":"Traits","Category":"","Description":"","Attributes":5,"ValueType":"System.Collections.Generic.KeyValuePair`2[[System.String],[System.String]][]"},"Value":[{"Key":"Integration/Infra.Data","Value":"CategoryRepository - Repositories - Trait Tests"}]}]},"Attachments":[],"Outcome":1,"ErrorMessage":null,"ErrorStackTrace":null,"DisplayName":"SearchReturnsPaginated(quantityCategoriesToGenerate: 10, page: 1, perPage: 5, expectedQuantityItems: 5)","Messages":[],"ComputerName":"KAEL","Duration":"00:00:00.0465889","StartTime":"2023-11-13T14:49:07.8832864+00:00","EndTime":"2023-11-13T14:49:07.8832866+00:00","Properties":[]},{"TestCase":{"Id":"40c073eb-12b9-9890-8495-1e0f855f3e64","FullyQualifiedName":"FC.Codeflix.Catalog.IntegrationTests.Infra.Data.EF.Repositories.CategoryRepository.CategoryRepositoryTest.SearchReturnsPaginated","DisplayName":"SearchReturnsPaginated(quantityCategoriesToGenerate: 7, page: 2, perPage: 5, expectedQuantityItems: 2)","ExecutorUri":"executor://xunit/VsTestRunner2/netcoreapp","Source":"D:\\dev\\FullCycle\\FC.Codeflix.Catalog\\tests\\FC.Codeflix.Catalog.IntegrationTests\\bin\\Debug\\net6.0\\fine-code-coverage\\build-output\\FC.Codeflix.Catalog.IntegrationTests.dll","CodeFilePath":null,"LineNumber":0,"Properties":[{"Key":{"Id":"TestObject.Traits","Label":"Traits","Category":"","Description":"","Attributes":5,"ValueType":"System.Collections.Generic.KeyValuePair`2[[System.String],[System.String]][]"},"Value":[{"Key":"Integration/Infra.Data","Value":"CategoryRepository - Repositories - Trait Tests"}]}]},"Attachments":[],"Outcome":1,"ErrorMessage":null,"ErrorStackTrace":null,"DisplayName":"SearchReturnsPaginated(quantityCategoriesToGenerate: 7, page: 2, perPage: 5, expectedQuantityItems: 2)","Messages":[],"ComputerName":"KAEL","Duration":"00:00:00.0008758","StartTime":"2023-11-13T14:49:07.8863985+00:00","EndTime":"2023-11-13T14:49:07.8863986+00:00","Properties":[]},{"TestCase":{"Id":"94aab6d9-f253-4bf6-9a54-dcd450198e6f","FullyQualifiedName":"FC.Codeflix.Catalog.IntegrationTests.Infra.Data.EF.Repositories.CategoryRepository.CategoryRepositoryTest.SearchByText","DisplayName":"SearchByText(search: \"Sci-fi\", page: 1, perPage: 5, expectedQuantityItemsReturned: 4, expectedQuantityTotalItems: 4)","ExecutorUri":"executor://xunit/VsTestRunner2/netcoreapp","Source":"D:\\dev\\FullCycle\\FC.Codeflix.Catalog\\tests\\FC.Codeflix.Catalog.IntegrationTests\\bin\\Debug\\net6.0\\fine-code-coverage\\build-output\\FC.Codeflix.Catalog.IntegrationTests.dll","CodeFilePath":null,"LineNumber":0,"Properties":[{"Key":{"Id":"TestObject.Traits","Label":"Traits","Category":"","Description":"","Attributes":5,"ValueType":"System.Collections.Generic.KeyValuePair`2[[System.String],[System.String]][]"},"Value":[{"Key":"Integration/Infra.Data","Value":"CategoryRepository - Repositories - Trait Tests"}]}]},"Attachments":[],"Outcome":1,"ErrorMessage":null,"ErrorStackTrace":null,"DisplayName":"SearchByText(search: \"Sci-fi\", page: 1, perPage: 5, expectedQuantityItemsReturned: 4, expectedQuantityTotalItems: 4)","Messages":[],"ComputerName":"KAEL","Duration":"00:00:00.0317900","StartTime":"2023-11-13T14:49:07.9164055+00:00","EndTime":"2023-11-13T14:49:07.9164056+00:00","Properties":[]},{"TestCase":{"Id":"a8fc1400-d80a-aaef-a57e-15eeabb2e00c","FullyQualifiedName":"FC.Codeflix.Catalog.IntegrationTests.Infra.Data.EF.Repositories.CategoryRepository.CategoryRepositoryTest.SearchByText","DisplayName":"SearchByText(search: \"Horror\", page: 1, perPage: 5, expectedQuantityItemsReturned: 3, expectedQuantityTotalItems: 3)","ExecutorUri":"executor://xunit/VsTestRunner2/netcoreapp","Source":"D:\\dev\\FullCycle\\FC.Codeflix.Catalog\\tests\\FC.Codeflix.Catalog.IntegrationTests\\bin\\Debug\\net6.0\\fine-code-coverage\\build-output\\FC.Codeflix.Catalog.IntegrationTests.dll","CodeFilePath":null,"LineNumber":0,"Properties":[{"Key":{"Id":"TestObject.Traits","Label":"Traits","Category":"","Description":"","Attributes":5,"ValueType":"System.Collections.Generic.KeyValuePair`2[[System.String],[System.String]][]"},"Value":[{"Key":"Integration/Infra.Data","Value":"CategoryRepository - Repositories - Trait Tests"}]}]},"Attachments":[],"Outcome":1,"ErrorMessage":null,"ErrorStackTrace":null,"DisplayName":"SearchByText(search: \"Horror\", page: 1, perPage: 5, expectedQuantityItemsReturned: 3, expectedQuantityTotalItems: 3)","Messages":[],"ComputerName":"KAEL","Duration":"00:00:00.0013806","StartTime":"2023-11-13T14:49:07.9193572+00:00","EndTime":"2023-11-13T14:49:07.9193573+00:00","Properties":[]},{"TestCase":{"Id":"2969de3d-b2bf-05f7-e46c-2c1c0baf033a","FullyQualifiedName":"FC.Codeflix.Catalog.IntegrationTests.Infra.Data.EF.Repositories.CategoryRepository.CategoryRepositoryTest.SearchByText","DisplayName":"SearchByText(search: \"Robots\", page: 1, perPage: 5, expectedQuantityItemsReturned: 2, expectedQuantityTotalItems: 2)","ExecutorUri":"executor://xunit/VsTestRunner2/netcoreapp","Source":"D:\\dev\\FullCycle\\FC.Codeflix.Catalog\\tests\\FC.Codeflix.Catalog.IntegrationTests\\bin\\Debug\\net6.0\\fine-code-coverage\\build-output\\FC.Codeflix.Catalog.IntegrationTests.dll","CodeFilePath":null,"LineNumber":0,"Properties":[{"Key":{"Id":"TestObject.Traits","Label":"Traits","Category":"","Description":"","Attributes":5,"ValueType":"System.Collections.Generic.KeyValuePair`2[[System.String],[System.String]][]"},"Value":[{"Key":"Integration/Infra.Data","Value":"CategoryRepository - Repositories - Trait Tests"}]}]},"Attachments":[],"Outcome":1,"ErrorMessage":null,"ErrorStackTrace":null,"DisplayName":"SearchByText(search: \"Robots\", page: 1, perPage: 5, expectedQuantityItemsReturned: 2, expectedQuantityTotalItems: 2)","Messages":[],"ComputerName":"KAEL","Duration":"00:00:00.0010265","StartTime":"2023-11-13T14:49:07.9224992+00:00","EndTime":"2023-11-13T14:49:07.9224994+00:00","Properties":[]},{"TestCase":{"Id":"6606323f-277c-77bd-c9d4-800149074e42","FullyQualifiedName":"FC.Codeflix.Catalog.IntegrationTests.Infra.Data.EF.Repositories.CategoryRepository.CategoryRepositoryTest.SearchByText","DisplayName":"SearchByText(search: \"Action\", page: 1, perPage: 5, expectedQuantityItemsReturned: 1, expectedQuantityTotalItems: 1)","ExecutorUri":"executor://xunit/VsTestRunner2/netcoreapp","Source":"D:\\dev\\FullCycle\\FC.Codeflix.Catalog\\tests\\FC.Codeflix.Catalog.IntegrationTests\\bin\\Debug\\net6.0\\fine-code-coverage\\build-output\\FC.Codeflix.Catalog.IntegrationTests.dll","CodeFilePath":null,"LineNumber":0,"Properties":[{"Key":{"Id":"TestObject.Traits","Label":"Traits","Category":"","Description":"","Attributes":5,"ValueType":"System.Collections.Generic.KeyValuePair`2[[System.String],[System.String]][]"},"Value":[{"Key":"Integration/Infra.Data","Value":"CategoryRepository - Repositories - Trait Tests"}]}]},"Attachments":[],"Outcome":1,"ErrorMessage":null,"ErrorStackTrace":null,"DisplayName":"SearchByText(search: \"Action\", page: 1, perPage: 5, expectedQuantityItemsReturned: 1, expectedQuantityTotalItems: 1)","Messages":[],"ComputerName":"KAEL","Duration":"00:00:00.0010147","StartTime":"2023-11-13T14:49:07.9251414+00:00","EndTime":"2023-11-13T14:49:07.9251415+00:00","Properties":[]},{"TestCase":{"Id":"55522f18-b681-1966-b8f0-4ef7f432d242","FullyQualifiedName":"FC.Codeflix.Catalog.IntegrationTests.Infra.Data.EF.Repositories.CategoryRepository.CategoryRepositoryTest.SearchByText","DisplayName":"SearchByText(search: \"Sci-fi\", page: 2, perPage: 3, expectedQuantityItemsReturned: 1, expectedQuantityTotalItems: 4)","ExecutorUri":"executor://xunit/VsTestRunner2/netcoreapp","Source":"D:\\dev\\FullCycle\\FC.Codeflix.Catalog\\tests\\FC.Codeflix.Catalog.IntegrationTests\\bin\\Debug\\net6.0\\fine-code-coverage\\build-output\\FC.Codeflix.Catalog.IntegrationTests.dll","CodeFilePath":null,"LineNumber":0,"Properties":[{"Key":{"Id":"TestObject.Traits","Label":"Traits","Category":"","Description":"","Attributes":5,"ValueType":"System.Collections.Generic.KeyValuePair`2[[System.String],[System.String]][]"},"Value":[{"Key":"Integration/Infra.Data","Value":"CategoryRepository - Repositories - Trait Tests"}]}]},"Attachments":[],"Outcome":1,"ErrorMessage":null,"ErrorStackTrace":null,"DisplayName":"SearchByText(search: \"Sci-fi\", page: 2, perPage: 3, expectedQuantityItemsReturned: 1, expectedQuantityTotalItems: 4)","Messages":[],"ComputerName":"KAEL","Duration":"00:00:00.0083664","StartTime":"2023-11-13T14:49:07.9284145+00:00","EndTime":"2023-11-13T14:49:07.9284145+00:00","Properties":[]}],"TestRunStatistics":{"ExecutedTests":9,"Stats":{"Passed":9}},"ActiveTests":[{"Id":"7828ee43-71ab-24cf-56a3-98c729bf4bb8","FullyQualifiedName":"FC.Codeflix.Catalog.IntegrationTests.Infra.Data.EF.Repositories.CategoryRepository.CategoryRepositoryTest.SearchByText","DisplayName":"SearchByText(search: \"Sci-fi Other\", page: 1, perPage: 3, expectedQuantityItemsReturned: 0, expectedQuantityTotalItems: 0)","ExecutorUri":"executor://xunit/VsTestRunner2/netcoreapp","Source":"D:\\dev\\FullCycle\\FC.Codeflix.Catalog\\tests\\FC.Codeflix.Catalog.IntegrationTests\\bin\\Debug\\net6.0\\fine-code-coverage\\build-output\\FC.Codeflix.Catalog.IntegrationTests.dll","CodeFilePath":null,"LineNumber":0,"Properties":[{"Key":{"Id":"TestObject.Traits","Label":"Traits","Category":"","Description":"","Attributes":5,"ValueType":"System.Collections.Generic.KeyValuePair`2[[System.String],[System.String]][]"},"Value":[{"Key":"Integration/Infra.Data","Value":"CategoryRepository - Repositories - Trait Tests"}]}]}]}}
TpTrace Verbose: 0 : 16792, 12, 2023/11/13, 11:49:07.964, 5286267851584, vstest.console.dll, TestRunRequest:SendTestRunStatsChange: Starting.
TpTrace Verbose: 0 : 16792, 12, 2023/11/13, 11:49:07.964, 5286267852701, vstest.console.dll, InProgress is SearchByText(search: "Sci-fi Other", page: 1, perPage: 3, expectedQuantityItemsReturned: 0, expectedQuantityTotalItems: 0)
TpTrace Verbose: 0 : 16792, 12, 2023/11/13, 11:49:07.964, 5286267855957, vstest.console.dll, MulticastDelegateUtilities.SafeInvoke: TestRun.RunStatsChanged: Invoking callbacks was skipped because there are no subscribers.
TpTrace Information: 0 : 16792, 12, 2023/11/13, 11:49:07.964, 5286267856425, vstest.console.dll, TestRunRequest:SendTestRunStatsChange: Completed.
TpTrace Verbose: 0 : 16792, 12, 2023/11/13, 11:49:07.964, 5286267856785, vstest.console.dll, MulticastDelegateUtilities.SafeInvoke: LengthPrefixCommunicationChannel: MessageReceived: Invoking callback 1/1 for Microsoft.VisualStudio.TestPlatform.CommunicationUtilities.TestRequestSender+<>c__DisplayClass34_0., took 13 ms.
TpTrace Verbose: 0 : 16792, 12, 2023/11/13, 11:49:07.964, 5286267857240, vstest.console.dll, TcpClientExtensions.MessageLoopAsync: Polling on remoteEndPoint: 127.0.0.1:51524 localEndPoint: 127.0.0.1:51523
TpTrace Verbose: 0 : 16792, 4, 2023/11/13, 11:49:07.967, 5286267885316, vstest.console.dll, MulticastDelegateUtilities.SafeInvoke: InternalTestLoggerEvents.SendTestResult: Invoking callback 1/1 for Microsoft.VisualStudio.TestPlatform.CommandLine.Internal.ConsoleLogger., took 2 ms.
TpTrace Verbose: 0 : 16792, 4, 2023/11/13, 11:49:07.968, 5286267888360, vstest.console.dll, MulticastDelegateUtilities.SafeInvoke: InternalTestLoggerEvents.SendTestResult: Invoking callback 1/1 for Microsoft.VisualStudio.TestPlatform.CommandLine.Internal.ConsoleLogger., took 0 ms.
TpTrace Verbose: 0 : 16792, 4, 2023/11/13, 11:49:07.968, 5286267889140, vstest.console.dll, MulticastDelegateUtilities.SafeInvoke: InternalTestLoggerEvents.SendTestResult: Invoking callback 1/1 for Microsoft.VisualStudio.TestPlatform.CommandLine.Internal.ConsoleLogger., took 0 ms.
TpTrace Verbose: 0 : 16792, 4, 2023/11/13, 11:49:07.968, 5286267890038, vstest.console.dll, MulticastDelegateUtilities.SafeInvoke: InternalTestLoggerEvents.SendTestResult: Invoking callback 1/1 for Microsoft.VisualStudio.TestPlatform.CommandLine.Internal.ConsoleLogger., took 0 ms.
TpTrace Verbose: 0 : 16792, 4, 2023/11/13, 11:49:07.969, 5286267901190, vstest.console.dll, MulticastDelegateUtilities.SafeInvoke: InternalTestLoggerEvents.SendTestResult: Invoking callback 1/1 for Microsoft.VisualStudio.TestPlatform.CommandLine.Internal.ConsoleLogger., took 1 ms.
TpTrace Verbose: 0 : 16792, 4, 2023/11/13, 11:49:07.969, 5286267902304, vstest.console.dll, MulticastDelegateUtilities.SafeInvoke: InternalTestLoggerEvents.SendTestResult: Invoking callback 1/1 for Microsoft.VisualStudio.TestPlatform.CommandLine.Internal.ConsoleLogger., took 0 ms.
TpTrace Verbose: 0 : 16792, 4, 2023/11/13, 11:49:07.969, 5286267903113, vstest.console.dll, MulticastDelegateUtilities.SafeInvoke: InternalTestLoggerEvents.SendTestResult: Invoking callback 1/1 for Microsoft.VisualStudio.TestPlatform.CommandLine.Internal.ConsoleLogger., took 0 ms.
TpTrace Verbose: 0 : 16792, 4, 2023/11/13, 11:49:07.969, 5286267903637, vstest.console.dll, MulticastDelegateUtilities.SafeInvoke: InternalTestLoggerEvents.SendTestResult: Invoking callback 1/1 for Microsoft.VisualStudio.TestPlatform.CommandLine.Internal.ConsoleLogger., took 0 ms.
TpTrace Verbose: 0 : 16792, 4, 2023/11/13, 11:49:07.969, 5286267904238, vstest.console.dll, MulticastDelegateUtilities.SafeInvoke: InternalTestLoggerEvents.SendTestResult: Invoking callback 1/1 for Microsoft.VisualStudio.TestPlatform.CommandLine.Internal.ConsoleLogger., took 0 ms.
TpTrace Verbose: 0 : 16792, 12, 2023/11/13, 11:49:08.006, 5286268277612, vstest.console.dll, TcpClientExtensions.MessageLoopAsync: NotifyDataAvailable remoteEndPoint: 127.0.0.1:51524 localEndPoint: 127.0.0.1:51523
TpTrace Verbose: 0 : 16792, 12, 2023/11/13, 11:49:08.007, 5286268280963, vstest.console.dll, TestRequestSender.OnExecutionMessageReceived: Received message: {"Version":7,"MessageType":"TestExecution.StatsChange","Payload":{"NewTestResults":[{"TestCase":{"Id":"7828ee43-71ab-24cf-56a3-98c729bf4bb8","FullyQualifiedName":"FC.Codeflix.Catalog.IntegrationTests.Infra.Data.EF.Repositories.CategoryRepository.CategoryRepositoryTest.SearchByText","DisplayName":"SearchByText(search: \"Sci-fi Other\", page: 1, perPage: 3, expectedQuantityItemsReturned: 0, expectedQuantityTotalItems: 0)","ExecutorUri":"executor://xunit/VsTestRunner2/netcoreapp","Source":"D:\\dev\\FullCycle\\FC.Codeflix.Catalog\\tests\\FC.Codeflix.Catalog.IntegrationTests\\bin\\Debug\\net6.0\\fine-code-coverage\\build-output\\FC.Codeflix.Catalog.IntegrationTests.dll","CodeFilePath":null,"LineNumber":0,"Properties":[{"Key":{"Id":"TestObject.Traits","Label":"Traits","Category":"","Description":"","Attributes":5,"ValueType":"System.Collections.Generic.KeyValuePair`2[[System.String],[System.String]][]"},"Value":[{"Key":"Integration/Infra.Data","Value":"CategoryRepository - Repositories - Trait Tests"}]}]},"Attachments":[],"Outcome":1,"ErrorMessage":null,"ErrorStackTrace":null,"DisplayName":"SearchByText(search: \"Sci-fi Other\", page: 1, perPage: 3, expectedQuantityItemsReturned: 0, expectedQuantityTotalItems: 0)","Messages":[],"ComputerName":"KAEL","Duration":"00:00:00.0012656","StartTime":"2023-11-13T14:49:07.9527992+00:00","EndTime":"2023-11-13T14:49:07.9527993+00:00","Properties":[]},{"TestCase":{"Id":"ef91d537-65aa-0bb7-cdd8-64d1b5314d71","FullyQualifiedName":"FC.Codeflix.Catalog.IntegrationTests.Infra.Data.EF.Repositories.CategoryRepository.CategoryRepositoryTest.SearchByText","DisplayName":"SearchByText(search: \"Sci-fi\", page: 1, perPage: 2, expectedQuantityItemsReturned: 2, expectedQuantityTotalItems: 4)","ExecutorUri":"executor://xunit/VsTestRunner2/netcoreapp","Source":"D:\\dev\\FullCycle\\FC.Codeflix.Catalog\\tests\\FC.Codeflix.Catalog.IntegrationTests\\bin\\Debug\\net6.0\\fine-code-coverage\\build-output\\FC.Codeflix.Catalog.IntegrationTests.dll","CodeFilePath":null,"LineNumber":0,"Properties":[{"Key":{"Id":"TestObject.Traits","Label":"Traits","Category":"","Description":"","Attributes":5,"ValueType":"System.Collections.Generic.KeyValuePair`2[[System.String],[System.String]][]"},"Value":[{"Key":"Integration/Infra.Data","Value":"CategoryRepository - Repositories - Trait Tests"}]}]},"Attachments":[],"Outcome":1,"ErrorMessage":null,"ErrorStackTrace":null,"DisplayName":"SearchByText(search: \"Sci-fi\", page: 1, perPage: 2, expectedQuantityItemsReturned: 2, expectedQuantityTotalItems: 4)","Messages":[],"ComputerName":"KAEL","Duration":"00:00:00.0009612","StartTime":"2023-11-13T14:49:07.9562682+00:00","EndTime":"2023-11-13T14:49:07.9562684+00:00","Properties":[]},{"TestCase":{"Id":"0096b388-8ec0-e4a1-9379-9f3513c60010","FullyQualifiedName":"FC.Codeflix.Catalog.IntegrationTests.Infra.Data.EF.Repositories.CategoryRepository.CategoryRepositoryTest.SearchByText","DisplayName":"SearchByText(search: \"Horror\", page: 2, perPage: 5, expectedQuantityItemsReturned: 0, expectedQuantityTotalItems: 3)","ExecutorUri":"executor://xunit/VsTestRunner2/netcoreapp","Source":"D:\\dev\\FullCycle\\FC.Codeflix.Catalog\\tests\\FC.Codeflix.Catalog.IntegrationTests\\bin\\Debug\\net6.0\\fine-code-coverage\\build-output\\FC.Codeflix.Catalog.IntegrationTests.dll","CodeFilePath":null,"LineNumber":0,"Properties":[{"Key":{"Id":"TestObject.Traits","Label":"Traits","Category":"","Description":"","Attributes":5,"ValueType":"System.Collections.Generic.KeyValuePair`2[[System.String],[System.String]][]"},"Value":[{"Key":"Integration/Infra.Data","Value":"CategoryRepository - Repositories - Trait Tests"}]}]},"Attachments":[],"Outcome":1,"ErrorMessage":null,"ErrorStackTrace":null,"DisplayName":"SearchByText(search: \"Horror\", page: 2, perPage: 5, expectedQuantityItemsReturned: 0, expectedQuantityTotalItems: 3)","Messages":[],"ComputerName":"KAEL","Duration":"00:00:00.0109280","StartTime":"2023-11-13T14:49:07.9592645+00:00","EndTime":"2023-11-13T14:49:07.9592646+00:00","Properties":[]},{"TestCase":{"Id":"bbd48fb4-de87-2c2c-35e2-ce4ea2b0e54e","FullyQualifiedName":"FC.Codeflix.Catalog.IntegrationTests.Infra.Data.EF.Repositories.CategoryRepository.CategoryRepositoryTest.SearchOrdered","DisplayName":"SearchOrdered(orderBy: \"name\", order: \"asc\")","ExecutorUri":"executor://xunit/VsTestRunner2/netcoreapp","Source":"D:\\dev\\FullCycle\\FC.Codeflix.Catalog\\tests\\FC.Codeflix.Catalog.IntegrationTests\\bin\\Debug\\net6.0\\fine-code-coverage\\build-output\\FC.Codeflix.Catalog.IntegrationTests.dll","CodeFilePath":null,"LineNumber":0,"Properties":[{"Key":{"Id":"TestObject.Traits","Label":"Traits","Category":"","Description":"","Attributes":5,"ValueType":"System.Collections.Generic.KeyValuePair`2[[System.String],[System.String]][]"},"Value":[{"Key":"Integration/Infra.Data","Value":"CategoryRepository - Repositories - Trait Tests"}]}]},"Attachments":[],"Outcome":1,"ErrorMessage":null,"ErrorStackTrace":null,"DisplayName":"SearchOrdered(orderBy: \"name\", order: \"asc\")","Messages":[],"ComputerName":"KAEL","Duration":"00:00:00.0070146","StartTime":"2023-11-13T14:49:07.9615705+00:00","EndTime":"2023-11-13T14:49:07.9615707+00:00","Properties":[]},{"TestCase":{"Id":"02b1c6bc-e626-6f29-4a12-5af5eb296230","FullyQualifiedName":"FC.Codeflix.Catalog.IntegrationTests.Infra.Data.EF.Repositories.CategoryRepository.CategoryRepositoryTest.SearchOrdered","DisplayName":"SearchOrdered(orderBy: \"name\", order: \"desc\")","ExecutorUri":"executor://xunit/VsTestRunner2/netcoreapp","Source":"D:\\dev\\FullCycle\\FC.Codeflix.Catalog\\tests\\FC.Codeflix.Catalog.IntegrationTests\\bin\\Debug\\net6.0\\fine-code-coverage\\build-output\\FC.Codeflix.Catalog.IntegrationTests.dll","CodeFilePath":null,"LineNumber":0,"Properties":[{"Key":{"Id":"TestObject.Traits","Label":"Traits","Category":"","Description":"","Attributes":5,"ValueType":"System.Collections.Generic.KeyValuePair`2[[System.String],[System.String]][]"},"Value":[{"Key":"Integration/Infra.Data","Value":"CategoryRepository - Repositories - Trait Tests"}]}]},"Attachments":[],"Outcome":1,"ErrorMessage":null,"ErrorStackTrace":null,"DisplayName":"SearchOrdered(orderBy: \"name\", order: \"desc\")","Messages":[],"ComputerName":"KAEL","Duration":"00:00:00.0008495","StartTime":"2023-11-13T14:49:07.9641016+00:00","EndTime":"2023-11-13T14:49:07.9641017+00:00","Properties":[]},{"TestCase":{"Id":"3d1d93b6-27ed-5746-b5bf-d570c0361e65","FullyQualifiedName":"FC.Codeflix.Catalog.IntegrationTests.Infra.Data.EF.Repositories.CategoryRepository.CategoryRepositoryTest.SearchReturnsEmptyWhenPersistenceIsEmpty","DisplayName":"SearchReturnsEmptyWhenPersistenceIsEmpty","ExecutorUri":"executor://xunit/VsTestRunner2/netcoreapp","Source":"D:\\dev\\FullCycle\\FC.Codeflix.Catalog\\tests\\FC.Codeflix.Catalog.IntegrationTests\\bin\\Debug\\net6.0\\fine-code-coverage\\build-output\\FC.Codeflix.Catalog.IntegrationTests.dll","CodeFilePath":null,"LineNumber":0,"Properties":[{"Key":{"Id":"TestObject.Traits","Label":"Traits","Category":"","Description":"","Attributes":5,"ValueType":"System.Collections.Generic.KeyValuePair`2[[System.String],[System.String]][]"},"Value":[{"Key":"Integration/Infra.Data","Value":"CategoryRepository - Repositories - Trait Tests"}]}]},"Attachments":[],"Outcome":1,"ErrorMessage":null,"ErrorStackTrace":null,"DisplayName":"SearchReturnsEmptyWhenPersistenceIsEmpty","Messages":[],"ComputerName":"KAEL","Duration":"00:00:00.0014496","StartTime":"2023-11-13T14:49:07.9665519+00:00","EndTime":"2023-11-13T14:49:07.9665521+00:00","Properties":[]},{"TestCase":{"Id":"49dd3b9d-6eeb-6b87-2895-ba2c7a6c876d","FullyQualifiedName":"FC.Codeflix.Catalog.IntegrationTests.Infra.Data.EF.Repositories.CategoryRepository.CategoryRepositoryTest.Update","DisplayName":"Update","ExecutorUri":"executor://xunit/VsTestRunner2/netcoreapp","Source":"D:\\dev\\FullCycle\\FC.Codeflix.Catalog\\tests\\FC.Codeflix.Catalog.IntegrationTests\\bin\\Debug\\net6.0\\fine-code-coverage\\build-output\\FC.Codeflix.Catalog.IntegrationTests.dll","CodeFilePath":null,"LineNumber":0,"Properties":[{"Key":{"Id":"TestObject.Traits","Label":"Traits","Category":"","Description":"","Attributes":5,"ValueType":"System.Collections.Generic.KeyValuePair`2[[System.String],[System.String]][]"},"Value":[{"Key":"Integration/Infra.Data","Value":"CategoryRepository - Repositories - Trait Tests"}]}]},"Attachments":[],"Outcome":1,"ErrorMessage":null,"ErrorStackTrace":null,"DisplayName":"Update","Messages":[],"ComputerName":"KAEL","Duration":"00:00:00.0334958","StartTime":"2023-11-13T14:49:07.9849178+00:00","EndTime":"2023-11-13T14:49:07.9849178+00:00","Properties":[]},{"TestCase":{"Id":"0404812f-59e8-12af-a35f-042a6c65e966","FullyQualifiedName":"FC.Codeflix.Catalog.IntegrationTests.Infra.Data.EF.Repositories.CategoryRepository.CategoryRepositoryTest.SearchReturnsListAndTotal","DisplayName":"SearchReturnsListAndTotal","ExecutorUri":"executor://xunit/VsTestRunner2/netcoreapp","Source":"D:\\dev\\FullCycle\\FC.Codeflix.Catalog\\tests\\FC.Codeflix.Catalog.IntegrationTests\\bin\\Debug\\net6.0\\fine-code-coverage\\build-output\\FC.Codeflix.Catalog.IntegrationTests.dll","CodeFilePath":null,"LineNumber":0,"Properties":[{"Key":{"Id":"TestObject.Traits","Label":"Traits","Category":"","Description":"","Attributes":5,"ValueType":"System.Collections.Generic.KeyValuePair`2[[System.String],[System.String]][]"},"Value":[{"Key":"Integration/Infra.Data","Value":"CategoryRepository - Repositories - Trait Tests"}]}]},"Attachments":[],"Outcome":1,"ErrorMessage":null,"ErrorStackTrace":null,"DisplayName":"SearchReturnsListAndTotal","Messages":[],"ComputerName":"KAEL","Duration":"00:00:00.0031333","StartTime":"2023-11-13T14:49:07.9881095+00:00","EndTime":"2023-11-13T14:49:07.9881096+00:00","Properties":[]},{"TestCase":{"Id":"f8772b5d-fc66-e48f-845c-676ab8426b10","FullyQualifiedName":"FC.Codeflix.Catalog.IntegrationTests.Infra.Data.EF.Repositories.CategoryRepository.CategoryRepositoryTest.Delete","DisplayName":"Delete","ExecutorUri":"executor://xunit/VsTestRunner2/netcoreapp","Source":"D:\\dev\\FullCycle\\FC.Codeflix.Catalog\\tests\\FC.Codeflix.Catalog.IntegrationTests\\bin\\Debug\\net6.0\\fine-code-coverage\\build-output\\FC.Codeflix.Catalog.IntegrationTests.dll","CodeFilePath":null,"LineNumber":0,"Properties":[{"Key":{"Id":"TestObject.Traits","Label":"Traits","Category":"","Description":"","Attributes":5,"ValueType":"System.Collections.Generic.KeyValuePair`2[[System.String],[System.String]][]"},"Value":[{"Key":"Integration/Infra.Data","Value":"CategoryRepository - Repositories - Trait Tests"}]}]},"Attachments":[],"Outcome":1,"ErrorMessage":null,"ErrorStackTrace":null,"DisplayName":"Delete","Messages":[],"ComputerName":"KAEL","Duration":"00:00:00.0144695","StartTime":"2023-11-13T14:49:08.0027253+00:00","EndTime":"2023-11-13T14:49:08.0027254+00:00","Properties":[]}],"TestRunStatistics":{"ExecutedTests":18,"Stats":{"Passed":18}},"ActiveTests":[{"Id":"3a23d8b9-f49d-8592-5e31-6b998b852993","FullyQualifiedName":"FC.Codeflix.Catalog.IntegrationTests.Infra.Data.EF.Repositories.CategoryRepository.CategoryRepositoryTest.GetThrowIfNotFound","DisplayName":"GetThrowIfNotFound","ExecutorUri":"executor://xunit/VsTestRunner2/netcoreapp","Source":"D:\\dev\\FullCycle\\FC.Codeflix.Catalog\\tests\\FC.Codeflix.Catalog.IntegrationTests\\bin\\Debug\\net6.0\\fine-code-coverage\\build-output\\FC.Codeflix.Catalog.IntegrationTests.dll","CodeFilePath":null,"LineNumber":0,"Properties":[{"Key":{"Id":"TestObject.Traits","Label":"Traits","Category":"","Description":"","Attributes":5,"ValueType":"System.Collections.Generic.KeyValuePair`2[[System.String],[System.String]][]"},"Value":[{"Key":"Integration/Infra.Data","Value":"CategoryRepository - Repositories - Trait Tests"}]}]}]}}
TpTrace Verbose: 0 : 16792, 12, 2023/11/13, 11:49:08.009, 5286268306698, vstest.console.dll, TestRunRequest:SendTestRunStatsChange: Starting.
TpTrace Verbose: 0 : 16792, 12, 2023/11/13, 11:49:08.009, 5286268307313, vstest.console.dll, InProgress is GetThrowIfNotFound
TpTrace Verbose: 0 : 16792, 12, 2023/11/13, 11:49:08.009, 5286268308126, vstest.console.dll, MulticastDelegateUtilities.SafeInvoke: TestRun.RunStatsChanged: Invoking callbacks was skipped because there are no subscribers.
TpTrace Information: 0 : 16792, 12, 2023/11/13, 11:49:08.010, 5286268308482, vstest.console.dll, TestRunRequest:SendTestRunStatsChange: Completed.
TpTrace Verbose: 0 : 16792, 4, 2023/11/13, 11:49:08.010, 5286268308768, vstest.console.dll, MulticastDelegateUtilities.SafeInvoke: InternalTestLoggerEvents.SendTestResult: Invoking callback 1/1 for Microsoft.VisualStudio.TestPlatform.CommandLine.Internal.ConsoleLogger., took 0 ms.
TpTrace Verbose: 0 : 16792, 12, 2023/11/13, 11:49:08.010, 5286268308812, vstest.console.dll, MulticastDelegateUtilities.SafeInvoke: LengthPrefixCommunicationChannel: MessageReceived: Invoking callback 1/1 for Microsoft.VisualStudio.TestPlatform.CommunicationUtilities.TestRequestSender+<>c__DisplayClass34_0., took 2 ms.
TpTrace Verbose: 0 : 16792, 12, 2023/11/13, 11:49:08.010, 5286268310304, vstest.console.dll, TcpClientExtensions.MessageLoopAsync: Polling on remoteEndPoint: 127.0.0.1:51524 localEndPoint: 127.0.0.1:51523
TpTrace Verbose: 0 : 16792, 4, 2023/11/13, 11:49:08.010, 5286268309969, vstest.console.dll, MulticastDelegateUtilities.SafeInvoke: InternalTestLoggerEvents.SendTestResult: Invoking callback 1/1 for Microsoft.VisualStudio.TestPlatform.CommandLine.Internal.ConsoleLogger., took 0 ms.
TpTrace Verbose: 0 : 16792, 4, 2023/11/13, 11:49:08.010, 5286268311668, vstest.console.dll, MulticastDelegateUtilities.SafeInvoke: InternalTestLoggerEvents.SendTestResult: Invoking callback 1/1 for Microsoft.VisualStudio.TestPlatform.CommandLine.Internal.ConsoleLogger., took 0 ms.
TpTrace Verbose: 0 : 16792, 4, 2023/11/13, 11:49:08.010, 5286268312280, vstest.console.dll, MulticastDelegateUtilities.SafeInvoke: InternalTestLoggerEvents.SendTestResult: Invoking callback 1/1 for Microsoft.VisualStudio.TestPlatform.CommandLine.Internal.ConsoleLogger., took 0 ms.
TpTrace Verbose: 0 : 16792, 4, 2023/11/13, 11:49:08.010, 5286268312902, vstest.console.dll, MulticastDelegateUtilities.SafeInvoke: InternalTestLoggerEvents.SendTestResult: Invoking callback 1/1 for Microsoft.VisualStudio.TestPlatform.CommandLine.Internal.ConsoleLogger., took 0 ms.
TpTrace Verbose: 0 : 16792, 4, 2023/11/13, 11:49:08.010, 5286268313798, vstest.console.dll, MulticastDelegateUtilities.SafeInvoke: InternalTestLoggerEvents.SendTestResult: Invoking callback 1/1 for Microsoft.VisualStudio.TestPlatform.CommandLine.Internal.ConsoleLogger., took 0 ms.
TpTrace Verbose: 0 : 16792, 4, 2023/11/13, 11:49:08.010, 5286268314578, vstest.console.dll, MulticastDelegateUtilities.SafeInvoke: InternalTestLoggerEvents.SendTestResult: Invoking callback 1/1 for Microsoft.VisualStudio.TestPlatform.CommandLine.Internal.ConsoleLogger., took 0 ms.
TpTrace Verbose: 0 : 16792, 4, 2023/11/13, 11:49:08.010, 5286268315089, vstest.console.dll, MulticastDelegateUtilities.SafeInvoke: InternalTestLoggerEvents.SendTestResult: Invoking callback 1/1 for Microsoft.VisualStudio.TestPlatform.CommandLine.Internal.ConsoleLogger., took 0 ms.
TpTrace Verbose: 0 : 16792, 4, 2023/11/13, 11:49:08.010, 5286268315677, vstest.console.dll, MulticastDelegateUtilities.SafeInvoke: InternalTestLoggerEvents.SendTestResult: Invoking callback 1/1 for Microsoft.VisualStudio.TestPlatform.CommandLine.Internal.ConsoleLogger., took 0 ms.
TpTrace Verbose: 0 : 16792, 12, 2023/11/13, 11:49:08.062, 5286268834761, vstest.console.dll, TcpClientExtensions.MessageLoopAsync: NotifyDataAvailable remoteEndPoint: 127.0.0.1:51524 localEndPoint: 127.0.0.1:51523
TpTrace Verbose: 0 : 16792, 12, 2023/11/13, 11:49:08.062, 5286268836122, vstest.console.dll, TestRequestSender.OnExecutionMessageReceived: Received message: {"Version":7,"MessageType":"TestSession.Message","Payload":{"MessageLevel":0,"Message":"[xUnit.net 00:00:01.98]   Finished:    FC.Codeflix.Catalog.IntegrationTests"}}
TpTrace Verbose: 0 : 16792, 12, 2023/11/13, 11:49:08.062, 5286268837264, vstest.console.dll, TestRunRequest:SendTestRunMessage: Starting.
TpTrace Verbose: 0 : 16792, 12, 2023/11/13, 11:49:08.063, 5286268838253, vstest.console.dll, MulticastDelegateUtilities.SafeInvoke: TestRun.LogMessages: Invoking callback 1/1 for Microsoft.VisualStudio.TestPlatform.CommandLine.TestRunResultAggregator., took 0 ms.
TpTrace Information: 0 : 16792, 12, 2023/11/13, 11:49:08.063, 5286268838654, vstest.console.dll, TestRunRequest:SendTestRunMessage: Completed.
TpTrace Verbose: 0 : 16792, 12, 2023/11/13, 11:49:08.063, 5286268839051, vstest.console.dll, MulticastDelegateUtilities.SafeInvoke: LengthPrefixCommunicationChannel: MessageReceived: Invoking callback 1/1 for Microsoft.VisualStudio.TestPlatform.CommunicationUtilities.TestRequestSender+<>c__DisplayClass34_0., took 0 ms.
TpTrace Verbose: 0 : 16792, 4, 2023/11/13, 11:49:08.063, 5286268838641, vstest.console.dll, MulticastDelegateUtilities.SafeInvoke: InternalTestLoggerEvents.SendTestRunMessage: Invoking callback 1/1 for Microsoft.VisualStudio.TestPlatform.CommandLine.Internal.ConsoleLogger., took 0 ms.
TpTrace Verbose: 0 : 16792, 12, 2023/11/13, 11:49:08.063, 5286268839507, vstest.console.dll, TcpClientExtensions.MessageLoopAsync: Polling on remoteEndPoint: 127.0.0.1:51524 localEndPoint: 127.0.0.1:51523
TpTrace Verbose: 0 : 16792, 12, 2023/11/13, 11:49:08.084, 5286269053379, vstest.console.dll, TcpClientExtensions.MessageLoopAsync: NotifyDataAvailable remoteEndPoint: 127.0.0.1:51524 localEndPoint: 127.0.0.1:51523
TpTrace Verbose: 0 : 16792, 12, 2023/11/13, 11:49:08.084, 5286269055688, vstest.console.dll, TestRequestSender.OnExecutionMessageReceived: Received message: {"Version":7,"MessageType":"TestExecution.Completed","Payload":{"TestRunCompleteArgs":{"TestRunStatistics":{"ExecutedTests":21,"Stats":{"Passed":21}},"IsCanceled":false,"IsAborted":false,"Error":null,"AttachmentSets":[],"InvokedDataCollectors":[],"ElapsedTimeInRunningTests":"00:00:02.0007128","Metrics":{},"DiscoveredExtensions":{"TestDiscoverers":["Xunit.Runner.VisualStudio.VsTestRunner, xunit.runner.visualstudio.dotnetcore.testadapter, Version=2.4.0.0, Culture=neutral, PublicKeyToken=8d05b1bb7a6fdb6c"],"TestExecutors":["executor://xunit/VsTestRunner2/netcoreapp"],"TestExecutors2":[],"TestSettingsProviders":[]}},"LastRunTests":{"NewTestResults":[{"TestCase":{"Id":"3a23d8b9-f49d-8592-5e31-6b998b852993","FullyQualifiedName":"FC.Codeflix.Catalog.IntegrationTests.Infra.Data.EF.Repositories.CategoryRepository.CategoryRepositoryTest.GetThrowIfNotFound","DisplayName":"GetThrowIfNotFound","ExecutorUri":"executor://xunit/VsTestRunner2/netcoreapp","Source":"D:\\dev\\FullCycle\\FC.Codeflix.Catalog\\tests\\FC.Codeflix.Catalog.IntegrationTests\\bin\\Debug\\net6.0\\fine-code-coverage\\build-output\\FC.Codeflix.Catalog.IntegrationTests.dll","CodeFilePath":null,"LineNumber":0,"Properties":[{"Key":{"Id":"TestObject.Traits","Label":"Traits","Category":"","Description":"","Attributes":5,"ValueType":"System.Collections.Generic.KeyValuePair`2[[System.String],[System.String]][]"},"Value":[{"Key":"Integration/Infra.Data","Value":"CategoryRepository - Repositories - Trait Tests"}]}]},"Attachments":[],"Outcome":1,"ErrorMessage":null,"ErrorStackTrace":null,"DisplayName":"GetThrowIfNotFound","Messages":[],"ComputerName":"KAEL","Duration":"00:00:00.0396376","StartTime":"2023-11-13T14:49:08.0424877+00:00","EndTime":"2023-11-13T14:49:08.0424879+00:00","Properties":[]},{"TestCase":{"Id":"d0fcece9-0e01-c318-c1f7-a46dc09dde90","FullyQualifiedName":"FC.Codeflix.Catalog.IntegrationTests.Infra.Data.EF.Repositories.CategoryRepository.CategoryRepositoryTest.Get","DisplayName":"Get","ExecutorUri":"executor://xunit/VsTestRunner2/netcoreapp","Source":"D:\\dev\\FullCycle\\FC.Codeflix.Catalog\\tests\\FC.Codeflix.Catalog.IntegrationTests\\bin\\Debug\\net6.0\\fine-code-coverage\\build-output\\FC.Codeflix.Catalog.IntegrationTests.dll","CodeFilePath":null,"LineNumber":0,"Properties":[{"Key":{"Id":"TestObject.Traits","Label":"Traits","Category":"","Description":"","Attributes":5,"ValueType":"System.Collections.Generic.KeyValuePair`2[[System.String],[System.String]][]"},"Value":[{"Key":"Integration/Infra.Data","Value":"CategoryRepository - Repositories - Trait Tests"}]}]},"Attachments":[],"Outcome":1,"ErrorMessage":null,"ErrorStackTrace":null,"DisplayName":"Get","Messages":[],"ComputerName":"KAEL","Duration":"00:00:00.0027996","StartTime":"2023-11-13T14:49:08.0453574+00:00","EndTime":"2023-11-13T14:49:08.0453575+00:00","Properties":[]},{"TestCase":{"Id":"4052fb9a-df9b-2dbd-ea56-379f3fc94d72","FullyQualifiedName":"FC.Codeflix.Catalog.IntegrationTests.Infra.Data.EF.Repositories.CategoryRepository.CategoryRepositoryTest.Insert","DisplayName":"Insert","ExecutorUri":"executor://xunit/VsTestRunner2/netcoreapp","Source":"D:\\dev\\FullCycle\\FC.Codeflix.Catalog\\tests\\FC.Codeflix.Catalog.IntegrationTests\\bin\\Debug\\net6.0\\fine-code-coverage\\build-output\\FC.Codeflix.Catalog.IntegrationTests.dll","CodeFilePath":null,"LineNumber":0,"Properties":[{"Key":{"Id":"TestObject.Traits","Label":"Traits","Category":"","Description":"","Attributes":5,"ValueType":"System.Collections.Generic.KeyValuePair`2[[System.String],[System.String]][]"},"Value":[{"Key":"Integration/Infra.Data","Value":"CategoryRepository - Repositories - Trait Tests"}]}]},"Attachments":[],"Outcome":1,"ErrorMessage":null,"ErrorStackTrace":null,"DisplayName":"Insert","Messages":[],"ComputerName":"KAEL","Duration":"00:00:00.0045741","StartTime":"2023-11-13T14:49:08.0500276+00:00","EndTime":"2023-11-13T14:49:08.0500277+00:00","Properties":[]}],"TestRunStatistics":{"ExecutedTests":21,"Stats":{"Passed":21}},"ActiveTests":[]},"RunAttachments":[],"ExecutorUris":["executor://xunit/VsTestRunner2/netcoreapp"]}}
TpTrace Verbose: 0 : 16792, 12, 2023/11/13, 11:49:08.084, 5286269057106, vstest.console.dll, TestRequestSender.EndSession: Sending end session.
TpTrace Verbose: 0 : 16792, 12, 2023/11/13, 11:49:08.085, 5286269059128, vstest.console.dll, ProxyOperationManager.Close: waiting for test host to exit for 100 ms
TpTrace Verbose: 0 : 16792, 11, 2023/11/13, 11:49:08.119, 5286269404647, vstest.console.dll, TestHostManagerCallbacks.ctor: Experimental forwarding output is disabled.
TpTrace Warning: 0 : 16792, 11, 2023/11/13, 11:49:08.119, 5286269405831, vstest.console.dll, TestHostManagerCallbacks.ErrorReceivedCallback Test host standard error line: 
TpTrace Verbose: 0 : 16792, 11, 2023/11/13, 11:49:08.135, 5286269562818, vstest.console.dll, TestHostProvider.ExitCallBack: Host exited starting callback.
TpTrace Information: 0 : 16792, 11, 2023/11/13, 11:49:08.135, 5286269564662, vstest.console.dll, TestHostManagerCallbacks.ExitCallBack: Testhost processId: 17216 exited with exitcode: 0 error: ''
TpTrace Verbose: 0 : 16792, 11, 2023/11/13, 11:49:08.135, 5286269565309, vstest.console.dll, DotnetTestHostManager.OnHostExited: invoking OnHostExited callback
TpTrace Verbose: 0 : 16792, 11, 2023/11/13, 11:49:08.135, 5286269565849, vstest.console.dll, CrossPlatEngine.TestHostManagerHostExited: calling on client process exit callback.
TpTrace Information: 0 : 16792, 11, 2023/11/13, 11:49:08.135, 5286269566572, vstest.console.dll, TestRequestSender.OnClientProcessExit: Test host process exited. Standard error: 
TpTrace Information: 0 : 16792, 11, 2023/11/13, 11:49:08.135, 5286269567050, vstest.console.dll, SocketServer.Stop: Stop server endPoint: 127.0.0.1:51523
TpTrace Information: 0 : 16792, 11, 2023/11/13, 11:49:08.135, 5286269567580, vstest.console.dll, SocketServer.Stop: Cancellation requested. Stopping message loop.
TpTrace Information: 0 : 16792, 12, 2023/11/13, 11:49:08.135, 5286269568057, vstest.console.dll, SocketServer.Stop: Stop server endPoint: 127.0.0.1:51523
TpTrace Information: 0 : 16792, 12, 2023/11/13, 11:49:08.136, 5286269568663, vstest.console.dll, SocketServer.Stop: Cancellation requested. Stopping message loop.
TpTrace Verbose: 0 : 16792, 11, 2023/11/13, 11:49:08.136, 5286269568611, vstest.console.dll, MulticastDelegateUtilities.SafeInvoke: HostProviderEvents.OnHostExited: Invoking callback 1/1 for Microsoft.VisualStudio.TestPlatform.CrossPlatEngine.Client.ProxyOperationManager., took 0 ms.
TpTrace Information: 0 : 16792, 12, 2023/11/13, 11:49:08.136, 5286269569323, vstest.console.dll, Closing the connection
TpTrace Verbose: 0 : 16792, 12, 2023/11/13, 11:49:08.136, 5286269572674, vstest.console.dll, ProxyDataCollectionManager.InvokeDataCollectionServiceAction: Starting.
TpTrace Information: 0 : 16792, 12, 2023/11/13, 11:49:08.136, 5286269573405, vstest.console.dll, ProxyDataCollectionManager.AfterTestRunEnd: Get attachment set and invoked data collectors processId: 15484 port: 51520
TpTrace Verbose: 0 : 16792, 12, 2023/11/13, 11:49:08.136, 5286269573888, vstest.console.dll, DataCollectionRequestSender.SendAfterTestRunStartAndGetResult: Send AfterTestRunEnd message with isCancelled: False
TpTrace Verbose: 0 : 16792, 12, 2023/11/13, 11:49:08.144, 5286269656620, vstest.console.dll, DataCollectionRequestSender.SendAfterTestRunStartAndGetResult: Received message: (DataCollection.AfterTestRunEndResult) -> {"MessageType":"DataCollection.AfterTestRunEndResult","Payload":{"AttachmentSets":[],"InvokedDataCollectors":[{"Uri":"datacollector://Microsoft/TestPlatform/Extensions/Blame/v1","FriendlyName":"Blame","AssemblyQualifiedName":"Microsoft.TestPlatform.Extensions.BlameDataCollector.BlameCollector, Microsoft.TestPlatform.Extensions.BlameDataCollector, Version=15.0.0.0, Culture=neutral, PublicKeyToken=b03f5f7f11d50a3a","FilePath":"C:\\Program Files\\dotnet\\sdk\\7.0.401\\Extensions\\Microsoft.TestPlatform.Extensions.BlameDataCollector.dll","HasAttachmentProcessor":false}],"Metrics":{}}}
TpTrace Information: 0 : 16792, 12, 2023/11/13, 11:49:08.150, 5286269716045, vstest.console.dll, ProxyDataCollectionManager.InvokeDataCollectionServiceAction: Completed.
TpTrace Warning: 0 : 16792, 10, 2023/11/13, 11:49:08.161, 5286269823067, vstest.console.dll, DataCollectionLauncher.ErrorReceivedCallback datacollector standard error line: 
TpTrace Information: 0 : 16792, 10, 2023/11/13, 11:49:08.169, 5286269906680, vstest.console.dll, DataCollectionLauncher.ExitCallBack: Data collector exited with exitcode: 0 error: ''
TpTrace Verbose: 0 : 16792, 12, 2023/11/13, 11:49:08.211, 5286270323480, vstest.console.dll, TestRunRequest:SendTestRunStatsChange: Starting.
TpTrace Verbose: 0 : 16792, 12, 2023/11/13, 11:49:08.211, 5286270324724, vstest.console.dll, MulticastDelegateUtilities.SafeInvoke: TestRun.RunStatsChanged: Invoking callbacks was skipped because there are no subscribers.
TpTrace Information: 0 : 16792, 12, 2023/11/13, 11:49:08.211, 5286270325147, vstest.console.dll, TestRunRequest:SendTestRunStatsChange: Completed.
TpTrace Verbose: 0 : 16792, 4, 2023/11/13, 11:49:08.211, 5286270325512, vstest.console.dll, MulticastDelegateUtilities.SafeInvoke: InternalTestLoggerEvents.SendTestResult: Invoking callback 1/1 for Microsoft.VisualStudio.TestPlatform.CommandLine.Internal.ConsoleLogger., took 0 ms.
TpTrace Verbose: 0 : 16792, 4, 2023/11/13, 11:49:08.211, 5286270326323, vstest.console.dll, MulticastDelegateUtilities.SafeInvoke: InternalTestLoggerEvents.SendTestResult: Invoking callback 1/1 for Microsoft.VisualStudio.TestPlatform.CommandLine.Internal.ConsoleLogger., took 0 ms.
TpTrace Verbose: 0 : 16792, 4, 2023/11/13, 11:49:08.211, 5286270326961, vstest.console.dll, MulticastDelegateUtilities.SafeInvoke: InternalTestLoggerEvents.SendTestResult: Invoking callback 1/1 for Microsoft.VisualStudio.TestPlatform.CommandLine.Internal.ConsoleLogger., took 0 ms.
TpTrace Verbose: 0 : 16792, 12, 2023/11/13, 11:49:08.212, 5286270330752, vstest.console.dll, ParallelProxyExecutionManager: HandlePartialRunComplete: Total workloads = 1, Total started clients = 1 Total completed clients = 1, Run complete = True, Run canceled: False.
TpTrace Verbose: 0 : 16792, 12, 2023/11/13, 11:49:08.212, 5286270331284, vstest.console.dll, ParallelProxyExecutionManager: HandlePartialRunComplete: All runs completed stopping all managers.
TpTrace Verbose: 0 : 16792, 12, 2023/11/13, 11:49:08.212, 5286270331710, vstest.console.dll, ParallelOperationManager.StopAllManagers: Stopping all managers.
TpTrace Verbose: 0 : 16792, 12, 2023/11/13, 11:49:08.212, 5286270332076, vstest.console.dll, ParallelOperationManager.ClearSlots: Clearing all slots. Slots should accept more work: False
TpTrace Verbose: 0 : 16792, 12, 2023/11/13, 11:49:08.212, 5286270332682, vstest.console.dll, ParallelOperationManager.SetOccupiedSlotCount: Setting slot counts AvailableSlotCount = 1, OccupiedSlotCount = 0.
TpTrace Verbose: 0 : 16792, 12, 2023/11/13, 11:49:08.212, 5286270333255, vstest.console.dll, Occupied slots:

TpTrace Verbose: 0 : 16792, 4, 2023/11/13, 11:49:08.222, 5286270435213, vstest.console.dll, MulticastDelegateUtilities.SafeInvoke: InternalTestLoggerEvents.SendTestRunComplete: Invoking callback 1/2 for Microsoft.TestPlatform.Extensions.BlameDataCollector.BlameLogger., took 0 ms.
TpTrace Verbose: 0 : 16792, 4, 2023/11/13, 11:49:08.229, 5286270505900, vstest.console.dll, MulticastDelegateUtilities.SafeInvoke: InternalTestLoggerEvents.SendTestRunComplete: Invoking callback 2/2 for Microsoft.VisualStudio.TestPlatform.CommandLine.Internal.ConsoleLogger., took 6 ms.
TpTrace Verbose: 0 : 16792, 12, 2023/11/13, 11:49:08.230, 5286270508903, vstest.console.dll, TestRunRequest:TestRunComplete: Starting. IsAborted:False IsCanceled:False.
TpTrace Verbose: 0 : 16792, 12, 2023/11/13, 11:49:08.230, 5286270510790, vstest.console.dll, ParallelOperationManager.DoActionOnAllManagers: Calling an action on all managers.
TpTrace Verbose: 0 : 16792, 12, 2023/11/13, 11:49:08.231, 5286270522804, vstest.console.dll, TestLoggerManager.HandleTestRunComplete: Ignoring as the object is disposed.
TpTrace Verbose: 0 : 16792, 12, 2023/11/13, 11:49:08.231, 5286270525159, vstest.console.dll, MulticastDelegateUtilities.SafeInvoke: TestRun.TestRunComplete: Invoking callback 1/2 for Microsoft.VisualStudio.TestPlatform.CommandLine.TestRunResultAggregator., took 0 ms.
TpTrace Verbose: 0 : 16792, 12, 2023/11/13, 11:49:08.231, 5286270526886, vstest.console.dll, MulticastDelegateUtilities.SafeInvoke: TestRun.TestRunComplete: Invoking callback 2/2 for Microsoft.VisualStudio.TestPlatform.CommandLine.Processors.RunTestsArgumentExecutor+TestRunRequestEventsRegistrar., took 0 ms.
TpTrace Information: 0 : 16792, 12, 2023/11/13, 11:49:08.232, 5286270528247, vstest.console.dll, TestRunRequest:TestRunComplete: Completed.
TpTrace Verbose: 0 : 16792, 12, 2023/11/13, 11:49:08.232, 5286270528814, vstest.console.dll, TestRequestSender.SetOperationComplete: Setting operation complete.
TpTrace Information: 0 : 16792, 12, 2023/11/13, 11:49:08.232, 5286270529271, vstest.console.dll, SocketServer.Stop: Stop server endPoint: 127.0.0.1:51523
TpTrace Verbose: 0 : 16792, 1, 2023/11/13, 11:49:08.232, 5286270528914, vstest.console.dll, TestRunRequest.Dispose: Starting.
TpTrace Information: 0 : 16792, 12, 2023/11/13, 11:49:08.232, 5286270529712, vstest.console.dll, SocketServer.Stop: Cancellation requested. Stopping message loop.
TpTrace Information: 0 : 16792, 1, 2023/11/13, 11:49:08.232, 5286270530455, vstest.console.dll, TestRunRequest.Dispose: Completed.
TpTrace Verbose: 0 : 16792, 12, 2023/11/13, 11:49:08.232, 5286270531038, vstest.console.dll, MulticastDelegateUtilities.SafeInvoke: LengthPrefixCommunicationChannel: MessageReceived: Invoking callback 1/1 for Microsoft.VisualStudio.TestPlatform.CommunicationUtilities.TestRequestSender+<>c__DisplayClass34_0., took 147 ms.
TpTrace Information: 0 : 16792, 1, 2023/11/13, 11:49:08.232, 5286270531758, vstest.console.dll, TestRequestManager.RunTests: run tests completed.
TpTrace Information: 0 : 16792, 12, 2023/11/13, 11:49:08.232, 5286270532425, vstest.console.dll, SocketServer.PrivateStop: Stopping server endPoint: 127.0.0.1:51523 error: 
TpTrace Information: 0 : 16792, 1, 2023/11/13, 11:49:08.232, 5286270533423, vstest.console.dll, RunTestsArgumentProcessor:Execute: Test run is completed.
TpTrace Verbose: 0 : 16792, 1, 2023/11/13, 11:49:08.232, 5286270535461, vstest.console.dll, Executor.Execute: Exiting with exit code of 0
TpTrace Verbose: 0 : 16792, 12, 2023/11/13, 11:49:08.232, 5286270537675, vstest.console.dll, LengthPrefixCommunicationChannel.Dispose: Dispose reader and writer.
TpTrace Information: 0 : 16792, 12, 2023/11/13, 11:49:08.233, 5286270538511, vstest.console.dll, SocketServer.Stop: Raise disconnected event endPoint: 127.0.0.1:51523 error: 
TpTrace Verbose: 0 : 16792, 12, 2023/11/13, 11:49:08.233, 5286270539502, vstest.console.dll, TestRequestSender: OnTestRunAbort: Operation is already complete. Skip error message.
TpTrace Verbose: 0 : 16792, 12, 2023/11/13, 11:49:08.233, 5286270540062, vstest.console.dll, MulticastDelegateUtilities.SafeInvoke: SocketServer: ClientDisconnected: Invoking callback 1/1 for Microsoft.VisualStudio.TestPlatform.CommunicationUtilities.TestRequestSender., took 0 ms.
TpTrace Verbose: 0 : 16792, 12, 2023/11/13, 11:49:08.233, 5286270540572, vstest.console.dll, TcpClientExtensions.MessageLoopAsync: exiting MessageLoopAsync remoteEndPoint: 127.0.0.1:51524 localEndPoint: 127.0.0.1:51523
