<?xml version="1.0" encoding="utf-8"?>
<coverage line-rate="0.6445000000000001" branch-rate="0.5666" version="1.9" timestamp="1699886948" lines-covered="379" lines-valid="588" branches-covered="34" branches-valid="60">
  <sources>
    <source>D:\dev\FullCycle\FC.Codeflix.Catalog\</source>
    <source>C:\</source>
  </sources>
  <packages>
    <package name="FC.Codeflix.Catalog.Application" line-rate="0.0546" branch-rate="0.2" complexity="57">
      <classes>
        <class name="FC.Codeflix.Catalog.Application.UseCases.Category.UpdateCategory.UpdateCategory" filename="src\FC.Codeflix.Catalog.Application\UseCases\Category\UpdateCategory\UpdateCategory.cs" line-rate="0" branch-rate="1" complexity="1">
          <methods>
            <method name=".ctor" signature="(FC.Codeflix.Catalog.Domain.Repository.ICategoryRepository,FC.Codeflix.Catalog.Application.Interfaces.IUnitOfWork)" line-rate="0" branch-rate="1" complexity="1">
              <lines>
                <line number="11" hits="0" branch="False" />
                <line number="12" hits="0" branch="False" />
                <line number="13" hits="0" branch="False" />
                <line number="14" hits="0" branch="False" />
                <line number="15" hits="0" branch="False" />
              </lines>
            </method>
          </methods>
          <lines>
            <line number="11" hits="0" branch="False" />
            <line number="12" hits="0" branch="False" />
            <line number="13" hits="0" branch="False" />
            <line number="14" hits="0" branch="False" />
            <line number="15" hits="0" branch="False" />
          </lines>
        </class>
        <class name="FC.Codeflix.Catalog.Application.UseCases.Category.UpdateCategory.UpdateCategory/&lt;Handle&gt;d__3" filename="src\FC.Codeflix.Catalog.Application\UseCases\Category\UpdateCategory\UpdateCategory.cs" line-rate="0" branch-rate="0" complexity="6">
          <methods>
            <method name="MoveNext" signature="()" line-rate="0" branch-rate="0" complexity="6">
              <lines>
                <line number="18" hits="0" branch="False" />
                <line number="19" hits="0" branch="False" />
                <line number="20" hits="0" branch="False" />
                <line number="21" hits="0" branch="True" condition-coverage="0% (0/4)">
                  <conditions>
                    <condition number="241" type="jump" coverage="0%" />
                    <condition number="298" type="jump" coverage="0%" />
                  </conditions>
                </line>
                <line number="22" hits="0" branch="False" />
                <line number="23" hits="0" branch="False" />
                <line number="24" hits="0" branch="False" />
                <line number="25" hits="0" branch="True" condition-coverage="0% (0/2)">
                  <conditions>
                    <condition number="324" type="jump" coverage="0%" />
                  </conditions>
                </line>
                <line number="26" hits="0" branch="False" />
                <line number="27" hits="0" branch="False" />
                <line number="28" hits="0" branch="False" />
                <line number="29" hits="0" branch="False" />
                <line number="30" hits="0" branch="False" />
              </lines>
            </method>
          </methods>
          <lines>
            <line number="18" hits="0" branch="False" />
            <line number="19" hits="0" branch="False" />
            <line number="20" hits="0" branch="False" />
            <line number="21" hits="0" branch="True" condition-coverage="0% (0/4)">
              <conditions>
                <condition number="241" type="jump" coverage="0%" />
                <condition number="298" type="jump" coverage="0%" />
              </conditions>
            </line>
            <line number="22" hits="0" branch="False" />
            <line number="23" hits="0" branch="False" />
            <line number="24" hits="0" branch="False" />
            <line number="25" hits="0" branch="True" condition-coverage="0% (0/2)">
              <conditions>
                <condition number="324" type="jump" coverage="0%" />
              </conditions>
            </line>
            <line number="26" hits="0" branch="False" />
            <line number="27" hits="0" branch="False" />
            <line number="28" hits="0" branch="False" />
            <line number="29" hits="0" branch="False" />
            <line number="30" hits="0" branch="False" />
          </lines>
        </class>
        <class name="FC.Codeflix.Catalog.Application.UseCases.Category.UpdateCategory.UpdateCategoryInput" filename="src\FC.Codeflix.Catalog.Application\UseCases\Category\UpdateCategory\UpdateCategoryInput.cs" line-rate="0" branch-rate="1" complexity="5">
          <methods>
            <method name="get_Id" signature="()" line-rate="0" branch-rate="1" complexity="1">
              <lines>
                <line number="8" hits="0" branch="False" />
              </lines>
            </method>
            <method name="get_Name" signature="()" line-rate="0" branch-rate="1" complexity="1">
              <lines>
                <line number="9" hits="0" branch="False" />
              </lines>
            </method>
            <method name="get_Description" signature="()" line-rate="0" branch-rate="1" complexity="1">
              <lines>
                <line number="10" hits="0" branch="False" />
              </lines>
            </method>
            <method name="get_IsActive" signature="()" line-rate="0" branch-rate="1" complexity="1">
              <lines>
                <line number="11" hits="0" branch="False" />
              </lines>
            </method>
            <method name=".ctor" signature="(System.Guid,System.String,System.String,System.Nullable`1&lt;System.Boolean&gt;)" line-rate="0" branch-rate="1" complexity="1">
              <lines>
                <line number="13" hits="0" branch="False" />
                <line number="14" hits="0" branch="False" />
                <line number="15" hits="0" branch="False" />
                <line number="16" hits="0" branch="False" />
                <line number="17" hits="0" branch="False" />
                <line number="18" hits="0" branch="False" />
                <line number="19" hits="0" branch="False" />
                <line number="20" hits="0" branch="False" />
                <line number="21" hits="0" branch="False" />
                <line number="22" hits="0" branch="False" />
                <line number="23" hits="0" branch="False" />
              </lines>
            </method>
          </methods>
          <lines>
            <line number="8" hits="0" branch="False" />
            <line number="9" hits="0" branch="False" />
            <line number="10" hits="0" branch="False" />
            <line number="11" hits="0" branch="False" />
            <line number="13" hits="0" branch="False" />
            <line number="14" hits="0" branch="False" />
            <line number="15" hits="0" branch="False" />
            <line number="16" hits="0" branch="False" />
            <line number="17" hits="0" branch="False" />
            <line number="18" hits="0" branch="False" />
            <line number="19" hits="0" branch="False" />
            <line number="20" hits="0" branch="False" />
            <line number="21" hits="0" branch="False" />
            <line number="22" hits="0" branch="False" />
            <line number="23" hits="0" branch="False" />
          </lines>
        </class>
        <class name="FC.Codeflix.Catalog.Application.UseCases.Category.UpdateCategory.UpdateCategoryInputValidator" filename="src\FC.Codeflix.Catalog.Application\UseCases\Category\UpdateCategory\UpdateCategoryInputValidator.cs" line-rate="0" branch-rate="1" complexity="1">
          <methods>
            <method name=".ctor" signature="()" line-rate="0" branch-rate="1" complexity="1">
              <lines>
                <line number="7" hits="0" branch="False" />
                <line number="8" hits="0" branch="False" />
              </lines>
            </method>
          </methods>
          <lines>
            <line number="7" hits="0" branch="False" />
            <line number="8" hits="0" branch="False" />
          </lines>
        </class>
        <class name="FC.Codeflix.Catalog.Application.UseCases.Category.ListCategories.ListCategories" filename="src\FC.Codeflix.Catalog.Application\UseCases\Category\ListCategories\ListCategories.cs" line-rate="0" branch-rate="1" complexity="1">
          <methods>
            <method name=".ctor" signature="(FC.Codeflix.Catalog.Domain.Repository.ICategoryRepository)" line-rate="0" branch-rate="1" complexity="1">
              <lines>
                <line number="9" hits="0" branch="False" />
                <line number="10" hits="0" branch="False" />
              </lines>
            </method>
          </methods>
          <lines>
            <line number="9" hits="0" branch="False" />
            <line number="10" hits="0" branch="False" />
          </lines>
        </class>
        <class name="FC.Codeflix.Catalog.Application.UseCases.Category.ListCategories.ListCategories/&lt;Handle&gt;d__2" filename="src\FC.Codeflix.Catalog.Application\UseCases\Category\ListCategories\ListCategories.cs" line-rate="0" branch-rate="1" complexity="1">
          <methods>
            <method name="MoveNext" signature="()" line-rate="0" branch-rate="1" complexity="1">
              <lines>
                <line number="15" hits="0" branch="False" />
                <line number="16" hits="0" branch="False" />
                <line number="17" hits="0" branch="False" />
                <line number="18" hits="0" branch="False" />
                <line number="19" hits="0" branch="False" />
                <line number="20" hits="0" branch="False" />
                <line number="21" hits="0" branch="False" />
                <line number="22" hits="0" branch="False" />
                <line number="23" hits="0" branch="False" />
                <line number="24" hits="0" branch="False" />
                <line number="25" hits="0" branch="False" />
                <line number="27" hits="0" branch="False" />
                <line number="28" hits="0" branch="False" />
                <line number="29" hits="0" branch="False" />
                <line number="30" hits="0" branch="False" />
                <line number="31" hits="0" branch="False" />
                <line number="32" hits="0" branch="False" />
                <line number="33" hits="0" branch="False" />
                <line number="34" hits="0" branch="False" />
                <line number="35" hits="0" branch="False" />
              </lines>
            </method>
          </methods>
          <lines>
            <line number="15" hits="0" branch="False" />
            <line number="16" hits="0" branch="False" />
            <line number="17" hits="0" branch="False" />
            <line number="18" hits="0" branch="False" />
            <line number="19" hits="0" branch="False" />
            <line number="20" hits="0" branch="False" />
            <line number="21" hits="0" branch="False" />
            <line number="22" hits="0" branch="False" />
            <line number="23" hits="0" branch="False" />
            <line number="24" hits="0" branch="False" />
            <line number="25" hits="0" branch="False" />
            <line number="27" hits="0" branch="False" />
            <line number="28" hits="0" branch="False" />
            <line number="29" hits="0" branch="False" />
            <line number="30" hits="0" branch="False" />
            <line number="31" hits="0" branch="False" />
            <line number="32" hits="0" branch="False" />
            <line number="33" hits="0" branch="False" />
            <line number="34" hits="0" branch="False" />
            <line number="35" hits="0" branch="False" />
          </lines>
        </class>
        <class name="FC.Codeflix.Catalog.Application.UseCases.Category.ListCategories.ListCategoriesInput" filename="src\FC.Codeflix.Catalog.Application\UseCases\Category\ListCategories\ListCategoriesInput.cs" line-rate="0" branch-rate="1" complexity="2">
          <methods>
            <method name=".ctor" signature="(System.Int32,System.Int32,System.String,System.String,FC.Codeflix.Catalog.Domain.SeedWork.SearchableRepository.SearchOrder)" line-rate="0" branch-rate="1" complexity="1">
              <lines>
                <line number="15" hits="0" branch="False" />
                <line number="16" hits="0" branch="False" />
              </lines>
            </method>
            <method name=".ctor" signature="()" line-rate="0" branch-rate="1" complexity="1">
              <lines>
                <line number="19" hits="0" branch="False" />
                <line number="20" hits="0" branch="False" />
              </lines>
            </method>
          </methods>
          <lines>
            <line number="15" hits="0" branch="False" />
            <line number="16" hits="0" branch="False" />
            <line number="19" hits="0" branch="False" />
            <line number="20" hits="0" branch="False" />
          </lines>
        </class>
        <class name="FC.Codeflix.Catalog.Application.UseCases.Category.ListCategories.ListCategoriesOutput" filename="src\FC.Codeflix.Catalog.Application\UseCases\Category\ListCategories\ListCategoriesOutput.cs" line-rate="0" branch-rate="1" complexity="1">
          <methods>
            <method name=".ctor" signature="(System.Int32,System.Int32,System.Int32,System.Collections.Generic.IReadOnlyList`1&lt;FC.Codeflix.Catalog.Application.UseCases.Category.Common.CategoryModelOutput&gt;)" line-rate="0" branch-rate="1" complexity="1">
              <lines>
                <line number="13" hits="0" branch="False" />
                <line number="14" hits="0" branch="False" />
                <line number="15" hits="0" branch="False" />
              </lines>
            </method>
          </methods>
          <lines>
            <line number="13" hits="0" branch="False" />
            <line number="14" hits="0" branch="False" />
            <line number="15" hits="0" branch="False" />
          </lines>
        </class>
        <class name="FC.Codeflix.Catalog.Application.UseCases.Category.GetCategory.GetCategory" filename="src\FC.Codeflix.Catalog.Application\UseCases\Category\GetCategory\GetCategory.cs" line-rate="0" branch-rate="1" complexity="1">
          <methods>
            <method name=".ctor" signature="(FC.Codeflix.Catalog.Domain.Repository.ICategoryRepository)" line-rate="0" branch-rate="1" complexity="1">
              <lines>
                <line number="10" hits="0" branch="False" />
                <line number="11" hits="0" branch="False" />
                <line number="12" hits="0" branch="False" />
                <line number="13" hits="0" branch="False" />
              </lines>
            </method>
          </methods>
          <lines>
            <line number="10" hits="0" branch="False" />
            <line number="11" hits="0" branch="False" />
            <line number="12" hits="0" branch="False" />
            <line number="13" hits="0" branch="False" />
          </lines>
        </class>
        <class name="FC.Codeflix.Catalog.Application.UseCases.Category.GetCategory.GetCategory/&lt;Handle&gt;d__2" filename="src\FC.Codeflix.Catalog.Application\UseCases\Category\GetCategory\GetCategory.cs" line-rate="0" branch-rate="1" complexity="1">
          <methods>
            <method name="MoveNext" signature="()" line-rate="0" branch-rate="1" complexity="1">
              <lines>
                <line number="15" hits="0" branch="False" />
                <line number="16" hits="0" branch="False" />
                <line number="17" hits="0" branch="False" />
                <line number="18" hits="0" branch="False" />
              </lines>
            </method>
          </methods>
          <lines>
            <line number="15" hits="0" branch="False" />
            <line number="16" hits="0" branch="False" />
            <line number="17" hits="0" branch="False" />
            <line number="18" hits="0" branch="False" />
          </lines>
        </class>
        <class name="FC.Codeflix.Catalog.Application.UseCases.Category.GetCategory.GetCategoryInput" filename="src\FC.Codeflix.Catalog.Application\UseCases\Category\GetCategory\GetCategoryInput.cs" line-rate="0" branch-rate="1" complexity="2">
          <methods>
            <method name="get_Id" signature="()" line-rate="0" branch-rate="1" complexity="1">
              <lines>
                <line number="12" hits="0" branch="False" />
              </lines>
            </method>
            <method name=".ctor" signature="(System.Guid)" line-rate="0" branch-rate="1" complexity="1">
              <lines>
                <line number="8" hits="0" branch="False" />
                <line number="9" hits="0" branch="False" />
                <line number="10" hits="0" branch="False" />
                <line number="11" hits="0" branch="False" />
              </lines>
            </method>
          </methods>
          <lines>
            <line number="12" hits="0" branch="False" />
            <line number="8" hits="0" branch="False" />
            <line number="9" hits="0" branch="False" />
            <line number="10" hits="0" branch="False" />
            <line number="11" hits="0" branch="False" />
          </lines>
        </class>
        <class name="FC.Codeflix.Catalog.Application.UseCases.Category.GetCategory.GetCategoryInputValidator" filename="src\FC.Codeflix.Catalog.Application\UseCases\Category\GetCategory\GetCategoryInputValidator.cs" line-rate="0" branch-rate="1" complexity="1">
          <methods>
            <method name=".ctor" signature="()" line-rate="0" branch-rate="1" complexity="1">
              <lines>
                <line number="7" hits="0" branch="False" />
                <line number="8" hits="0" branch="False" />
                <line number="9" hits="0" branch="False" />
                <line number="10" hits="0" branch="False" />
              </lines>
            </method>
          </methods>
          <lines>
            <line number="7" hits="0" branch="False" />
            <line number="8" hits="0" branch="False" />
            <line number="9" hits="0" branch="False" />
            <line number="10" hits="0" branch="False" />
          </lines>
        </class>
        <class name="FC.Codeflix.Catalog.Application.UseCases.Category.DeleteCategory.DeleteCategory" filename="src\FC.Codeflix.Catalog.Application\UseCases\Category\DeleteCategory\DeleteCategory.cs" line-rate="0" branch-rate="1" complexity="1">
          <methods>
            <method name=".ctor" signature="(FC.Codeflix.Catalog.Domain.Repository.ICategoryRepository,FC.Codeflix.Catalog.Application.Interfaces.IUnitOfWork)" line-rate="0" branch-rate="1" complexity="1">
              <lines>
                <line number="10" hits="0" branch="False" />
                <line number="11" hits="0" branch="False" />
              </lines>
            </method>
          </methods>
          <lines>
            <line number="10" hits="0" branch="False" />
            <line number="11" hits="0" branch="False" />
          </lines>
        </class>
        <class name="FC.Codeflix.Catalog.Application.UseCases.Category.DeleteCategory.DeleteCategory/&lt;Handle&gt;d__3" filename="src\FC.Codeflix.Catalog.Application\UseCases\Category\DeleteCategory\DeleteCategory.cs" line-rate="0" branch-rate="1" complexity="1">
          <methods>
            <method name="MoveNext" signature="()" line-rate="0" branch-rate="1" complexity="1">
              <lines>
                <line number="14" hits="0" branch="False" />
                <line number="15" hits="0" branch="False" />
                <line number="16" hits="0" branch="False" />
                <line number="17" hits="0" branch="False" />
                <line number="18" hits="0" branch="False" />
                <line number="19" hits="0" branch="False" />
              </lines>
            </method>
          </methods>
          <lines>
            <line number="14" hits="0" branch="False" />
            <line number="15" hits="0" branch="False" />
            <line number="16" hits="0" branch="False" />
            <line number="17" hits="0" branch="False" />
            <line number="18" hits="0" branch="False" />
            <line number="19" hits="0" branch="False" />
          </lines>
        </class>
        <class name="FC.Codeflix.Catalog.Application.UseCases.Category.DeleteCategory.DeleteCategoryInput" filename="src\FC.Codeflix.Catalog.Application\UseCases\Category\DeleteCategory\DeleteCategoryInput.cs" line-rate="0" branch-rate="1" complexity="2">
          <methods>
            <method name="get_Id" signature="()" line-rate="0" branch-rate="1" complexity="1">
              <lines>
                <line number="7" hits="0" branch="False" />
              </lines>
            </method>
            <method name=".ctor" signature="(System.Guid)" line-rate="0" branch-rate="1" complexity="1">
              <lines>
                <line number="8" hits="0" branch="False" />
                <line number="9" hits="0" branch="False" />
              </lines>
            </method>
          </methods>
          <lines>
            <line number="7" hits="0" branch="False" />
            <line number="8" hits="0" branch="False" />
            <line number="9" hits="0" branch="False" />
          </lines>
        </class>
        <class name="FC.Codeflix.Catalog.Application.UseCases.Category.CreateCategory.CreateCategory" filename="src\FC.Codeflix.Catalog.Application\UseCases\Category\CreateCategory\CreateCategory.cs" line-rate="0" branch-rate="1" complexity="1">
          <methods>
            <method name=".ctor" signature="(FC.Codeflix.Catalog.Domain.Repository.ICategoryRepository,FC.Codeflix.Catalog.Application.Interfaces.IUnitOfWork)" line-rate="0" branch-rate="1" complexity="1">
              <lines>
                <line number="13" hits="0" branch="False" />
                <line number="14" hits="0" branch="False" />
                <line number="15" hits="0" branch="False" />
                <line number="16" hits="0" branch="False" />
                <line number="17" hits="0" branch="False" />
                <line number="18" hits="0" branch="False" />
              </lines>
            </method>
          </methods>
          <lines>
            <line number="13" hits="0" branch="False" />
            <line number="14" hits="0" branch="False" />
            <line number="15" hits="0" branch="False" />
            <line number="16" hits="0" branch="False" />
            <line number="17" hits="0" branch="False" />
            <line number="18" hits="0" branch="False" />
          </lines>
        </class>
        <class name="FC.Codeflix.Catalog.Application.UseCases.Category.CreateCategory.CreateCategory/&lt;Handle&gt;d__3" filename="src\FC.Codeflix.Catalog.Application\UseCases\Category\CreateCategory\CreateCategory.cs" line-rate="0" branch-rate="1" complexity="1">
          <methods>
            <method name="MoveNext" signature="()" line-rate="0" branch-rate="1" complexity="1">
              <lines>
                <line number="21" hits="0" branch="False" />
                <line number="22" hits="0" branch="False" />
                <line number="23" hits="0" branch="False" />
                <line number="24" hits="0" branch="False" />
                <line number="25" hits="0" branch="False" />
                <line number="26" hits="0" branch="False" />
                <line number="28" hits="0" branch="False" />
                <line number="29" hits="0" branch="False" />
                <line number="31" hits="0" branch="False" />
                <line number="32" hits="0" branch="False" />
              </lines>
            </method>
          </methods>
          <lines>
            <line number="21" hits="0" branch="False" />
            <line number="22" hits="0" branch="False" />
            <line number="23" hits="0" branch="False" />
            <line number="24" hits="0" branch="False" />
            <line number="25" hits="0" branch="False" />
            <line number="26" hits="0" branch="False" />
            <line number="28" hits="0" branch="False" />
            <line number="29" hits="0" branch="False" />
            <line number="31" hits="0" branch="False" />
            <line number="32" hits="0" branch="False" />
          </lines>
        </class>
        <class name="FC.Codeflix.Catalog.Application.UseCases.Category.CreateCategory.CreateCategoryInput" filename="src\FC.Codeflix.Catalog.Application\UseCases\Category\CreateCategory\CreateCategoryInput.cs" line-rate="0" branch-rate="0" complexity="5">
          <methods>
            <method name="get_Name" signature="()" line-rate="0" branch-rate="1" complexity="1">
              <lines>
                <line number="15" hits="0" branch="False" />
              </lines>
            </method>
            <method name="get_Description" signature="()" line-rate="0" branch-rate="1" complexity="1">
              <lines>
                <line number="16" hits="0" branch="False" />
              </lines>
            </method>
            <method name="get_IsActive" signature="()" line-rate="0" branch-rate="1" complexity="1">
              <lines>
                <line number="17" hits="0" branch="False" />
              </lines>
            </method>
            <method name=".ctor" signature="(System.String,System.String,System.Boolean)" line-rate="0" branch-rate="0" complexity="2">
              <lines>
                <line number="8" hits="0" branch="False" />
                <line number="9" hits="0" branch="False" />
                <line number="10" hits="0" branch="False" />
                <line number="11" hits="0" branch="True" condition-coverage="0% (0/2)">
                  <conditions>
                    <condition number="19" type="jump" coverage="0%" />
                  </conditions>
                </line>
                <line number="12" hits="0" branch="False" />
                <line number="13" hits="0" branch="False" />
              </lines>
            </method>
          </methods>
          <lines>
            <line number="15" hits="0" branch="False" />
            <line number="16" hits="0" branch="False" />
            <line number="17" hits="0" branch="False" />
            <line number="8" hits="0" branch="False" />
            <line number="9" hits="0" branch="False" />
            <line number="10" hits="0" branch="False" />
            <line number="11" hits="0" branch="True" condition-coverage="0% (0/2)">
              <conditions>
                <condition number="19" type="jump" coverage="0%" />
              </conditions>
            </line>
            <line number="12" hits="0" branch="False" />
            <line number="13" hits="0" branch="False" />
          </lines>
        </class>
        <class name="FC.Codeflix.Catalog.Application.UseCases.Category.Common.CategoryModelOutput" filename="src\FC.Codeflix.Catalog.Application\UseCases\Category\Common\CategoryModelOutput.cs" line-rate="0" branch-rate="1" complexity="7">
          <methods>
            <method name="get_Id" signature="()" line-rate="0" branch-rate="1" complexity="1">
              <lines>
                <line number="16" hits="0" branch="False" />
              </lines>
            </method>
            <method name="get_Name" signature="()" line-rate="0" branch-rate="1" complexity="1">
              <lines>
                <line number="17" hits="0" branch="False" />
              </lines>
            </method>
            <method name="get_Description" signature="()" line-rate="0" branch-rate="1" complexity="1">
              <lines>
                <line number="18" hits="0" branch="False" />
              </lines>
            </method>
            <method name="get_IsActive" signature="()" line-rate="0" branch-rate="1" complexity="1">
              <lines>
                <line number="19" hits="0" branch="False" />
              </lines>
            </method>
            <method name="get_CreatedAt" signature="()" line-rate="0" branch-rate="1" complexity="1">
              <lines>
                <line number="20" hits="0" branch="False" />
              </lines>
            </method>
            <method name="FromCategory" signature="(FC.Codeflix.Catalog.Domain.Entity.Category)" line-rate="0" branch-rate="1" complexity="1">
              <lines>
                <line number="23" hits="0" branch="False" />
                <line number="24" hits="0" branch="False" />
                <line number="25" hits="0" branch="False" />
                <line number="26" hits="0" branch="False" />
                <line number="27" hits="0" branch="False" />
                <line number="28" hits="0" branch="False" />
                <line number="29" hits="0" branch="False" />
                <line number="30" hits="0" branch="False" />
                <line number="31" hits="0" branch="False" />
              </lines>
            </method>
            <method name=".ctor" signature="(System.Guid,System.String,System.String,System.Boolean,System.DateTime)" line-rate="0" branch-rate="1" complexity="1">
              <lines>
                <line number="7" hits="0" branch="False" />
                <line number="8" hits="0" branch="False" />
                <line number="9" hits="0" branch="False" />
                <line number="10" hits="0" branch="False" />
                <line number="11" hits="0" branch="False" />
                <line number="12" hits="0" branch="False" />
                <line number="13" hits="0" branch="False" />
                <line number="14" hits="0" branch="False" />
              </lines>
            </method>
          </methods>
          <lines>
            <line number="16" hits="0" branch="False" />
            <line number="17" hits="0" branch="False" />
            <line number="18" hits="0" branch="False" />
            <line number="19" hits="0" branch="False" />
            <line number="20" hits="0" branch="False" />
            <line number="23" hits="0" branch="False" />
            <line number="24" hits="0" branch="False" />
            <line number="25" hits="0" branch="False" />
            <line number="26" hits="0" branch="False" />
            <line number="27" hits="0" branch="False" />
            <line number="28" hits="0" branch="False" />
            <line number="29" hits="0" branch="False" />
            <line number="30" hits="0" branch="False" />
            <line number="31" hits="0" branch="False" />
            <line number="7" hits="0" branch="False" />
            <line number="8" hits="0" branch="False" />
            <line number="9" hits="0" branch="False" />
            <line number="10" hits="0" branch="False" />
            <line number="11" hits="0" branch="False" />
            <line number="12" hits="0" branch="False" />
            <line number="13" hits="0" branch="False" />
            <line number="14" hits="0" branch="False" />
          </lines>
        </class>
        <class name="FC.Codeflix.Catalog.Application.Exceptions.ApplicationException" filename="src\FC.Codeflix.Catalog.Application\Exceptions\ApplicationException.cs" line-rate="1" branch-rate="1" complexity="1">
          <methods>
            <method name=".ctor" signature="(System.String)" line-rate="1" branch-rate="1" complexity="1">
              <lines>
                <line number="5" hits="1" branch="False" />
                <line number="6" hits="1" branch="False" />
                <line number="7" hits="1" branch="False" />
              </lines>
            </method>
          </methods>
          <lines>
            <line number="5" hits="1" branch="False" />
            <line number="6" hits="1" branch="False" />
            <line number="7" hits="1" branch="False" />
          </lines>
        </class>
        <class name="FC.Codeflix.Catalog.Application.Exceptions.NotFoundException" filename="src\FC.Codeflix.Catalog.Application\Exceptions\NotFoundException.cs" line-rate="1" branch-rate="1" complexity="3">
          <methods>
            <method name="ThrowIfNull" signature="(System.Object,System.String)" line-rate="1" branch-rate="1" complexity="2">
              <lines>
                <line number="11" hits="2" branch="False" />
                <line number="12" hits="2" branch="True" condition-coverage="100% (2/2)">
                  <conditions>
                    <condition number="7" type="jump" coverage="100%" />
                  </conditions>
                </line>
                <line number="13" hits="1" branch="False" />
                <line number="14" hits="1" branch="False" />
              </lines>
            </method>
            <method name=".ctor" signature="(System.String)" line-rate="1" branch-rate="1" complexity="1">
              <lines>
                <line number="7" hits="1" branch="False" />
                <line number="8" hits="1" branch="False" />
                <line number="9" hits="1" branch="False" />
              </lines>
            </method>
          </methods>
          <lines>
            <line number="11" hits="2" branch="False" />
            <line number="12" hits="2" branch="True" condition-coverage="100% (2/2)">
              <conditions>
                <condition number="7" type="jump" coverage="100%" />
              </conditions>
            </line>
            <line number="13" hits="1" branch="False" />
            <line number="14" hits="1" branch="False" />
            <line number="7" hits="1" branch="False" />
            <line number="8" hits="1" branch="False" />
            <line number="9" hits="1" branch="False" />
          </lines>
        </class>
        <class name="FC.Codeflix.Catalog.Application.Common.PaginatedListInput" filename="src\FC.Codeflix.Catalog.Application\Common\PaginatedListInput.cs" line-rate="0" branch-rate="1" complexity="7">
          <methods>
            <method name="get_Page" signature="()" line-rate="0" branch-rate="1" complexity="1">
              <lines>
                <line number="6" hits="0" branch="False" />
              </lines>
            </method>
            <method name="get_PerPage" signature="()" line-rate="0" branch-rate="1" complexity="1">
              <lines>
                <line number="7" hits="0" branch="False" />
              </lines>
            </method>
            <method name="get_Search" signature="()" line-rate="0" branch-rate="1" complexity="1">
              <lines>
                <line number="8" hits="0" branch="False" />
              </lines>
            </method>
            <method name="get_Sort" signature="()" line-rate="0" branch-rate="1" complexity="1">
              <lines>
                <line number="9" hits="0" branch="False" />
              </lines>
            </method>
            <method name="get_Dir" signature="()" line-rate="0" branch-rate="1" complexity="1">
              <lines>
                <line number="10" hits="0" branch="False" />
              </lines>
            </method>
            <method name="ToSearchInput" signature="()" line-rate="0" branch-rate="1" complexity="1">
              <lines>
                <line number="26" hits="0" branch="False" />
              </lines>
            </method>
            <method name=".ctor" signature="(System.Int32,System.Int32,System.String,System.String,FC.Codeflix.Catalog.Domain.SeedWork.SearchableRepository.SearchOrder)" line-rate="0" branch-rate="1" complexity="1">
              <lines>
                <line number="11" hits="0" branch="False" />
                <line number="12" hits="0" branch="False" />
                <line number="13" hits="0" branch="False" />
                <line number="14" hits="0" branch="False" />
                <line number="15" hits="0" branch="False" />
                <line number="16" hits="0" branch="False" />
                <line number="17" hits="0" branch="False" />
                <line number="18" hits="0" branch="False" />
                <line number="19" hits="0" branch="False" />
                <line number="20" hits="0" branch="False" />
                <line number="21" hits="0" branch="False" />
                <line number="22" hits="0" branch="False" />
                <line number="23" hits="0" branch="False" />
              </lines>
            </method>
          </methods>
          <lines>
            <line number="6" hits="0" branch="False" />
            <line number="7" hits="0" branch="False" />
            <line number="8" hits="0" branch="False" />
            <line number="9" hits="0" branch="False" />
            <line number="10" hits="0" branch="False" />
            <line number="26" hits="0" branch="False" />
            <line number="11" hits="0" branch="False" />
            <line number="12" hits="0" branch="False" />
            <line number="13" hits="0" branch="False" />
            <line number="14" hits="0" branch="False" />
            <line number="15" hits="0" branch="False" />
            <line number="16" hits="0" branch="False" />
            <line number="17" hits="0" branch="False" />
            <line number="18" hits="0" branch="False" />
            <line number="19" hits="0" branch="False" />
            <line number="20" hits="0" branch="False" />
            <line number="21" hits="0" branch="False" />
            <line number="22" hits="0" branch="False" />
            <line number="23" hits="0" branch="False" />
          </lines>
        </class>
        <class name="FC.Codeflix.Catalog.Application.Common.PaginatedListOutput`1" filename="src\FC.Codeflix.Catalog.Application\Common\PaginatedListOutput.cs" line-rate="0" branch-rate="1" complexity="5">
          <methods>
            <method name="get_Page" signature="()" line-rate="0" branch-rate="1" complexity="1">
              <lines>
                <line number="4" hits="0" branch="False" />
              </lines>
            </method>
            <method name="get_PerPage" signature="()" line-rate="0" branch-rate="1" complexity="1">
              <lines>
                <line number="5" hits="0" branch="False" />
              </lines>
            </method>
            <method name="get_Total" signature="()" line-rate="0" branch-rate="1" complexity="1">
              <lines>
                <line number="6" hits="0" branch="False" />
              </lines>
            </method>
            <method name="get_Items" signature="()" line-rate="0" branch-rate="1" complexity="1">
              <lines>
                <line number="7" hits="0" branch="False" />
              </lines>
            </method>
            <method name=".ctor" signature="(System.Int32,System.Int32,System.Int32,System.Collections.Generic.IReadOnlyList`1&lt;TOutputItem&gt;)" line-rate="0" branch-rate="1" complexity="1">
              <lines>
                <line number="9" hits="0" branch="False" />
                <line number="10" hits="0" branch="False" />
                <line number="11" hits="0" branch="False" />
                <line number="12" hits="0" branch="False" />
                <line number="13" hits="0" branch="False" />
                <line number="14" hits="0" branch="False" />
                <line number="15" hits="0" branch="False" />
                <line number="16" hits="0" branch="False" />
                <line number="17" hits="0" branch="False" />
                <line number="18" hits="0" branch="False" />
                <line number="19" hits="0" branch="False" />
              </lines>
            </method>
          </methods>
          <lines>
            <line number="4" hits="0" branch="False" />
            <line number="5" hits="0" branch="False" />
            <line number="6" hits="0" branch="False" />
            <line number="7" hits="0" branch="False" />
            <line number="9" hits="0" branch="False" />
            <line number="10" hits="0" branch="False" />
            <line number="11" hits="0" branch="False" />
            <line number="12" hits="0" branch="False" />
            <line number="13" hits="0" branch="False" />
            <line number="14" hits="0" branch="False" />
            <line number="15" hits="0" branch="False" />
            <line number="16" hits="0" branch="False" />
            <line number="17" hits="0" branch="False" />
            <line number="18" hits="0" branch="False" />
            <line number="19" hits="0" branch="False" />
          </lines>
        </class>
      </classes>
    </package>
    <package name="FC.Codeflix.Catalog.Domain" line-rate="0.7802" branch-rate="0.5" complexity="33">
      <classes>
        <class name="FC.Codeflix.Catalog.Domain.Validation.DomainValidation" filename="src\FC.Codeflix.Catalog.Domain\Validation\DomainValidation.cs" line-rate="0.5" branch-rate="0.375" complexity="8">
          <methods>
            <method name="NotNull" signature="(System.Object,System.String)" line-rate="0" branch-rate="0" complexity="2">
              <lines>
                <line number="8" hits="0" branch="False" />
                <line number="9" hits="0" branch="True" condition-coverage="0% (0/2)">
                  <conditions>
                    <condition number="7" type="jump" coverage="0%" />
                  </conditions>
                </line>
                <line number="10" hits="0" branch="False" />
                <line number="11" hits="0" branch="False" />
                <line number="13" hits="0" branch="False" />
              </lines>
            </method>
            <method name="NotNullOrEmpty" signature="(System.String,System.String)" line-rate="0.6" branch-rate="0.5" complexity="2">
              <lines>
                <line number="16" hits="342" branch="False" />
                <line number="17" hits="342" branch="True" condition-coverage="50% (1/2)">
                  <conditions>
                    <condition number="9" type="jump" coverage="50%" />
                  </conditions>
                </line>
                <line number="18" hits="0" branch="False" />
                <line number="19" hits="0" branch="False" />
                <line number="20" hits="342" branch="False" />
              </lines>
            </method>
            <method name="MinLength" signature="(System.String,System.Int32,System.String)" line-rate="0.75" branch-rate="0.5" complexity="2">
              <lines>
                <line number="23" hits="342" branch="False" />
                <line number="24" hits="342" branch="True" condition-coverage="50% (1/2)">
                  <conditions>
                    <condition number="12" type="jump" coverage="50%" />
                  </conditions>
                </line>
                <line number="25" hits="0" branch="False" />
                <line number="26" hits="342" branch="False" />
              </lines>
            </method>
            <method name="MaxLength" signature="(System.String,System.Int32,System.String)" line-rate="0.75" branch-rate="0.5" complexity="2">
              <lines>
                <line number="29" hits="684" branch="False" />
                <line number="30" hits="684" branch="True" condition-coverage="50% (1/2)">
                  <conditions>
                    <condition number="12" type="jump" coverage="50%" />
                  </conditions>
                </line>
                <line number="31" hits="0" branch="False" />
                <line number="32" hits="684" branch="False" />
              </lines>
            </method>
          </methods>
          <lines>
            <line number="8" hits="0" branch="False" />
            <line number="9" hits="0" branch="True" condition-coverage="0% (0/2)">
              <conditions>
                <condition number="7" type="jump" coverage="0%" />
              </conditions>
            </line>
            <line number="10" hits="0" branch="False" />
            <line number="11" hits="0" branch="False" />
            <line number="13" hits="0" branch="False" />
            <line number="16" hits="342" branch="False" />
            <line number="17" hits="342" branch="True" condition-coverage="50% (1/2)">
              <conditions>
                <condition number="9" type="jump" coverage="50%" />
              </conditions>
            </line>
            <line number="18" hits="0" branch="False" />
            <line number="19" hits="0" branch="False" />
            <line number="20" hits="342" branch="False" />
            <line number="23" hits="342" branch="False" />
            <line number="24" hits="342" branch="True" condition-coverage="50% (1/2)">
              <conditions>
                <condition number="12" type="jump" coverage="50%" />
              </conditions>
            </line>
            <line number="25" hits="0" branch="False" />
            <line number="26" hits="342" branch="False" />
            <line number="29" hits="684" branch="False" />
            <line number="30" hits="684" branch="True" condition-coverage="50% (1/2)">
              <conditions>
                <condition number="12" type="jump" coverage="50%" />
              </conditions>
            </line>
            <line number="31" hits="0" branch="False" />
            <line number="32" hits="684" branch="False" />
          </lines>
        </class>
        <class name="FC.Codeflix.Catalog.Domain.SeedWork.AggregateRoot" filename="src\FC.Codeflix.Catalog.Domain\SeedWork\AggregateRoot.cs" line-rate="1" branch-rate="1" complexity="1">
          <methods>
            <method name=".ctor" signature="()" line-rate="1" branch-rate="1" complexity="1">
              <lines>
                <line number="5" hits="807" branch="False" />
              </lines>
            </method>
          </methods>
          <lines>
            <line number="5" hits="807" branch="False" />
          </lines>
        </class>
        <class name="FC.Codeflix.Catalog.Domain.SeedWork.Entity" filename="src\FC.Codeflix.Catalog.Domain\SeedWork\Entity.cs" line-rate="1" branch-rate="1" complexity="2">
          <methods>
            <method name="get_Id" signature="()" line-rate="1" branch-rate="1" complexity="1">
              <lines>
                <line number="10" hits="783" branch="False" />
              </lines>
            </method>
            <method name=".ctor" signature="()" line-rate="1" branch-rate="1" complexity="1">
              <lines>
                <line number="5" hits="269" branch="False" />
                <line number="6" hits="269" branch="False" />
                <line number="7" hits="269" branch="False" />
                <line number="8" hits="269" branch="False" />
              </lines>
            </method>
          </methods>
          <lines>
            <line number="10" hits="783" branch="False" />
            <line number="5" hits="269" branch="False" />
            <line number="6" hits="269" branch="False" />
            <line number="7" hits="269" branch="False" />
            <line number="8" hits="269" branch="False" />
          </lines>
        </class>
        <class name="FC.Codeflix.Catalog.Domain.SeedWork.SearchableRepository.SearchInput" filename="src\FC.Codeflix.Catalog.Domain\SeedWork\SearchableRepository\SearchInput.cs" line-rate="1" branch-rate="1" complexity="6">
          <methods>
            <method name="get_Page" signature="()" line-rate="1" branch-rate="1" complexity="1">
              <lines>
                <line number="4" hits="64" branch="False" />
              </lines>
            </method>
            <method name="get_PerPage" signature="()" line-rate="1" branch-rate="1" complexity="1">
              <lines>
                <line number="5" hits="80" branch="False" />
              </lines>
            </method>
            <method name="get_Search" signature="()" line-rate="1" branch-rate="1" complexity="1">
              <lines>
                <line number="6" hits="48" branch="False" />
              </lines>
            </method>
            <method name="get_OrderBy" signature="()" line-rate="1" branch-rate="1" complexity="1">
              <lines>
                <line number="7" hits="16" branch="False" />
              </lines>
            </method>
            <method name="get_Order" signature="()" line-rate="1" branch-rate="1" complexity="1">
              <lines>
                <line number="8" hits="16" branch="False" />
              </lines>
            </method>
            <method name=".ctor" signature="(System.Int32,System.Int32,System.String,System.String,FC.Codeflix.Catalog.Domain.SeedWork.SearchableRepository.SearchOrder)" line-rate="1" branch-rate="1" complexity="1">
              <lines>
                <line number="10" hits="16" branch="False" />
                <line number="11" hits="16" branch="False" />
                <line number="12" hits="16" branch="False" />
                <line number="13" hits="16" branch="False" />
                <line number="14" hits="16" branch="False" />
                <line number="15" hits="16" branch="False" />
                <line number="16" hits="16" branch="False" />
                <line number="17" hits="16" branch="False" />
                <line number="18" hits="16" branch="False" />
                <line number="19" hits="16" branch="False" />
                <line number="20" hits="16" branch="False" />
                <line number="21" hits="16" branch="False" />
                <line number="22" hits="16" branch="False" />
              </lines>
            </method>
          </methods>
          <lines>
            <line number="4" hits="64" branch="False" />
            <line number="5" hits="80" branch="False" />
            <line number="6" hits="48" branch="False" />
            <line number="7" hits="16" branch="False" />
            <line number="8" hits="16" branch="False" />
            <line number="10" hits="16" branch="False" />
            <line number="11" hits="16" branch="False" />
            <line number="12" hits="16" branch="False" />
            <line number="13" hits="16" branch="False" />
            <line number="14" hits="16" branch="False" />
            <line number="15" hits="16" branch="False" />
            <line number="16" hits="16" branch="False" />
            <line number="17" hits="16" branch="False" />
            <line number="18" hits="16" branch="False" />
            <line number="19" hits="16" branch="False" />
            <line number="20" hits="16" branch="False" />
            <line number="21" hits="16" branch="False" />
            <line number="22" hits="16" branch="False" />
          </lines>
        </class>
        <class name="FC.Codeflix.Catalog.Domain.SeedWork.SearchableRepository.SearchOutput`1" filename="src\FC.Codeflix.Catalog.Domain\SeedWork\SearchableRepository\SearchOutput.cs" line-rate="1" branch-rate="1" complexity="5">
          <methods>
            <method name="get_CurrentPage" signature="()" line-rate="1" branch-rate="1" complexity="1">
              <lines>
                <line number="5" hits="32" branch="False" />
              </lines>
            </method>
            <method name="get_PerPage" signature="()" line-rate="1" branch-rate="1" complexity="1">
              <lines>
                <line number="6" hits="32" branch="False" />
              </lines>
            </method>
            <method name="get_Total" signature="()" line-rate="1" branch-rate="1" complexity="1">
              <lines>
                <line number="7" hits="32" branch="False" />
              </lines>
            </method>
            <method name="get_Items" signature="()" line-rate="1" branch-rate="1" complexity="1">
              <lines>
                <line number="8" hits="61" branch="False" />
              </lines>
            </method>
            <method name=".ctor" signature="(System.Int32,System.Int32,System.Int32,System.Collections.Generic.IReadOnlyList`1&lt;TAggregate&gt;)" line-rate="1" branch-rate="1" complexity="1">
              <lines>
                <line number="9" hits="16" branch="False" />
                <line number="10" hits="16" branch="False" />
                <line number="11" hits="16" branch="False" />
                <line number="12" hits="16" branch="False" />
                <line number="13" hits="16" branch="False" />
                <line number="14" hits="16" branch="False" />
                <line number="15" hits="16" branch="False" />
                <line number="16" hits="16" branch="False" />
                <line number="17" hits="16" branch="False" />
                <line number="18" hits="16" branch="False" />
                <line number="19" hits="16" branch="False" />
              </lines>
            </method>
          </methods>
          <lines>
            <line number="5" hits="32" branch="False" />
            <line number="6" hits="32" branch="False" />
            <line number="7" hits="32" branch="False" />
            <line number="8" hits="61" branch="False" />
            <line number="9" hits="16" branch="False" />
            <line number="10" hits="16" branch="False" />
            <line number="11" hits="16" branch="False" />
            <line number="12" hits="16" branch="False" />
            <line number="13" hits="16" branch="False" />
            <line number="14" hits="16" branch="False" />
            <line number="15" hits="16" branch="False" />
            <line number="16" hits="16" branch="False" />
            <line number="17" hits="16" branch="False" />
            <line number="18" hits="16" branch="False" />
            <line number="19" hits="16" branch="False" />
          </lines>
        </class>
        <class name="FC.Codeflix.Catalog.Domain.Exceptions.EntityValidationException" filename="src\FC.Codeflix.Catalog.Domain\Exceptions\EntityValidationException.cs" line-rate="0" branch-rate="1" complexity="1">
          <methods>
            <method name=".ctor" signature="(System.String)" line-rate="0" branch-rate="1" complexity="1">
              <lines>
                <line number="5" hits="0" branch="False" />
                <line number="6" hits="0" branch="False" />
                <line number="8" hits="0" branch="False" />
              </lines>
            </method>
          </methods>
          <lines>
            <line number="5" hits="0" branch="False" />
            <line number="6" hits="0" branch="False" />
            <line number="8" hits="0" branch="False" />
          </lines>
        </class>
        <class name="FC.Codeflix.Catalog.Domain.Entity.Category" filename="src\FC.Codeflix.Catalog.Domain\Entity\Category.cs" line-rate="0.7419" branch-rate="1" complexity="10">
          <methods>
            <method name="get_Name" signature="()" line-rate="1" branch-rate="1" complexity="1">
              <lines>
                <line number="18" hits="1455" branch="False" />
              </lines>
            </method>
            <method name="get_Description" signature="()" line-rate="1" branch-rate="1" complexity="1">
              <lines>
                <line number="19" hits="843" branch="False" />
              </lines>
            </method>
            <method name="get_CreatedAt" signature="()" line-rate="1" branch-rate="1" complexity="1">
              <lines>
                <line number="20" hits="355" branch="False" />
              </lines>
            </method>
            <method name="get_IsActive" signature="()" line-rate="1" branch-rate="1" complexity="1">
              <lines>
                <line number="21" hits="355" branch="False" />
              </lines>
            </method>
            <method name="Validate" signature="()" line-rate="1" branch-rate="1" complexity="1">
              <lines>
                <line number="24" hits="342" branch="False" />
                <line number="25" hits="342" branch="False" />
                <line number="26" hits="342" branch="False" />
                <line number="27" hits="342" branch="False" />
                <line number="28" hits="342" branch="False" />
                <line number="29" hits="342" branch="False" />
              </lines>
            </method>
            <method name="Activate" signature="()" line-rate="0" branch-rate="1" complexity="1">
              <lines>
                <line number="32" hits="0" branch="False" />
                <line number="33" hits="0" branch="False" />
                <line number="34" hits="0" branch="False" />
                <line number="35" hits="0" branch="False" />
              </lines>
            </method>
            <method name="Deactivate" signature="()" line-rate="0" branch-rate="1" complexity="1">
              <lines>
                <line number="37" hits="0" branch="False" />
                <line number="38" hits="0" branch="False" />
                <line number="39" hits="0" branch="False" />
                <line number="40" hits="0" branch="False" />
              </lines>
            </method>
            <method name="Update" signature="(System.String,System.String)" line-rate="1" branch-rate="1" complexity="2">
              <lines>
                <line number="43" hits="73" branch="False" />
                <line number="44" hits="73" branch="False" />
                <line number="45" hits="73" branch="True" condition-coverage="100% (2/2)">
                  <conditions>
                    <condition number="12" type="jump" coverage="100%" />
                  </conditions>
                </line>
                <line number="47" hits="73" branch="False" />
                <line number="48" hits="73" branch="False" />
              </lines>
            </method>
            <method name=".ctor" signature="(System.String,System.String,System.Boolean)" line-rate="1" branch-rate="1" complexity="1">
              <lines>
                <line number="9" hits="269" branch="False" />
                <line number="10" hits="269" branch="False" />
                <line number="11" hits="269" branch="False" />
                <line number="12" hits="269" branch="False" />
                <line number="13" hits="269" branch="False" />
                <line number="14" hits="269" branch="False" />
                <line number="16" hits="269" branch="False" />
                <line number="17" hits="269" branch="False" />
              </lines>
            </method>
          </methods>
          <lines>
            <line number="18" hits="1455" branch="False" />
            <line number="19" hits="843" branch="False" />
            <line number="20" hits="355" branch="False" />
            <line number="21" hits="355" branch="False" />
            <line number="24" hits="342" branch="False" />
            <line number="25" hits="342" branch="False" />
            <line number="26" hits="342" branch="False" />
            <line number="27" hits="342" branch="False" />
            <line number="28" hits="342" branch="False" />
            <line number="29" hits="342" branch="False" />
            <line number="32" hits="0" branch="False" />
            <line number="33" hits="0" branch="False" />
            <line number="34" hits="0" branch="False" />
            <line number="35" hits="0" branch="False" />
            <line number="37" hits="0" branch="False" />
            <line number="38" hits="0" branch="False" />
            <line number="39" hits="0" branch="False" />
            <line number="40" hits="0" branch="False" />
            <line number="43" hits="73" branch="False" />
            <line number="44" hits="73" branch="False" />
            <line number="45" hits="73" branch="True" condition-coverage="100% (2/2)">
              <conditions>
                <condition number="12" type="jump" coverage="100%" />
              </conditions>
            </line>
            <line number="47" hits="73" branch="False" />
            <line number="48" hits="73" branch="False" />
            <line number="9" hits="269" branch="False" />
            <line number="10" hits="269" branch="False" />
            <line number="11" hits="269" branch="False" />
            <line number="12" hits="269" branch="False" />
            <line number="13" hits="269" branch="False" />
            <line number="14" hits="269" branch="False" />
            <line number="16" hits="269" branch="False" />
            <line number="17" hits="269" branch="False" />
          </lines>
        </class>
      </classes>
    </package>
    <package name="FC.Codeflix.Catalog.Infra.Data.EF" line-rate="1" branch-rate="1" complexity="12">
      <classes>
        <class name="FC.Codeflix.Catalog.Infra.Data.EF.CodeflixCatalogDbContext" filename="src\FC.Codeflix.Catalog.Infra.Data.EF\CodeflixCatalogDbContext.cs" line-rate="1" branch-rate="1" complexity="3">
          <methods>
            <method name="get_Categories" signature="()" line-rate="1" branch-rate="1" complexity="1">
              <lines>
                <line number="16" hits="3" branch="False" />
              </lines>
            </method>
            <method name="OnModelCreating" signature="(Microsoft.EntityFrameworkCore.ModelBuilder)" line-rate="1" branch-rate="1" complexity="1">
              <lines>
                <line number="22" hits="1" branch="False" />
                <line number="23" hits="1" branch="False" />
                <line number="24" hits="1" branch="False" />
              </lines>
            </method>
            <method name=".ctor" signature="(Microsoft.EntityFrameworkCore.DbContextOptions`1&lt;FC.Codeflix.Catalog.Infra.Data.EF.CodeflixCatalogDbContext&gt;)" line-rate="1" branch-rate="1" complexity="1">
              <lines>
                <line number="18" hits="25" branch="False" />
                <line number="19" hits="25" branch="False" />
                <line number="20" hits="25" branch="False" />
              </lines>
            </method>
          </methods>
          <lines>
            <line number="16" hits="3" branch="False" />
            <line number="22" hits="1" branch="False" />
            <line number="23" hits="1" branch="False" />
            <line number="24" hits="1" branch="False" />
            <line number="18" hits="25" branch="False" />
            <line number="19" hits="25" branch="False" />
            <line number="20" hits="25" branch="False" />
          </lines>
        </class>
        <class name="FC.Codeflix.Catalog.Infra.Data.EF.Repositories.CategoryRepository" filename="src\FC.Codeflix.Catalog.Infra.Data.EF\Repositories\CategoryRepository.cs" line-rate="1" branch-rate="1" complexity="4">
          <methods>
            <method name="get__categories" signature="()" line-rate="1" branch-rate="1" complexity="1">
              <lines>
                <line number="17" hits="21" branch="False" />
              </lines>
            </method>
            <method name="Update" signature="(FC.Codeflix.Catalog.Domain.Entity.Category,System.Threading.CancellationToken)" line-rate="1" branch-rate="1" complexity="1">
              <lines>
                <line number="39" hits="1" branch="False" />
                <line number="40" hits="1" branch="False" />
                <line number="41" hits="1" branch="False" />
              </lines>
            </method>
            <method name="Delete" signature="(FC.Codeflix.Catalog.Domain.Entity.Category,System.Threading.CancellationToken)" line-rate="1" branch-rate="1" complexity="1">
              <lines>
                <line number="45" hits="1" branch="False" />
                <line number="46" hits="1" branch="False" />
                <line number="47" hits="1" branch="False" />
              </lines>
            </method>
            <method name=".ctor" signature="(FC.Codeflix.Catalog.Infra.Data.EF.CodeflixCatalogDbContext)" line-rate="1" branch-rate="1" complexity="1">
              <lines>
                <line number="19" hits="21" branch="False" />
                <line number="20" hits="21" branch="False" />
                <line number="21" hits="21" branch="False" />
                <line number="22" hits="21" branch="False" />
              </lines>
            </method>
          </methods>
          <lines>
            <line number="17" hits="21" branch="False" />
            <line number="39" hits="1" branch="False" />
            <line number="40" hits="1" branch="False" />
            <line number="41" hits="1" branch="False" />
            <line number="45" hits="1" branch="False" />
            <line number="46" hits="1" branch="False" />
            <line number="47" hits="1" branch="False" />
            <line number="19" hits="21" branch="False" />
            <line number="20" hits="21" branch="False" />
            <line number="21" hits="21" branch="False" />
            <line number="22" hits="21" branch="False" />
          </lines>
        </class>
        <class name="FC.Codeflix.Catalog.Infra.Data.EF.Repositories.CategoryRepository/&lt;Get&gt;d__5" filename="src\FC.Codeflix.Catalog.Infra.Data.EF\Repositories\CategoryRepository.cs" line-rate="1" branch-rate="1" complexity="1">
          <methods>
            <method name="MoveNext" signature="()" line-rate="1" branch-rate="1" complexity="1">
              <lines>
                <line number="29" hits="2" branch="False" />
                <line number="30" hits="2" branch="False" />
                <line number="31" hits="2" branch="False" />
                <line number="32" hits="2" branch="False" />
                <line number="34" hits="2" branch="False" />
                <line number="36" hits="1" branch="False" />
                <line number="37" hits="1" branch="False" />
              </lines>
            </method>
          </methods>
          <lines>
            <line number="29" hits="2" branch="False" />
            <line number="30" hits="2" branch="False" />
            <line number="31" hits="2" branch="False" />
            <line number="32" hits="2" branch="False" />
            <line number="34" hits="2" branch="False" />
            <line number="36" hits="1" branch="False" />
            <line number="37" hits="1" branch="False" />
          </lines>
        </class>
        <class name="FC.Codeflix.Catalog.Infra.Data.EF.Repositories.CategoryRepository/&lt;Insert&gt;d__4" filename="src\FC.Codeflix.Catalog.Infra.Data.EF\Repositories\CategoryRepository.cs" line-rate="1" branch-rate="1" complexity="1">
          <methods>
            <method name="MoveNext" signature="()" line-rate="1" branch-rate="1" complexity="1">
              <lines>
                <line number="25" hits="1" branch="False" />
                <line number="26" hits="1" branch="False" />
                <line number="27" hits="1" branch="False" />
              </lines>
            </method>
          </methods>
          <lines>
            <line number="25" hits="1" branch="False" />
            <line number="26" hits="1" branch="False" />
            <line number="27" hits="1" branch="False" />
          </lines>
        </class>
        <class name="FC.Codeflix.Catalog.Infra.Data.EF.Repositories.CategoryRepository/&lt;Search&gt;d__8" filename="src\FC.Codeflix.Catalog.Infra.Data.EF\Repositories\CategoryRepository.cs" line-rate="1" branch-rate="1" complexity="2">
          <methods>
            <method name="MoveNext" signature="()" line-rate="1" branch-rate="1" complexity="2">
              <lines>
                <line number="49" hits="16" branch="False" />
                <line number="50" hits="16" branch="False" />
                <line number="51" hits="16" branch="False" />
                <line number="52" hits="16" branch="False" />
                <line number="53" hits="16" branch="True" condition-coverage="100% (2/2)">
                  <conditions>
                    <condition number="220" type="jump" coverage="100%" />
                  </conditions>
                </line>
                <line number="54" hits="8" branch="False" />
                <line number="56" hits="16" branch="False" />
                <line number="57" hits="16" branch="False" />
                <line number="58" hits="16" branch="False" />
                <line number="59" hits="16" branch="False" />
                <line number="60" hits="16" branch="False" />
                <line number="61" hits="16" branch="False" />
                <line number="62" hits="16" branch="False" />
              </lines>
            </method>
          </methods>
          <lines>
            <line number="49" hits="16" branch="False" />
            <line number="50" hits="16" branch="False" />
            <line number="51" hits="16" branch="False" />
            <line number="52" hits="16" branch="False" />
            <line number="53" hits="16" branch="True" condition-coverage="100% (2/2)">
              <conditions>
                <condition number="220" type="jump" coverage="100%" />
              </conditions>
            </line>
            <line number="54" hits="8" branch="False" />
            <line number="56" hits="16" branch="False" />
            <line number="57" hits="16" branch="False" />
            <line number="58" hits="16" branch="False" />
            <line number="59" hits="16" branch="False" />
            <line number="60" hits="16" branch="False" />
            <line number="61" hits="16" branch="False" />
            <line number="62" hits="16" branch="False" />
          </lines>
        </class>
        <class name="FC.Codeflix.Catalog.Infra.Data.EF.Configurations.CategoryConfiguration" filename="src\FC.Codeflix.Catalog.Infra.Data.EF\Configurations\CategoryConfiguration.cs" line-rate="1" branch-rate="1" complexity="1">
          <methods>
            <method name="Configure" signature="(Microsoft.EntityFrameworkCore.Metadata.Builders.EntityTypeBuilder`1&lt;FC.Codeflix.Catalog.Domain.Entity.Category&gt;)" line-rate="1" branch-rate="1" complexity="1">
              <lines>
                <line number="16" hits="1" branch="False" />
                <line number="17" hits="1" branch="False" />
                <line number="18" hits="1" branch="False" />
                <line number="19" hits="1" branch="False" />
                <line number="20" hits="1" branch="False" />
                <line number="21" hits="1" branch="False" />
                <line number="22" hits="1" branch="False" />
              </lines>
            </method>
          </methods>
          <lines>
            <line number="16" hits="1" branch="False" />
            <line number="17" hits="1" branch="False" />
            <line number="18" hits="1" branch="False" />
            <line number="19" hits="1" branch="False" />
            <line number="20" hits="1" branch="False" />
            <line number="21" hits="1" branch="False" />
            <line number="22" hits="1" branch="False" />
          </lines>
        </class>
      </classes>
    </package>
    <package name="FC.Codeflix.Catalog.IntegrationTests" line-rate="0.9398000000000001" branch-rate="0.6578" complexity="53">
      <classes>
        <class name="AutoGeneratedProgram" filename="Users\Kaelzin\.nuget\packages\microsoft.net.test.sdk\17.5.0\build\netcoreapp3.1\Microsoft.NET.Test.Sdk.Program.cs" line-rate="0" branch-rate="1" complexity="1">
          <methods>
            <method name="Main" signature="(System.String[])" line-rate="0" branch-rate="1" complexity="1">
              <lines>
                <line number="4" hits="0" branch="False" />
              </lines>
            </method>
          </methods>
          <lines>
            <line number="4" hits="0" branch="False" />
          </lines>
        </class>
        <class name="FC.Codeflix.Catalog.IntegrationTests.Infra.Data.EF.Repositories.CategoryRepository.CategoryRepositoryTest" filename="tests\FC.Codeflix.Catalog.IntegrationTests\Infra.Data.EF\Repositories\CategoryRepository\CategoryRepositoryTest.cs" line-rate="1" branch-rate="1" complexity="1">
          <methods>
            <method name=".ctor" signature="(FC.Codeflix.Catalog.IntegrationTests.Infra.Data.EF.Repositories.CategoryRepository.CategoryRepositoryTestFixture)" line-rate="1" branch-rate="1" complexity="1">
              <lines>
                <line number="15" hits="21" branch="False" />
                <line number="16" hits="21" branch="False" />
                <line number="17" hits="21" branch="False" />
                <line number="18" hits="21" branch="False" />
              </lines>
            </method>
          </methods>
          <lines>
            <line number="15" hits="21" branch="False" />
            <line number="16" hits="21" branch="False" />
            <line number="17" hits="21" branch="False" />
            <line number="18" hits="21" branch="False" />
          </lines>
        </class>
        <class name="FC.Codeflix.Catalog.IntegrationTests.Infra.Data.EF.Repositories.CategoryRepository.CategoryRepositoryTest/&lt;&gt;c__DisplayClass10_0" filename="tests\FC.Codeflix.Catalog.IntegrationTests\Infra.Data.EF\Repositories\CategoryRepository\CategoryRepositoryTest.cs" line-rate="1" branch-rate="1" complexity="1">
          <methods>
            <method name="&lt;SearchByText&gt;b__0" signature="(FC.Codeflix.Catalog.Domain.Entity.Category)" line-rate="1" branch-rate="1" complexity="1">
              <lines>
                <line number="262" hits="75" branch="False" />
              </lines>
            </method>
          </methods>
          <lines>
            <line number="262" hits="75" branch="False" />
          </lines>
        </class>
        <class name="FC.Codeflix.Catalog.IntegrationTests.Infra.Data.EF.Repositories.CategoryRepository.CategoryRepositoryTest/&lt;&gt;c__DisplayClass4_0/&lt;&lt;GetThrowIfNotFound&gt;b__0&gt;d" filename="tests\FC.Codeflix.Catalog.IntegrationTests\Infra.Data.EF\Repositories\CategoryRepository\CategoryRepositoryTest.cs" line-rate="1" branch-rate="1" complexity="1">
          <methods>
            <method name="MoveNext" signature="()" line-rate="1" branch-rate="1" complexity="1">
              <lines>
                <line number="71" hits="2" branch="False" />
              </lines>
            </method>
          </methods>
          <lines>
            <line number="71" hits="2" branch="False" />
          </lines>
        </class>
        <class name="FC.Codeflix.Catalog.IntegrationTests.Infra.Data.EF.Repositories.CategoryRepository.CategoryRepositoryTest/&lt;&gt;c__DisplayClass7_0" filename="tests\FC.Codeflix.Catalog.IntegrationTests\Infra.Data.EF\Repositories\CategoryRepository\CategoryRepositoryTest.cs" line-rate="1" branch-rate="1" complexity="1">
          <methods>
            <method name="&lt;SearchReturnsListAndTotal&gt;b__0" signature="(FC.Codeflix.Catalog.Domain.Entity.Category)" line-rate="1" branch-rate="1" complexity="1">
              <lines>
                <line number="146" hits="120" branch="False" />
              </lines>
            </method>
          </methods>
          <lines>
            <line number="146" hits="120" branch="False" />
          </lines>
        </class>
        <class name="FC.Codeflix.Catalog.IntegrationTests.Infra.Data.EF.Repositories.CategoryRepository.CategoryRepositoryTest/&lt;&gt;c__DisplayClass9_0" filename="tests\FC.Codeflix.Catalog.IntegrationTests\Infra.Data.EF\Repositories\CategoryRepository\CategoryRepositoryTest.cs" line-rate="1" branch-rate="1" complexity="1">
          <methods>
            <method name="&lt;SearchReturnsPaginated&gt;b__0" signature="(FC.Codeflix.Catalog.Domain.Entity.Category)" line-rate="1" branch-rate="1" complexity="1">
              <lines>
                <line number="205" hits="58" branch="False" />
              </lines>
            </method>
          </methods>
          <lines>
            <line number="205" hits="58" branch="False" />
          </lines>
        </class>
        <class name="FC.Codeflix.Catalog.IntegrationTests.Infra.Data.EF.Repositories.CategoryRepository.CategoryRepositoryTest/&lt;Delete&gt;d__6" filename="tests\FC.Codeflix.Catalog.IntegrationTests\Infra.Data.EF\Repositories\CategoryRepository\CategoryRepositoryTest.cs" line-rate="1" branch-rate="1" complexity="1">
          <methods>
            <method name="MoveNext" signature="()" line-rate="1" branch-rate="1" complexity="1">
              <lines>
                <line number="107" hits="1" branch="False" />
                <line number="108" hits="1" branch="False" />
                <line number="109" hits="1" branch="False" />
                <line number="110" hits="1" branch="False" />
                <line number="111" hits="1" branch="False" />
                <line number="112" hits="1" branch="False" />
                <line number="113" hits="1" branch="False" />
                <line number="114" hits="1" branch="False" />
                <line number="116" hits="1" branch="False" />
                <line number="117" hits="1" branch="False" />
                <line number="119" hits="1" branch="False" />
                <line number="121" hits="1" branch="False" />
                <line number="122" hits="1" branch="False" />
              </lines>
            </method>
          </methods>
          <lines>
            <line number="107" hits="1" branch="False" />
            <line number="108" hits="1" branch="False" />
            <line number="109" hits="1" branch="False" />
            <line number="110" hits="1" branch="False" />
            <line number="111" hits="1" branch="False" />
            <line number="112" hits="1" branch="False" />
            <line number="113" hits="1" branch="False" />
            <line number="114" hits="1" branch="False" />
            <line number="116" hits="1" branch="False" />
            <line number="117" hits="1" branch="False" />
            <line number="119" hits="1" branch="False" />
            <line number="121" hits="1" branch="False" />
            <line number="122" hits="1" branch="False" />
          </lines>
        </class>
        <class name="FC.Codeflix.Catalog.IntegrationTests.Infra.Data.EF.Repositories.CategoryRepository.CategoryRepositoryTest/&lt;Get&gt;d__3" filename="tests\FC.Codeflix.Catalog.IntegrationTests\Infra.Data.EF\Repositories\CategoryRepository\CategoryRepositoryTest.cs" line-rate="1" branch-rate="0.5" complexity="2">
          <methods>
            <method name="MoveNext" signature="()" line-rate="1" branch-rate="0.5" complexity="2">
              <lines>
                <line number="42" hits="1" branch="False" />
                <line number="43" hits="1" branch="False" />
                <line number="44" hits="1" branch="False" />
                <line number="45" hits="1" branch="False" />
                <line number="46" hits="1" branch="False" />
                <line number="47" hits="1" branch="False" />
                <line number="48" hits="1" branch="False" />
                <line number="49" hits="1" branch="False" />
                <line number="51" hits="1" branch="False" />
                <line number="53" hits="1" branch="False" />
                <line number="54" hits="1" branch="False" />
                <line number="55" hits="1" branch="False" />
                <line number="56" hits="1" branch="True" condition-coverage="50% (1/2)">
                  <conditions>
                    <condition number="663" type="jump" coverage="50%" />
                  </conditions>
                </line>
                <line number="57" hits="1" branch="False" />
[...]
            </line>
            <line number="144" hits="15" branch="False" />
            <line number="145" hits="15" branch="False" />
            <line number="147" hits="15" branch="False" />
            <line number="148" hits="15" branch="False" />
            <line number="149" hits="15" branch="False" />
            <line number="150" hits="15" branch="True" condition-coverage="50% (1/2)">
              <conditions>
                <condition number="926" type="jump" coverage="50%" />
              </conditions>
            </line>
            <line number="151" hits="15" branch="False" />
            <line number="152" hits="15" branch="False" />
            <line number="153" hits="15" branch="False" />
            <line number="154" hits="1" branch="False" />
          </lines>
        </class>
        <class name="FC.Codeflix.Catalog.IntegrationTests.Infra.Data.EF.Repositories.CategoryRepository.CategoryRepositoryTest/&lt;SearchReturnsPaginated&gt;d__9" filename="tests\FC.Codeflix.Catalog.IntegrationTests\Infra.Data.EF\Repositories\CategoryRepository\CategoryRepositoryTest.cs" line-rate="1" branch-rate="0.75" complexity="4">
          <methods>
            <method name="MoveNext" signature="()" line-rate="1" branch-rate="0.75" complexity="4">
              <lines>
                <line number="186" hits="4" branch="False" />
                <line number="187" hits="4" branch="False" />
                <line number="188" hits="4" branch="False" />
                <line number="189" hits="4" branch="False" />
                <line number="190" hits="4" branch="False" />
                <line number="191" hits="4" branch="False" />
                <line number="192" hits="4" branch="False" />
                <line number="194" hits="4" branch="False" />
                <line number="196" hits="4" branch="False" />
                <line number="197" hits="4" branch="False" />
                <line number="198" hits="4" branch="False" />
                <line number="199" hits="4" branch="False" />
                <line number="200" hits="4" branch="False" />
                <line number="201" hits="4" branch="False" />
                <line number="202" hits="36" branch="True" condition-coverage="100% (2/2)">
                  <conditions>
                    <condition number="1078" type="jump" coverage="100%" />
                  </conditions>
                </line>
                <line number="203" hits="12" branch="False" />
                <line number="204" hits="12" branch="False" />
                <line number="206" hits="12" branch="False" />
                <line number="207" hits="12" branch="False" />
                <line number="208" hits="12" branch="False" />
                <line number="209" hits="12" branch="True" condition-coverage="50% (1/2)">
                  <conditions>
                    <condition number="929" type="jump" coverage="50%" />
                  </conditions>
                </line>
                <line number="210" hits="12" branch="False" />
                <line number="211" hits="12" branch="False" />
                <line number="212" hits="12" branch="False" />
                <line number="213" hits="4" branch="False" />
              </lines>
            </method>
          </methods>
          <lines>
            <line number="186" hits="4" branch="False" />
            <line number="187" hits="4" branch="False" />
            <line number="188" hits="4" branch="False" />
            <line number="189" hits="4" branch="False" />
            <line number="190" hits="4" branch="False" />
            <line number="191" hits="4" branch="False" />
            <line number="192" hits="4" branch="False" />
            <line number="194" hits="4" branch="False" />
            <line number="196" hits="4" branch="False" />
            <line number="197" hits="4" branch="False" />
            <line number="198" hits="4" branch="False" />
            <line number="199" hits="4" branch="False" />
            <line number="200" hits="4" branch="False" />
            <line number="201" hits="4" branch="False" />
            <line number="202" hits="36" branch="True" condition-coverage="100% (2/2)">
              <conditions>
                <condition number="1078" type="jump" coverage="100%" />
              </conditions>
            </line>
            <line number="203" hits="12" branch="False" />
            <line number="204" hits="12" branch="False" />
            <line number="206" hits="12" branch="False" />
            <line number="207" hits="12" branch="False" />
            <line number="208" hits="12" branch="False" />
            <line number="209" hits="12" branch="True" condition-coverage="50% (1/2)">
              <conditions>
                <condition number="929" type="jump" coverage="50%" />
              </conditions>
            </line>
            <line number="210" hits="12" branch="False" />
            <line number="211" hits="12" branch="False" />
            <line number="212" hits="12" branch="False" />
            <line number="213" hits="4" branch="False" />
          </lines>
        </class>
        <class name="FC.Codeflix.Catalog.IntegrationTests.Infra.Data.EF.Repositories.CategoryRepository.CategoryRepositoryTest/&lt;Update&gt;d__5" filename="tests\FC.Codeflix.Catalog.IntegrationTests\Infra.Data.EF\Repositories\CategoryRepository\CategoryRepositoryTest.cs" line-rate="1" branch-rate="0.5" complexity="2">
          <methods>
            <method name="MoveNext" signature="()" line-rate="1" branch-rate="0.5" complexity="2">
              <lines>
                <line number="80" hits="1" branch="False" />
                <line number="81" hits="1" branch="False" />
                <line number="82" hits="1" branch="False" />
                <line number="83" hits="1" branch="False" />
                <line number="84" hits="1" branch="False" />
                <line number="85" hits="1" branch="False" />
                <line number="86" hits="1" branch="False" />
                <line number="87" hits="1" branch="False" />
                <line number="88" hits="1" branch="False" />
                <line number="90" hits="1" branch="False" />
                <line number="91" hits="1" branch="False" />
                <line number="92" hits="1" branch="False" />
                <line number="94" hits="1" branch="False" />
                <line number="96" hits="1" branch="False" />
                <line number="97" hits="1" branch="False" />
                <line number="98" hits="1" branch="False" />
                <line number="99" hits="1" branch="True" condition-coverage="50% (1/2)">
                  <conditions>
                    <condition number="983" type="jump" coverage="50%" />
                  </conditions>
                </line>
                <line number="100" hits="1" branch="False" />
                <line number="101" hits="1" branch="False" />
                <line number="102" hits="1" branch="False" />
              </lines>
            </method>
          </methods>
          <lines>
            <line number="80" hits="1" branch="False" />
            <line number="81" hits="1" branch="False" />
            <line number="82" hits="1" branch="False" />
            <line number="83" hits="1" branch="False" />
            <line number="84" hits="1" branch="False" />
            <line number="85" hits="1" branch="False" />
            <line number="86" hits="1" branch="False" />
            <line number="87" hits="1" branch="False" />
            <line number="88" hits="1" branch="False" />
            <line number="90" hits="1" branch="False" />
            <line number="91" hits="1" branch="False" />
            <line number="92" hits="1" branch="False" />
            <line number="94" hits="1" branch="False" />
            <line number="96" hits="1" branch="False" />
            <line number="97" hits="1" branch="False" />
            <line number="98" hits="1" branch="False" />
            <line number="99" hits="1" branch="True" condition-coverage="50% (1/2)">
              <conditions>
                <condition number="983" type="jump" coverage="50%" />
              </conditions>
            </line>
            <line number="100" hits="1" branch="False" />
            <line number="101" hits="1" branch="False" />
            <line number="102" hits="1" branch="False" />
          </lines>
        </class>
        <class name="FC.Codeflix.Catalog.IntegrationTests.Infra.Data.EF.Repositories.CategoryRepository.CategoryRepositoryTestFixture" filename="tests\FC.Codeflix.Catalog.IntegrationTests\Infra.Data.EF\Repositories\CategoryRepository\CategoryRepositoryTestFixture.cs" line-rate="0.9215000000000001" branch-rate="0.7142000000000001" complexity="17">
          <methods>
            <method name="GetValidCategoryName" signature="()" line-rate="0.875" branch-rate="0.75" complexity="4">
              <lines>
                <line number="23" hits="206" branch="False" />
                <line number="24" hits="206" branch="False" />
                <line number="25" hits="412" branch="True" condition-coverage="100% (2/2)">
                  <conditions>
                    <condition number="40" type="jump" coverage="100%" />
                  </conditions>
                </line>
                <line number="26" hits="206" branch="False" />
                <line number="27" hits="206" branch="True" condition-coverage="50% (1/2)">
                  <conditions>
                    <condition number="57" type="jump" coverage="50%" />
                  </conditions>
                </line>
                <line number="28" hits="0" branch="False" />
                <line number="29" hits="206" branch="False" />
                <line number="30" hits="206" branch="False" />
              </lines>
            </method>
            <method name="GetValidCategoryDescription" signature="()" line-rate="0.75" branch-rate="0.5" complexity="2">
              <lines>
                <line number="33" hits="206" branch="False" />
                <line number="34" hits="206" branch="False" />
                <line number="35" hits="206" branch="False" />
                <line number="36" hits="206" branch="True" condition-coverage="50% (1/2)">
                  <conditions>
                    <condition number="33" type="jump" coverage="50%" />
                  </conditions>
                </line>
                <line number="37" hits="0" branch="False" />
                <line number="38" hits="0" branch="False" />
                <line number="39" hits="206" branch="False" />
                <line number="40" hits="206" branch="False" />
              </lines>
            </method>
            <method name="GetExampleCategory" signature="()" line-rate="1" branch-rate="1" complexity="1">
              <lines>
                <line number="43" hits="206" branch="False" />
                <line number="44" hits="206" branch="False" />
                <line number="45" hits="206" branch="False" />
                <line number="46" hits="206" branch="False" />
                <line number="47" hits="206" branch="False" />
              </lines>
            </method>
            <method name="GetExampleCategoriesList" signature="(System.Int32)" line-rate="1" branch-rate="1" complexity="1">
              <lines>
                <line number="50" hits="11" branch="False" />
                <line number="51" hits="140" branch="False" />
              </lines>
            </method>
            <method name="GetExampleCategoriesListWithNames" signature="(System.Collections.Generic.List`1&lt;System.String&gt;)" line-rate="1" branch-rate="1" complexity="1">
              <lines>
                <line number="54" hits="8" branch="False" />
                <line number="55" hits="8" branch="False" />
                <line number="56" hits="72" branch="False" />
                <line number="57" hits="72" branch="False" />
                <line number="58" hits="72" branch="False" />
                <line number="59" hits="72" branch="False" />
                <line number="60" hits="80" branch="False" />
                <line number="61" hits="8" branch="False" />
              </lines>
            </method>
            <method name="CloneCategoriesListOrdered" signature="(System.Collections.Generic.List`1&lt;FC.Codeflix.Catalog.Domain.Entity.Category&gt;,System.String,FC.Codeflix.Catalog.Domain.SeedWork.SearchableRepository.SearchOrder)" line-rate="0.9" branch-rate="0.6666" complexity="6">
              <lines>
                <line number="64" hits="2" branch="False" />
                <line number="65" hits="2" branch="False" />
                <line number="66" hits="2" branch="True" condition-coverage="66.66% (4/6)">
                  <conditions>
                    <condition number="22" type="jump" coverage="50%" />
                    <condition number="25" type="jump" coverage="100%" />
                    <condition number="31" type="jump" coverage="50%" />
                  </conditions>
                </line>
                <line number="67" hits="2" branch="False" />
                <line number="68" hits="1" branch="False" />
                <line number="69" hits="1" branch="False" />
                <line number="70" hits="0" branch="False" />
                <line number="71" hits="2" branch="False" />
                <line number="72" hits="2" branch="False" />
                <line number="73" hits="2" branch="False" />
              </lines>
            </method>
            <method name="CreateDbContext" signature="(System.Boolean)" line-rate="1" branch-rate="1" complexity="2">
              <lines>
                <line number="76" hits="25" branch="False" />
                <line number="77" hits="25" branch="False" />
                <line number="78" hits="25" branch="False" />
                <line number="79" hits="25" branch="False" />
                <line number="80" hits="25" branch="False" />
                <line number="81" hits="25" branch="False" />
                <line number="83" hits="25" branch="True" condition-coverage="100% (2/2)">
                  <conditions>
                    <condition number="34" type="jump" coverage="100%" />
                  </conditions>
                </line>
                <line number="84" hits="21" branch="False" />
                <line number="86" hits="25" branch="False" />
                <line number="87" hits="25" branch="False" />
              </lines>
            </method>
          </methods>
          <lines>
            <line number="23" hits="206" branch="False" />
            <line number="24" hits="206" branch="False" />
            <line number="25" hits="412" branch="True" condition-coverage="100% (2/2)">
              <conditions>
                <condition number="40" type="jump" coverage="100%" />
              </conditions>
            </line>
            <line number="26" hits="206" branch="False" />
            <line number="27" hits="206" branch="True" condition-coverage="50% (1/2)">
              <conditions>
                <condition number="57" type="jump" coverage="50%" />
              </conditions>
            </line>
            <line number="28" hits="0" branch="False" />
            <line number="29" hits="206" branch="False" />
            <line number="30" hits="206" branch="False" />
            <line number="33" hits="206" branch="False" />
            <line number="34" hits="206" branch="False" />
            <line number="35" hits="206" branch="False" />
            <line number="36" hits="206" branch="True" condition-coverage="50% (1/2)">
              <conditions>
                <condition number="33" type="jump" coverage="50%" />
              </conditions>
            </line>
            <line number="37" hits="0" branch="False" />
            <line number="38" hits="0" branch="False" />
            <line number="39" hits="206" branch="False" />
            <line number="40" hits="206" branch="False" />
            <line number="43" hits="206" branch="False" />
            <line number="44" hits="206" branch="False" />
            <line number="45" hits="206" branch="False" />
            <line number="46" hits="206" branch="False" />
            <line number="47" hits="206" branch="False" />
            <line number="50" hits="11" branch="False" />
            <line number="51" hits="140" branch="False" />
            <line number="54" hits="8" branch="False" />
            <line number="55" hits="8" branch="False" />
            <line number="56" hits="72" branch="False" />
            <line number="57" hits="72" branch="False" />
            <line number="58" hits="72" branch="False" />
            <line number="59" hits="72" branch="False" />
            <line number="60" hits="80" branch="False" />
            <line number="61" hits="8" branch="False" />
            <line number="64" hits="2" branch="False" />
            <line number="65" hits="2" branch="False" />
            <line number="66" hits="2" branch="True" condition-coverage="66.66% (4/6)">
              <conditions>
                <condition number="22" type="jump" coverage="50%" />
                <condition number="25" type="jump" coverage="100%" />
                <condition number="31" type="jump" coverage="50%" />
              </conditions>
            </line>
            <line number="67" hits="2" branch="False" />
            <line number="68" hits="1" branch="False" />
            <line number="69" hits="1" branch="False" />
            <line number="70" hits="0" branch="False" />
            <line number="71" hits="2" branch="False" />
            <line number="72" hits="2" branch="False" />
            <line number="73" hits="2" branch="False" />
            <line number="76" hits="25" branch="False" />
            <line number="77" hits="25" branch="False" />
            <line number="78" hits="25" branch="False" />
            <line number="79" hits="25" branch="False" />
            <line number="80" hits="25" branch="False" />
            <line number="81" hits="25" branch="False" />
            <line number="83" hits="25" branch="True" condition-coverage="100% (2/2)">
              <conditions>
                <condition number="34" type="jump" coverage="100%" />
              </conditions>
            </line>
            <line number="84" hits="21" branch="False" />
            <line number="86" hits="25" branch="False" />
            <line number="87" hits="25" branch="False" />
          </lines>
        </class>
        <class name="FC.Codeflix.Catalog.IntegrationTests.Base.BaseFixture" filename="tests\FC.Codeflix.Catalog.IntegrationTests\Base\BaseFixture.cs" line-rate="1" branch-rate="1" complexity="3">
          <methods>
            <method name="get_Faker" signature="()" line-rate="1" branch-rate="1" complexity="1">
              <lines>
                <line number="12" hits="413" branch="False" />
              </lines>
            </method>
            <method name="GetRandomBoolean" signature="()" line-rate="1" branch-rate="1" complexity="1">
              <lines>
                <line number="16" hits="206" branch="False" />
              </lines>
            </method>
            <method name=".ctor" signature="()" line-rate="1" branch-rate="1" complexity="1">
              <lines>
                <line number="13" hits="1" branch="False" />
                <line number="14" hits="1" branch="False" />
              </lines>
            </method>
          </methods>
          <lines>
            <line number="12" hits="413" branch="False" />
            <line number="16" hits="206" branch="False" />
            <line number="13" hits="1" branch="False" />
            <line number="14" hits="1" branch="False" />
          </lines>
        </class>
      </classes>
    </package>
  </packages>
</coverage>